[ 2016-05-06T09:40:57+08:00 ] 127.0.0.1 /index.php/WageConfig/FinSysConfig/pagefinsysconfiglist?r=0.4132035335060209&K=&V=&PageIndex=1&PageSize=20
INFO: [ app_begin ] --START--
INFO: Run Behavior\ReadHtmlCacheBehavior [ RunTime:0.001000s ]
NOTIC: [8192] Function mcrypt_cbc() is deprecated E:\C#\Financial\FinancialSystem(SVN)\FinancialSystem\Application\Common\Common\DesHelper.class.php 第 44 行.
INFO: Run Common\Behavior\ActionStartBehavior [ RunTime:0.001000s ]
INFO: [ app_begin ] --END-- [ RunTime:0.003000s ]
NOTIC: [8] A session had already been started - ignoring session_start() E:\C#\Financial\FinancialSystem(SVN)\FinancialSystem\ThinkPHP\Common\functions.php 第 1263 行.
NOTIC: [8192] Function mcrypt_cbc() is deprecated E:\C#\Financial\FinancialSystem(SVN)\FinancialSystem\Application\Common\Common\DesHelper.class.php 第 44 行.
NOTIC: [8] Use of undefined constant funStr - assumed 'funStr' E:\C#\Financial\FinancialSystem(SVN)\FinancialSystem\Application\Home\Common\IDuty.class.php 第 14 行.
NOTIC: [8] Use of undefined constant userID - assumed 'userID' E:\C#\Financial\FinancialSystem(SVN)\FinancialSystem\Application\Home\Common\IDuty.class.php 第 14 行.
NOTIC: [8] Undefined offset: 1 E:\C#\Financial\FinancialSystem(SVN)\FinancialSystem\Application\Common\Common\APIHandler.class.php 第 55 行.
NOTIC: [8] Undefined offset: 2 E:\C#\Financial\FinancialSystem(SVN)\FinancialSystem\Application\Common\Common\APIHandler.class.php 第 56 行.
NOTIC: [8] Use of undefined constant K - assumed 'K' E:\C#\Financial\FinancialSystem(SVN)\FinancialSystem\Application\Home\Common\IFinSysConfig.class.php 第 55 行.
NOTIC: [8] Use of undefined constant V - assumed 'V' E:\C#\Financial\FinancialSystem(SVN)\FinancialSystem\Application\Home\Common\IFinSysConfig.class.php 第 55 行.
NOTIC: [8] Use of undefined constant PageIndex - assumed 'PageIndex' E:\C#\Financial\FinancialSystem(SVN)\FinancialSystem\Application\Home\Common\IFinSysConfig.class.php 第 55 行.
NOTIC: [8] Use of undefined constant PageSize - assumed 'PageSize' E:\C#\Financial\FinancialSystem(SVN)\FinancialSystem\Application\Home\Common\IFinSysConfig.class.php 第 55 行.
NOTIC: [8] Undefined offset: 1 E:\C#\Financial\FinancialSystem(SVN)\FinancialSystem\Application\Common\Common\APIHandler.class.php 第 55 行.
NOTIC: [8] Undefined offset: 2 E:\C#\Financial\FinancialSystem(SVN)\FinancialSystem\Application\Common\Common\APIHandler.class.php 第 56 行.

[ 2016-05-06T09:41:06+08:00 ] 127.0.0.1 /index.php/WageConfig/FinSysConfig/pagefinsysconfiglist?r=0.14740192866884172&K=%E7%A8%8E%E7%8E%87%E4%B8%80%E9%98%B6%E6%AE%B5&V=&PageIndex=1&PageSize=20
INFO: [ app_begin ] --START--
INFO: Run Behavior\ReadHtmlCacheBehavior [ RunTime:0.000000s ]
NOTIC: [8192] Function mcrypt_cbc() is deprecated E:\C#\Financial\FinancialSystem(SVN)\FinancialSystem\Application\Common\Common\DesHelper.class.php 第 44 行.
INFO: Run Common\Behavior\ActionStartBehavior [ RunTime:0.002000s ]
INFO: [ app_begin ] --END-- [ RunTime:0.003000s ]
NOTIC: [8] A session had already been started - ignoring session_start() E:\C#\Financial\FinancialSystem(SVN)\FinancialSystem\ThinkPHP\Common\functions.php 第 1263 行.
NOTIC: [8192] Function mcrypt_cbc() is deprecated E:\C#\Financial\FinancialSystem(SVN)\FinancialSystem\Application\Common\Common\DesHelper.class.php 第 44 行.
NOTIC: [8] Use of undefined constant funStr - assumed 'funStr' E:\C#\Financial\FinancialSystem(SVN)\FinancialSystem\Application\Home\Common\IDuty.class.php 第 14 行.
NOTIC: [8] Use of undefined constant userID - assumed 'userID' E:\C#\Financial\FinancialSystem(SVN)\FinancialSystem\Application\Home\Common\IDuty.class.php 第 14 行.
NOTIC: [8] Undefined offset: 1 E:\C#\Financial\FinancialSystem(SVN)\FinancialSystem\Application\Common\Common\APIHandler.class.php 第 55 行.
NOTIC: [8] Undefined offset: 2 E:\C#\Financial\FinancialSystem(SVN)\FinancialSystem\Application\Common\Common\APIHandler.class.php 第 56 行.
NOTIC: [8] Use of undefined constant K - assumed 'K' E:\C#\Financial\FinancialSystem(SVN)\FinancialSystem\Application\Home\Common\IFinSysConfig.class.php 第 55 行.
NOTIC: [8] Use of undefined constant V - assumed 'V' E:\C#\Financial\FinancialSystem(SVN)\FinancialSystem\Application\Home\Common\IFinSysConfig.class.php 第 55 行.
NOTIC: [8] Use of undefined constant PageIndex - assumed 'PageIndex' E:\C#\Financial\FinancialSystem(SVN)\FinancialSystem\Application\Home\Common\IFinSysConfig.class.php 第 55 行.
NOTIC: [8] Use of undefined constant PageSize - assumed 'PageSize' E:\C#\Financial\FinancialSystem(SVN)\FinancialSystem\Application\Home\Common\IFinSysConfig.class.php 第 55 行.
NOTIC: [8] Undefined offset: 1 E:\C#\Financial\FinancialSystem(SVN)\FinancialSystem\Application\Common\Common\APIHandler.class.php 第 55 行.
NOTIC: [8] Undefined offset: 2 E:\C#\Financial\FinancialSystem(SVN)\FinancialSystem\Application\Common\Common\APIHandler.class.php 第 56 行.

[ 2016-05-06T09:41:09+08:00 ] 127.0.0.1 /index.php/WageConfig/FinSysConfig/pagefinsysconfiglist?r=0.4768241364508867&K=%E7%A8%8E%E7%8E%87&V=&PageIndex=1&PageSize=20
INFO: [ app_begin ] --START--
INFO: Run Behavior\ReadHtmlCacheBehavior [ RunTime:0.000000s ]
NOTIC: [8192] Function mcrypt_cbc() is deprecated E:\C#\Financial\FinancialSystem(SVN)\FinancialSystem\Application\Common\Common\DesHelper.class.php 第 44 行.
INFO: Run Common\Behavior\ActionStartBehavior [ RunTime:0.002000s ]
INFO: [ app_begin ] --END-- [ RunTime:0.003000s ]
NOTIC: [8] A session had already been started - ignoring session_start() E:\C#\Financial\FinancialSystem(SVN)\FinancialSystem\ThinkPHP\Common\functions.php 第 1263 行.
NOTIC: [8192] Function mcrypt_cbc() is deprecated E:\C#\Financial\FinancialSystem(SVN)\FinancialSystem\Application\Common\Common\DesHelper.class.php 第 44 行.
NOTIC: [8] Use of undefined constant funStr - assumed 'funStr' E:\C#\Financial\FinancialSystem(SVN)\FinancialSystem\Application\Home\Common\IDuty.class.php 第 14 行.
NOTIC: [8] Use of undefined constant userID - assumed 'userID' E:\C#\Financial\FinancialSystem(SVN)\FinancialSystem\Application\Home\Common\IDuty.class.php 第 14 行.
NOTIC: [8] Undefined offset: 1 E:\C#\Financial\FinancialSystem(SVN)\FinancialSystem\Application\Common\Common\APIHandler.class.php 第 55 行.
NOTIC: [8] Undefined offset: 2 E:\C#\Financial\FinancialSystem(SVN)\FinancialSystem\Application\Common\Common\APIHandler.class.php 第 56 行.
NOTIC: [8] Use of undefined constant K - assumed 'K' E:\C#\Financial\FinancialSystem(SVN)\FinancialSystem\Application\Home\Common\IFinSysConfig.class.php 第 55 行.
NOTIC: [8] Use of undefined constant V - assumed 'V' E:\C#\Financial\FinancialSystem(SVN)\FinancialSystem\Application\Home\Common\IFinSysConfig.class.php 第 55 行.
NOTIC: [8] Use of undefined constant PageIndex - assumed 'PageIndex' E:\C#\Financial\FinancialSystem(SVN)\FinancialSystem\Application\Home\Common\IFinSysConfig.class.php 第 55 行.
NOTIC: [8] Use of undefined constant PageSize - assumed 'PageSize' E:\C#\Financial\FinancialSystem(SVN)\FinancialSystem\Application\Home\Common\IFinSysConfig.class.php 第 55 行.
NOTIC: [8] Undefined offset: 1 E:\C#\Financial\FinancialSystem(SVN)\FinancialSystem\Application\Common\Common\APIHandler.class.php 第 55 行.
NOTIC: [8] Undefined offset: 2 E:\C#\Financial\FinancialSystem(SVN)\FinancialSystem\Application\Common\Common\APIHandler.class.php 第 56 行.

