[ 2016-05-17T07:58:43+08:00 ] 127.0.0.1 /index.php/WageConfig/FinSysConfig/pagefinsysconfiglist?r=0.6880834440235049&K=&V=&PageIndex=1&PageSize=20
INFO: [ app_begin ] --START--
INFO: Run Behavior\ReadHtmlCacheBehavior [ RunTime:0.001000s ]
NOTIC: [8192] Function mcrypt_cbc() is deprecated E:\C#\Financial\FinancialSystem(SVN)\FinancialSystem\Application\Common\Common\DesHelper.class.php 第 44 行.
INFO: Run Common\Behavior\ActionStartBehavior [ RunTime:0.002001s ]
INFO: [ app_begin ] --END-- [ RunTime:0.005001s ]
NOTIC: [8] A session had already been started - ignoring session_start() E:\C#\Financial\FinancialSystem(SVN)\FinancialSystem\ThinkPHP\Common\functions.php 第 1263 行.
NOTIC: [8192] Function mcrypt_cbc() is deprecated E:\C#\Financial\FinancialSystem(SVN)\FinancialSystem\Application\Common\Common\DesHelper.class.php 第 44 行.
NOTIC: [8] Use of undefined constant funStr - assumed 'funStr' E:\C#\Financial\FinancialSystem(SVN)\FinancialSystem\Application\Home\Common\IDuty.class.php 第 14 行.
NOTIC: [8] Use of undefined constant userID - assumed 'userID' E:\C#\Financial\FinancialSystem(SVN)\FinancialSystem\Application\Home\Common\IDuty.class.php 第 14 行.
NOTIC: [8] Undefined offset: 1 E:\C#\Financial\FinancialSystem(SVN)\FinancialSystem\Application\Common\Common\APIHandler.class.php 第 55 行.
NOTIC: [8] Undefined offset: 2 E:\C#\Financial\FinancialSystem(SVN)\FinancialSystem\Application\Common\Common\APIHandler.class.php 第 56 行.
NOTIC: [8] Use of undefined constant K - assumed 'K' E:\C#\Financial\FinancialSystem(SVN)\FinancialSystem\Application\Home\Common\IFinSysConfig.class.php 第 55 行.
NOTIC: [8] Use of undefined constant V - assumed 'V' E:\C#\Financial\FinancialSystem(SVN)\FinancialSystem\Application\Home\Common\IFinSysConfig.class.php 第 55 行.
NOTIC: [8] Use of undefined constant PageIndex - assumed 'PageIndex' E:\C#\Financial\FinancialSystem(SVN)\FinancialSystem\Application\Home\Common\IFinSysConfig.class.php 第 55 行.
NOTIC: [8] Use of undefined constant PageSize - assumed 'PageSize' E:\C#\Financial\FinancialSystem(SVN)\FinancialSystem\Application\Home\Common\IFinSysConfig.class.php 第 55 行.
NOTIC: [8] Undefined offset: 1 E:\C#\Financial\FinancialSystem(SVN)\FinancialSystem\Application\Common\Common\APIHandler.class.php 第 55 行.
NOTIC: [8] Undefined offset: 2 E:\C#\Financial\FinancialSystem(SVN)\FinancialSystem\Application\Common\Common\APIHandler.class.php 第 56 行.

[ 2016-05-17T09:59:42+08:00 ] 127.0.0.1 /index.php/WageConfig/FinSysConfig/pagefinsysconfiglist?r=0.507814550306648&K=&V=&PageIndex=1&PageSize=20
INFO: [ app_begin ] --START--
INFO: Run Behavior\ReadHtmlCacheBehavior [ RunTime:0.017001s ]
NOTIC: [8192] Function mcrypt_cbc() is deprecated E:\C#\Financial\FinancialSystem(SVN)\FinancialSystem\Application\Common\Common\DesHelper.class.php 第 44 行.
INFO: Run Common\Behavior\ActionStartBehavior [ RunTime:0.013001s ]
INFO: [ app_begin ] --END-- [ RunTime:0.032002s ]
NOTIC: [8] A session had already been started - ignoring session_start() E:\C#\Financial\FinancialSystem(SVN)\FinancialSystem\ThinkPHP\Common\functions.php 第 1263 行.
NOTIC: [8192] Function mcrypt_cbc() is deprecated E:\C#\Financial\FinancialSystem(SVN)\FinancialSystem\Application\Common\Common\DesHelper.class.php 第 44 行.
NOTIC: [8] Use of undefined constant funStr - assumed 'funStr' E:\C#\Financial\FinancialSystem(SVN)\FinancialSystem\Application\Home\Common\IDuty.class.php 第 14 行.
NOTIC: [8] Use of undefined constant userID - assumed 'userID' E:\C#\Financial\FinancialSystem(SVN)\FinancialSystem\Application\Home\Common\IDuty.class.php 第 14 行.
NOTIC: [8] Undefined offset: 1 E:\C#\Financial\FinancialSystem(SVN)\FinancialSystem\Application\Common\Common\APIHandler.class.php 第 55 行.
NOTIC: [8] Undefined offset: 2 E:\C#\Financial\FinancialSystem(SVN)\FinancialSystem\Application\Common\Common\APIHandler.class.php 第 56 行.
NOTIC: [8] Use of undefined constant K - assumed 'K' E:\C#\Financial\FinancialSystem(SVN)\FinancialSystem\Application\Home\Common\IFinSysConfig.class.php 第 55 行.
NOTIC: [8] Use of undefined constant V - assumed 'V' E:\C#\Financial\FinancialSystem(SVN)\FinancialSystem\Application\Home\Common\IFinSysConfig.class.php 第 55 行.
NOTIC: [8] Use of undefined constant PageIndex - assumed 'PageIndex' E:\C#\Financial\FinancialSystem(SVN)\FinancialSystem\Application\Home\Common\IFinSysConfig.class.php 第 55 行.
NOTIC: [8] Use of undefined constant PageSize - assumed 'PageSize' E:\C#\Financial\FinancialSystem(SVN)\FinancialSystem\Application\Home\Common\IFinSysConfig.class.php 第 55 行.
NOTIC: [8] Undefined offset: 1 E:\C#\Financial\FinancialSystem(SVN)\FinancialSystem\Application\Common\Common\APIHandler.class.php 第 55 行.
NOTIC: [8] Undefined offset: 2 E:\C#\Financial\FinancialSystem(SVN)\FinancialSystem\Application\Common\Common\APIHandler.class.php 第 56 行.

[ 2016-05-17T09:59:44+08:00 ] 127.0.0.1 /index.php/WageConfig/FinSysConfig/pagefinsysconfiglist?r=0.2765659708529711&K=%E6%96%B0%E5%BC%803.30%E4%B9%8B%E5%90%8E%E6%99%AE%E9%80%9A%E6%9C%AA%E8%BD%AC%E6%AD%A3%E5%91%98%E5%B7%A5%E5%BA%95%E8%96%AA&V=&PageIndex=1&PageSize=20
INFO: [ app_begin ] --START--
INFO: Run Behavior\ReadHtmlCacheBehavior [ RunTime:0.001000s ]
NOTIC: [8192] Function mcrypt_cbc() is deprecated E:\C#\Financial\FinancialSystem(SVN)\FinancialSystem\Application\Common\Common\DesHelper.class.php 第 44 行.
INFO: Run Common\Behavior\ActionStartBehavior [ RunTime:0.001000s ]
INFO: [ app_begin ] --END-- [ RunTime:0.004000s ]
NOTIC: [8] A session had already been started - ignoring session_start() E:\C#\Financial\FinancialSystem(SVN)\FinancialSystem\ThinkPHP\Common\functions.php 第 1263 行.
NOTIC: [8192] Function mcrypt_cbc() is deprecated E:\C#\Financial\FinancialSystem(SVN)\FinancialSystem\Application\Common\Common\DesHelper.class.php 第 44 行.
NOTIC: [8] Use of undefined constant funStr - assumed 'funStr' E:\C#\Financial\FinancialSystem(SVN)\FinancialSystem\Application\Home\Common\IDuty.class.php 第 14 行.
NOTIC: [8] Use of undefined constant userID - assumed 'userID' E:\C#\Financial\FinancialSystem(SVN)\FinancialSystem\Application\Home\Common\IDuty.class.php 第 14 行.
NOTIC: [8] Undefined offset: 1 E:\C#\Financial\FinancialSystem(SVN)\FinancialSystem\Application\Common\Common\APIHandler.class.php 第 55 行.
NOTIC: [8] Undefined offset: 2 E:\C#\Financial\FinancialSystem(SVN)\FinancialSystem\Application\Common\Common\APIHandler.class.php 第 56 行.
NOTIC: [8] Use of undefined constant K - assumed 'K' E:\C#\Financial\FinancialSystem(SVN)\FinancialSystem\Application\Home\Common\IFinSysConfig.class.php 第 55 行.
NOTIC: [8] Use of undefined constant V - assumed 'V' E:\C#\Financial\FinancialSystem(SVN)\FinancialSystem\Application\Home\Common\IFinSysConfig.class.php 第 55 行.
NOTIC: [8] Use of undefined constant PageIndex - assumed 'PageIndex' E:\C#\Financial\FinancialSystem(SVN)\FinancialSystem\Application\Home\Common\IFinSysConfig.class.php 第 55 行.
NOTIC: [8] Use of undefined constant PageSize - assumed 'PageSize' E:\C#\Financial\FinancialSystem(SVN)\FinancialSystem\Application\Home\Common\IFinSysConfig.class.php 第 55 行.
NOTIC: [8] Undefined offset: 1 E:\C#\Financial\FinancialSystem(SVN)\FinancialSystem\Application\Common\Common\APIHandler.class.php 第 55 行.
NOTIC: [8] Undefined offset: 2 E:\C#\Financial\FinancialSystem(SVN)\FinancialSystem\Application\Common\Common\APIHandler.class.php 第 56 行.

[ 2016-05-17T09:59:53+08:00 ] 127.0.0.1 /index.php/WageConfig/FinSysConfig/pagefinsysconfiglist?r=0.3125253519974649&K=%E6%96%B0%E5%BC%803.30%E4%B9%8B%E5%90%8E%E6%99%AE%E9%80%9A%E8%BD%AC%E6%AD%A3%E5%91%98%E5%B7%A5%E5%BA%95%E8%96%AA&V=&PageIndex=1&PageSize=20
INFO: [ app_begin ] --START--
INFO: Run Behavior\ReadHtmlCacheBehavior [ RunTime:0.001000s ]
NOTIC: [8192] Function mcrypt_cbc() is deprecated E:\C#\Financial\FinancialSystem(SVN)\FinancialSystem\Application\Common\Common\DesHelper.class.php 第 44 行.
INFO: Run Common\Behavior\ActionStartBehavior [ RunTime:0.002000s ]
INFO: [ app_begin ] --END-- [ RunTime:0.003000s ]
NOTIC: [8] A session had already been started - ignoring session_start() E:\C#\Financial\FinancialSystem(SVN)\FinancialSystem\ThinkPHP\Common\functions.php 第 1263 行.
NOTIC: [8192] Function mcrypt_cbc() is deprecated E:\C#\Financial\FinancialSystem(SVN)\FinancialSystem\Application\Common\Common\DesHelper.class.php 第 44 行.
NOTIC: [8] Use of undefined constant funStr - assumed 'funStr' E:\C#\Financial\FinancialSystem(SVN)\FinancialSystem\Application\Home\Common\IDuty.class.php 第 14 行.
NOTIC: [8] Use of undefined constant userID - assumed 'userID' E:\C#\Financial\FinancialSystem(SVN)\FinancialSystem\Application\Home\Common\IDuty.class.php 第 14 行.
NOTIC: [8] Undefined offset: 1 E:\C#\Financial\FinancialSystem(SVN)\FinancialSystem\Application\Common\Common\APIHandler.class.php 第 55 行.
NOTIC: [8] Undefined offset: 2 E:\C#\Financial\FinancialSystem(SVN)\FinancialSystem\Application\Common\Common\APIHandler.class.php 第 56 行.
NOTIC: [8] Use of undefined constant K - assumed 'K' E:\C#\Financial\FinancialSystem(SVN)\FinancialSystem\Application\Home\Common\IFinSysConfig.class.php 第 55 行.
NOTIC: [8] Use of undefined constant V - assumed 'V' E:\C#\Financial\FinancialSystem(SVN)\FinancialSystem\Application\Home\Common\IFinSysConfig.class.php 第 55 行.
NOTIC: [8] Use of undefined constant PageIndex - assumed 'PageIndex' E:\C#\Financial\FinancialSystem(SVN)\FinancialSystem\Application\Home\Common\IFinSysConfig.class.php 第 55 行.
NOTIC: [8] Use of undefined constant PageSize - assumed 'PageSize' E:\C#\Financial\FinancialSystem(SVN)\FinancialSystem\Application\Home\Common\IFinSysConfig.class.php 第 55 行.
NOTIC: [8] Undefined offset: 1 E:\C#\Financial\FinancialSystem(SVN)\FinancialSystem\Application\Common\Common\APIHandler.class.php 第 55 行.
NOTIC: [8] Undefined offset: 2 E:\C#\Financial\FinancialSystem(SVN)\FinancialSystem\Application\Common\Common\APIHandler.class.php 第 56 行.

[ 2016-05-17T11:12:13+08:00 ] 127.0.0.1 /index.php/WageConfig/FinSysConfig/pagefinsysconfiglist?r=0.9909029237460345&K=&V=&PageIndex=1&PageSize=20
INFO: [ app_begin ] --START--
INFO: Run Behavior\ReadHtmlCacheBehavior [ RunTime:0.002000s ]
NOTIC: [8192] Function mcrypt_cbc() is deprecated E:\C#\Financial\FinancialSystem(SVN)\FinancialSystem\Application\Common\Common\DesHelper.class.php 第 44 行.
INFO: Run Common\Behavior\ActionStartBehavior [ RunTime:0.003000s ]
INFO: [ app_begin ] --END-- [ RunTime:0.005000s ]
NOTIC: [8] A session had already been started - ignoring session_start() E:\C#\Financial\FinancialSystem(SVN)\FinancialSystem\ThinkPHP\Common\functions.php 第 1263 行.
NOTIC: [8192] Function mcrypt_cbc() is deprecated E:\C#\Financial\FinancialSystem(SVN)\FinancialSystem\Application\Common\Common\DesHelper.class.php 第 44 行.
NOTIC: [8] Use of undefined constant funStr - assumed 'funStr' E:\C#\Financial\FinancialSystem(SVN)\FinancialSystem\Application\Home\Common\IDuty.class.php 第 14 行.
NOTIC: [8] Use of undefined constant userID - assumed 'userID' E:\C#\Financial\FinancialSystem(SVN)\FinancialSystem\Application\Home\Common\IDuty.class.php 第 14 行.
NOTIC: [8] Undefined offset: 1 E:\C#\Financial\FinancialSystem(SVN)\FinancialSystem\Application\Common\Common\APIHandler.class.php 第 55 行.
NOTIC: [8] Undefined offset: 2 E:\C#\Financial\FinancialSystem(SVN)\FinancialSystem\Application\Common\Common\APIHandler.class.php 第 56 行.
NOTIC: [8] Use of undefined constant K - assumed 'K' E:\C#\Financial\FinancialSystem(SVN)\FinancialSystem\Application\Home\Common\IFinSysConfig.class.php 第 55 行.
NOTIC: [8] Use of undefined constant V - assumed 'V' E:\C#\Financial\FinancialSystem(SVN)\FinancialSystem\Application\Home\Common\IFinSysConfig.class.php 第 55 行.
NOTIC: [8] Use of undefined constant PageIndex - assumed 'PageIndex' E:\C#\Financial\FinancialSystem(SVN)\FinancialSystem\Application\Home\Common\IFinSysConfig.class.php 第 55 行.
NOTIC: [8] Use of undefined constant PageSize - assumed 'PageSize' E:\C#\Financial\FinancialSystem(SVN)\FinancialSystem\Application\Home\Common\IFinSysConfig.class.php 第 55 行.
NOTIC: [8] Undefined offset: 1 E:\C#\Financial\FinancialSystem(SVN)\FinancialSystem\Application\Common\Common\APIHandler.class.php 第 55 行.
NOTIC: [8] Undefined offset: 2 E:\C#\Financial\FinancialSystem(SVN)\FinancialSystem\Application\Common\Common\APIHandler.class.php 第 56 行.

[ 2016-05-17T15:41:25+08:00 ] 172.30.16.87 /index.php/WageConfig/FinSysConfig/pagefinsysconfiglist?r=0.9228084175847471&K=&V=&PageIndex=1&PageSize=20
INFO: [ app_begin ] --START--
INFO: Run Behavior\ReadHtmlCacheBehavior [ RunTime:0.001000s ]
NOTIC: [8192] Function mcrypt_cbc() is deprecated E:\C#\Financial\FinancialSystem(SVN)\FinancialSystem\Application\Common\Common\DesHelper.class.php 第 44 行.
INFO: Run Common\Behavior\ActionStartBehavior [ RunTime:0.001000s ]
INFO: [ app_begin ] --END-- [ RunTime:0.002000s ]
NOTIC: [8] A session had already been started - ignoring session_start() E:\C#\Financial\FinancialSystem(SVN)\FinancialSystem\ThinkPHP\Common\functions.php 第 1263 行.
NOTIC: [8192] Function mcrypt_cbc() is deprecated E:\C#\Financial\FinancialSystem(SVN)\FinancialSystem\Application\Common\Common\DesHelper.class.php 第 44 行.
NOTIC: [8] Use of undefined constant funStr - assumed 'funStr' E:\C#\Financial\FinancialSystem(SVN)\FinancialSystem\Application\Home\Common\IDuty.class.php 第 14 行.
NOTIC: [8] Use of undefined constant userID - assumed 'userID' E:\C#\Financial\FinancialSystem(SVN)\FinancialSystem\Application\Home\Common\IDuty.class.php 第 14 行.
NOTIC: [8] Undefined offset: 1 E:\C#\Financial\FinancialSystem(SVN)\FinancialSystem\Application\Common\Common\APIHandler.class.php 第 55 行.
NOTIC: [8] Undefined offset: 2 E:\C#\Financial\FinancialSystem(SVN)\FinancialSystem\Application\Common\Common\APIHandler.class.php 第 56 行.
NOTIC: [8] Use of undefined constant K - assumed 'K' E:\C#\Financial\FinancialSystem(SVN)\FinancialSystem\Application\Home\Common\IFinSysConfig.class.php 第 55 行.
NOTIC: [8] Use of undefined constant V - assumed 'V' E:\C#\Financial\FinancialSystem(SVN)\FinancialSystem\Application\Home\Common\IFinSysConfig.class.php 第 55 行.
NOTIC: [8] Use of undefined constant PageIndex - assumed 'PageIndex' E:\C#\Financial\FinancialSystem(SVN)\FinancialSystem\Application\Home\Common\IFinSysConfig.class.php 第 55 行.
NOTIC: [8] Use of undefined constant PageSize - assumed 'PageSize' E:\C#\Financial\FinancialSystem(SVN)\FinancialSystem\Application\Home\Common\IFinSysConfig.class.php 第 55 行.
NOTIC: [8] Undefined offset: 1 E:\C#\Financial\FinancialSystem(SVN)\FinancialSystem\Application\Common\Common\APIHandler.class.php 第 55 行.
NOTIC: [8] Undefined offset: 2 E:\C#\Financial\FinancialSystem(SVN)\FinancialSystem\Application\Common\Common\APIHandler.class.php 第 56 行.

[ 2016-05-17T15:41:37+08:00 ] 172.30.16.87 /index.php/WageConfig/FinSysConfig/pagefinsysconfiglist?r=0.9067818343173712&K=&V=4613&PageIndex=1&PageSize=20
INFO: [ app_begin ] --START--
INFO: Run Behavior\ReadHtmlCacheBehavior [ RunTime:0.002000s ]
NOTIC: [8192] Function mcrypt_cbc() is deprecated E:\C#\Financial\FinancialSystem(SVN)\FinancialSystem\Application\Common\Common\DesHelper.class.php 第 44 行.
INFO: Run Common\Behavior\ActionStartBehavior [ RunTime:0.002000s ]
INFO: [ app_begin ] --END-- [ RunTime:0.005000s ]
NOTIC: [8] A session had already been started - ignoring session_start() E:\C#\Financial\FinancialSystem(SVN)\FinancialSystem\ThinkPHP\Common\functions.php 第 1263 行.
NOTIC: [8192] Function mcrypt_cbc() is deprecated E:\C#\Financial\FinancialSystem(SVN)\FinancialSystem\Application\Common\Common\DesHelper.class.php 第 44 行.
NOTIC: [8] Use of undefined constant funStr - assumed 'funStr' E:\C#\Financial\FinancialSystem(SVN)\FinancialSystem\Application\Home\Common\IDuty.class.php 第 14 行.
NOTIC: [8] Use of undefined constant userID - assumed 'userID' E:\C#\Financial\FinancialSystem(SVN)\FinancialSystem\Application\Home\Common\IDuty.class.php 第 14 行.
NOTIC: [8] Undefined offset: 1 E:\C#\Financial\FinancialSystem(SVN)\FinancialSystem\Application\Common\Common\APIHandler.class.php 第 55 行.
NOTIC: [8] Undefined offset: 2 E:\C#\Financial\FinancialSystem(SVN)\FinancialSystem\Application\Common\Common\APIHandler.class.php 第 56 行.
NOTIC: [8] Use of undefined constant K - assumed 'K' E:\C#\Financial\FinancialSystem(SVN)\FinancialSystem\Application\Home\Common\IFinSysConfig.class.php 第 55 行.
NOTIC: [8] Use of undefined constant V - assumed 'V' E:\C#\Financial\FinancialSystem(SVN)\FinancialSystem\Application\Home\Common\IFinSysConfig.class.php 第 55 行.
NOTIC: [8] Use of undefined constant PageIndex - assumed 'PageIndex' E:\C#\Financial\FinancialSystem(SVN)\FinancialSystem\Application\Home\Common\IFinSysConfig.class.php 第 55 行.
NOTIC: [8] Use of undefined constant PageSize - assumed 'PageSize' E:\C#\Financial\FinancialSystem(SVN)\FinancialSystem\Application\Home\Common\IFinSysConfig.class.php 第 55 行.
NOTIC: [8] Undefined offset: 1 E:\C#\Financial\FinancialSystem(SVN)\FinancialSystem\Application\Common\Common\APIHandler.class.php 第 55 行.
NOTIC: [8] Undefined offset: 2 E:\C#\Financial\FinancialSystem(SVN)\FinancialSystem\Application\Common\Common\APIHandler.class.php 第 56 行.

