[ 2016-03-25T08:37:08+08:00 ] 127.0.0.1 /index.php/FinancialReport/FinancialReport/monthajax?r=0.36641526059247553&startdate=2015-07&enddate=2016-03
INFO: [ app_begin ] --START--
INFO: Run Behavior\ReadHtmlCacheBehavior [ RunTime:0.001000s ]
NOTIC: [8192] Function mcrypt_cbc() is deprecated E:\C#\FinancialSystem(SVN)\FinancialSystem\Application\Common\Common\DesHelper.class.php 第 44 行.
INFO: Run Common\Behavior\ActionStartBehavior [ RunTime:0.002000s ]
INFO: [ app_begin ] --END-- [ RunTime:0.003000s ]
NOTIC: [8] A session had already been started - ignoring session_start() E:\C#\FinancialSystem(SVN)\FinancialSystem\ThinkPHP\Common\functions.php 第 1263 行.

[ 2016-03-25T08:45:22+08:00 ] 127.0.0.1 /index.php/FinancialReport/FinancialReport/yearajax?r=0.16450773528777063&startdate=2015&enddate=2016
INFO: [ app_begin ] --START--
INFO: Run Behavior\ReadHtmlCacheBehavior [ RunTime:0.000000s ]
NOTIC: [8192] Function mcrypt_cbc() is deprecated E:\C#\FinancialSystem(SVN)\FinancialSystem\Application\Common\Common\DesHelper.class.php 第 44 行.
INFO: Run Common\Behavior\ActionStartBehavior [ RunTime:0.002000s ]
INFO: [ app_begin ] --END-- [ RunTime:0.003000s ]
NOTIC: [8] A session had already been started - ignoring session_start() E:\C#\FinancialSystem(SVN)\FinancialSystem\ThinkPHP\Common\functions.php 第 1263 行.

[ 2016-03-25T08:45:25+08:00 ] 127.0.0.1 /index.php/FinancialReport/FinancialReport/monthajax?r=0.5518169056158513&startdate=2015-07&enddate=2016-03
INFO: [ app_begin ] --START--
INFO: Run Behavior\ReadHtmlCacheBehavior [ RunTime:0.001000s ]
NOTIC: [8192] Function mcrypt_cbc() is deprecated E:\C#\FinancialSystem(SVN)\FinancialSystem\Application\Common\Common\DesHelper.class.php 第 44 行.
INFO: Run Common\Behavior\ActionStartBehavior [ RunTime:0.002000s ]
INFO: [ app_begin ] --END-- [ RunTime:0.003000s ]
NOTIC: [8] A session had already been started - ignoring session_start() E:\C#\FinancialSystem(SVN)\FinancialSystem\ThinkPHP\Common\functions.php 第 1263 行.

