[ 2016-04-01T08:56:38+08:00 ] 127.0.0.1 /index.php/FinancialReport/FinancialReport/monthajax?r=0.34003051719628274&startdate=2015-07&enddate=2016-04
INFO: [ app_begin ] --START--
INFO: Run Behavior\ReadHtmlCacheBehavior [ RunTime:0.000000s ]
NOTIC: [8192] Function mcrypt_cbc() is deprecated E:\C#\FinancialSystem(SVN)\FinancialSystem\Application\Common\Common\DesHelper.class.php 第 44 行.
INFO: Run Common\Behavior\ActionStartBehavior [ RunTime:0.002000s ]
INFO: [ app_begin ] --END-- [ RunTime:0.002000s ]
NOTIC: [8] A session had already been started - ignoring session_start() E:\C#\FinancialSystem(SVN)\FinancialSystem\ThinkPHP\Common\functions.php 第 1263 行.
NOTIC: [8] Use of undefined constant startdate - assumed 'startdate' E:\C#\FinancialSystem(SVN)\FinancialSystem\Application\Home\Common\Imonthfin.class.php 第 35 行.
NOTIC: [8] Use of undefined constant enddate - assumed 'enddate' E:\C#\FinancialSystem(SVN)\FinancialSystem\Application\Home\Common\Imonthfin.class.php 第 35 行.

[ 2016-04-01T09:14:04+08:00 ] 127.0.0.1 /index.php/FinancialReport/FinancialReport/yearajax?r=0.6146738980896771&startdate=2015&enddate=2016
INFO: [ app_begin ] --START--
INFO: Run Behavior\ReadHtmlCacheBehavior [ RunTime:0.001000s ]
NOTIC: [8192] Function mcrypt_cbc() is deprecated E:\C#\FinancialSystem(SVN)\FinancialSystem\Application\Common\Common\DesHelper.class.php 第 44 行.
INFO: Run Common\Behavior\ActionStartBehavior [ RunTime:0.001000s ]
INFO: [ app_begin ] --END-- [ RunTime:0.002000s ]
NOTIC: [8] A session had already been started - ignoring session_start() E:\C#\FinancialSystem(SVN)\FinancialSystem\ThinkPHP\Common\functions.php 第 1263 行.
NOTIC: [8] Use of undefined constant startdate - assumed 'startdate' E:\C#\FinancialSystem(SVN)\FinancialSystem\Application\Home\Common\Imonthfin.class.php 第 45 行.
NOTIC: [8] Use of undefined constant enddate - assumed 'enddate' E:\C#\FinancialSystem(SVN)\FinancialSystem\Application\Home\Common\Imonthfin.class.php 第 45 行.

[ 2016-04-01T09:14:07+08:00 ] 127.0.0.1 /index.php/FinancialReport/FinancialReport/monthajax?r=0.389736398588866&startdate=2015-07&enddate=2016-04
INFO: [ app_begin ] --START--
INFO: Run Behavior\ReadHtmlCacheBehavior [ RunTime:0.000000s ]
NOTIC: [8192] Function mcrypt_cbc() is deprecated E:\C#\FinancialSystem(SVN)\FinancialSystem\Application\Common\Common\DesHelper.class.php 第 44 行.
INFO: Run Common\Behavior\ActionStartBehavior [ RunTime:0.002000s ]
INFO: [ app_begin ] --END-- [ RunTime:0.002000s ]
NOTIC: [8] A session had already been started - ignoring session_start() E:\C#\FinancialSystem(SVN)\FinancialSystem\ThinkPHP\Common\functions.php 第 1263 行.
NOTIC: [8] Use of undefined constant startdate - assumed 'startdate' E:\C#\FinancialSystem(SVN)\FinancialSystem\Application\Home\Common\Imonthfin.class.php 第 35 行.
NOTIC: [8] Use of undefined constant enddate - assumed 'enddate' E:\C#\FinancialSystem(SVN)\FinancialSystem\Application\Home\Common\Imonthfin.class.php 第 35 行.

[ 2016-04-01T09:14:26+08:00 ] 127.0.0.1 /index.php/FinancialReport/FinancialReport/monthajax?r=0.48522356199100614&startdate=2015-07&enddate=2016-04
INFO: [ app_begin ] --START--
INFO: Run Behavior\ReadHtmlCacheBehavior [ RunTime:0.001000s ]
NOTIC: [8192] Function mcrypt_cbc() is deprecated E:\C#\FinancialSystem(SVN)\FinancialSystem\Application\Common\Common\DesHelper.class.php 第 44 行.
INFO: Run Common\Behavior\ActionStartBehavior [ RunTime:0.005000s ]
INFO: [ app_begin ] --END-- [ RunTime:0.006000s ]
NOTIC: [8] A session had already been started - ignoring session_start() E:\C#\FinancialSystem(SVN)\FinancialSystem\ThinkPHP\Common\functions.php 第 1263 行.
NOTIC: [8] Use of undefined constant startdate - assumed 'startdate' E:\C#\FinancialSystem(SVN)\FinancialSystem\Application\Home\Common\Imonthfin.class.php 第 35 行.
NOTIC: [8] Use of undefined constant enddate - assumed 'enddate' E:\C#\FinancialSystem(SVN)\FinancialSystem\Application\Home\Common\Imonthfin.class.php 第 35 行.

[ 2016-04-01T09:15:47+08:00 ] 127.0.0.1 /index.php/FinancialReport/FinancialReport/yearajax?r=0.7617842017207295&startdate=2015&enddate=2016
INFO: [ app_begin ] --START--
INFO: Run Behavior\ReadHtmlCacheBehavior [ RunTime:0.002000s ]
NOTIC: [8192] Function mcrypt_cbc() is deprecated E:\C#\FinancialSystem(SVN)\FinancialSystem\Application\Common\Common\DesHelper.class.php 第 44 行.
INFO: Run Common\Behavior\ActionStartBehavior [ RunTime:0.001000s ]
INFO: [ app_begin ] --END-- [ RunTime:0.004000s ]
NOTIC: [8] A session had already been started - ignoring session_start() E:\C#\FinancialSystem(SVN)\FinancialSystem\ThinkPHP\Common\functions.php 第 1263 行.
NOTIC: [8] Use of undefined constant startdate - assumed 'startdate' E:\C#\FinancialSystem(SVN)\FinancialSystem\Application\Home\Common\Imonthfin.class.php 第 45 行.
NOTIC: [8] Use of undefined constant enddate - assumed 'enddate' E:\C#\FinancialSystem(SVN)\FinancialSystem\Application\Home\Common\Imonthfin.class.php 第 45 行.

[ 2016-04-01T09:18:47+08:00 ] 127.0.0.1 /index.php/FinancialReport/FinancialReport/monthajax?r=0.03832521568983793&startdate=2015-07&enddate=2016-04
INFO: [ app_begin ] --START--
INFO: Run Behavior\ReadHtmlCacheBehavior [ RunTime:0.001000s ]
NOTIC: [8192] Function mcrypt_cbc() is deprecated E:\C#\FinancialSystem(SVN)\FinancialSystem\Application\Common\Common\DesHelper.class.php 第 44 行.
INFO: Run Common\Behavior\ActionStartBehavior [ RunTime:0.001000s ]
INFO: [ app_begin ] --END-- [ RunTime:0.002000s ]
NOTIC: [8] A session had already been started - ignoring session_start() E:\C#\FinancialSystem(SVN)\FinancialSystem\ThinkPHP\Common\functions.php 第 1263 行.
NOTIC: [8] Use of undefined constant startdate - assumed 'startdate' E:\C#\FinancialSystem(SVN)\FinancialSystem\Application\Home\Common\Imonthfin.class.php 第 35 行.
NOTIC: [8] Use of undefined constant enddate - assumed 'enddate' E:\C#\FinancialSystem(SVN)\FinancialSystem\Application\Home\Common\Imonthfin.class.php 第 35 行.

[ 2016-04-01T09:25:51+08:00 ] 127.0.0.1 /index.php/FinancialReport/FinancialReport/monthajax?r=0.978289820253849&startdate=2015-07&enddate=2016-04
INFO: [ app_begin ] --START--
INFO: Run Behavior\ReadHtmlCacheBehavior [ RunTime:0.001000s ]
NOTIC: [8192] Function mcrypt_cbc() is deprecated E:\C#\FinancialSystem(SVN)\FinancialSystem\Application\Common\Common\DesHelper.class.php 第 44 行.
INFO: Run Common\Behavior\ActionStartBehavior [ RunTime:0.001000s ]
INFO: [ app_begin ] --END-- [ RunTime:0.002000s ]
NOTIC: [8] A session had already been started - ignoring session_start() E:\C#\FinancialSystem(SVN)\FinancialSystem\ThinkPHP\Common\functions.php 第 1263 行.
NOTIC: [8] Use of undefined constant startdate - assumed 'startdate' E:\C#\FinancialSystem(SVN)\FinancialSystem\Application\Home\Common\Imonthfin.class.php 第 35 行.
NOTIC: [8] Use of undefined constant enddate - assumed 'enddate' E:\C#\FinancialSystem(SVN)\FinancialSystem\Application\Home\Common\Imonthfin.class.php 第 35 行.

[ 2016-04-01T09:25:54+08:00 ] 127.0.0.1 /index.php/FinancialReport/FinancialReport/monthajax?r=0.9622356288600713&startdate=2015-07&enddate=2016-04
INFO: [ app_begin ] --START--
INFO: Run Behavior\ReadHtmlCacheBehavior [ RunTime:0.000000s ]
NOTIC: [8192] Function mcrypt_cbc() is deprecated E:\C#\FinancialSystem(SVN)\FinancialSystem\Application\Common\Common\DesHelper.class.php 第 44 行.
INFO: Run Common\Behavior\ActionStartBehavior [ RunTime:0.002000s ]
INFO: [ app_begin ] --END-- [ RunTime:0.002000s ]
NOTIC: [8] A session had already been started - ignoring session_start() E:\C#\FinancialSystem(SVN)\FinancialSystem\ThinkPHP\Common\functions.php 第 1263 行.
NOTIC: [8] Use of undefined constant startdate - assumed 'startdate' E:\C#\FinancialSystem(SVN)\FinancialSystem\Application\Home\Common\Imonthfin.class.php 第 35 行.
NOTIC: [8] Use of undefined constant enddate - assumed 'enddate' E:\C#\FinancialSystem(SVN)\FinancialSystem\Application\Home\Common\Imonthfin.class.php 第 35 行.

[ 2016-04-01T09:32:14+08:00 ] 127.0.0.1 /index.php/FinancialReport/FinancialReport/yearajax?r=0.6108000623062253&startdate=2015&enddate=2016
INFO: [ app_begin ] --START--
INFO: Run Behavior\ReadHtmlCacheBehavior [ RunTime:0.002000s ]
NOTIC: [8192] Function mcrypt_cbc() is deprecated E:\C#\FinancialSystem(SVN)\FinancialSystem\Application\Common\Common\DesHelper.class.php 第 44 行.
INFO: Run Common\Behavior\ActionStartBehavior [ RunTime:0.002000s ]
INFO: [ app_begin ] --END-- [ RunTime:0.004000s ]
NOTIC: [8] A session had already been started - ignoring session_start() E:\C#\FinancialSystem(SVN)\FinancialSystem\ThinkPHP\Common\functions.php 第 1263 行.
NOTIC: [8] Use of undefined constant startdate - assumed 'startdate' E:\C#\FinancialSystem(SVN)\FinancialSystem\Application\Home\Common\Imonthfin.class.php 第 45 行.
NOTIC: [8] Use of undefined constant enddate - assumed 'enddate' E:\C#\FinancialSystem(SVN)\FinancialSystem\Application\Home\Common\Imonthfin.class.php 第 45 行.

[ 2016-04-01T09:34:09+08:00 ] 127.0.0.1 /index.php/FinancialReport/FinancialReport/monthajax?r=0.35981952655129135&startdate=2015-07&enddate=2016-04
INFO: [ app_begin ] --START--
INFO: Run Behavior\ReadHtmlCacheBehavior [ RunTime:0.002000s ]
NOTIC: [8192] Function mcrypt_cbc() is deprecated E:\C#\FinancialSystem(SVN)\FinancialSystem\Application\Common\Common\DesHelper.class.php 第 44 行.
INFO: Run Common\Behavior\ActionStartBehavior [ RunTime:0.008001s ]
INFO: [ app_begin ] --END-- [ RunTime:0.011001s ]
NOTIC: [8] A session had already been started - ignoring session_start() E:\C#\FinancialSystem(SVN)\FinancialSystem\ThinkPHP\Common\functions.php 第 1263 行.
NOTIC: [8] Use of undefined constant startdate - assumed 'startdate' E:\C#\FinancialSystem(SVN)\FinancialSystem\Application\Home\Common\Imonthfin.class.php 第 35 行.
NOTIC: [8] Use of undefined constant enddate - assumed 'enddate' E:\C#\FinancialSystem(SVN)\FinancialSystem\Application\Home\Common\Imonthfin.class.php 第 35 行.

[ 2016-04-01T09:35:49+08:00 ] 127.0.0.1 /index.php/FinancialReport/FinancialReport/yearajax?r=0.8062036740593612&startdate=2015&enddate=2016
INFO: [ app_begin ] --START--
INFO: Run Behavior\ReadHtmlCacheBehavior [ RunTime:0.019001s ]
NOTIC: [8192] Function mcrypt_cbc() is deprecated E:\C#\FinancialSystem(SVN)\FinancialSystem\Application\Common\Common\DesHelper.class.php 第 44 行.
INFO: Run Common\Behavior\ActionStartBehavior [ RunTime:0.008001s ]
INFO: [ app_begin ] --END-- [ RunTime:0.027002s ]
NOTIC: [8] A session had already been started - ignoring session_start() E:\C#\FinancialSystem(SVN)\FinancialSystem\ThinkPHP\Common\functions.php 第 1263 行.
NOTIC: [8] Use of undefined constant startdate - assumed 'startdate' E:\C#\FinancialSystem(SVN)\FinancialSystem\Application\Home\Common\Imonthfin.class.php 第 45 行.
NOTIC: [8] Use of undefined constant enddate - assumed 'enddate' E:\C#\FinancialSystem(SVN)\FinancialSystem\Application\Home\Common\Imonthfin.class.php 第 45 行.

[ 2016-04-01T09:36:20+08:00 ] 127.0.0.1 /index.php/FinancialReport/FinancialReport/yearajax?r=0.2846783446148038&startdate=2015&enddate=2016
INFO: [ app_begin ] --START--
INFO: Run Behavior\ReadHtmlCacheBehavior [ RunTime:0.001000s ]
NOTIC: [8192] Function mcrypt_cbc() is deprecated E:\C#\FinancialSystem(SVN)\FinancialSystem\Application\Common\Common\DesHelper.class.php 第 44 行.
INFO: Run Common\Behavior\ActionStartBehavior [ RunTime:0.005000s ]
INFO: [ app_begin ] --END-- [ RunTime:0.006000s ]
NOTIC: [8] A session had already been started - ignoring session_start() E:\C#\FinancialSystem(SVN)\FinancialSystem\ThinkPHP\Common\functions.php 第 1263 行.
NOTIC: [8] Use of undefined constant startdate - assumed 'startdate' E:\C#\FinancialSystem(SVN)\FinancialSystem\Application\Home\Common\Imonthfin.class.php 第 45 行.
NOTIC: [8] Use of undefined constant enddate - assumed 'enddate' E:\C#\FinancialSystem(SVN)\FinancialSystem\Application\Home\Common\Imonthfin.class.php 第 45 行.

[ 2016-04-01T10:01:27+08:00 ] 127.0.0.1 /index.php/FinancialReport/FinancialReport/monthajax?r=0.6498598200269043&startdate=2015-07&enddate=2016-04
INFO: [ app_begin ] --START--
INFO: Run Behavior\ReadHtmlCacheBehavior [ RunTime:0.001000s ]
NOTIC: [8192] Function mcrypt_cbc() is deprecated E:\C#\FinancialSystem(SVN)\FinancialSystem\Application\Common\Common\DesHelper.class.php 第 44 行.
INFO: Run Common\Behavior\ActionStartBehavior [ RunTime:0.003000s ]
INFO: [ app_begin ] --END-- [ RunTime:0.004000s ]
NOTIC: [8] A session had already been started - ignoring session_start() E:\C#\FinancialSystem(SVN)\FinancialSystem\ThinkPHP\Common\functions.php 第 1263 行.
NOTIC: [8] Use of undefined constant startdate - assumed 'startdate' E:\C#\FinancialSystem(SVN)\FinancialSystem\Application\Home\Common\Imonthfin.class.php 第 35 行.
NOTIC: [8] Use of undefined constant enddate - assumed 'enddate' E:\C#\FinancialSystem(SVN)\FinancialSystem\Application\Home\Common\Imonthfin.class.php 第 35 行.

[ 2016-04-01T10:01:32+08:00 ] 127.0.0.1 /index.php/FinancialReport/FinancialReport/synchrodata?r=0.26579643366858363
INFO: [ app_begin ] --START--
INFO: Run Behavior\ReadHtmlCacheBehavior [ RunTime:0.001000s ]
NOTIC: [8192] Function mcrypt_cbc() is deprecated E:\C#\FinancialSystem(SVN)\FinancialSystem\Application\Common\Common\DesHelper.class.php 第 44 行.
INFO: Run Common\Behavior\ActionStartBehavior [ RunTime:0.003000s ]
INFO: [ app_begin ] --END-- [ RunTime:0.004000s ]
NOTIC: [8] A session had already been started - ignoring session_start() E:\C#\FinancialSystem(SVN)\FinancialSystem\ThinkPHP\Common\functions.php 第 1263 行.
NOTIC: [8] Undefined offset: 0 E:\C#\FinancialSystem(SVN)\FinancialSystem\Application\Common\Common\APIHandler.class.php 第 53 行.
NOTIC: [8] Undefined offset: 1 E:\C#\FinancialSystem(SVN)\FinancialSystem\Application\Common\Common\APIHandler.class.php 第 54 行.
NOTIC: [8] Undefined offset: 2 E:\C#\FinancialSystem(SVN)\FinancialSystem\Application\Common\Common\APIHandler.class.php 第 55 行.
NOTIC: [2] Invalid argument supplied for foreach() E:\C#\FinancialSystem(SVN)\FinancialSystem\Application\Common\Common\APIHandler.class.php 第 132 行.
NOTIC: [2] Invalid argument supplied for foreach() E:\C#\FinancialSystem(SVN)\FinancialSystem\Application\Common\Common\APIHandler.class.php 第 132 行.

[ 2016-04-01T10:10:25+08:00 ] 127.0.0.1 /index.php/FinancialReport/FinancialReport/monthajax?r=0.14458331442438066&startdate=2015-07&enddate=2016-04
INFO: [ app_begin ] --START--
INFO: Run Behavior\ReadHtmlCacheBehavior [ RunTime:0.001000s ]
NOTIC: [8192] Function mcrypt_cbc() is deprecated E:\C#\FinancialSystem(SVN)\FinancialSystem\Application\Common\Common\DesHelper.class.php 第 44 行.
INFO: Run Common\Behavior\ActionStartBehavior [ RunTime:0.003001s ]
INFO: [ app_begin ] --END-- [ RunTime:0.004001s ]
NOTIC: [8] A session had already been started - ignoring session_start() E:\C#\FinancialSystem(SVN)\FinancialSystem\ThinkPHP\Common\functions.php 第 1263 行.
NOTIC: [8] Use of undefined constant startdate - assumed 'startdate' E:\C#\FinancialSystem(SVN)\FinancialSystem\Application\Home\Common\Imonthfin.class.php 第 35 行.
NOTIC: [8] Use of undefined constant enddate - assumed 'enddate' E:\C#\FinancialSystem(SVN)\FinancialSystem\Application\Home\Common\Imonthfin.class.php 第 35 行.

[ 2016-04-01T10:10:33+08:00 ] 127.0.0.1 /index.php/FinancialReport/FinancialReport/synchrodata?r=0.655571051640436
INFO: [ app_begin ] --START--
INFO: Run Behavior\ReadHtmlCacheBehavior [ RunTime:0.001000s ]
NOTIC: [8192] Function mcrypt_cbc() is deprecated E:\C#\FinancialSystem(SVN)\FinancialSystem\Application\Common\Common\DesHelper.class.php 第 44 行.
INFO: Run Common\Behavior\ActionStartBehavior [ RunTime:0.004001s ]
INFO: [ app_begin ] --END-- [ RunTime:0.005001s ]
NOTIC: [8] A session had already been started - ignoring session_start() E:\C#\FinancialSystem(SVN)\FinancialSystem\ThinkPHP\Common\functions.php 第 1263 行.
NOTIC: [8] Undefined offset: 0 E:\C#\FinancialSystem(SVN)\FinancialSystem\Application\Common\Common\APIHandler.class.php 第 53 行.
NOTIC: [8] Undefined offset: 1 E:\C#\FinancialSystem(SVN)\FinancialSystem\Application\Common\Common\APIHandler.class.php 第 54 行.
NOTIC: [8] Undefined offset: 2 E:\C#\FinancialSystem(SVN)\FinancialSystem\Application\Common\Common\APIHandler.class.php 第 55 行.
NOTIC: [2] Invalid argument supplied for foreach() E:\C#\FinancialSystem(SVN)\FinancialSystem\Application\Common\Common\APIHandler.class.php 第 132 行.
NOTIC: [2] Invalid argument supplied for foreach() E:\C#\FinancialSystem(SVN)\FinancialSystem\Application\Common\Common\APIHandler.class.php 第 132 行.

[ 2016-04-01T10:12:13+08:00 ] 127.0.0.1 /index.php/FinancialReport/FinancialReport/monthajax?r=0.898471012711525&startdate=2015-07&enddate=2016-04
INFO: [ app_begin ] --START--
INFO: Run Behavior\ReadHtmlCacheBehavior [ RunTime:0.002000s ]
NOTIC: [8192] Function mcrypt_cbc() is deprecated E:\C#\FinancialSystem(SVN)\FinancialSystem\Application\Common\Common\DesHelper.class.php 第 44 行.
INFO: Run Common\Behavior\ActionStartBehavior [ RunTime:0.004000s ]
INFO: [ app_begin ] --END-- [ RunTime:0.006000s ]
NOTIC: [8] A session had already been started - ignoring session_start() E:\C#\FinancialSystem(SVN)\FinancialSystem\ThinkPHP\Common\functions.php 第 1263 行.
NOTIC: [8] Use of undefined constant startdate - assumed 'startdate' E:\C#\FinancialSystem(SVN)\FinancialSystem\Application\Home\Common\Imonthfin.class.php 第 35 行.
NOTIC: [8] Use of undefined constant enddate - assumed 'enddate' E:\C#\FinancialSystem(SVN)\FinancialSystem\Application\Home\Common\Imonthfin.class.php 第 35 行.

[ 2016-04-01T10:12:20+08:00 ] 127.0.0.1 /index.php/FinancialReport/FinancialReport/synchrodata?r=0.9809600797016174
INFO: [ app_begin ] --START--
INFO: Run Behavior\ReadHtmlCacheBehavior [ RunTime:0.002000s ]
NOTIC: [8192] Function mcrypt_cbc() is deprecated E:\C#\FinancialSystem(SVN)\FinancialSystem\Application\Common\Common\DesHelper.class.php 第 44 行.
INFO: Run Common\Behavior\ActionStartBehavior [ RunTime:0.004000s ]
INFO: [ app_begin ] --END-- [ RunTime:0.006000s ]
NOTIC: [8] A session had already been started - ignoring session_start() E:\C#\FinancialSystem(SVN)\FinancialSystem\ThinkPHP\Common\functions.php 第 1263 行.
NOTIC: [8] Undefined offset: 0 E:\C#\FinancialSystem(SVN)\FinancialSystem\Application\Common\Common\APIHandler.class.php 第 53 行.
NOTIC: [8] Undefined offset: 1 E:\C#\FinancialSystem(SVN)\FinancialSystem\Application\Common\Common\APIHandler.class.php 第 54 行.
NOTIC: [8] Undefined offset: 2 E:\C#\FinancialSystem(SVN)\FinancialSystem\Application\Common\Common\APIHandler.class.php 第 55 行.
NOTIC: [2] Invalid argument supplied for foreach() E:\C#\FinancialSystem(SVN)\FinancialSystem\Application\Common\Common\APIHandler.class.php 第 132 行.
NOTIC: [2] Invalid argument supplied for foreach() E:\C#\FinancialSystem(SVN)\FinancialSystem\Application\Common\Common\APIHandler.class.php 第 132 行.

[ 2016-04-01T10:22:41+08:00 ] 127.0.0.1 /index.php/FinancialReport/FinancialReport/monthajax?r=0.5373954894021153&startdate=2015-07&enddate=2016-04
INFO: [ app_begin ] --START--
INFO: Run Behavior\ReadHtmlCacheBehavior [ RunTime:0.001000s ]
NOTIC: [8192] Function mcrypt_cbc() is deprecated E:\C#\FinancialSystem(SVN)\FinancialSystem\Application\Common\Common\DesHelper.class.php 第 44 行.
INFO: Run Common\Behavior\ActionStartBehavior [ RunTime:0.006000s ]
INFO: [ app_begin ] --END-- [ RunTime:0.008000s ]
NOTIC: [8] A session had already been started - ignoring session_start() E:\C#\FinancialSystem(SVN)\FinancialSystem\ThinkPHP\Common\functions.php 第 1263 行.
NOTIC: [8] Use of undefined constant startdate - assumed 'startdate' E:\C#\FinancialSystem(SVN)\FinancialSystem\Application\Home\Common\Imonthfin.class.php 第 35 行.
NOTIC: [8] Use of undefined constant enddate - assumed 'enddate' E:\C#\FinancialSystem(SVN)\FinancialSystem\Application\Home\Common\Imonthfin.class.php 第 35 行.

[ 2016-04-01T10:22:56+08:00 ] 127.0.0.1 /index.php/FinancialReport/FinancialReport/synchrodata?r=0.9794197203591466
INFO: [ app_begin ] --START--
INFO: Run Behavior\ReadHtmlCacheBehavior [ RunTime:0.001001s ]
NOTIC: [8192] Function mcrypt_cbc() is deprecated E:\C#\FinancialSystem(SVN)\FinancialSystem\Application\Common\Common\DesHelper.class.php 第 44 行.
INFO: Run Common\Behavior\ActionStartBehavior [ RunTime:0.004000s ]
INFO: [ app_begin ] --END-- [ RunTime:0.005001s ]
NOTIC: [8] A session had already been started - ignoring session_start() E:\C#\FinancialSystem(SVN)\FinancialSystem\ThinkPHP\Common\functions.php 第 1263 行.
NOTIC: [8] Undefined offset: 0 E:\C#\FinancialSystem(SVN)\FinancialSystem\Application\Common\Common\APIHandler.class.php 第 53 行.
NOTIC: [8] Undefined offset: 1 E:\C#\FinancialSystem(SVN)\FinancialSystem\Application\Common\Common\APIHandler.class.php 第 54 行.
NOTIC: [8] Undefined offset: 2 E:\C#\FinancialSystem(SVN)\FinancialSystem\Application\Common\Common\APIHandler.class.php 第 55 行.
NOTIC: [2] Invalid argument supplied for foreach() E:\C#\FinancialSystem(SVN)\FinancialSystem\Application\Common\Common\APIHandler.class.php 第 132 行.
NOTIC: [2] Invalid argument supplied for foreach() E:\C#\FinancialSystem(SVN)\FinancialSystem\Application\Common\Common\APIHandler.class.php 第 132 行.

[ 2016-04-01T10:24:05+08:00 ] 127.0.0.1 /index.php/FinancialReport/FinancialReport/monthajax?r=0.43978444626554847&startdate=2015-07&enddate=2016-04
INFO: [ app_begin ] --START--
INFO: Run Behavior\ReadHtmlCacheBehavior [ RunTime:0.002000s ]
NOTIC: [8192] Function mcrypt_cbc() is deprecated E:\C#\FinancialSystem(SVN)\FinancialSystem\Application\Common\Common\DesHelper.class.php 第 44 行.
INFO: Run Common\Behavior\ActionStartBehavior [ RunTime:0.006001s ]
INFO: [ app_begin ] --END-- [ RunTime:0.008001s ]
NOTIC: [8] A session had already been started - ignoring session_start() E:\C#\FinancialSystem(SVN)\FinancialSystem\ThinkPHP\Common\functions.php 第 1263 行.
NOTIC: [8] Use of undefined constant startdate - assumed 'startdate' E:\C#\FinancialSystem(SVN)\FinancialSystem\Application\Home\Common\Imonthfin.class.php 第 35 行.
NOTIC: [8] Use of undefined constant enddate - assumed 'enddate' E:\C#\FinancialSystem(SVN)\FinancialSystem\Application\Home\Common\Imonthfin.class.php 第 35 行.

[ 2016-04-01T10:24:19+08:00 ] 127.0.0.1 /index.php/FinancialReport/FinancialReport/synchrodata?r=0.05694244825281203
INFO: [ app_begin ] --START--
INFO: Run Behavior\ReadHtmlCacheBehavior [ RunTime:0.001000s ]
NOTIC: [8192] Function mcrypt_cbc() is deprecated E:\C#\FinancialSystem(SVN)\FinancialSystem\Application\Common\Common\DesHelper.class.php 第 44 行.
INFO: Run Common\Behavior\ActionStartBehavior [ RunTime:0.004001s ]
INFO: [ app_begin ] --END-- [ RunTime:0.005001s ]
NOTIC: [8] A session had already been started - ignoring session_start() E:\C#\FinancialSystem(SVN)\FinancialSystem\ThinkPHP\Common\functions.php 第 1263 行.
NOTIC: [8] Undefined offset: 0 E:\C#\FinancialSystem(SVN)\FinancialSystem\Application\Common\Common\APIHandler.class.php 第 53 行.
NOTIC: [8] Undefined offset: 1 E:\C#\FinancialSystem(SVN)\FinancialSystem\Application\Common\Common\APIHandler.class.php 第 54 行.
NOTIC: [8] Undefined offset: 2 E:\C#\FinancialSystem(SVN)\FinancialSystem\Application\Common\Common\APIHandler.class.php 第 55 行.
NOTIC: [2] Invalid argument supplied for foreach() E:\C#\FinancialSystem(SVN)\FinancialSystem\Application\Common\Common\APIHandler.class.php 第 132 行.
NOTIC: [2] Invalid argument supplied for foreach() E:\C#\FinancialSystem(SVN)\FinancialSystem\Application\Common\Common\APIHandler.class.php 第 132 行.

[ 2016-04-01T10:33:53+08:00 ] 127.0.0.1 /index.php/FinancialReport/FinancialReport/monthajax?r=0.0052415309473872185&startdate=2015-07&enddate=2016-04
INFO: [ app_begin ] --START--
INFO: Run Behavior\ReadHtmlCacheBehavior [ RunTime:0.022001s ]
NOTIC: [8192] Function mcrypt_cbc() is deprecated E:\C#\FinancialSystem(SVN)\FinancialSystem\Application\Common\Common\DesHelper.class.php 第 44 行.
INFO: Run Common\Behavior\ActionStartBehavior [ RunTime:0.007000s ]
INFO: [ app_begin ] --END-- [ RunTime:0.029001s ]
NOTIC: [8] A session had already been started - ignoring session_start() E:\C#\FinancialSystem(SVN)\FinancialSystem\ThinkPHP\Common\functions.php 第 1263 行.
NOTIC: [8] Use of undefined constant startdate - assumed 'startdate' E:\C#\FinancialSystem(SVN)\FinancialSystem\Application\Home\Common\Imonthfin.class.php 第 35 行.
NOTIC: [8] Use of undefined constant enddate - assumed 'enddate' E:\C#\FinancialSystem(SVN)\FinancialSystem\Application\Home\Common\Imonthfin.class.php 第 35 行.

[ 2016-04-01T10:34:06+08:00 ] 127.0.0.1 /index.php/FinancialReport/FinancialReport/synchrodata?r=0.7363415444269776
INFO: [ app_begin ] --START--
INFO: Run Behavior\ReadHtmlCacheBehavior [ RunTime:0.002000s ]
NOTIC: [8192] Function mcrypt_cbc() is deprecated E:\C#\FinancialSystem(SVN)\FinancialSystem\Application\Common\Common\DesHelper.class.php 第 44 行.
INFO: Run Common\Behavior\ActionStartBehavior [ RunTime:0.005001s ]
INFO: [ app_begin ] --END-- [ RunTime:0.007001s ]
NOTIC: [8] A session had already been started - ignoring session_start() E:\C#\FinancialSystem(SVN)\FinancialSystem\ThinkPHP\Common\functions.php 第 1263 行.
NOTIC: [8] Undefined offset: 0 E:\C#\FinancialSystem(SVN)\FinancialSystem\Application\Common\Common\APIHandler.class.php 第 53 行.
NOTIC: [8] Undefined offset: 1 E:\C#\FinancialSystem(SVN)\FinancialSystem\Application\Common\Common\APIHandler.class.php 第 54 行.
NOTIC: [8] Undefined offset: 2 E:\C#\FinancialSystem(SVN)\FinancialSystem\Application\Common\Common\APIHandler.class.php 第 55 行.
NOTIC: [2] Invalid argument supplied for foreach() E:\C#\FinancialSystem(SVN)\FinancialSystem\Application\Common\Common\APIHandler.class.php 第 132 行.
NOTIC: [2] Invalid argument supplied for foreach() E:\C#\FinancialSystem(SVN)\FinancialSystem\Application\Common\Common\APIHandler.class.php 第 132 行.

[ 2016-04-01T10:39:28+08:00 ] 127.0.0.1 /index.php/FinancialReport/FinancialReport/monthajax?r=0.26706259278580546&startdate=2015-07&enddate=2016-04
INFO: [ app_begin ] --START--
INFO: Run Behavior\ReadHtmlCacheBehavior [ RunTime:0.001000s ]
NOTIC: [8192] Function mcrypt_cbc() is deprecated E:\C#\FinancialSystem(SVN)\FinancialSystem\Application\Common\Common\DesHelper.class.php 第 44 行.
INFO: Run Common\Behavior\ActionStartBehavior [ RunTime:0.004000s ]
INFO: [ app_begin ] --END-- [ RunTime:0.005000s ]
NOTIC: [8] A session had already been started - ignoring session_start() E:\C#\FinancialSystem(SVN)\FinancialSystem\ThinkPHP\Common\functions.php 第 1263 行.
NOTIC: [8] Use of undefined constant startdate - assumed 'startdate' E:\C#\FinancialSystem(SVN)\FinancialSystem\Application\Home\Common\Imonthfin.class.php 第 35 行.
NOTIC: [8] Use of undefined constant enddate - assumed 'enddate' E:\C#\FinancialSystem(SVN)\FinancialSystem\Application\Home\Common\Imonthfin.class.php 第 35 行.

[ 2016-04-01T10:39:52+08:00 ] 127.0.0.1 /index.php/FinancialReport/FinancialReport/monthajax?r=0.08148590940982103&startdate=2015-07&enddate=2016-04
INFO: [ app_begin ] --START--
INFO: Run Behavior\ReadHtmlCacheBehavior [ RunTime:0.001000s ]
NOTIC: [8192] Function mcrypt_cbc() is deprecated E:\C#\FinancialSystem(SVN)\FinancialSystem\Application\Common\Common\DesHelper.class.php 第 44 行.
INFO: Run Common\Behavior\ActionStartBehavior [ RunTime:0.004000s ]
INFO: [ app_begin ] --END-- [ RunTime:0.006000s ]
NOTIC: [8] A session had already been started - ignoring session_start() E:\C#\FinancialSystem(SVN)\FinancialSystem\ThinkPHP\Common\functions.php 第 1263 行.
NOTIC: [8] Use of undefined constant startdate - assumed 'startdate' E:\C#\FinancialSystem(SVN)\FinancialSystem\Application\Home\Common\Imonthfin.class.php 第 35 行.
NOTIC: [8] Use of undefined constant enddate - assumed 'enddate' E:\C#\FinancialSystem(SVN)\FinancialSystem\Application\Home\Common\Imonthfin.class.php 第 35 行.

[ 2016-04-01T10:41:24+08:00 ] 127.0.0.1 /index.php/FinancialReport/FinancialReport/synchrodata?r=0.8305076502729207
INFO: [ app_begin ] --START--
INFO: Run Behavior\ReadHtmlCacheBehavior [ RunTime:0.001000s ]
NOTIC: [8192] Function mcrypt_cbc() is deprecated E:\C#\FinancialSystem(SVN)\FinancialSystem\Application\Common\Common\DesHelper.class.php 第 44 行.
INFO: Run Common\Behavior\ActionStartBehavior [ RunTime:0.005000s ]
INFO: [ app_begin ] --END-- [ RunTime:0.006000s ]
NOTIC: [8] A session had already been started - ignoring session_start() E:\C#\FinancialSystem(SVN)\FinancialSystem\ThinkPHP\Common\functions.php 第 1263 行.
NOTIC: [8] Undefined offset: 0 E:\C#\FinancialSystem(SVN)\FinancialSystem\Application\Common\Common\APIHandler.class.php 第 53 行.
NOTIC: [8] Undefined offset: 1 E:\C#\FinancialSystem(SVN)\FinancialSystem\Application\Common\Common\APIHandler.class.php 第 54 行.
NOTIC: [8] Undefined offset: 2 E:\C#\FinancialSystem(SVN)\FinancialSystem\Application\Common\Common\APIHandler.class.php 第 55 行.
NOTIC: [2] Invalid argument supplied for foreach() E:\C#\FinancialSystem(SVN)\FinancialSystem\Application\Common\Common\APIHandler.class.php 第 132 行.
NOTIC: [2] Invalid argument supplied for foreach() E:\C#\FinancialSystem(SVN)\FinancialSystem\Application\Common\Common\APIHandler.class.php 第 132 行.

[ 2016-04-01T10:43:13+08:00 ] 127.0.0.1 /index.php/FinancialReport/FinancialReport/monthajax?r=0.94492790941149&startdate=2015-07&enddate=2016-04
INFO: [ app_begin ] --START--
INFO: Run Behavior\ReadHtmlCacheBehavior [ RunTime:0.002000s ]
NOTIC: [8192] Function mcrypt_cbc() is deprecated E:\C#\FinancialSystem(SVN)\FinancialSystem\Application\Common\Common\DesHelper.class.php 第 44 行.
INFO: Run Common\Behavior\ActionStartBehavior [ RunTime:0.013001s ]
INFO: [ app_begin ] --END-- [ RunTime:0.016001s ]
NOTIC: [8] A session had already been started - ignoring session_start() E:\C#\FinancialSystem(SVN)\FinancialSystem\ThinkPHP\Common\functions.php 第 1263 行.
NOTIC: [8] Use of undefined constant startdate - assumed 'startdate' E:\C#\FinancialSystem(SVN)\FinancialSystem\Application\Home\Common\Imonthfin.class.php 第 35 行.
NOTIC: [8] Use of undefined constant enddate - assumed 'enddate' E:\C#\FinancialSystem(SVN)\FinancialSystem\Application\Home\Common\Imonthfin.class.php 第 35 行.

[ 2016-04-01T10:43:23+08:00 ] 127.0.0.1 /index.php/FinancialReport/FinancialReport/synchrodata?r=0.16754555562511086
INFO: [ app_begin ] --START--
INFO: Run Behavior\ReadHtmlCacheBehavior [ RunTime:0.002000s ]
NOTIC: [8192] Function mcrypt_cbc() is deprecated E:\C#\FinancialSystem(SVN)\FinancialSystem\Application\Common\Common\DesHelper.class.php 第 44 行.
INFO: Run Common\Behavior\ActionStartBehavior [ RunTime:0.005001s ]
INFO: [ app_begin ] --END-- [ RunTime:0.007001s ]
NOTIC: [8] A session had already been started - ignoring session_start() E:\C#\FinancialSystem(SVN)\FinancialSystem\ThinkPHP\Common\functions.php 第 1263 行.
NOTIC: [8] Undefined offset: 0 E:\C#\FinancialSystem(SVN)\FinancialSystem\Application\Common\Common\APIHandler.class.php 第 53 行.
NOTIC: [8] Undefined offset: 1 E:\C#\FinancialSystem(SVN)\FinancialSystem\Application\Common\Common\APIHandler.class.php 第 54 行.
NOTIC: [8] Undefined offset: 2 E:\C#\FinancialSystem(SVN)\FinancialSystem\Application\Common\Common\APIHandler.class.php 第 55 行.
NOTIC: [2] Invalid argument supplied for foreach() E:\C#\FinancialSystem(SVN)\FinancialSystem\Application\Common\Common\APIHandler.class.php 第 132 行.
NOTIC: [2] Invalid argument supplied for foreach() E:\C#\FinancialSystem(SVN)\FinancialSystem\Application\Common\Common\APIHandler.class.php 第 132 行.

[ 2016-04-01T10:43:51+08:00 ] 127.0.0.1 /index.php/FinancialReport/FinancialReport/monthajax?r=0.595412289025262&startdate=2015-07&enddate=2016-04
INFO: [ app_begin ] --START--
INFO: Run Behavior\ReadHtmlCacheBehavior [ RunTime:0.002000s ]
NOTIC: [8192] Function mcrypt_cbc() is deprecated E:\C#\FinancialSystem(SVN)\FinancialSystem\Application\Common\Common\DesHelper.class.php 第 44 行.
INFO: Run Common\Behavior\ActionStartBehavior [ RunTime:0.004000s ]
INFO: [ app_begin ] --END-- [ RunTime:0.006000s ]
NOTIC: [8] A session had already been started - ignoring session_start() E:\C#\FinancialSystem(SVN)\FinancialSystem\ThinkPHP\Common\functions.php 第 1263 行.
NOTIC: [8] Use of undefined constant startdate - assumed 'startdate' E:\C#\FinancialSystem(SVN)\FinancialSystem\Application\Home\Common\Imonthfin.class.php 第 35 行.
NOTIC: [8] Use of undefined constant enddate - assumed 'enddate' E:\C#\FinancialSystem(SVN)\FinancialSystem\Application\Home\Common\Imonthfin.class.php 第 35 行.

[ 2016-04-01T10:44:01+08:00 ] 127.0.0.1 /index.php/FinancialReport/FinancialReport/synchrodata?r=0.47825229936279356
INFO: [ app_begin ] --START--
INFO: Run Behavior\ReadHtmlCacheBehavior [ RunTime:0.003001s ]
NOTIC: [8192] Function mcrypt_cbc() is deprecated E:\C#\FinancialSystem(SVN)\FinancialSystem\Application\Common\Common\DesHelper.class.php 第 44 行.
INFO: Run Common\Behavior\ActionStartBehavior [ RunTime:0.012000s ]
INFO: [ app_begin ] --END-- [ RunTime:0.015001s ]
NOTIC: [8] A session had already been started - ignoring session_start() E:\C#\FinancialSystem(SVN)\FinancialSystem\ThinkPHP\Common\functions.php 第 1263 行.
NOTIC: [8] Undefined offset: 0 E:\C#\FinancialSystem(SVN)\FinancialSystem\Application\Common\Common\APIHandler.class.php 第 53 行.
NOTIC: [8] Undefined offset: 1 E:\C#\FinancialSystem(SVN)\FinancialSystem\Application\Common\Common\APIHandler.class.php 第 54 行.
NOTIC: [8] Undefined offset: 2 E:\C#\FinancialSystem(SVN)\FinancialSystem\Application\Common\Common\APIHandler.class.php 第 55 行.
NOTIC: [2] Invalid argument supplied for foreach() E:\C#\FinancialSystem(SVN)\FinancialSystem\Application\Common\Common\APIHandler.class.php 第 132 行.
NOTIC: [2] Invalid argument supplied for foreach() E:\C#\FinancialSystem(SVN)\FinancialSystem\Application\Common\Common\APIHandler.class.php 第 132 行.

[ 2016-04-01T10:47:47+08:00 ] 127.0.0.1 /index.php/FinancialReport/FinancialReport/monthajax?r=0.2669733692891896&startdate=2015-07&enddate=2016-04
INFO: [ app_begin ] --START--
INFO: Run Behavior\ReadHtmlCacheBehavior [ RunTime:0.004000s ]
NOTIC: [8192] Function mcrypt_cbc() is deprecated E:\C#\FinancialSystem(SVN)\FinancialSystem\Application\Common\Common\DesHelper.class.php 第 44 行.
INFO: Run Common\Behavior\ActionStartBehavior [ RunTime:0.008001s ]
INFO: [ app_begin ] --END-- [ RunTime:0.012001s ]
NOTIC: [8] A session had already been started - ignoring session_start() E:\C#\FinancialSystem(SVN)\FinancialSystem\ThinkPHP\Common\functions.php 第 1263 行.
NOTIC: [8] Use of undefined constant startdate - assumed 'startdate' E:\C#\FinancialSystem(SVN)\FinancialSystem\Application\Home\Common\Imonthfin.class.php 第 35 行.
NOTIC: [8] Use of undefined constant enddate - assumed 'enddate' E:\C#\FinancialSystem(SVN)\FinancialSystem\Application\Home\Common\Imonthfin.class.php 第 35 行.

[ 2016-04-01T10:48:23+08:00 ] 127.0.0.1 /index.php/FinancialReport/FinancialReport/monthajax?r=0.11867452063597739&startdate=2015-07&enddate=2016-04
INFO: [ app_begin ] --START--
INFO: Run Behavior\ReadHtmlCacheBehavior [ RunTime:0.002000s ]
NOTIC: [8192] Function mcrypt_cbc() is deprecated E:\C#\FinancialSystem(SVN)\FinancialSystem\Application\Common\Common\DesHelper.class.php 第 44 行.
INFO: Run Common\Behavior\ActionStartBehavior [ RunTime:0.003000s ]
INFO: [ app_begin ] --END-- [ RunTime:0.005000s ]
NOTIC: [8] A session had already been started - ignoring session_start() E:\C#\FinancialSystem(SVN)\FinancialSystem\ThinkPHP\Common\functions.php 第 1263 行.
NOTIC: [8] Use of undefined constant startdate - assumed 'startdate' E:\C#\FinancialSystem(SVN)\FinancialSystem\Application\Home\Common\Imonthfin.class.php 第 35 行.
NOTIC: [8] Use of undefined constant enddate - assumed 'enddate' E:\C#\FinancialSystem(SVN)\FinancialSystem\Application\Home\Common\Imonthfin.class.php 第 35 行.

[ 2016-04-01T10:48:45+08:00 ] 127.0.0.1 /index.php/FinancialReport/FinancialReport/synchrodata?r=0.57499217428267
INFO: [ app_begin ] --START--
INFO: Run Behavior\ReadHtmlCacheBehavior [ RunTime:0.002000s ]
NOTIC: [8192] Function mcrypt_cbc() is deprecated E:\C#\FinancialSystem(SVN)\FinancialSystem\Application\Common\Common\DesHelper.class.php 第 44 行.
INFO: Run Common\Behavior\ActionStartBehavior [ RunTime:0.004000s ]
INFO: [ app_begin ] --END-- [ RunTime:0.006000s ]
NOTIC: [8] A session had already been started - ignoring session_start() E:\C#\FinancialSystem(SVN)\FinancialSystem\ThinkPHP\Common\functions.php 第 1263 行.
NOTIC: [8] Undefined offset: 0 E:\C#\FinancialSystem(SVN)\FinancialSystem\Application\Common\Common\APIHandler.class.php 第 53 行.
NOTIC: [8] Undefined offset: 1 E:\C#\FinancialSystem(SVN)\FinancialSystem\Application\Common\Common\APIHandler.class.php 第 54 行.
NOTIC: [8] Undefined offset: 2 E:\C#\FinancialSystem(SVN)\FinancialSystem\Application\Common\Common\APIHandler.class.php 第 55 行.
NOTIC: [2] Invalid argument supplied for foreach() E:\C#\FinancialSystem(SVN)\FinancialSystem\Application\Common\Common\APIHandler.class.php 第 132 行.
NOTIC: [2] Invalid argument supplied for foreach() E:\C#\FinancialSystem(SVN)\FinancialSystem\Application\Common\Common\APIHandler.class.php 第 132 行.

[ 2016-04-01T10:51:50+08:00 ] 127.0.0.1 /index.php/FinancialReport/FinancialReport/monthajax?r=0.49200094141997397&startdate=2015-07&enddate=2016-04
INFO: [ app_begin ] --START--
INFO: Run Behavior\ReadHtmlCacheBehavior [ RunTime:0.001000s ]
NOTIC: [8192] Function mcrypt_cbc() is deprecated E:\C#\FinancialSystem(SVN)\FinancialSystem\Application\Common\Common\DesHelper.class.php 第 44 行.
INFO: Run Common\Behavior\ActionStartBehavior [ RunTime:0.007000s ]
INFO: [ app_begin ] --END-- [ RunTime:0.009000s ]
NOTIC: [8] A session had already been started - ignoring session_start() E:\C#\FinancialSystem(SVN)\FinancialSystem\ThinkPHP\Common\functions.php 第 1263 行.
NOTIC: [8] Use of undefined constant startdate - assumed 'startdate' E:\C#\FinancialSystem(SVN)\FinancialSystem\Application\Home\Common\Imonthfin.class.php 第 35 行.
NOTIC: [8] Use of undefined constant enddate - assumed 'enddate' E:\C#\FinancialSystem(SVN)\FinancialSystem\Application\Home\Common\Imonthfin.class.php 第 35 行.

[ 2016-04-01T10:52:44+08:00 ] 127.0.0.1 /index.php/FinancialReport/FinancialReport/monthajax?r=0.25722517049871385&startdate=2015-07&enddate=2016-04
INFO: [ app_begin ] --START--
INFO: Run Behavior\ReadHtmlCacheBehavior [ RunTime:0.001000s ]
NOTIC: [8192] Function mcrypt_cbc() is deprecated E:\C#\FinancialSystem(SVN)\FinancialSystem\Application\Common\Common\DesHelper.class.php 第 44 行.
INFO: Run Common\Behavior\ActionStartBehavior [ RunTime:0.004000s ]
INFO: [ app_begin ] --END-- [ RunTime:0.005000s ]
NOTIC: [8] A session had already been started - ignoring session_start() E:\C#\FinancialSystem(SVN)\FinancialSystem\ThinkPHP\Common\functions.php 第 1263 行.
NOTIC: [8] Use of undefined constant startdate - assumed 'startdate' E:\C#\FinancialSystem(SVN)\FinancialSystem\Application\Home\Common\Imonthfin.class.php 第 35 行.
NOTIC: [8] Use of undefined constant enddate - assumed 'enddate' E:\C#\FinancialSystem(SVN)\FinancialSystem\Application\Home\Common\Imonthfin.class.php 第 35 行.

[ 2016-04-01T10:53:32+08:00 ] 127.0.0.1 /index.php/FinancialReport/FinancialReport/monthajax?r=0.10095213772729039&startdate=2015-07&enddate=2016-04
INFO: [ app_begin ] --START--
INFO: Run Behavior\ReadHtmlCacheBehavior [ RunTime:0.002000s ]
NOTIC: [8192] Function mcrypt_cbc() is deprecated E:\C#\FinancialSystem(SVN)\FinancialSystem\Application\Common\Common\DesHelper.class.php 第 44 行.
INFO: Run Common\Behavior\ActionStartBehavior [ RunTime:0.005000s ]
INFO: [ app_begin ] --END-- [ RunTime:0.007000s ]
NOTIC: [8] A session had already been started - ignoring session_start() E:\C#\FinancialSystem(SVN)\FinancialSystem\ThinkPHP\Common\functions.php 第 1263 行.
NOTIC: [8] Use of undefined constant startdate - assumed 'startdate' E:\C#\FinancialSystem(SVN)\FinancialSystem\Application\Home\Common\Imonthfin.class.php 第 35 行.
NOTIC: [8] Use of undefined constant enddate - assumed 'enddate' E:\C#\FinancialSystem(SVN)\FinancialSystem\Application\Home\Common\Imonthfin.class.php 第 35 行.

[ 2016-04-01T10:53:40+08:00 ] 127.0.0.1 /index.php/FinancialReport/FinancialReport/monthajax?r=0.8343453584238887&startdate=2015-07&enddate=2016-04
INFO: [ app_begin ] --START--
INFO: Run Behavior\ReadHtmlCacheBehavior [ RunTime:0.002000s ]
NOTIC: [8192] Function mcrypt_cbc() is deprecated E:\C#\FinancialSystem(SVN)\FinancialSystem\Application\Common\Common\DesHelper.class.php 第 44 行.
INFO: Run Common\Behavior\ActionStartBehavior [ RunTime:0.005000s ]
INFO: [ app_begin ] --END-- [ RunTime:0.007000s ]
NOTIC: [8] A session had already been started - ignoring session_start() E:\C#\FinancialSystem(SVN)\FinancialSystem\ThinkPHP\Common\functions.php 第 1263 行.
NOTIC: [8] Use of undefined constant startdate - assumed 'startdate' E:\C#\FinancialSystem(SVN)\FinancialSystem\Application\Home\Common\Imonthfin.class.php 第 35 行.
NOTIC: [8] Use of undefined constant enddate - assumed 'enddate' E:\C#\FinancialSystem(SVN)\FinancialSystem\Application\Home\Common\Imonthfin.class.php 第 35 行.

[ 2016-04-01T10:53:51+08:00 ] 127.0.0.1 /index.php/FinancialReport/FinancialReport/synchrodata?r=0.476698242360726
INFO: [ app_begin ] --START--
INFO: Run Behavior\ReadHtmlCacheBehavior [ RunTime:0.001000s ]
NOTIC: [8192] Function mcrypt_cbc() is deprecated E:\C#\FinancialSystem(SVN)\FinancialSystem\Application\Common\Common\DesHelper.class.php 第 44 行.
INFO: Run Common\Behavior\ActionStartBehavior [ RunTime:0.004000s ]
INFO: [ app_begin ] --END-- [ RunTime:0.005000s ]
NOTIC: [8] A session had already been started - ignoring session_start() E:\C#\FinancialSystem(SVN)\FinancialSystem\ThinkPHP\Common\functions.php 第 1263 行.
NOTIC: [8] Undefined offset: 0 E:\C#\FinancialSystem(SVN)\FinancialSystem\Application\Common\Common\APIHandler.class.php 第 53 行.
NOTIC: [8] Undefined offset: 1 E:\C#\FinancialSystem(SVN)\FinancialSystem\Application\Common\Common\APIHandler.class.php 第 54 行.
NOTIC: [8] Undefined offset: 2 E:\C#\FinancialSystem(SVN)\FinancialSystem\Application\Common\Common\APIHandler.class.php 第 55 行.
NOTIC: [2] Invalid argument supplied for foreach() E:\C#\FinancialSystem(SVN)\FinancialSystem\Application\Common\Common\APIHandler.class.php 第 132 行.
NOTIC: [2] Invalid argument supplied for foreach() E:\C#\FinancialSystem(SVN)\FinancialSystem\Application\Common\Common\APIHandler.class.php 第 132 行.

[ 2016-04-01T10:54:58+08:00 ] 127.0.0.1 /index.php/FinancialReport/FinancialReport/monthajax?r=0.43032202566973865&startdate=2015-07&enddate=2016-04
INFO: [ app_begin ] --START--
INFO: Run Behavior\ReadHtmlCacheBehavior [ RunTime:0.001000s ]
NOTIC: [8192] Function mcrypt_cbc() is deprecated E:\C#\FinancialSystem(SVN)\FinancialSystem\Application\Common\Common\DesHelper.class.php 第 44 行.
INFO: Run Common\Behavior\ActionStartBehavior [ RunTime:0.004000s ]
INFO: [ app_begin ] --END-- [ RunTime:0.005000s ]
NOTIC: [8] A session had already been started - ignoring session_start() E:\C#\FinancialSystem(SVN)\FinancialSystem\ThinkPHP\Common\functions.php 第 1263 行.
NOTIC: [8] Use of undefined constant startdate - assumed 'startdate' E:\C#\FinancialSystem(SVN)\FinancialSystem\Application\Home\Common\Imonthfin.class.php 第 35 行.
NOTIC: [8] Use of undefined constant enddate - assumed 'enddate' E:\C#\FinancialSystem(SVN)\FinancialSystem\Application\Home\Common\Imonthfin.class.php 第 35 行.

[ 2016-04-01T10:55:37+08:00 ] 127.0.0.1 /index.php/FinancialReport/FinancialReport/synchrodata?r=0.16154957679100335
INFO: [ app_begin ] --START--
INFO: Run Behavior\ReadHtmlCacheBehavior [ RunTime:0.002000s ]
NOTIC: [8192] Function mcrypt_cbc() is deprecated E:\C#\FinancialSystem(SVN)\FinancialSystem\Application\Common\Common\DesHelper.class.php 第 44 行.
INFO: Run Common\Behavior\ActionStartBehavior [ RunTime:0.003000s ]
INFO: [ app_begin ] --END-- [ RunTime:0.005000s ]
NOTIC: [8] A session had already been started - ignoring session_start() E:\C#\FinancialSystem(SVN)\FinancialSystem\ThinkPHP\Common\functions.php 第 1263 行.
NOTIC: [8] Undefined offset: 0 E:\C#\FinancialSystem(SVN)\FinancialSystem\Application\Common\Common\APIHandler.class.php 第 53 行.
NOTIC: [8] Undefined offset: 1 E:\C#\FinancialSystem(SVN)\FinancialSystem\Application\Common\Common\APIHandler.class.php 第 54 行.
NOTIC: [8] Undefined offset: 2 E:\C#\FinancialSystem(SVN)\FinancialSystem\Application\Common\Common\APIHandler.class.php 第 55 行.
NOTIC: [2] Invalid argument supplied for foreach() E:\C#\FinancialSystem(SVN)\FinancialSystem\Application\Common\Common\APIHandler.class.php 第 132 行.
NOTIC: [2] Invalid argument supplied for foreach() E:\C#\FinancialSystem(SVN)\FinancialSystem\Application\Common\Common\APIHandler.class.php 第 132 行.

[ 2016-04-01T11:12:49+08:00 ] 127.0.0.1 /index.php/FinancialReport/FinancialReport/monthajax?r=0.24130970030091703&startdate=2015-07&enddate=2016-04
INFO: [ app_begin ] --START--
INFO: Run Behavior\ReadHtmlCacheBehavior [ RunTime:0.002001s ]
NOTIC: [8192] Function mcrypt_cbc() is deprecated E:\C#\FinancialSystem(SVN)\FinancialSystem\Application\Common\Common\DesHelper.class.php 第 44 行.
INFO: Run Common\Behavior\ActionStartBehavior [ RunTime:0.004000s ]
INFO: [ app_begin ] --END-- [ RunTime:0.007001s ]
NOTIC: [8] A session had already been started - ignoring session_start() E:\C#\FinancialSystem(SVN)\FinancialSystem\ThinkPHP\Common\functions.php 第 1263 行.
NOTIC: [8] Use of undefined constant startdate - assumed 'startdate' E:\C#\FinancialSystem(SVN)\FinancialSystem\Application\Home\Common\Imonthfin.class.php 第 35 行.
NOTIC: [8] Use of undefined constant enddate - assumed 'enddate' E:\C#\FinancialSystem(SVN)\FinancialSystem\Application\Home\Common\Imonthfin.class.php 第 35 行.

[ 2016-04-01T11:13:36+08:00 ] 127.0.0.1 /index.php/FinancialReport/FinancialReport/synchrodata?r=0.4336000052280724
INFO: [ app_begin ] --START--
INFO: Run Behavior\ReadHtmlCacheBehavior [ RunTime:0.001000s ]
NOTIC: [8192] Function mcrypt_cbc() is deprecated E:\C#\FinancialSystem(SVN)\FinancialSystem\Application\Common\Common\DesHelper.class.php 第 44 行.
INFO: Run Common\Behavior\ActionStartBehavior [ RunTime:0.004000s ]
INFO: [ app_begin ] --END-- [ RunTime:0.005000s ]
NOTIC: [8] A session had already been started - ignoring session_start() E:\C#\FinancialSystem(SVN)\FinancialSystem\ThinkPHP\Common\functions.php 第 1263 行.
NOTIC: [8] Undefined offset: 0 E:\C#\FinancialSystem(SVN)\FinancialSystem\Application\Common\Common\APIHandler.class.php 第 53 行.
NOTIC: [8] Undefined offset: 1 E:\C#\FinancialSystem(SVN)\FinancialSystem\Application\Common\Common\APIHandler.class.php 第 54 行.
NOTIC: [8] Undefined offset: 2 E:\C#\FinancialSystem(SVN)\FinancialSystem\Application\Common\Common\APIHandler.class.php 第 55 行.
NOTIC: [2] Invalid argument supplied for foreach() E:\C#\FinancialSystem(SVN)\FinancialSystem\Application\Common\Common\APIHandler.class.php 第 132 行.
NOTIC: [2] Invalid argument supplied for foreach() E:\C#\FinancialSystem(SVN)\FinancialSystem\Application\Common\Common\APIHandler.class.php 第 132 行.

[ 2016-04-01T11:17:10+08:00 ] 127.0.0.1 /index.php/FinancialReport/FinancialReport/monthajax?r=0.4683732781559229&startdate=2015-07&enddate=2016-04
INFO: [ app_begin ] --START--
INFO: Run Behavior\ReadHtmlCacheBehavior [ RunTime:0.001000s ]
NOTIC: [8192] Function mcrypt_cbc() is deprecated E:\C#\FinancialSystem(SVN)\FinancialSystem\Application\Common\Common\DesHelper.class.php 第 44 行.
INFO: Run Common\Behavior\ActionStartBehavior [ RunTime:0.003000s ]
INFO: [ app_begin ] --END-- [ RunTime:0.004000s ]
NOTIC: [8] A session had already been started - ignoring session_start() E:\C#\FinancialSystem(SVN)\FinancialSystem\ThinkPHP\Common\functions.php 第 1263 行.
NOTIC: [8] Use of undefined constant startdate - assumed 'startdate' E:\C#\FinancialSystem(SVN)\FinancialSystem\Application\Home\Common\Imonthfin.class.php 第 35 行.
NOTIC: [8] Use of undefined constant enddate - assumed 'enddate' E:\C#\FinancialSystem(SVN)\FinancialSystem\Application\Home\Common\Imonthfin.class.php 第 35 行.

[ 2016-04-01T11:17:19+08:00 ] 127.0.0.1 /index.php/FinancialReport/FinancialReport/monthajax?r=0.1194563820026815&startdate=2015-07&enddate=2016-04
INFO: [ app_begin ] --START--
INFO: Run Behavior\ReadHtmlCacheBehavior [ RunTime:0.002000s ]
NOTIC: [8192] Function mcrypt_cbc() is deprecated E:\C#\FinancialSystem(SVN)\FinancialSystem\Application\Common\Common\DesHelper.class.php 第 44 行.
INFO: Run Common\Behavior\ActionStartBehavior [ RunTime:0.004000s ]
INFO: [ app_begin ] --END-- [ RunTime:0.006000s ]
NOTIC: [8] A session had already been started - ignoring session_start() E:\C#\FinancialSystem(SVN)\FinancialSystem\ThinkPHP\Common\functions.php 第 1263 行.
NOTIC: [8] Use of undefined constant startdate - assumed 'startdate' E:\C#\FinancialSystem(SVN)\FinancialSystem\Application\Home\Common\Imonthfin.class.php 第 35 行.
NOTIC: [8] Use of undefined constant enddate - assumed 'enddate' E:\C#\FinancialSystem(SVN)\FinancialSystem\Application\Home\Common\Imonthfin.class.php 第 35 行.

[ 2016-04-01T11:17:59+08:00 ] 127.0.0.1 /index.php/FinancialReport/FinancialReport/synchrodata?r=0.36828762339428067
INFO: [ app_begin ] --START--
INFO: Run Behavior\ReadHtmlCacheBehavior [ RunTime:0.002000s ]
NOTIC: [8192] Function mcrypt_cbc() is deprecated E:\C#\FinancialSystem(SVN)\FinancialSystem\Application\Common\Common\DesHelper.class.php 第 44 行.
INFO: Run Common\Behavior\ActionStartBehavior [ RunTime:0.003000s ]
INFO: [ app_begin ] --END-- [ RunTime:0.005000s ]
NOTIC: [8] A session had already been started - ignoring session_start() E:\C#\FinancialSystem(SVN)\FinancialSystem\ThinkPHP\Common\functions.php 第 1263 行.
NOTIC: [8] Undefined offset: 0 E:\C#\FinancialSystem(SVN)\FinancialSystem\Application\Common\Common\APIHandler.class.php 第 53 行.
NOTIC: [8] Undefined offset: 1 E:\C#\FinancialSystem(SVN)\FinancialSystem\Application\Common\Common\APIHandler.class.php 第 54 行.
NOTIC: [8] Undefined offset: 2 E:\C#\FinancialSystem(SVN)\FinancialSystem\Application\Common\Common\APIHandler.class.php 第 55 行.
NOTIC: [2] Invalid argument supplied for foreach() E:\C#\FinancialSystem(SVN)\FinancialSystem\Application\Common\Common\APIHandler.class.php 第 134 行.
NOTIC: [2] Invalid argument supplied for foreach() E:\C#\FinancialSystem(SVN)\FinancialSystem\Application\Common\Common\APIHandler.class.php 第 134 行.

[ 2016-04-01T11:20:49+08:00 ] 127.0.0.1 /index.php/FinancialReport/FinancialReport/monthajax?r=0.10803073295392096&startdate=2015-07&enddate=2016-04
INFO: [ app_begin ] --START--
INFO: Run Behavior\ReadHtmlCacheBehavior [ RunTime:0.002001s ]
NOTIC: [8192] Function mcrypt_cbc() is deprecated E:\C#\FinancialSystem(SVN)\FinancialSystem\Application\Common\Common\DesHelper.class.php 第 44 行.
INFO: Run Common\Behavior\ActionStartBehavior [ RunTime:0.007000s ]
INFO: [ app_begin ] --END-- [ RunTime:0.010001s ]
NOTIC: [8] A session had already been started - ignoring session_start() E:\C#\FinancialSystem(SVN)\FinancialSystem\ThinkPHP\Common\functions.php 第 1263 行.
NOTIC: [8] Use of undefined constant startdate - assumed 'startdate' E:\C#\FinancialSystem(SVN)\FinancialSystem\Application\Home\Common\Imonthfin.class.php 第 35 行.
NOTIC: [8] Use of undefined constant enddate - assumed 'enddate' E:\C#\FinancialSystem(SVN)\FinancialSystem\Application\Home\Common\Imonthfin.class.php 第 35 行.

[ 2016-04-01T11:21:28+08:00 ] 127.0.0.1 /index.php/FinancialReport/FinancialReport/synchrodata?r=0.17893122788518667
INFO: [ app_begin ] --START--
INFO: Run Behavior\ReadHtmlCacheBehavior [ RunTime:0.002000s ]
NOTIC: [8192] Function mcrypt_cbc() is deprecated E:\C#\FinancialSystem(SVN)\FinancialSystem\Application\Common\Common\DesHelper.class.php 第 44 行.
INFO: Run Common\Behavior\ActionStartBehavior [ RunTime:0.004000s ]
INFO: [ app_begin ] --END-- [ RunTime:0.006000s ]
NOTIC: [8] A session had already been started - ignoring session_start() E:\C#\FinancialSystem(SVN)\FinancialSystem\ThinkPHP\Common\functions.php 第 1263 行.
NOTIC: [8] Undefined offset: 0 E:\C#\FinancialSystem(SVN)\FinancialSystem\Application\Common\Common\APIHandler.class.php 第 53 行.
NOTIC: [8] Undefined offset: 1 E:\C#\FinancialSystem(SVN)\FinancialSystem\Application\Common\Common\APIHandler.class.php 第 54 行.
NOTIC: [8] Undefined offset: 2 E:\C#\FinancialSystem(SVN)\FinancialSystem\Application\Common\Common\APIHandler.class.php 第 55 行.
NOTIC: [2] Invalid argument supplied for foreach() E:\C#\FinancialSystem(SVN)\FinancialSystem\Application\Common\Common\APIHandler.class.php 第 134 行.
NOTIC: [2] Invalid argument supplied for foreach() E:\C#\FinancialSystem(SVN)\FinancialSystem\Application\Common\Common\APIHandler.class.php 第 134 行.

[ 2016-04-01T11:23:29+08:00 ] 127.0.0.1 /index.php/FinancialReport/FinancialReport/monthajax?r=0.7835983289405704&startdate=2015-07&enddate=2016-04
INFO: [ app_begin ] --START--
INFO: Run Behavior\ReadHtmlCacheBehavior [ RunTime:0.001000s ]
NOTIC: [8192] Function mcrypt_cbc() is deprecated E:\C#\FinancialSystem(SVN)\FinancialSystem\Application\Common\Common\DesHelper.class.php 第 44 行.
INFO: Run Common\Behavior\ActionStartBehavior [ RunTime:0.003000s ]
INFO: [ app_begin ] --END-- [ RunTime:0.004000s ]
NOTIC: [8] A session had already been started - ignoring session_start() E:\C#\FinancialSystem(SVN)\FinancialSystem\ThinkPHP\Common\functions.php 第 1263 行.
NOTIC: [8] Use of undefined constant startdate - assumed 'startdate' E:\C#\FinancialSystem(SVN)\FinancialSystem\Application\Home\Common\Imonthfin.class.php 第 35 行.
NOTIC: [8] Use of undefined constant enddate - assumed 'enddate' E:\C#\FinancialSystem(SVN)\FinancialSystem\Application\Home\Common\Imonthfin.class.php 第 35 行.

[ 2016-04-01T13:34:04+08:00 ] 127.0.0.1 /index.php/FinancialReport/FinancialReport/yearajax?r=0.9493569701444358&startdate=2015&enddate=2016
INFO: [ app_begin ] --START--
INFO: Run Behavior\ReadHtmlCacheBehavior [ RunTime:0.001000s ]
NOTIC: [8192] Function mcrypt_cbc() is deprecated E:\C#\FinancialSystem(SVN)\FinancialSystem\Application\Common\Common\DesHelper.class.php 第 44 行.
INFO: Run Common\Behavior\ActionStartBehavior [ RunTime:0.002000s ]
INFO: [ app_begin ] --END-- [ RunTime:0.003000s ]
NOTIC: [8] A session had already been started - ignoring session_start() E:\C#\FinancialSystem(SVN)\FinancialSystem\ThinkPHP\Common\functions.php 第 1263 行.
NOTIC: [8] Use of undefined constant startdate - assumed 'startdate' E:\C#\FinancialSystem(SVN)\FinancialSystem\Application\Home\Common\Imonthfin.class.php 第 45 行.
NOTIC: [8] Use of undefined constant enddate - assumed 'enddate' E:\C#\FinancialSystem(SVN)\FinancialSystem\Application\Home\Common\Imonthfin.class.php 第 45 行.

[ 2016-04-01T13:34:06+08:00 ] 127.0.0.1 /index.php/FinancialReport/FinancialReport/monthajax?r=0.4140096998307854&startdate=2015-07&enddate=2016-04
INFO: [ app_begin ] --START--
INFO: Run Behavior\ReadHtmlCacheBehavior [ RunTime:0.000000s ]
NOTIC: [8192] Function mcrypt_cbc() is deprecated E:\C#\FinancialSystem(SVN)\FinancialSystem\Application\Common\Common\DesHelper.class.php 第 44 行.
INFO: Run Common\Behavior\ActionStartBehavior [ RunTime:0.002000s ]
INFO: [ app_begin ] --END-- [ RunTime:0.002000s ]
NOTIC: [8] A session had already been started - ignoring session_start() E:\C#\FinancialSystem(SVN)\FinancialSystem\ThinkPHP\Common\functions.php 第 1263 行.
NOTIC: [8] Use of undefined constant startdate - assumed 'startdate' E:\C#\FinancialSystem(SVN)\FinancialSystem\Application\Home\Common\Imonthfin.class.php 第 35 行.
NOTIC: [8] Use of undefined constant enddate - assumed 'enddate' E:\C#\FinancialSystem(SVN)\FinancialSystem\Application\Home\Common\Imonthfin.class.php 第 35 行.

[ 2016-04-01T13:35:09+08:00 ] 127.0.0.1 /index.php/FinancialReport/FinancialReport/monthajax?r=0.9909487918484956&startdate=2015-07&enddate=2016-04
INFO: [ app_begin ] --START--
INFO: Run Behavior\ReadHtmlCacheBehavior [ RunTime:0.002000s ]
NOTIC: [8192] Function mcrypt_cbc() is deprecated E:\C#\FinancialSystem(SVN)\FinancialSystem\Application\Common\Common\DesHelper.class.php 第 44 行.
INFO: Run Common\Behavior\ActionStartBehavior [ RunTime:0.002001s ]
INFO: [ app_begin ] --END-- [ RunTime:0.004001s ]
NOTIC: [8] A session had already been started - ignoring session_start() E:\C#\FinancialSystem(SVN)\FinancialSystem\ThinkPHP\Common\functions.php 第 1263 行.
NOTIC: [8] Use of undefined constant startdate - assumed 'startdate' E:\C#\FinancialSystem(SVN)\FinancialSystem\Application\Home\Common\Imonthfin.class.php 第 35 行.
NOTIC: [8] Use of undefined constant enddate - assumed 'enddate' E:\C#\FinancialSystem(SVN)\FinancialSystem\Application\Home\Common\Imonthfin.class.php 第 35 行.

[ 2016-04-01T13:35:51+08:00 ] 127.0.0.1 /index.php/FinancialReport/FinancialReport/synchrodata?r=0.09044622560031712
INFO: [ app_begin ] --START--
INFO: Run Behavior\ReadHtmlCacheBehavior [ RunTime:0.001000s ]
NOTIC: [8192] Function mcrypt_cbc() is deprecated E:\C#\FinancialSystem(SVN)\FinancialSystem\Application\Common\Common\DesHelper.class.php 第 44 行.
INFO: Run Common\Behavior\ActionStartBehavior [ RunTime:0.002000s ]
INFO: [ app_begin ] --END-- [ RunTime:0.003000s ]
NOTIC: [8] A session had already been started - ignoring session_start() E:\C#\FinancialSystem(SVN)\FinancialSystem\ThinkPHP\Common\functions.php 第 1263 行.
NOTIC: [8] Undefined offset: 0 E:\C#\FinancialSystem(SVN)\FinancialSystem\Application\Common\Common\APIHandler.class.php 第 53 行.
NOTIC: [8] Undefined offset: 1 E:\C#\FinancialSystem(SVN)\FinancialSystem\Application\Common\Common\APIHandler.class.php 第 54 行.
NOTIC: [8] Undefined offset: 2 E:\C#\FinancialSystem(SVN)\FinancialSystem\Application\Common\Common\APIHandler.class.php 第 55 行.
NOTIC: [2] Invalid argument supplied for foreach() E:\C#\FinancialSystem(SVN)\FinancialSystem\Application\Common\Common\APIHandler.class.php 第 134 行.
NOTIC: [2] Invalid argument supplied for foreach() E:\C#\FinancialSystem(SVN)\FinancialSystem\Application\Common\Common\APIHandler.class.php 第 134 行.

[ 2016-04-01T13:38:45+08:00 ] 127.0.0.1 /index.php/FinancialReport/FinancialReport/monthajax?r=0.6921447271015495&startdate=2015-07&enddate=2016-04
INFO: [ app_begin ] --START--
INFO: Run Behavior\ReadHtmlCacheBehavior [ RunTime:0.001000s ]
NOTIC: [8192] Function mcrypt_cbc() is deprecated E:\C#\FinancialSystem(SVN)\FinancialSystem\Application\Common\Common\DesHelper.class.php 第 44 行.
INFO: Run Common\Behavior\ActionStartBehavior [ RunTime:0.001001s ]
INFO: [ app_begin ] --END-- [ RunTime:0.002001s ]
NOTIC: [8] A session had already been started - ignoring session_start() E:\C#\FinancialSystem(SVN)\FinancialSystem\ThinkPHP\Common\functions.php 第 1263 行.
NOTIC: [8] Use of undefined constant startdate - assumed 'startdate' E:\C#\FinancialSystem(SVN)\FinancialSystem\Application\Home\Common\Imonthfin.class.php 第 35 行.
NOTIC: [8] Use of undefined constant enddate - assumed 'enddate' E:\C#\FinancialSystem(SVN)\FinancialSystem\Application\Home\Common\Imonthfin.class.php 第 35 行.

[ 2016-04-01T13:39:39+08:00 ] 127.0.0.1 /index.php/FinancialReport/FinancialReport/synchrodata?r=0.7858243368100375
INFO: [ app_begin ] --START--
INFO: Run Behavior\ReadHtmlCacheBehavior [ RunTime:0.000000s ]
NOTIC: [8192] Function mcrypt_cbc() is deprecated E:\C#\FinancialSystem(SVN)\FinancialSystem\Application\Common\Common\DesHelper.class.php 第 44 行.
INFO: Run Common\Behavior\ActionStartBehavior [ RunTime:0.002001s ]
INFO: [ app_begin ] --END-- [ RunTime:0.003001s ]
NOTIC: [8] A session had already been started - ignoring session_start() E:\C#\FinancialSystem(SVN)\FinancialSystem\ThinkPHP\Common\functions.php 第 1263 行.
NOTIC: [8] Undefined offset: 0 E:\C#\FinancialSystem(SVN)\FinancialSystem\Application\Common\Common\APIHandler.class.php 第 53 行.
NOTIC: [8] Undefined offset: 1 E:\C#\FinancialSystem(SVN)\FinancialSystem\Application\Common\Common\APIHandler.class.php 第 54 行.
NOTIC: [8] Undefined offset: 2 E:\C#\FinancialSystem(SVN)\FinancialSystem\Application\Common\Common\APIHandler.class.php 第 55 行.
NOTIC: [2] Invalid argument supplied for foreach() E:\C#\FinancialSystem(SVN)\FinancialSystem\Application\Common\Common\APIHandler.class.php 第 134 行.
NOTIC: [2] Invalid argument supplied for foreach() E:\C#\FinancialSystem(SVN)\FinancialSystem\Application\Common\Common\APIHandler.class.php 第 134 行.

[ 2016-04-01T13:42:28+08:00 ] 127.0.0.1 /index.php/FinancialReport/FinancialReport/monthajax?r=0.9708599301520735&startdate=2015-07&enddate=2016-04
INFO: [ app_begin ] --START--
INFO: Run Behavior\ReadHtmlCacheBehavior [ RunTime:0.001000s ]
NOTIC: [8192] Function mcrypt_cbc() is deprecated E:\C#\FinancialSystem(SVN)\FinancialSystem\Application\Common\Common\DesHelper.class.php 第 44 行.
INFO: Run Common\Behavior\ActionStartBehavior [ RunTime:0.001000s ]
INFO: [ app_begin ] --END-- [ RunTime:0.003000s ]
NOTIC: [8] A session had already been started - ignoring session_start() E:\C#\FinancialSystem(SVN)\FinancialSystem\ThinkPHP\Common\functions.php 第 1263 行.
NOTIC: [8] Use of undefined constant startdate - assumed 'startdate' E:\C#\FinancialSystem(SVN)\FinancialSystem\Application\Home\Common\Imonthfin.class.php 第 35 行.
NOTIC: [8] Use of undefined constant enddate - assumed 'enddate' E:\C#\FinancialSystem(SVN)\FinancialSystem\Application\Home\Common\Imonthfin.class.php 第 35 行.

[ 2016-04-01T13:44:43+08:00 ] 127.0.0.1 /index.php/FinancialReport/FinancialReport/monthajax?r=0.576864754082635&startdate=2015-07&enddate=2016-04
INFO: [ app_begin ] --START--
INFO: Run Behavior\ReadHtmlCacheBehavior [ RunTime:0.001000s ]
NOTIC: [8192] Function mcrypt_cbc() is deprecated E:\C#\FinancialSystem(SVN)\FinancialSystem\Application\Common\Common\DesHelper.class.php 第 44 行.
INFO: Run Common\Behavior\ActionStartBehavior [ RunTime:0.002000s ]
INFO: [ app_begin ] --END-- [ RunTime:0.003000s ]
NOTIC: [8] A session had already been started - ignoring session_start() E:\C#\FinancialSystem(SVN)\FinancialSystem\ThinkPHP\Common\functions.php 第 1263 行.
NOTIC: [8] Use of undefined constant startdate - assumed 'startdate' E:\C#\FinancialSystem(SVN)\FinancialSystem\Application\Home\Common\Imonthfin.class.php 第 35 行.
NOTIC: [8] Use of undefined constant enddate - assumed 'enddate' E:\C#\FinancialSystem(SVN)\FinancialSystem\Application\Home\Common\Imonthfin.class.php 第 35 行.

[ 2016-04-01T13:44:48+08:00 ] 127.0.0.1 /index.php/FinancialReport/FinancialReport/yearajax?r=0.3143709453288466&startdate=2015&enddate=2016
INFO: [ app_begin ] --START--
INFO: Run Behavior\ReadHtmlCacheBehavior [ RunTime:0.001000s ]
NOTIC: [8192] Function mcrypt_cbc() is deprecated E:\C#\FinancialSystem(SVN)\FinancialSystem\Application\Common\Common\DesHelper.class.php 第 44 行.
INFO: Run Common\Behavior\ActionStartBehavior [ RunTime:0.002000s ]
INFO: [ app_begin ] --END-- [ RunTime:0.003000s ]
NOTIC: [8] A session had already been started - ignoring session_start() E:\C#\FinancialSystem(SVN)\FinancialSystem\ThinkPHP\Common\functions.php 第 1263 行.
NOTIC: [8] Use of undefined constant startdate - assumed 'startdate' E:\C#\FinancialSystem(SVN)\FinancialSystem\Application\Home\Common\Imonthfin.class.php 第 45 行.
NOTIC: [8] Use of undefined constant enddate - assumed 'enddate' E:\C#\FinancialSystem(SVN)\FinancialSystem\Application\Home\Common\Imonthfin.class.php 第 45 行.

[ 2016-04-01T13:45:04+08:00 ] 127.0.0.1 /index.php/FinancialReport/FinancialReport/monthajax?r=0.5380262990947813&startdate=2015-07&enddate=2015-12
INFO: [ app_begin ] --START--
INFO: Run Behavior\ReadHtmlCacheBehavior [ RunTime:0.000000s ]
NOTIC: [8192] Function mcrypt_cbc() is deprecated E:\C#\FinancialSystem(SVN)\FinancialSystem\Application\Common\Common\DesHelper.class.php 第 44 行.
INFO: Run Common\Behavior\ActionStartBehavior [ RunTime:0.002000s ]
INFO: [ app_begin ] --END-- [ RunTime:0.002000s ]
NOTIC: [8] A session had already been started - ignoring session_start() E:\C#\FinancialSystem(SVN)\FinancialSystem\ThinkPHP\Common\functions.php 第 1263 行.
NOTIC: [8] Use of undefined constant startdate - assumed 'startdate' E:\C#\FinancialSystem(SVN)\FinancialSystem\Application\Home\Common\Imonthfin.class.php 第 35 行.
NOTIC: [8] Use of undefined constant enddate - assumed 'enddate' E:\C#\FinancialSystem(SVN)\FinancialSystem\Application\Home\Common\Imonthfin.class.php 第 35 行.

[ 2016-04-01T15:50:25+08:00 ] 127.0.0.1 /index.php/FinancialReport/FinancialReport/monthajax?r=0.041530081536620855&startdate=2015-07&enddate=2016-04
INFO: [ app_begin ] --START--
INFO: Run Behavior\ReadHtmlCacheBehavior [ RunTime:0.000000s ]
NOTIC: [8192] Function mcrypt_cbc() is deprecated E:\C#\FinancialSystem(SVN)\FinancialSystem\Application\Common\Common\DesHelper.class.php 第 44 行.
INFO: Run Common\Behavior\ActionStartBehavior [ RunTime:0.001000s ]
INFO: [ app_begin ] --END-- [ RunTime:0.002000s ]
NOTIC: [8] A session had already been started - ignoring session_start() E:\C#\FinancialSystem(SVN)\FinancialSystem\ThinkPHP\Common\functions.php 第 1263 行.
NOTIC: [8] Use of undefined constant startdate - assumed 'startdate' E:\C#\FinancialSystem(SVN)\FinancialSystem\Application\Home\Common\Imonthfin.class.php 第 35 行.
NOTIC: [8] Use of undefined constant enddate - assumed 'enddate' E:\C#\FinancialSystem(SVN)\FinancialSystem\Application\Home\Common\Imonthfin.class.php 第 35 行.

[ 2016-04-01T15:51:21+08:00 ] 127.0.0.1 /index.php/FinancialReport/FinancialReport/monthajax?r=0.9301429996266961&startdate=2015-07&enddate=2016-04
INFO: [ app_begin ] --START--
INFO: Run Behavior\ReadHtmlCacheBehavior [ RunTime:0.001000s ]
NOTIC: [8192] Function mcrypt_cbc() is deprecated E:\C#\FinancialSystem(SVN)\FinancialSystem\Application\Common\Common\DesHelper.class.php 第 44 行.
INFO: Run Common\Behavior\ActionStartBehavior [ RunTime:0.001000s ]
INFO: [ app_begin ] --END-- [ RunTime:0.002000s ]
NOTIC: [8] A session had already been started - ignoring session_start() E:\C#\FinancialSystem(SVN)\FinancialSystem\ThinkPHP\Common\functions.php 第 1263 行.
NOTIC: [8] Use of undefined constant startdate - assumed 'startdate' E:\C#\FinancialSystem(SVN)\FinancialSystem\Application\Home\Common\Imonthfin.class.php 第 35 行.
NOTIC: [8] Use of undefined constant enddate - assumed 'enddate' E:\C#\FinancialSystem(SVN)\FinancialSystem\Application\Home\Common\Imonthfin.class.php 第 35 行.

[ 2016-04-01T15:52:06+08:00 ] 127.0.0.1 /index.php/FinancialReport/FinancialReport/synchrodata?r=0.6108020979445428
INFO: [ app_begin ] --START--
INFO: Run Behavior\ReadHtmlCacheBehavior [ RunTime:0.001000s ]
NOTIC: [8192] Function mcrypt_cbc() is deprecated E:\C#\FinancialSystem(SVN)\FinancialSystem\Application\Common\Common\DesHelper.class.php 第 44 行.
INFO: Run Common\Behavior\ActionStartBehavior [ RunTime:0.001000s ]
INFO: [ app_begin ] --END-- [ RunTime:0.002000s ]
NOTIC: [8] A session had already been started - ignoring session_start() E:\C#\FinancialSystem(SVN)\FinancialSystem\ThinkPHP\Common\functions.php 第 1263 行.
NOTIC: [8] Undefined offset: 0 E:\C#\FinancialSystem(SVN)\FinancialSystem\Application\Common\Common\APIHandler.class.php 第 53 行.
NOTIC: [8] Undefined offset: 1 E:\C#\FinancialSystem(SVN)\FinancialSystem\Application\Common\Common\APIHandler.class.php 第 54 行.
NOTIC: [8] Undefined offset: 2 E:\C#\FinancialSystem(SVN)\FinancialSystem\Application\Common\Common\APIHandler.class.php 第 55 行.
NOTIC: [2] Invalid argument supplied for foreach() E:\C#\FinancialSystem(SVN)\FinancialSystem\Application\Common\Common\APIHandler.class.php 第 134 行.
NOTIC: [2] Invalid argument supplied for foreach() E:\C#\FinancialSystem(SVN)\FinancialSystem\Application\Common\Common\APIHandler.class.php 第 134 行.

[ 2016-04-01T15:52:37+08:00 ] 127.0.0.1 /index.php/FinancialReport/FinancialReport/monthajax?r=0.6186743464786559&startdate=2015-07&enddate=2016-04
INFO: [ app_begin ] --START--
INFO: Run Behavior\ReadHtmlCacheBehavior [ RunTime:0.001000s ]
NOTIC: [8192] Function mcrypt_cbc() is deprecated E:\C#\FinancialSystem(SVN)\FinancialSystem\Application\Common\Common\DesHelper.class.php 第 44 行.
INFO: Run Common\Behavior\ActionStartBehavior [ RunTime:0.002000s ]
INFO: [ app_begin ] --END-- [ RunTime:0.003000s ]
NOTIC: [8] A session had already been started - ignoring session_start() E:\C#\FinancialSystem(SVN)\FinancialSystem\ThinkPHP\Common\functions.php 第 1263 行.
NOTIC: [8] Use of undefined constant startdate - assumed 'startdate' E:\C#\FinancialSystem(SVN)\FinancialSystem\Application\Home\Common\Imonthfin.class.php 第 35 行.
NOTIC: [8] Use of undefined constant enddate - assumed 'enddate' E:\C#\FinancialSystem(SVN)\FinancialSystem\Application\Home\Common\Imonthfin.class.php 第 35 行.

[ 2016-04-01T15:53:02+08:00 ] 127.0.0.1 /index.php/FinancialReport/FinancialReport/monthajax?r=0.35581127484329045&startdate=2015-07&enddate=2016-04
INFO: [ app_begin ] --START--
INFO: Run Behavior\ReadHtmlCacheBehavior [ RunTime:0.001000s ]
NOTIC: [8192] Function mcrypt_cbc() is deprecated E:\C#\FinancialSystem(SVN)\FinancialSystem\Application\Common\Common\DesHelper.class.php 第 44 行.
INFO: Run Common\Behavior\ActionStartBehavior [ RunTime:0.001000s ]
INFO: [ app_begin ] --END-- [ RunTime:0.002000s ]
NOTIC: [8] A session had already been started - ignoring session_start() E:\C#\FinancialSystem(SVN)\FinancialSystem\ThinkPHP\Common\functions.php 第 1263 行.
NOTIC: [8] Use of undefined constant startdate - assumed 'startdate' E:\C#\FinancialSystem(SVN)\FinancialSystem\Application\Home\Common\Imonthfin.class.php 第 35 行.
NOTIC: [8] Use of undefined constant enddate - assumed 'enddate' E:\C#\FinancialSystem(SVN)\FinancialSystem\Application\Home\Common\Imonthfin.class.php 第 35 行.

[ 2016-04-01T15:54:12+08:00 ] 127.0.0.1 /index.php/FinancialReport/FinancialReport/synchrodata?r=0.5782697757240385
INFO: [ app_begin ] --START--
INFO: Run Behavior\ReadHtmlCacheBehavior [ RunTime:0.001001s ]
NOTIC: [8192] Function mcrypt_cbc() is deprecated E:\C#\FinancialSystem(SVN)\FinancialSystem\Application\Common\Common\DesHelper.class.php 第 44 行.
INFO: Run Common\Behavior\ActionStartBehavior [ RunTime:0.002000s ]
INFO: [ app_begin ] --END-- [ RunTime:0.003001s ]
NOTIC: [8] A session had already been started - ignoring session_start() E:\C#\FinancialSystem(SVN)\FinancialSystem\ThinkPHP\Common\functions.php 第 1263 行.
NOTIC: [8] Undefined offset: 0 E:\C#\FinancialSystem(SVN)\FinancialSystem\Application\Common\Common\APIHandler.class.php 第 53 行.
NOTIC: [8] Undefined offset: 1 E:\C#\FinancialSystem(SVN)\FinancialSystem\Application\Common\Common\APIHandler.class.php 第 54 行.
NOTIC: [8] Undefined offset: 2 E:\C#\FinancialSystem(SVN)\FinancialSystem\Application\Common\Common\APIHandler.class.php 第 55 行.
NOTIC: [2] Invalid argument supplied for foreach() E:\C#\FinancialSystem(SVN)\FinancialSystem\Application\Common\Common\APIHandler.class.php 第 134 行.
NOTIC: [2] Invalid argument supplied for foreach() E:\C#\FinancialSystem(SVN)\FinancialSystem\Application\Common\Common\APIHandler.class.php 第 134 行.

[ 2016-04-01T15:54:31+08:00 ] 127.0.0.1 /index.php/FinancialReport/FinancialReport/monthajax?r=0.6619545593857765&startdate=2015-07&enddate=2016-04
INFO: [ app_begin ] --START--
INFO: Run Behavior\ReadHtmlCacheBehavior [ RunTime:0.001000s ]
NOTIC: [8192] Function mcrypt_cbc() is deprecated E:\C#\FinancialSystem(SVN)\FinancialSystem\Application\Common\Common\DesHelper.class.php 第 44 行.
INFO: Run Common\Behavior\ActionStartBehavior [ RunTime:0.002000s ]
INFO: [ app_begin ] --END-- [ RunTime:0.003000s ]
NOTIC: [8] A session had already been started - ignoring session_start() E:\C#\FinancialSystem(SVN)\FinancialSystem\ThinkPHP\Common\functions.php 第 1263 行.
NOTIC: [8] Use of undefined constant startdate - assumed 'startdate' E:\C#\FinancialSystem(SVN)\FinancialSystem\Application\Home\Common\Imonthfin.class.php 第 35 行.
NOTIC: [8] Use of undefined constant enddate - assumed 'enddate' E:\C#\FinancialSystem(SVN)\FinancialSystem\Application\Home\Common\Imonthfin.class.php 第 35 行.

[ 2016-04-01T15:54:36+08:00 ] 127.0.0.1 /index.php/FinancialReport/FinancialReport/monthajax?r=0.8822595933452249&startdate=2015-07&enddate=2016-04
INFO: [ app_begin ] --START--
INFO: Run Behavior\ReadHtmlCacheBehavior [ RunTime:0.001000s ]
NOTIC: [8192] Function mcrypt_cbc() is deprecated E:\C#\FinancialSystem(SVN)\FinancialSystem\Application\Common\Common\DesHelper.class.php 第 44 行.
INFO: Run Common\Behavior\ActionStartBehavior [ RunTime:0.001000s ]
INFO: [ app_begin ] --END-- [ RunTime:0.002000s ]
NOTIC: [8] A session had already been started - ignoring session_start() E:\C#\FinancialSystem(SVN)\FinancialSystem\ThinkPHP\Common\functions.php 第 1263 行.
NOTIC: [8] Use of undefined constant startdate - assumed 'startdate' E:\C#\FinancialSystem(SVN)\FinancialSystem\Application\Home\Common\Imonthfin.class.php 第 35 行.
NOTIC: [8] Use of undefined constant enddate - assumed 'enddate' E:\C#\FinancialSystem(SVN)\FinancialSystem\Application\Home\Common\Imonthfin.class.php 第 35 行.

[ 2016-04-01T15:55:16+08:00 ] 127.0.0.1 /index.php/FinancialReport/FinancialReport/synchrodata?r=0.8495145484339446
INFO: [ app_begin ] --START--
INFO: Run Behavior\ReadHtmlCacheBehavior [ RunTime:0.001000s ]
NOTIC: [8192] Function mcrypt_cbc() is deprecated E:\C#\FinancialSystem(SVN)\FinancialSystem\Application\Common\Common\DesHelper.class.php 第 44 行.
INFO: Run Common\Behavior\ActionStartBehavior [ RunTime:0.002000s ]
INFO: [ app_begin ] --END-- [ RunTime:0.003000s ]
NOTIC: [8] A session had already been started - ignoring session_start() E:\C#\FinancialSystem(SVN)\FinancialSystem\ThinkPHP\Common\functions.php 第 1263 行.
NOTIC: [8] Undefined offset: 0 E:\C#\FinancialSystem(SVN)\FinancialSystem\Application\Common\Common\APIHandler.class.php 第 53 行.
NOTIC: [8] Undefined offset: 1 E:\C#\FinancialSystem(SVN)\FinancialSystem\Application\Common\Common\APIHandler.class.php 第 54 行.
NOTIC: [8] Undefined offset: 2 E:\C#\FinancialSystem(SVN)\FinancialSystem\Application\Common\Common\APIHandler.class.php 第 55 行.
NOTIC: [2] Invalid argument supplied for foreach() E:\C#\FinancialSystem(SVN)\FinancialSystem\Application\Common\Common\APIHandler.class.php 第 134 行.
NOTIC: [2] Invalid argument supplied for foreach() E:\C#\FinancialSystem(SVN)\FinancialSystem\Application\Common\Common\APIHandler.class.php 第 134 行.

[ 2016-04-01T15:57:39+08:00 ] 127.0.0.1 /index.php/FinancialReport/FinancialReport/monthajax?r=0.9438763128127903&startdate=2015-07&enddate=2016-04
INFO: [ app_begin ] --START--
INFO: Run Behavior\ReadHtmlCacheBehavior [ RunTime:0.001001s ]
NOTIC: [8192] Function mcrypt_cbc() is deprecated E:\C#\FinancialSystem(SVN)\FinancialSystem\Application\Common\Common\DesHelper.class.php 第 44 行.
INFO: Run Common\Behavior\ActionStartBehavior [ RunTime:0.001000s ]
INFO: [ app_begin ] --END-- [ RunTime:0.002001s ]
NOTIC: [8] A session had already been started - ignoring session_start() E:\C#\FinancialSystem(SVN)\FinancialSystem\ThinkPHP\Common\functions.php 第 1263 行.
NOTIC: [8] Use of undefined constant startdate - assumed 'startdate' E:\C#\FinancialSystem(SVN)\FinancialSystem\Application\Home\Common\Imonthfin.class.php 第 35 行.
NOTIC: [8] Use of undefined constant enddate - assumed 'enddate' E:\C#\FinancialSystem(SVN)\FinancialSystem\Application\Home\Common\Imonthfin.class.php 第 35 行.

[ 2016-04-01T15:58:42+08:00 ] 127.0.0.1 /index.php/FinancialReport/FinancialReport/synchrodata?r=0.8400029432959855
INFO: [ app_begin ] --START--
INFO: Run Behavior\ReadHtmlCacheBehavior [ RunTime:0.001000s ]
NOTIC: [8192] Function mcrypt_cbc() is deprecated E:\C#\FinancialSystem(SVN)\FinancialSystem\Application\Common\Common\DesHelper.class.php 第 44 行.
INFO: Run Common\Behavior\ActionStartBehavior [ RunTime:0.001000s ]
INFO: [ app_begin ] --END-- [ RunTime:0.002000s ]
NOTIC: [8] A session had already been started - ignoring session_start() E:\C#\FinancialSystem(SVN)\FinancialSystem\ThinkPHP\Common\functions.php 第 1263 行.
NOTIC: [8] Undefined offset: 0 E:\C#\FinancialSystem(SVN)\FinancialSystem\Application\Common\Common\APIHandler.class.php 第 53 行.
NOTIC: [8] Undefined offset: 1 E:\C#\FinancialSystem(SVN)\FinancialSystem\Application\Common\Common\APIHandler.class.php 第 54 行.
NOTIC: [8] Undefined offset: 2 E:\C#\FinancialSystem(SVN)\FinancialSystem\Application\Common\Common\APIHandler.class.php 第 55 行.
NOTIC: [2] Invalid argument supplied for foreach() E:\C#\FinancialSystem(SVN)\FinancialSystem\Application\Common\Common\APIHandler.class.php 第 134 行.
NOTIC: [2] Invalid argument supplied for foreach() E:\C#\FinancialSystem(SVN)\FinancialSystem\Application\Common\Common\APIHandler.class.php 第 134 行.

[ 2016-04-01T15:58:58+08:00 ] 127.0.0.1 /index.php/FinancialReport/FinancialReport/yearajax?r=0.12358594010584056&startdate=2015&enddate=2016
INFO: [ app_begin ] --START--
INFO: Run Behavior\ReadHtmlCacheBehavior [ RunTime:0.001000s ]
NOTIC: [8192] Function mcrypt_cbc() is deprecated E:\C#\FinancialSystem(SVN)\FinancialSystem\Application\Common\Common\DesHelper.class.php 第 44 行.
INFO: Run Common\Behavior\ActionStartBehavior [ RunTime:0.002000s ]
INFO: [ app_begin ] --END-- [ RunTime:0.003000s ]
NOTIC: [8] A session had already been started - ignoring session_start() E:\C#\FinancialSystem(SVN)\FinancialSystem\ThinkPHP\Common\functions.php 第 1263 行.
NOTIC: [8] Use of undefined constant startdate - assumed 'startdate' E:\C#\FinancialSystem(SVN)\FinancialSystem\Application\Home\Common\Imonthfin.class.php 第 45 行.
NOTIC: [8] Use of undefined constant enddate - assumed 'enddate' E:\C#\FinancialSystem(SVN)\FinancialSystem\Application\Home\Common\Imonthfin.class.php 第 45 行.

[ 2016-04-01T15:59:08+08:00 ] 127.0.0.1 /index.php/FinancialReport/FinancialReport/monthajax?r=0.0840926927048713&startdate=2015-07&enddate=2016-04
INFO: [ app_begin ] --START--
INFO: Run Behavior\ReadHtmlCacheBehavior [ RunTime:0.002001s ]
NOTIC: [8192] Function mcrypt_cbc() is deprecated E:\C#\FinancialSystem(SVN)\FinancialSystem\Application\Common\Common\DesHelper.class.php 第 44 行.
INFO: Run Common\Behavior\ActionStartBehavior [ RunTime:0.002000s ]
INFO: [ app_begin ] --END-- [ RunTime:0.004001s ]
NOTIC: [8] A session had already been started - ignoring session_start() E:\C#\FinancialSystem(SVN)\FinancialSystem\ThinkPHP\Common\functions.php 第 1263 行.
NOTIC: [8] Use of undefined constant startdate - assumed 'startdate' E:\C#\FinancialSystem(SVN)\FinancialSystem\Application\Home\Common\Imonthfin.class.php 第 35 行.
NOTIC: [8] Use of undefined constant enddate - assumed 'enddate' E:\C#\FinancialSystem(SVN)\FinancialSystem\Application\Home\Common\Imonthfin.class.php 第 35 行.

[ 2016-04-01T16:00:13+08:00 ] 127.0.0.1 /index.php/FinancialReport/FinancialReport/synchrodata?r=0.47244572592899203
INFO: [ app_begin ] --START--
INFO: Run Behavior\ReadHtmlCacheBehavior [ RunTime:0.000000s ]
NOTIC: [8192] Function mcrypt_cbc() is deprecated E:\C#\FinancialSystem(SVN)\FinancialSystem\Application\Common\Common\DesHelper.class.php 第 44 行.
INFO: Run Common\Behavior\ActionStartBehavior [ RunTime:0.001000s ]
INFO: [ app_begin ] --END-- [ RunTime:0.001000s ]
NOTIC: [8] A session had already been started - ignoring session_start() E:\C#\FinancialSystem(SVN)\FinancialSystem\ThinkPHP\Common\functions.php 第 1263 行.
NOTIC: [8] Undefined offset: 0 E:\C#\FinancialSystem(SVN)\FinancialSystem\Application\Common\Common\APIHandler.class.php 第 53 行.
NOTIC: [8] Undefined offset: 1 E:\C#\FinancialSystem(SVN)\FinancialSystem\Application\Common\Common\APIHandler.class.php 第 54 行.
NOTIC: [8] Undefined offset: 2 E:\C#\FinancialSystem(SVN)\FinancialSystem\Application\Common\Common\APIHandler.class.php 第 55 行.
NOTIC: [2] Invalid argument supplied for foreach() E:\C#\FinancialSystem(SVN)\FinancialSystem\Application\Common\Common\APIHandler.class.php 第 134 行.
NOTIC: [2] Invalid argument supplied for foreach() E:\C#\FinancialSystem(SVN)\FinancialSystem\Application\Common\Common\APIHandler.class.php 第 134 行.

[ 2016-04-01T16:00:27+08:00 ] 127.0.0.1 /index.php/FinancialReport/FinancialReport/monthajax?r=0.03739793528802693&startdate=2015-07&enddate=2016-04
INFO: [ app_begin ] --START--
INFO: Run Behavior\ReadHtmlCacheBehavior [ RunTime:0.001000s ]
NOTIC: [8192] Function mcrypt_cbc() is deprecated E:\C#\FinancialSystem(SVN)\FinancialSystem\Application\Common\Common\DesHelper.class.php 第 44 行.
INFO: Run Common\Behavior\ActionStartBehavior [ RunTime:0.002000s ]
INFO: [ app_begin ] --END-- [ RunTime:0.003000s ]
NOTIC: [8] A session had already been started - ignoring session_start() E:\C#\FinancialSystem(SVN)\FinancialSystem\ThinkPHP\Common\functions.php 第 1263 行.
NOTIC: [8] Use of undefined constant startdate - assumed 'startdate' E:\C#\FinancialSystem(SVN)\FinancialSystem\Application\Home\Common\Imonthfin.class.php 第 35 行.
NOTIC: [8] Use of undefined constant enddate - assumed 'enddate' E:\C#\FinancialSystem(SVN)\FinancialSystem\Application\Home\Common\Imonthfin.class.php 第 35 行.

[ 2016-04-01T16:00:57+08:00 ] 127.0.0.1 /index.php/FinancialReport/FinancialReport/monthajax?r=0.7407200548332185&startdate=2015-07&enddate=2016-04
INFO: [ app_begin ] --START--
INFO: Run Behavior\ReadHtmlCacheBehavior [ RunTime:0.000000s ]
NOTIC: [8192] Function mcrypt_cbc() is deprecated E:\C#\FinancialSystem(SVN)\FinancialSystem\Application\Common\Common\DesHelper.class.php 第 44 行.
INFO: Run Common\Behavior\ActionStartBehavior [ RunTime:0.002000s ]
INFO: [ app_begin ] --END-- [ RunTime:0.002000s ]
NOTIC: [8] A session had already been started - ignoring session_start() E:\C#\FinancialSystem(SVN)\FinancialSystem\ThinkPHP\Common\functions.php 第 1263 行.
NOTIC: [8] Use of undefined constant startdate - assumed 'startdate' E:\C#\FinancialSystem(SVN)\FinancialSystem\Application\Home\Common\Imonthfin.class.php 第 35 行.
NOTIC: [8] Use of undefined constant enddate - assumed 'enddate' E:\C#\FinancialSystem(SVN)\FinancialSystem\Application\Home\Common\Imonthfin.class.php 第 35 行.

[ 2016-04-01T16:04:44+08:00 ] 127.0.0.1 /index.php/FinancialReport/FinancialReport/monthajax?r=0.11885664751753211&startdate=2015-07&enddate=2016-04
INFO: [ app_begin ] --START--
INFO: Run Behavior\ReadHtmlCacheBehavior [ RunTime:0.001000s ]
NOTIC: [8192] Function mcrypt_cbc() is deprecated E:\C#\FinancialSystem(SVN)\FinancialSystem\Application\Common\Common\DesHelper.class.php 第 44 行.
INFO: Run Common\Behavior\ActionStartBehavior [ RunTime:0.002000s ]
INFO: [ app_begin ] --END-- [ RunTime:0.003000s ]
NOTIC: [8] A session had already been started - ignoring session_start() E:\C#\FinancialSystem(SVN)\FinancialSystem\ThinkPHP\Common\functions.php 第 1263 行.
NOTIC: [8] Use of undefined constant startdate - assumed 'startdate' E:\C#\FinancialSystem(SVN)\FinancialSystem\Application\Home\Common\Imonthfin.class.php 第 35 行.
NOTIC: [8] Use of undefined constant enddate - assumed 'enddate' E:\C#\FinancialSystem(SVN)\FinancialSystem\Application\Home\Common\Imonthfin.class.php 第 35 行.

[ 2016-04-01T16:05:19+08:00 ] 127.0.0.1 /index.php/FinancialReport/FinancialReport/monthajax?r=0.7660024319775403&startdate=2015-07&enddate=2016-04
INFO: [ app_begin ] --START--
INFO: Run Behavior\ReadHtmlCacheBehavior [ RunTime:0.000000s ]
NOTIC: [8192] Function mcrypt_cbc() is deprecated E:\C#\FinancialSystem(SVN)\FinancialSystem\Application\Common\Common\DesHelper.class.php 第 44 行.
INFO: Run Common\Behavior\ActionStartBehavior [ RunTime:0.002000s ]
INFO: [ app_begin ] --END-- [ RunTime:0.002000s ]
NOTIC: [8] A session had already been started - ignoring session_start() E:\C#\FinancialSystem(SVN)\FinancialSystem\ThinkPHP\Common\functions.php 第 1263 行.
NOTIC: [8] Use of undefined constant startdate - assumed 'startdate' E:\C#\FinancialSystem(SVN)\FinancialSystem\Application\Home\Common\Imonthfin.class.php 第 35 行.
NOTIC: [8] Use of undefined constant enddate - assumed 'enddate' E:\C#\FinancialSystem(SVN)\FinancialSystem\Application\Home\Common\Imonthfin.class.php 第 35 行.

[ 2016-04-01T16:34:24+08:00 ] 127.0.0.1 /index.php/FinancialReport/FinancialReport/monthajax?r=0.36503138532862067&startdate=2015-07&enddate=2016-04
INFO: [ app_begin ] --START--
INFO: Run Behavior\ReadHtmlCacheBehavior [ RunTime:0.001000s ]
NOTIC: [8192] Function mcrypt_cbc() is deprecated E:\C#\FinancialSystem(SVN)\FinancialSystem\Application\Common\Common\DesHelper.class.php 第 44 行.
INFO: Run Common\Behavior\ActionStartBehavior [ RunTime:0.002000s ]
INFO: [ app_begin ] --END-- [ RunTime:0.003000s ]
NOTIC: [8] A session had already been started - ignoring session_start() E:\C#\FinancialSystem(SVN)\FinancialSystem\ThinkPHP\Common\functions.php 第 1263 行.
NOTIC: [8] Use of undefined constant startdate - assumed 'startdate' E:\C#\FinancialSystem(SVN)\FinancialSystem\Application\Home\Common\Imonthfin.class.php 第 35 行.
NOTIC: [8] Use of undefined constant enddate - assumed 'enddate' E:\C#\FinancialSystem(SVN)\FinancialSystem\Application\Home\Common\Imonthfin.class.php 第 35 行.

[ 2016-04-01T16:36:01+08:00 ] 127.0.0.1 /index.php/FinancialReport/FinancialReport/monthajax?r=0.217280630255118&startdate=2015-07&enddate=2016-04
INFO: [ app_begin ] --START--
INFO: Run Behavior\ReadHtmlCacheBehavior [ RunTime:0.000000s ]
NOTIC: [8192] Function mcrypt_cbc() is deprecated E:\C#\FinancialSystem(SVN)\FinancialSystem\Application\Common\Common\DesHelper.class.php 第 44 行.
INFO: Run Common\Behavior\ActionStartBehavior [ RunTime:0.002000s ]
INFO: [ app_begin ] --END-- [ RunTime:0.002000s ]
NOTIC: [8] A session had already been started - ignoring session_start() E:\C#\FinancialSystem(SVN)\FinancialSystem\ThinkPHP\Common\functions.php 第 1263 行.
NOTIC: [8] Use of undefined constant startdate - assumed 'startdate' E:\C#\FinancialSystem(SVN)\FinancialSystem\Application\Home\Common\Imonthfin.class.php 第 35 行.
NOTIC: [8] Use of undefined constant enddate - assumed 'enddate' E:\C#\FinancialSystem(SVN)\FinancialSystem\Application\Home\Common\Imonthfin.class.php 第 35 行.

[ 2016-04-01T16:57:57+08:00 ] 127.0.0.1 /index.php/FinancialReport/FinancialReport/monthajax?r=0.6384031302295625&startdate=2015-07&enddate=2016-04
INFO: [ app_begin ] --START--
INFO: Run Behavior\ReadHtmlCacheBehavior [ RunTime:0.000000s ]
NOTIC: [8192] Function mcrypt_cbc() is deprecated E:\C#\FinancialSystem(SVN)\FinancialSystem\Application\Common\Common\DesHelper.class.php 第 44 行.
INFO: Run Common\Behavior\ActionStartBehavior [ RunTime:0.001000s ]
INFO: [ app_begin ] --END-- [ RunTime:0.002000s ]
NOTIC: [8] A session had already been started - ignoring session_start() E:\C#\FinancialSystem(SVN)\FinancialSystem\ThinkPHP\Common\functions.php 第 1263 行.
NOTIC: [8] Use of undefined constant startdate - assumed 'startdate' E:\C#\FinancialSystem(SVN)\FinancialSystem\Application\Home\Common\Imonthfin.class.php 第 35 行.
NOTIC: [8] Use of undefined constant enddate - assumed 'enddate' E:\C#\FinancialSystem(SVN)\FinancialSystem\Application\Home\Common\Imonthfin.class.php 第 35 行.

[ 2016-04-01T16:58:41+08:00 ] 127.0.0.1 /index.php/FinancialReport/FinancialReport/synchrodata?r=0.5505464584566653
INFO: [ app_begin ] --START--
INFO: Run Behavior\ReadHtmlCacheBehavior [ RunTime:0.000000s ]
NOTIC: [8192] Function mcrypt_cbc() is deprecated E:\C#\FinancialSystem(SVN)\FinancialSystem\Application\Common\Common\DesHelper.class.php 第 44 行.
INFO: Run Common\Behavior\ActionStartBehavior [ RunTime:0.001001s ]
INFO: [ app_begin ] --END-- [ RunTime:0.001001s ]
NOTIC: [8] A session had already been started - ignoring session_start() E:\C#\FinancialSystem(SVN)\FinancialSystem\ThinkPHP\Common\functions.php 第 1263 行.
NOTIC: [8] Undefined offset: 0 E:\C#\FinancialSystem(SVN)\FinancialSystem\Application\Common\Common\APIHandler.class.php 第 53 行.
NOTIC: [8] Undefined offset: 1 E:\C#\FinancialSystem(SVN)\FinancialSystem\Application\Common\Common\APIHandler.class.php 第 54 行.
NOTIC: [8] Undefined offset: 2 E:\C#\FinancialSystem(SVN)\FinancialSystem\Application\Common\Common\APIHandler.class.php 第 55 行.
NOTIC: [2] Invalid argument supplied for foreach() E:\C#\FinancialSystem(SVN)\FinancialSystem\Application\Common\Common\APIHandler.class.php 第 134 行.
NOTIC: [2] Invalid argument supplied for foreach() E:\C#\FinancialSystem(SVN)\FinancialSystem\Application\Common\Common\APIHandler.class.php 第 134 行.

[ 2016-04-01T16:59:09+08:00 ] 127.0.0.1 /index.php/FinancialReport/FinancialReport/monthajax?r=0.34830676880665123&startdate=2015-07&enddate=2016-04
INFO: [ app_begin ] --START--
INFO: Run Behavior\ReadHtmlCacheBehavior [ RunTime:0.001000s ]
NOTIC: [8192] Function mcrypt_cbc() is deprecated E:\C#\FinancialSystem(SVN)\FinancialSystem\Application\Common\Common\DesHelper.class.php 第 44 行.
INFO: Run Common\Behavior\ActionStartBehavior [ RunTime:0.001000s ]
INFO: [ app_begin ] --END-- [ RunTime:0.002000s ]
NOTIC: [8] A session had already been started - ignoring session_start() E:\C#\FinancialSystem(SVN)\FinancialSystem\ThinkPHP\Common\functions.php 第 1263 行.
NOTIC: [8] Use of undefined constant startdate - assumed 'startdate' E:\C#\FinancialSystem(SVN)\FinancialSystem\Application\Home\Common\Imonthfin.class.php 第 35 行.
NOTIC: [8] Use of undefined constant enddate - assumed 'enddate' E:\C#\FinancialSystem(SVN)\FinancialSystem\Application\Home\Common\Imonthfin.class.php 第 35 行.

[ 2016-04-01T17:00:11+08:00 ] 127.0.0.1 /index.php/FinancialReport/FinancialReport/synchrodata?r=0.1339137947652489
INFO: [ app_begin ] --START--
INFO: Run Behavior\ReadHtmlCacheBehavior [ RunTime:0.001001s ]
NOTIC: [8192] Function mcrypt_cbc() is deprecated E:\C#\FinancialSystem(SVN)\FinancialSystem\Application\Common\Common\DesHelper.class.php 第 44 行.
INFO: Run Common\Behavior\ActionStartBehavior [ RunTime:0.001000s ]
INFO: [ app_begin ] --END-- [ RunTime:0.002001s ]
NOTIC: [8] A session had already been started - ignoring session_start() E:\C#\FinancialSystem(SVN)\FinancialSystem\ThinkPHP\Common\functions.php 第 1263 行.
NOTIC: [8] Undefined offset: 0 E:\C#\FinancialSystem(SVN)\FinancialSystem\Application\Common\Common\APIHandler.class.php 第 53 行.
NOTIC: [8] Undefined offset: 1 E:\C#\FinancialSystem(SVN)\FinancialSystem\Application\Common\Common\APIHandler.class.php 第 54 行.
NOTIC: [8] Undefined offset: 2 E:\C#\FinancialSystem(SVN)\FinancialSystem\Application\Common\Common\APIHandler.class.php 第 55 行.
NOTIC: [2] Invalid argument supplied for foreach() E:\C#\FinancialSystem(SVN)\FinancialSystem\Application\Common\Common\APIHandler.class.php 第 134 行.
NOTIC: [2] Invalid argument supplied for foreach() E:\C#\FinancialSystem(SVN)\FinancialSystem\Application\Common\Common\APIHandler.class.php 第 134 行.

[ 2016-04-01T17:01:36+08:00 ] 127.0.0.1 /index.php/FinancialReport/FinancialReport/monthajax?r=0.2703825323842466&startdate=2015-07&enddate=2016-04
INFO: [ app_begin ] --START--
INFO: Run Behavior\ReadHtmlCacheBehavior [ RunTime:0.001000s ]
NOTIC: [8192] Function mcrypt_cbc() is deprecated E:\C#\FinancialSystem(SVN)\FinancialSystem\Application\Common\Common\DesHelper.class.php 第 44 行.
INFO: Run Common\Behavior\ActionStartBehavior [ RunTime:0.002000s ]
INFO: [ app_begin ] --END-- [ RunTime:0.003000s ]
NOTIC: [8] A session had already been started - ignoring session_start() E:\C#\FinancialSystem(SVN)\FinancialSystem\ThinkPHP\Common\functions.php 第 1263 行.
NOTIC: [8] Use of undefined constant startdate - assumed 'startdate' E:\C#\FinancialSystem(SVN)\FinancialSystem\Application\Home\Common\Imonthfin.class.php 第 35 行.
NOTIC: [8] Use of undefined constant enddate - assumed 'enddate' E:\C#\FinancialSystem(SVN)\FinancialSystem\Application\Home\Common\Imonthfin.class.php 第 35 行.

