[ 2016-05-11T08:26:52+08:00 ] 127.0.0.1 /index.php/FinancialReport/FinancialReport/monthajax?r=0.9709465526975691&startdate=2015-07&enddate=2016-05
INFO: [ app_begin ] --START--
INFO: Run Behavior\ReadHtmlCacheBehavior [ RunTime:0.002000s ]
NOTIC: [8192] Function mcrypt_cbc() is deprecated E:\C#\Financial\FinancialSystem(SVN)\FinancialSystem\Application\Common\Common\DesHelper.class.php 第 44 行.
INFO: Run Common\Behavior\ActionStartBehavior [ RunTime:0.003000s ]
INFO: [ app_begin ] --END-- [ RunTime:0.007000s ]
NOTIC: [8] A session had already been started - ignoring session_start() E:\C#\Financial\FinancialSystem(SVN)\FinancialSystem\ThinkPHP\Common\functions.php 第 1263 行.
NOTIC: [8192] Function mcrypt_cbc() is deprecated E:\C#\Financial\FinancialSystem(SVN)\FinancialSystem\Application\Common\Common\DesHelper.class.php 第 44 行.
NOTIC: [8] Use of undefined constant funStr - assumed 'funStr' E:\C#\Financial\FinancialSystem(SVN)\FinancialSystem\Application\Home\Common\IDuty.class.php 第 14 行.
NOTIC: [8] Use of undefined constant userID - assumed 'userID' E:\C#\Financial\FinancialSystem(SVN)\FinancialSystem\Application\Home\Common\IDuty.class.php 第 14 行.
NOTIC: [8] Undefined offset: 1 E:\C#\Financial\FinancialSystem(SVN)\FinancialSystem\Application\Common\Common\APIHandler.class.php 第 55 行.
NOTIC: [8] Undefined offset: 2 E:\C#\Financial\FinancialSystem(SVN)\FinancialSystem\Application\Common\Common\APIHandler.class.php 第 56 行.
NOTIC: [8] Use of undefined constant startdate - assumed 'startdate' E:\C#\Financial\FinancialSystem(SVN)\FinancialSystem\Application\Home\Common\Imonthfin.class.php 第 110 行.
NOTIC: [8] Use of undefined constant enddate - assumed 'enddate' E:\C#\Financial\FinancialSystem(SVN)\FinancialSystem\Application\Home\Common\Imonthfin.class.php 第 110 行.

[ 2016-05-11T08:26:56+08:00 ] 127.0.0.1 /index.php/FinancialReport/FinancialReport/monthdetailajax?r=0.2667316575534642&keywords=&yearmonth=2016-04&PageIndex=1&PageSize=20&isexport=0
INFO: [ app_begin ] --START--
INFO: Run Behavior\ReadHtmlCacheBehavior [ RunTime:0.002000s ]
NOTIC: [8192] Function mcrypt_cbc() is deprecated E:\C#\Financial\FinancialSystem(SVN)\FinancialSystem\Application\Common\Common\DesHelper.class.php 第 44 行.
INFO: Run Common\Behavior\ActionStartBehavior [ RunTime:0.005000s ]
INFO: [ app_begin ] --END-- [ RunTime:0.008000s ]
NOTIC: [8] A session had already been started - ignoring session_start() E:\C#\Financial\FinancialSystem(SVN)\FinancialSystem\ThinkPHP\Common\functions.php 第 1263 行.
NOTIC: [8192] Function mcrypt_cbc() is deprecated E:\C#\Financial\FinancialSystem(SVN)\FinancialSystem\Application\Common\Common\DesHelper.class.php 第 44 行.
NOTIC: [8] Use of undefined constant funStr - assumed 'funStr' E:\C#\Financial\FinancialSystem(SVN)\FinancialSystem\Application\Home\Common\IDuty.class.php 第 14 行.
NOTIC: [8] Use of undefined constant userID - assumed 'userID' E:\C#\Financial\FinancialSystem(SVN)\FinancialSystem\Application\Home\Common\IDuty.class.php 第 14 行.
NOTIC: [8] Undefined offset: 1 E:\C#\Financial\FinancialSystem(SVN)\FinancialSystem\Application\Common\Common\APIHandler.class.php 第 55 行.
NOTIC: [8] Undefined offset: 2 E:\C#\Financial\FinancialSystem(SVN)\FinancialSystem\Application\Common\Common\APIHandler.class.php 第 56 行.
NOTIC: [8] Use of undefined constant keywords - assumed 'keywords' E:\C#\Financial\FinancialSystem(SVN)\FinancialSystem\Application\Home\Common\Imonthfin.class.php 第 132 行.
NOTIC: [8] Use of undefined constant yearmonth - assumed 'yearmonth' E:\C#\Financial\FinancialSystem(SVN)\FinancialSystem\Application\Home\Common\Imonthfin.class.php 第 132 行.
NOTIC: [8] Use of undefined constant PageIndex - assumed 'PageIndex' E:\C#\Financial\FinancialSystem(SVN)\FinancialSystem\Application\Home\Common\Imonthfin.class.php 第 132 行.
NOTIC: [8] Use of undefined constant PageSize - assumed 'PageSize' E:\C#\Financial\FinancialSystem(SVN)\FinancialSystem\Application\Home\Common\Imonthfin.class.php 第 132 行.
NOTIC: [8] Use of undefined constant isexport - assumed 'isexport' E:\C#\Financial\FinancialSystem(SVN)\FinancialSystem\Application\Home\Common\Imonthfin.class.php 第 133 行.

