[ 2016-04-08T16:30:10+08:00 ] 127.0.0.1 /index.php/FinancialReport/FinancialReport/monthajax?r=0.06147284107282758&startdate=2015-07&enddate=2016-04
INFO: [ app_begin ] --START--
INFO: Run Behavior\ReadHtmlCacheBehavior [ RunTime:0.001001s ]
NOTIC: [8192] Function mcrypt_cbc() is deprecated E:\C#\FinancialSystem(SVN)\FinancialSystem\Application\Common\Common\DesHelper.class.php 第 44 行.
INFO: Run Common\Behavior\ActionStartBehavior [ RunTime:0.002000s ]
INFO: [ app_begin ] --END-- [ RunTime:0.003001s ]
NOTIC: [8] A session had already been started - ignoring session_start() E:\C#\FinancialSystem(SVN)\FinancialSystem\ThinkPHP\Common\functions.php 第 1263 行.
NOTIC: [8192] Function mcrypt_cbc() is deprecated E:\C#\FinancialSystem(SVN)\FinancialSystem\Application\Common\Common\DesHelper.class.php 第 44 行.
NOTIC: [8] Use of undefined constant funStr - assumed 'funStr' E:\C#\FinancialSystem(SVN)\FinancialSystem\Application\Home\Common\IDuty.class.php 第 14 行.
NOTIC: [8] Use of undefined constant userID - assumed 'userID' E:\C#\FinancialSystem(SVN)\FinancialSystem\Application\Home\Common\IDuty.class.php 第 14 行.
NOTIC: [8] Undefined offset: 1 E:\C#\FinancialSystem(SVN)\FinancialSystem\Application\Common\Common\APIHandler.class.php 第 54 行.
NOTIC: [8] Undefined offset: 2 E:\C#\FinancialSystem(SVN)\FinancialSystem\Application\Common\Common\APIHandler.class.php 第 55 行.
NOTIC: [8] Use of undefined constant startdate - assumed 'startdate' E:\C#\FinancialSystem(SVN)\FinancialSystem\Application\Home\Common\Imonthfin.class.php 第 35 行.
NOTIC: [8] Use of undefined constant enddate - assumed 'enddate' E:\C#\FinancialSystem(SVN)\FinancialSystem\Application\Home\Common\Imonthfin.class.php 第 35 行.

[ 2016-04-08T18:33:03+08:00 ] 127.0.0.1 /index.php/FinancialReport/FinancialReport/monthajax?r=0.43723685713484883&startdate=2015-07&enddate=2016-04
INFO: [ app_begin ] --START--
INFO: Run Behavior\ReadHtmlCacheBehavior [ RunTime:0.001000s ]
NOTIC: [8192] Function mcrypt_cbc() is deprecated E:\C#\FinancialSystem(SVN)\FinancialSystem\Application\Common\Common\DesHelper.class.php 第 44 行.
INFO: Run Common\Behavior\ActionStartBehavior [ RunTime:0.002000s ]
INFO: [ app_begin ] --END-- [ RunTime:0.003000s ]
NOTIC: [8] A session had already been started - ignoring session_start() E:\C#\FinancialSystem(SVN)\FinancialSystem\ThinkPHP\Common\functions.php 第 1263 行.
NOTIC: [8192] Function mcrypt_cbc() is deprecated E:\C#\FinancialSystem(SVN)\FinancialSystem\Application\Common\Common\DesHelper.class.php 第 44 行.
NOTIC: [8] Use of undefined constant funStr - assumed 'funStr' E:\C#\FinancialSystem(SVN)\FinancialSystem\Application\Home\Common\IDuty.class.php 第 14 行.
NOTIC: [8] Use of undefined constant userID - assumed 'userID' E:\C#\FinancialSystem(SVN)\FinancialSystem\Application\Home\Common\IDuty.class.php 第 14 行.
NOTIC: [8] Undefined offset: 1 E:\C#\FinancialSystem(SVN)\FinancialSystem\Application\Common\Common\APIHandler.class.php 第 54 行.
NOTIC: [8] Undefined offset: 2 E:\C#\FinancialSystem(SVN)\FinancialSystem\Application\Common\Common\APIHandler.class.php 第 55 行.
NOTIC: [8] Use of undefined constant startdate - assumed 'startdate' E:\C#\FinancialSystem(SVN)\FinancialSystem\Application\Home\Common\Imonthfin.class.php 第 35 行.
NOTIC: [8] Use of undefined constant enddate - assumed 'enddate' E:\C#\FinancialSystem(SVN)\FinancialSystem\Application\Home\Common\Imonthfin.class.php 第 35 行.

[ 2016-04-08T19:27:54+08:00 ] 127.0.0.1 /index.php/FinancialReport/FinancialReport/monthajax?r=0.9783700620755553&startdate=2015-07&enddate=2016-04
INFO: [ app_begin ] --START--
INFO: Run Behavior\ReadHtmlCacheBehavior [ RunTime:0.001000s ]
NOTIC: [8192] Function mcrypt_cbc() is deprecated E:\C#\FinancialSystem(SVN)\FinancialSystem\Application\Common\Common\DesHelper.class.php 第 44 行.
INFO: Run Common\Behavior\ActionStartBehavior [ RunTime:0.001000s ]
INFO: [ app_begin ] --END-- [ RunTime:0.002000s ]
NOTIC: [8] A session had already been started - ignoring session_start() E:\C#\FinancialSystem(SVN)\FinancialSystem\ThinkPHP\Common\functions.php 第 1263 行.
NOTIC: [8192] Function mcrypt_cbc() is deprecated E:\C#\FinancialSystem(SVN)\FinancialSystem\Application\Common\Common\DesHelper.class.php 第 44 行.
NOTIC: [8] Use of undefined constant funStr - assumed 'funStr' E:\C#\FinancialSystem(SVN)\FinancialSystem\Application\Home\Common\IDuty.class.php 第 14 行.
NOTIC: [8] Use of undefined constant userID - assumed 'userID' E:\C#\FinancialSystem(SVN)\FinancialSystem\Application\Home\Common\IDuty.class.php 第 14 行.
NOTIC: [8] Undefined offset: 1 E:\C#\FinancialSystem(SVN)\FinancialSystem\Application\Common\Common\APIHandler.class.php 第 54 行.
NOTIC: [8] Undefined offset: 2 E:\C#\FinancialSystem(SVN)\FinancialSystem\Application\Common\Common\APIHandler.class.php 第 55 行.
NOTIC: [8] Use of undefined constant startdate - assumed 'startdate' E:\C#\FinancialSystem(SVN)\FinancialSystem\Application\Home\Common\Imonthfin.class.php 第 35 行.
NOTIC: [8] Use of undefined constant enddate - assumed 'enddate' E:\C#\FinancialSystem(SVN)\FinancialSystem\Application\Home\Common\Imonthfin.class.php 第 35 行.

