[ 2016-03-28T08:23:43+08:00 ] 127.0.0.1 /index.php/FinancialReport/FinancialReport/monthajax?r=0.8790730587206781&startdate=2015-07&enddate=2016-03
INFO: [ app_begin ] --START--
INFO: Run Behavior\ReadHtmlCacheBehavior [ RunTime:0.001000s ]
NOTIC: [8192] Function mcrypt_cbc() is deprecated E:\C#\FinancialSystem(SVN)\FinancialSystem\Application\Common\Common\DesHelper.class.php 第 44 行.
INFO: Run Common\Behavior\ActionStartBehavior [ RunTime:0.002000s ]
INFO: [ app_begin ] --END-- [ RunTime:0.004000s ]
NOTIC: [8] A session had already been started - ignoring session_start() E:\C#\FinancialSystem(SVN)\FinancialSystem\ThinkPHP\Common\functions.php 第 1263 行.

[ 2016-03-28T08:47:52+08:00 ] 127.0.0.1 /index.php/FinancialReport/FinancialReport/monthajax?r=0.832042935770005&startdate=2015-07&enddate=2016-03
INFO: [ app_begin ] --START--
INFO: Run Behavior\ReadHtmlCacheBehavior [ RunTime:0.000000s ]
NOTIC: [8192] Function mcrypt_cbc() is deprecated E:\C#\FinancialSystem(SVN)\FinancialSystem\Application\Common\Common\DesHelper.class.php 第 44 行.
INFO: Run Common\Behavior\ActionStartBehavior [ RunTime:0.001000s ]
INFO: [ app_begin ] --END-- [ RunTime:0.001000s ]
NOTIC: [8] A session had already been started - ignoring session_start() E:\C#\FinancialSystem(SVN)\FinancialSystem\ThinkPHP\Common\functions.php 第 1263 行.

[ 2016-03-28T15:09:06+08:00 ] 127.0.0.1 /index.php/FinancialReport/FinancialReport/monthajax?r=0.6533572294283658&startdate=2015-07&enddate=2016-03
INFO: [ app_begin ] --START--
INFO: Run Behavior\ReadHtmlCacheBehavior [ RunTime:0.001000s ]
NOTIC: [8192] Function mcrypt_cbc() is deprecated E:\C#\FinancialSystem(SVN)\FinancialSystem\Application\Common\Common\DesHelper.class.php 第 44 行.
INFO: Run Common\Behavior\ActionStartBehavior [ RunTime:0.001000s ]
INFO: [ app_begin ] --END-- [ RunTime:0.003000s ]
NOTIC: [8] A session had already been started - ignoring session_start() E:\C#\FinancialSystem(SVN)\FinancialSystem\ThinkPHP\Common\functions.php 第 1263 行.

