[ 2016-04-18T18:13:59+08:00 ] 127.0.0.1 /index.php/Common/provinceList?r=0.13588701141998172
INFO: [ app_begin ] --START--
INFO: Run Behavior\ReadHtmlCacheBehavior [ RunTime:0.001000s ]
NOTIC: [8192] Function mcrypt_cbc() is deprecated E:\C#\FinancialSystem(SVN)\FinancialSystem\Application\Common\Common\DesHelper.class.php 第 44 行.
INFO: Run Common\Behavior\ActionStartBehavior [ RunTime:0.002000s ]
INFO: [ app_begin ] --END-- [ RunTime:0.003000s ]
NOTIC: [8] A session had already been started - ignoring session_start() E:\C#\FinancialSystem(SVN)\FinancialSystem\ThinkPHP\Common\functions.php 第 1263 行.
NOTIC: [8192] Non-static method Common\Common\Enum::GetProvinces() should not be called statically, assuming $this from incompatible context E:\C#\FinancialSystem(SVN)\FinancialSystem\Application\Home\Controller\CommonController.class.php 第 12 行.
NOTIC: [8192] Non-static method Common\Common\Enum::ProvinceArray() should not be called statically, assuming $this from incompatible context E:\C#\FinancialSystem(SVN)\FinancialSystem\Application\Common\Common\Enum.class.php 第 137 行.
NOTIC: [8] Undefined variable: XmlFile E:\C#\FinancialSystem(SVN)\FinancialSystem\Application\Common\Common\Enum.class.php 第 137 行.

[ 2016-04-18T18:14:06+08:00 ] 127.0.0.1 /index.php/Home/Common/GetClass1Dt
INFO: [ app_begin ] --START--
INFO: Run Behavior\ReadHtmlCacheBehavior [ RunTime:0.001000s ]
NOTIC: [8192] Function mcrypt_cbc() is deprecated E:\C#\FinancialSystem(SVN)\FinancialSystem\Application\Common\Common\DesHelper.class.php 第 44 行.
INFO: Run Common\Behavior\ActionStartBehavior [ RunTime:0.002000s ]
INFO: [ app_begin ] --END-- [ RunTime:0.003000s ]
NOTIC: [8] A session had already been started - ignoring session_start() E:\C#\FinancialSystem(SVN)\FinancialSystem\ThinkPHP\Common\functions.php 第 1263 行.
NOTIC: [8] Undefined offset: 0 E:\C#\FinancialSystem(SVN)\FinancialSystem\Application\Common\Common\APIHandler.class.php 第 54 行.
NOTIC: [8] Undefined offset: 1 E:\C#\FinancialSystem(SVN)\FinancialSystem\Application\Common\Common\APIHandler.class.php 第 55 行.
NOTIC: [8] Undefined offset: 2 E:\C#\FinancialSystem(SVN)\FinancialSystem\Application\Common\Common\APIHandler.class.php 第 56 行.
NOTIC: [2] Invalid argument supplied for foreach() E:\C#\FinancialSystem(SVN)\FinancialSystem\Application\Common\Common\APIHandler.class.php 第 135 行.

[ 2016-04-18T18:14:07+08:00 ] 127.0.0.1 /index.php/Home/Common/GetSalaryReport
INFO: [ app_begin ] --START--
INFO: Run Behavior\ReadHtmlCacheBehavior [ RunTime:0.001000s ]
NOTIC: [8192] Function mcrypt_cbc() is deprecated E:\C#\FinancialSystem(SVN)\FinancialSystem\Application\Common\Common\DesHelper.class.php 第 44 行.
INFO: Run Common\Behavior\ActionStartBehavior [ RunTime:0.001000s ]
INFO: [ app_begin ] --END-- [ RunTime:0.002000s ]
NOTIC: [8] A session had already been started - ignoring session_start() E:\C#\FinancialSystem(SVN)\FinancialSystem\ThinkPHP\Common\functions.php 第 1263 行.
NOTIC: [8] Undefined offset: 0 E:\C#\FinancialSystem(SVN)\FinancialSystem\Application\Common\Common\APIHandler.class.php 第 54 行.
NOTIC: [8] Undefined offset: 1 E:\C#\FinancialSystem(SVN)\FinancialSystem\Application\Common\Common\APIHandler.class.php 第 55 行.
NOTIC: [8] Undefined offset: 2 E:\C#\FinancialSystem(SVN)\FinancialSystem\Application\Common\Common\APIHandler.class.php 第 56 行.
NOTIC: [2] Invalid argument supplied for foreach() E:\C#\FinancialSystem(SVN)\FinancialSystem\Application\Common\Common\APIHandler.class.php 第 135 行.

[ 2016-04-18T18:14:07+08:00 ] 127.0.0.1 /index.php/Common/provinceList?r=0.6552400977816433
INFO: [ app_begin ] --START--
INFO: Run Behavior\ReadHtmlCacheBehavior [ RunTime:0.001000s ]
NOTIC: [8192] Function mcrypt_cbc() is deprecated E:\C#\FinancialSystem(SVN)\FinancialSystem\Application\Common\Common\DesHelper.class.php 第 44 行.
INFO: Run Common\Behavior\ActionStartBehavior [ RunTime:0.002000s ]
INFO: [ app_begin ] --END-- [ RunTime:0.003000s ]
NOTIC: [8] A session had already been started - ignoring session_start() E:\C#\FinancialSystem(SVN)\FinancialSystem\ThinkPHP\Common\functions.php 第 1263 行.
NOTIC: [8192] Non-static method Common\Common\Enum::GetProvinces() should not be called statically, assuming $this from incompatible context E:\C#\FinancialSystem(SVN)\FinancialSystem\Application\Home\Controller\CommonController.class.php 第 12 行.
NOTIC: [8192] Non-static method Common\Common\Enum::ProvinceArray() should not be called statically, assuming $this from incompatible context E:\C#\FinancialSystem(SVN)\FinancialSystem\Application\Common\Common\Enum.class.php 第 137 行.
NOTIC: [8] Undefined variable: XmlFile E:\C#\FinancialSystem(SVN)\FinancialSystem\Application\Common\Common\Enum.class.php 第 137 行.

[ 2016-04-18T18:14:08+08:00 ] 127.0.0.1 /index.php/Home/Common/GetSalaryReport
INFO: [ app_begin ] --START--
INFO: Run Behavior\ReadHtmlCacheBehavior [ RunTime:0.001000s ]
NOTIC: [8192] Function mcrypt_cbc() is deprecated E:\C#\FinancialSystem(SVN)\FinancialSystem\Application\Common\Common\DesHelper.class.php 第 44 行.
INFO: Run Common\Behavior\ActionStartBehavior [ RunTime:0.002000s ]
INFO: [ app_begin ] --END-- [ RunTime:0.003000s ]
NOTIC: [8] A session had already been started - ignoring session_start() E:\C#\FinancialSystem(SVN)\FinancialSystem\ThinkPHP\Common\functions.php 第 1263 行.
NOTIC: [8] Undefined offset: 0 E:\C#\FinancialSystem(SVN)\FinancialSystem\Application\Common\Common\APIHandler.class.php 第 54 行.
NOTIC: [8] Undefined offset: 1 E:\C#\FinancialSystem(SVN)\FinancialSystem\Application\Common\Common\APIHandler.class.php 第 55 行.
NOTIC: [8] Undefined offset: 2 E:\C#\FinancialSystem(SVN)\FinancialSystem\Application\Common\Common\APIHandler.class.php 第 56 行.
NOTIC: [2] Invalid argument supplied for foreach() E:\C#\FinancialSystem(SVN)\FinancialSystem\Application\Common\Common\APIHandler.class.php 第 135 行.

[ 2016-04-18T18:14:08+08:00 ] 127.0.0.1 /index.php/Common/provinceList?r=0.8370455326512456
INFO: [ app_begin ] --START--
INFO: Run Behavior\ReadHtmlCacheBehavior [ RunTime:0.001000s ]
NOTIC: [8192] Function mcrypt_cbc() is deprecated E:\C#\FinancialSystem(SVN)\FinancialSystem\Application\Common\Common\DesHelper.class.php 第 44 行.
INFO: Run Common\Behavior\ActionStartBehavior [ RunTime:0.002000s ]
INFO: [ app_begin ] --END-- [ RunTime:0.003000s ]
NOTIC: [8] A session had already been started - ignoring session_start() E:\C#\FinancialSystem(SVN)\FinancialSystem\ThinkPHP\Common\functions.php 第 1263 行.
NOTIC: [8192] Non-static method Common\Common\Enum::GetProvinces() should not be called statically, assuming $this from incompatible context E:\C#\FinancialSystem(SVN)\FinancialSystem\Application\Home\Controller\CommonController.class.php 第 12 行.
NOTIC: [8192] Non-static method Common\Common\Enum::ProvinceArray() should not be called statically, assuming $this from incompatible context E:\C#\FinancialSystem(SVN)\FinancialSystem\Application\Common\Common\Enum.class.php 第 137 行.
NOTIC: [8] Undefined variable: XmlFile E:\C#\FinancialSystem(SVN)\FinancialSystem\Application\Common\Common\Enum.class.php 第 137 行.

[ 2016-04-18T18:14:08+08:00 ] 127.0.0.1 /index.php/Home/Common/GetSalaryReport
INFO: [ app_begin ] --START--
INFO: Run Behavior\ReadHtmlCacheBehavior [ RunTime:0.000000s ]
NOTIC: [8192] Function mcrypt_cbc() is deprecated E:\C#\FinancialSystem(SVN)\FinancialSystem\Application\Common\Common\DesHelper.class.php 第 44 行.
INFO: Run Common\Behavior\ActionStartBehavior [ RunTime:0.001000s ]
INFO: [ app_begin ] --END-- [ RunTime:0.002000s ]
NOTIC: [8] A session had already been started - ignoring session_start() E:\C#\FinancialSystem(SVN)\FinancialSystem\ThinkPHP\Common\functions.php 第 1263 行.
NOTIC: [8] Undefined offset: 0 E:\C#\FinancialSystem(SVN)\FinancialSystem\Application\Common\Common\APIHandler.class.php 第 54 行.
NOTIC: [8] Undefined offset: 1 E:\C#\FinancialSystem(SVN)\FinancialSystem\Application\Common\Common\APIHandler.class.php 第 55 行.
NOTIC: [8] Undefined offset: 2 E:\C#\FinancialSystem(SVN)\FinancialSystem\Application\Common\Common\APIHandler.class.php 第 56 行.
NOTIC: [2] Invalid argument supplied for foreach() E:\C#\FinancialSystem(SVN)\FinancialSystem\Application\Common\Common\APIHandler.class.php 第 135 行.

[ 2016-04-18T18:14:47+08:00 ] 127.0.0.1 /index.php/Common/provinceList?r=0.45940436772070825
INFO: [ app_begin ] --START--
INFO: Run Behavior\ReadHtmlCacheBehavior [ RunTime:0.001000s ]
NOTIC: [8192] Function mcrypt_cbc() is deprecated E:\C#\FinancialSystem(SVN)\FinancialSystem\Application\Common\Common\DesHelper.class.php 第 44 行.
INFO: Run Common\Behavior\ActionStartBehavior [ RunTime:0.003001s ]
INFO: [ app_begin ] --END-- [ RunTime:0.004001s ]
NOTIC: [8] A session had already been started - ignoring session_start() E:\C#\FinancialSystem(SVN)\FinancialSystem\ThinkPHP\Common\functions.php 第 1263 行.
NOTIC: [8192] Non-static method Common\Common\Enum::GetProvinces() should not be called statically, assuming $this from incompatible context E:\C#\FinancialSystem(SVN)\FinancialSystem\Application\Home\Controller\CommonController.class.php 第 12 行.
NOTIC: [8192] Non-static method Common\Common\Enum::ProvinceArray() should not be called statically, assuming $this from incompatible context E:\C#\FinancialSystem(SVN)\FinancialSystem\Application\Common\Common\Enum.class.php 第 137 行.
NOTIC: [8] Undefined variable: XmlFile E:\C#\FinancialSystem(SVN)\FinancialSystem\Application\Common\Common\Enum.class.php 第 137 行.

[ 2016-04-18T18:14:48+08:00 ] 127.0.0.1 /index.php/Home/Common/GetSalaryReport
INFO: [ app_begin ] --START--
INFO: Run Behavior\ReadHtmlCacheBehavior [ RunTime:0.001000s ]
NOTIC: [8192] Function mcrypt_cbc() is deprecated E:\C#\FinancialSystem(SVN)\FinancialSystem\Application\Common\Common\DesHelper.class.php 第 44 行.
INFO: Run Common\Behavior\ActionStartBehavior [ RunTime:0.002000s ]
INFO: [ app_begin ] --END-- [ RunTime:0.003000s ]
NOTIC: [8] A session had already been started - ignoring session_start() E:\C#\FinancialSystem(SVN)\FinancialSystem\ThinkPHP\Common\functions.php 第 1263 行.
NOTIC: [8] Undefined offset: 0 E:\C#\FinancialSystem(SVN)\FinancialSystem\Application\Common\Common\APIHandler.class.php 第 54 行.
NOTIC: [8] Undefined offset: 1 E:\C#\FinancialSystem(SVN)\FinancialSystem\Application\Common\Common\APIHandler.class.php 第 55 行.
NOTIC: [8] Undefined offset: 2 E:\C#\FinancialSystem(SVN)\FinancialSystem\Application\Common\Common\APIHandler.class.php 第 56 行.
NOTIC: [2] Invalid argument supplied for foreach() E:\C#\FinancialSystem(SVN)\FinancialSystem\Application\Common\Common\APIHandler.class.php 第 135 行.

[ 2016-04-18T18:55:20+08:00 ] 127.0.0.1 /index.php/Common/provinceList?r=0.9475732257124037
INFO: [ app_begin ] --START--
INFO: Run Behavior\ReadHtmlCacheBehavior [ RunTime:0.001000s ]
NOTIC: [8192] Function mcrypt_cbc() is deprecated E:\C#\FinancialSystem(SVN)\FinancialSystem\Application\Common\Common\DesHelper.class.php 第 44 行.
INFO: Run Common\Behavior\ActionStartBehavior [ RunTime:0.001000s ]
INFO: [ app_begin ] --END-- [ RunTime:0.002000s ]
NOTIC: [8] A session had already been started - ignoring session_start() E:\C#\FinancialSystem(SVN)\FinancialSystem\ThinkPHP\Common\functions.php 第 1263 行.
NOTIC: [8192] Non-static method Common\Common\Enum::GetProvinces() should not be called statically, assuming $this from incompatible context E:\C#\FinancialSystem(SVN)\FinancialSystem\Application\Home\Controller\CommonController.class.php 第 12 行.
NOTIC: [8192] Non-static method Common\Common\Enum::ProvinceArray() should not be called statically, assuming $this from incompatible context E:\C#\FinancialSystem(SVN)\FinancialSystem\Application\Common\Common\Enum.class.php 第 137 行.
NOTIC: [8] Undefined variable: XmlFile E:\C#\FinancialSystem(SVN)\FinancialSystem\Application\Common\Common\Enum.class.php 第 137 行.

[ 2016-04-18T18:55:20+08:00 ] 127.0.0.1 /index.php/Home/Common/GetSalaryReport
INFO: [ app_begin ] --START--
INFO: Run Behavior\ReadHtmlCacheBehavior [ RunTime:0.001000s ]
NOTIC: [8192] Function mcrypt_cbc() is deprecated E:\C#\FinancialSystem(SVN)\FinancialSystem\Application\Common\Common\DesHelper.class.php 第 44 行.
INFO: Run Common\Behavior\ActionStartBehavior [ RunTime:0.002000s ]
INFO: [ app_begin ] --END-- [ RunTime:0.003000s ]
NOTIC: [8] A session had already been started - ignoring session_start() E:\C#\FinancialSystem(SVN)\FinancialSystem\ThinkPHP\Common\functions.php 第 1263 行.
NOTIC: [8] Undefined offset: 0 E:\C#\FinancialSystem(SVN)\FinancialSystem\Application\Common\Common\APIHandler.class.php 第 54 行.
NOTIC: [8] Undefined offset: 1 E:\C#\FinancialSystem(SVN)\FinancialSystem\Application\Common\Common\APIHandler.class.php 第 55 行.
NOTIC: [8] Undefined offset: 2 E:\C#\FinancialSystem(SVN)\FinancialSystem\Application\Common\Common\APIHandler.class.php 第 56 行.
NOTIC: [2] Invalid argument supplied for foreach() E:\C#\FinancialSystem(SVN)\FinancialSystem\Application\Common\Common\APIHandler.class.php 第 135 行.

[ 2016-04-18T18:56:09+08:00 ] 127.0.0.1 /index.php/Common/provinceList?r=0.171380105195567
INFO: [ app_begin ] --START--
INFO: Run Behavior\ReadHtmlCacheBehavior [ RunTime:0.001000s ]
NOTIC: [8192] Function mcrypt_cbc() is deprecated E:\C#\FinancialSystem(SVN)\FinancialSystem\Application\Common\Common\DesHelper.class.php 第 44 行.
INFO: Run Common\Behavior\ActionStartBehavior [ RunTime:0.003001s ]
INFO: [ app_begin ] --END-- [ RunTime:0.004001s ]
NOTIC: [8] A session had already been started - ignoring session_start() E:\C#\FinancialSystem(SVN)\FinancialSystem\ThinkPHP\Common\functions.php 第 1263 行.
NOTIC: [8192] Non-static method Common\Common\Enum::GetProvinces() should not be called statically, assuming $this from incompatible context E:\C#\FinancialSystem(SVN)\FinancialSystem\Application\Home\Controller\CommonController.class.php 第 12 行.
NOTIC: [8192] Non-static method Common\Common\Enum::ProvinceArray() should not be called statically, assuming $this from incompatible context E:\C#\FinancialSystem(SVN)\FinancialSystem\Application\Common\Common\Enum.class.php 第 137 行.
NOTIC: [8] Undefined variable: XmlFile E:\C#\FinancialSystem(SVN)\FinancialSystem\Application\Common\Common\Enum.class.php 第 137 行.

[ 2016-04-18T18:56:09+08:00 ] 127.0.0.1 /index.php/Home/Common/GetSalaryReport
INFO: [ app_begin ] --START--
INFO: Run Behavior\ReadHtmlCacheBehavior [ RunTime:0.000000s ]
NOTIC: [8192] Function mcrypt_cbc() is deprecated E:\C#\FinancialSystem(SVN)\FinancialSystem\Application\Common\Common\DesHelper.class.php 第 44 行.
INFO: Run Common\Behavior\ActionStartBehavior [ RunTime:0.003000s ]
INFO: [ app_begin ] --END-- [ RunTime:0.003000s ]
NOTIC: [8] A session had already been started - ignoring session_start() E:\C#\FinancialSystem(SVN)\FinancialSystem\ThinkPHP\Common\functions.php 第 1263 行.
NOTIC: [8] Undefined offset: 0 E:\C#\FinancialSystem(SVN)\FinancialSystem\Application\Common\Common\APIHandler.class.php 第 54 行.
NOTIC: [8] Undefined offset: 1 E:\C#\FinancialSystem(SVN)\FinancialSystem\Application\Common\Common\APIHandler.class.php 第 55 行.
NOTIC: [8] Undefined offset: 2 E:\C#\FinancialSystem(SVN)\FinancialSystem\Application\Common\Common\APIHandler.class.php 第 56 行.
NOTIC: [2] Invalid argument supplied for foreach() E:\C#\FinancialSystem(SVN)\FinancialSystem\Application\Common\Common\APIHandler.class.php 第 135 行.

[ 2016-04-18T18:56:21+08:00 ] 127.0.0.1 /index.php/Common/provinceList?r=0.15537875168956816
INFO: [ app_begin ] --START--
INFO: Run Behavior\ReadHtmlCacheBehavior [ RunTime:0.000000s ]
NOTIC: [8192] Function mcrypt_cbc() is deprecated E:\C#\FinancialSystem(SVN)\FinancialSystem\Application\Common\Common\DesHelper.class.php 第 44 行.
INFO: Run Common\Behavior\ActionStartBehavior [ RunTime:0.001000s ]
INFO: [ app_begin ] --END-- [ RunTime:0.002000s ]
NOTIC: [8] A session had already been started - ignoring session_start() E:\C#\FinancialSystem(SVN)\FinancialSystem\ThinkPHP\Common\functions.php 第 1263 行.
NOTIC: [8192] Non-static method Common\Common\Enum::GetProvinces() should not be called statically, assuming $this from incompatible context E:\C#\FinancialSystem(SVN)\FinancialSystem\Application\Home\Controller\CommonController.class.php 第 12 行.
NOTIC: [8192] Non-static method Common\Common\Enum::ProvinceArray() should not be called statically, assuming $this from incompatible context E:\C#\FinancialSystem(SVN)\FinancialSystem\Application\Common\Common\Enum.class.php 第 137 行.
NOTIC: [8] Undefined variable: XmlFile E:\C#\FinancialSystem(SVN)\FinancialSystem\Application\Common\Common\Enum.class.php 第 137 行.

[ 2016-04-18T18:56:21+08:00 ] 127.0.0.1 /index.php/Home/Common/GetSalaryReport
INFO: [ app_begin ] --START--
INFO: Run Behavior\ReadHtmlCacheBehavior [ RunTime:0.001000s ]
NOTIC: [8192] Function mcrypt_cbc() is deprecated E:\C#\FinancialSystem(SVN)\FinancialSystem\Application\Common\Common\DesHelper.class.php 第 44 行.
INFO: Run Common\Behavior\ActionStartBehavior [ RunTime:0.002000s ]
INFO: [ app_begin ] --END-- [ RunTime:0.004000s ]
NOTIC: [8] A session had already been started - ignoring session_start() E:\C#\FinancialSystem(SVN)\FinancialSystem\ThinkPHP\Common\functions.php 第 1263 行.
NOTIC: [8] Undefined offset: 0 E:\C#\FinancialSystem(SVN)\FinancialSystem\Application\Common\Common\APIHandler.class.php 第 54 行.
NOTIC: [8] Undefined offset: 1 E:\C#\FinancialSystem(SVN)\FinancialSystem\Application\Common\Common\APIHandler.class.php 第 55 行.
NOTIC: [8] Undefined offset: 2 E:\C#\FinancialSystem(SVN)\FinancialSystem\Application\Common\Common\APIHandler.class.php 第 56 行.
NOTIC: [2] Invalid argument supplied for foreach() E:\C#\FinancialSystem(SVN)\FinancialSystem\Application\Common\Common\APIHandler.class.php 第 135 行.

[ 2016-04-18T18:57:23+08:00 ] 127.0.0.1 /index.php/Common/provinceList?r=0.4415853316895664
INFO: [ app_begin ] --START--
INFO: Run Behavior\ReadHtmlCacheBehavior [ RunTime:0.001000s ]
NOTIC: [8192] Function mcrypt_cbc() is deprecated E:\C#\FinancialSystem(SVN)\FinancialSystem\Application\Common\Common\DesHelper.class.php 第 44 行.
INFO: Run Common\Behavior\ActionStartBehavior [ RunTime:0.002000s ]
INFO: [ app_begin ] --END-- [ RunTime:0.003000s ]
NOTIC: [8] A session had already been started - ignoring session_start() E:\C#\FinancialSystem(SVN)\FinancialSystem\ThinkPHP\Common\functions.php 第 1263 行.
NOTIC: [8192] Non-static method Common\Common\Enum::GetProvinces() should not be called statically, assuming $this from incompatible context E:\C#\FinancialSystem(SVN)\FinancialSystem\Application\Home\Controller\CommonController.class.php 第 12 行.
NOTIC: [8192] Non-static method Common\Common\Enum::ProvinceArray() should not be called statically, assuming $this from incompatible context E:\C#\FinancialSystem(SVN)\FinancialSystem\Application\Common\Common\Enum.class.php 第 137 行.
NOTIC: [8] Undefined variable: XmlFile E:\C#\FinancialSystem(SVN)\FinancialSystem\Application\Common\Common\Enum.class.php 第 137 行.

[ 2016-04-18T18:57:23+08:00 ] 127.0.0.1 /index.php/Home/Common/GetSalaryReport
INFO: [ app_begin ] --START--
INFO: Run Behavior\ReadHtmlCacheBehavior [ RunTime:0.001000s ]
NOTIC: [8192] Function mcrypt_cbc() is deprecated E:\C#\FinancialSystem(SVN)\FinancialSystem\Application\Common\Common\DesHelper.class.php 第 44 行.
INFO: Run Common\Behavior\ActionStartBehavior [ RunTime:0.002000s ]
INFO: [ app_begin ] --END-- [ RunTime:0.003000s ]
NOTIC: [8] A session had already been started - ignoring session_start() E:\C#\FinancialSystem(SVN)\FinancialSystem\ThinkPHP\Common\functions.php 第 1263 行.
NOTIC: [8] Undefined offset: 0 E:\C#\FinancialSystem(SVN)\FinancialSystem\Application\Common\Common\APIHandler.class.php 第 54 行.
NOTIC: [8] Undefined offset: 1 E:\C#\FinancialSystem(SVN)\FinancialSystem\Application\Common\Common\APIHandler.class.php 第 55 行.
NOTIC: [8] Undefined offset: 2 E:\C#\FinancialSystem(SVN)\FinancialSystem\Application\Common\Common\APIHandler.class.php 第 56 行.
NOTIC: [2] Invalid argument supplied for foreach() E:\C#\FinancialSystem(SVN)\FinancialSystem\Application\Common\Common\APIHandler.class.php 第 135 行.

[ 2016-04-18T18:57:27+08:00 ] 127.0.0.1 /index.php/Common/provinceList?r=0.5675775439012796
INFO: [ app_begin ] --START--
INFO: Run Behavior\ReadHtmlCacheBehavior [ RunTime:0.001000s ]
NOTIC: [8192] Function mcrypt_cbc() is deprecated E:\C#\FinancialSystem(SVN)\FinancialSystem\Application\Common\Common\DesHelper.class.php 第 44 行.
INFO: Run Common\Behavior\ActionStartBehavior [ RunTime:0.001000s ]
INFO: [ app_begin ] --END-- [ RunTime:0.002000s ]
NOTIC: [8] A session had already been started - ignoring session_start() E:\C#\FinancialSystem(SVN)\FinancialSystem\ThinkPHP\Common\functions.php 第 1263 行.
NOTIC: [8192] Non-static method Common\Common\Enum::GetProvinces() should not be called statically, assuming $this from incompatible context E:\C#\FinancialSystem(SVN)\FinancialSystem\Application\Home\Controller\CommonController.class.php 第 12 行.
NOTIC: [8192] Non-static method Common\Common\Enum::ProvinceArray() should not be called statically, assuming $this from incompatible context E:\C#\FinancialSystem(SVN)\FinancialSystem\Application\Common\Common\Enum.class.php 第 137 行.
NOTIC: [8] Undefined variable: XmlFile E:\C#\FinancialSystem(SVN)\FinancialSystem\Application\Common\Common\Enum.class.php 第 137 行.

[ 2016-04-18T18:57:27+08:00 ] 127.0.0.1 /index.php/Home/Common/GetSalaryReport
INFO: [ app_begin ] --START--
INFO: Run Behavior\ReadHtmlCacheBehavior [ RunTime:0.001000s ]
NOTIC: [8192] Function mcrypt_cbc() is deprecated E:\C#\FinancialSystem(SVN)\FinancialSystem\Application\Common\Common\DesHelper.class.php 第 44 行.
INFO: Run Common\Behavior\ActionStartBehavior [ RunTime:0.003000s ]
INFO: [ app_begin ] --END-- [ RunTime:0.004000s ]
NOTIC: [8] A session had already been started - ignoring session_start() E:\C#\FinancialSystem(SVN)\FinancialSystem\ThinkPHP\Common\functions.php 第 1263 行.
NOTIC: [8] Undefined offset: 0 E:\C#\FinancialSystem(SVN)\FinancialSystem\Application\Common\Common\APIHandler.class.php 第 54 行.
NOTIC: [8] Undefined offset: 1 E:\C#\FinancialSystem(SVN)\FinancialSystem\Application\Common\Common\APIHandler.class.php 第 55 行.
NOTIC: [8] Undefined offset: 2 E:\C#\FinancialSystem(SVN)\FinancialSystem\Application\Common\Common\APIHandler.class.php 第 56 行.
NOTIC: [2] Invalid argument supplied for foreach() E:\C#\FinancialSystem(SVN)\FinancialSystem\Application\Common\Common\APIHandler.class.php 第 135 行.

[ 2016-04-18T18:57:27+08:00 ] 127.0.0.1 /index.php/Common/provinceList?r=0.38990425365045667
INFO: [ app_begin ] --START--
INFO: Run Behavior\ReadHtmlCacheBehavior [ RunTime:0.002000s ]
NOTIC: [8192] Function mcrypt_cbc() is deprecated E:\C#\FinancialSystem(SVN)\FinancialSystem\Application\Common\Common\DesHelper.class.php 第 44 行.
INFO: Run Common\Behavior\ActionStartBehavior [ RunTime:0.002001s ]
INFO: [ app_begin ] --END-- [ RunTime:0.004001s ]
NOTIC: [8] A session had already been started - ignoring session_start() E:\C#\FinancialSystem(SVN)\FinancialSystem\ThinkPHP\Common\functions.php 第 1263 行.
NOTIC: [8192] Non-static method Common\Common\Enum::GetProvinces() should not be called statically, assuming $this from incompatible context E:\C#\FinancialSystem(SVN)\FinancialSystem\Application\Home\Controller\CommonController.class.php 第 12 行.
NOTIC: [8192] Non-static method Common\Common\Enum::ProvinceArray() should not be called statically, assuming $this from incompatible context E:\C#\FinancialSystem(SVN)\FinancialSystem\Application\Common\Common\Enum.class.php 第 137 行.
NOTIC: [8] Undefined variable: XmlFile E:\C#\FinancialSystem(SVN)\FinancialSystem\Application\Common\Common\Enum.class.php 第 137 行.

[ 2016-04-18T18:57:27+08:00 ] 127.0.0.1 /index.php/Home/Common/GetSalaryReport
INFO: [ app_begin ] --START--
INFO: Run Behavior\ReadHtmlCacheBehavior [ RunTime:0.001000s ]
NOTIC: [8192] Function mcrypt_cbc() is deprecated E:\C#\FinancialSystem(SVN)\FinancialSystem\Application\Common\Common\DesHelper.class.php 第 44 行.
INFO: Run Common\Behavior\ActionStartBehavior [ RunTime:0.002000s ]
INFO: [ app_begin ] --END-- [ RunTime:0.003000s ]
NOTIC: [8] A session had already been started - ignoring session_start() E:\C#\FinancialSystem(SVN)\FinancialSystem\ThinkPHP\Common\functions.php 第 1263 行.
NOTIC: [8] Undefined offset: 0 E:\C#\FinancialSystem(SVN)\FinancialSystem\Application\Common\Common\APIHandler.class.php 第 54 行.
NOTIC: [8] Undefined offset: 1 E:\C#\FinancialSystem(SVN)\FinancialSystem\Application\Common\Common\APIHandler.class.php 第 55 行.
NOTIC: [8] Undefined offset: 2 E:\C#\FinancialSystem(SVN)\FinancialSystem\Application\Common\Common\APIHandler.class.php 第 56 行.
NOTIC: [2] Invalid argument supplied for foreach() E:\C#\FinancialSystem(SVN)\FinancialSystem\Application\Common\Common\APIHandler.class.php 第 135 行.

[ 2016-04-18T18:58:37+08:00 ] 127.0.0.1 /index.php/Common/provinceList?r=0.9235948417335749
INFO: [ app_begin ] --START--
INFO: Run Behavior\ReadHtmlCacheBehavior [ RunTime:0.000000s ]
NOTIC: [8192] Function mcrypt_cbc() is deprecated E:\C#\FinancialSystem(SVN)\FinancialSystem\Application\Common\Common\DesHelper.class.php 第 44 行.
INFO: Run Common\Behavior\ActionStartBehavior [ RunTime:0.002000s ]
INFO: [ app_begin ] --END-- [ RunTime:0.002000s ]
NOTIC: [8] A session had already been started - ignoring session_start() E:\C#\FinancialSystem(SVN)\FinancialSystem\ThinkPHP\Common\functions.php 第 1263 行.
NOTIC: [8192] Non-static method Common\Common\Enum::GetProvinces() should not be called statically, assuming $this from incompatible context E:\C#\FinancialSystem(SVN)\FinancialSystem\Application\Home\Controller\CommonController.class.php 第 12 行.
NOTIC: [8192] Non-static method Common\Common\Enum::ProvinceArray() should not be called statically, assuming $this from incompatible context E:\C#\FinancialSystem(SVN)\FinancialSystem\Application\Common\Common\Enum.class.php 第 137 行.
NOTIC: [8] Undefined variable: XmlFile E:\C#\FinancialSystem(SVN)\FinancialSystem\Application\Common\Common\Enum.class.php 第 137 行.

[ 2016-04-18T18:58:38+08:00 ] 127.0.0.1 /index.php/Home/Common/GetSalaryReport
INFO: [ app_begin ] --START--
INFO: Run Behavior\ReadHtmlCacheBehavior [ RunTime:0.001000s ]
NOTIC: [8192] Function mcrypt_cbc() is deprecated E:\C#\FinancialSystem(SVN)\FinancialSystem\Application\Common\Common\DesHelper.class.php 第 44 行.
INFO: Run Common\Behavior\ActionStartBehavior [ RunTime:0.002000s ]
INFO: [ app_begin ] --END-- [ RunTime:0.003000s ]
NOTIC: [8] A session had already been started - ignoring session_start() E:\C#\FinancialSystem(SVN)\FinancialSystem\ThinkPHP\Common\functions.php 第 1263 行.
NOTIC: [8] Undefined offset: 0 E:\C#\FinancialSystem(SVN)\FinancialSystem\Application\Common\Common\APIHandler.class.php 第 54 行.
NOTIC: [8] Undefined offset: 1 E:\C#\FinancialSystem(SVN)\FinancialSystem\Application\Common\Common\APIHandler.class.php 第 55 行.
NOTIC: [8] Undefined offset: 2 E:\C#\FinancialSystem(SVN)\FinancialSystem\Application\Common\Common\APIHandler.class.php 第 56 行.
NOTIC: [2] Invalid argument supplied for foreach() E:\C#\FinancialSystem(SVN)\FinancialSystem\Application\Common\Common\APIHandler.class.php 第 135 行.

[ 2016-04-18T18:58:43+08:00 ] 127.0.0.1 /index.php/Common/provinceList?r=0.3309613757301122
INFO: [ app_begin ] --START--
INFO: Run Behavior\ReadHtmlCacheBehavior [ RunTime:0.001000s ]
NOTIC: [8192] Function mcrypt_cbc() is deprecated E:\C#\FinancialSystem(SVN)\FinancialSystem\Application\Common\Common\DesHelper.class.php 第 44 行.
INFO: Run Common\Behavior\ActionStartBehavior [ RunTime:0.002001s ]
INFO: [ app_begin ] --END-- [ RunTime:0.003001s ]
NOTIC: [8] A session had already been started - ignoring session_start() E:\C#\FinancialSystem(SVN)\FinancialSystem\ThinkPHP\Common\functions.php 第 1263 行.
NOTIC: [8192] Non-static method Common\Common\Enum::GetProvinces() should not be called statically, assuming $this from incompatible context E:\C#\FinancialSystem(SVN)\FinancialSystem\Application\Home\Controller\CommonController.class.php 第 12 行.
NOTIC: [8192] Non-static method Common\Common\Enum::ProvinceArray() should not be called statically, assuming $this from incompatible context E:\C#\FinancialSystem(SVN)\FinancialSystem\Application\Common\Common\Enum.class.php 第 137 行.
NOTIC: [8] Undefined variable: XmlFile E:\C#\FinancialSystem(SVN)\FinancialSystem\Application\Common\Common\Enum.class.php 第 137 行.

[ 2016-04-18T18:58:43+08:00 ] 127.0.0.1 /index.php/Common/provinceList?r=0.8816248609218746
INFO: [ app_begin ] --START--
INFO: Run Behavior\ReadHtmlCacheBehavior [ RunTime:0.001000s ]
NOTIC: [8192] Function mcrypt_cbc() is deprecated E:\C#\FinancialSystem(SVN)\FinancialSystem\Application\Common\Common\DesHelper.class.php 第 44 行.
INFO: Run Common\Behavior\ActionStartBehavior [ RunTime:0.002000s ]
INFO: [ app_begin ] --END-- [ RunTime:0.003000s ]
NOTIC: [8] A session had already been started - ignoring session_start() E:\C#\FinancialSystem(SVN)\FinancialSystem\ThinkPHP\Common\functions.php 第 1263 行.
NOTIC: [8192] Non-static method Common\Common\Enum::GetProvinces() should not be called statically, assuming $this from incompatible context E:\C#\FinancialSystem(SVN)\FinancialSystem\Application\Home\Controller\CommonController.class.php 第 12 行.
NOTIC: [8192] Non-static method Common\Common\Enum::ProvinceArray() should not be called statically, assuming $this from incompatible context E:\C#\FinancialSystem(SVN)\FinancialSystem\Application\Common\Common\Enum.class.php 第 137 行.
NOTIC: [8] Undefined variable: XmlFile E:\C#\FinancialSystem(SVN)\FinancialSystem\Application\Common\Common\Enum.class.php 第 137 行.

[ 2016-04-18T18:58:43+08:00 ] 127.0.0.1 /index.php/Home/Common/GetSalaryReport
INFO: [ app_begin ] --START--
INFO: Run Behavior\ReadHtmlCacheBehavior [ RunTime:0.001001s ]
NOTIC: [8192] Function mcrypt_cbc() is deprecated E:\C#\FinancialSystem(SVN)\FinancialSystem\Application\Common\Common\DesHelper.class.php 第 44 行.
INFO: Run Common\Behavior\ActionStartBehavior [ RunTime:0.001000s ]
INFO: [ app_begin ] --END-- [ RunTime:0.002001s ]
NOTIC: [8] A session had already been started - ignoring session_start() E:\C#\FinancialSystem(SVN)\FinancialSystem\ThinkPHP\Common\functions.php 第 1263 行.
NOTIC: [8] Undefined offset: 0 E:\C#\FinancialSystem(SVN)\FinancialSystem\Application\Common\Common\APIHandler.class.php 第 54 行.
NOTIC: [8] Undefined offset: 1 E:\C#\FinancialSystem(SVN)\FinancialSystem\Application\Common\Common\APIHandler.class.php 第 55 行.
NOTIC: [8] Undefined offset: 2 E:\C#\FinancialSystem(SVN)\FinancialSystem\Application\Common\Common\APIHandler.class.php 第 56 行.
NOTIC: [2] Invalid argument supplied for foreach() E:\C#\FinancialSystem(SVN)\FinancialSystem\Application\Common\Common\APIHandler.class.php 第 135 行.

[ 2016-04-18T18:59:54+08:00 ] 127.0.0.1 /index.php/Common/provinceList?r=0.8288146683480591
INFO: [ app_begin ] --START--
INFO: Run Behavior\ReadHtmlCacheBehavior [ RunTime:0.001001s ]
NOTIC: [8192] Function mcrypt_cbc() is deprecated E:\C#\FinancialSystem(SVN)\FinancialSystem\Application\Common\Common\DesHelper.class.php 第 44 行.
INFO: Run Common\Behavior\ActionStartBehavior [ RunTime:0.002000s ]
INFO: [ app_begin ] --END-- [ RunTime:0.003001s ]
NOTIC: [8] A session had already been started - ignoring session_start() E:\C#\FinancialSystem(SVN)\FinancialSystem\ThinkPHP\Common\functions.php 第 1263 行.
NOTIC: [8192] Non-static method Common\Common\Enum::GetProvinces() should not be called statically, assuming $this from incompatible context E:\C#\FinancialSystem(SVN)\FinancialSystem\Application\Home\Controller\CommonController.class.php 第 12 行.
NOTIC: [8192] Non-static method Common\Common\Enum::ProvinceArray() should not be called statically, assuming $this from incompatible context E:\C#\FinancialSystem(SVN)\FinancialSystem\Application\Common\Common\Enum.class.php 第 137 行.
NOTIC: [8] Undefined variable: XmlFile E:\C#\FinancialSystem(SVN)\FinancialSystem\Application\Common\Common\Enum.class.php 第 137 行.

[ 2016-04-18T18:59:54+08:00 ] 127.0.0.1 /index.php/Home/Common/GetSalaryReport
INFO: [ app_begin ] --START--
INFO: Run Behavior\ReadHtmlCacheBehavior [ RunTime:0.001000s ]
NOTIC: [8192] Function mcrypt_cbc() is deprecated E:\C#\FinancialSystem(SVN)\FinancialSystem\Application\Common\Common\DesHelper.class.php 第 44 行.
INFO: Run Common\Behavior\ActionStartBehavior [ RunTime:0.001000s ]
INFO: [ app_begin ] --END-- [ RunTime:0.002000s ]
NOTIC: [8] A session had already been started - ignoring session_start() E:\C#\FinancialSystem(SVN)\FinancialSystem\ThinkPHP\Common\functions.php 第 1263 行.
NOTIC: [8] Undefined offset: 0 E:\C#\FinancialSystem(SVN)\FinancialSystem\Application\Common\Common\APIHandler.class.php 第 54 行.
NOTIC: [8] Undefined offset: 1 E:\C#\FinancialSystem(SVN)\FinancialSystem\Application\Common\Common\APIHandler.class.php 第 55 行.
NOTIC: [8] Undefined offset: 2 E:\C#\FinancialSystem(SVN)\FinancialSystem\Application\Common\Common\APIHandler.class.php 第 56 行.
NOTIC: [2] Invalid argument supplied for foreach() E:\C#\FinancialSystem(SVN)\FinancialSystem\Application\Common\Common\APIHandler.class.php 第 135 行.

[ 2016-04-18T18:59:58+08:00 ] 127.0.0.1 /index.php/Common/provinceList?r=0.7939479877240956
INFO: [ app_begin ] --START--
INFO: Run Behavior\ReadHtmlCacheBehavior [ RunTime:0.001000s ]
NOTIC: [8192] Function mcrypt_cbc() is deprecated E:\C#\FinancialSystem(SVN)\FinancialSystem\Application\Common\Common\DesHelper.class.php 第 44 行.
INFO: Run Common\Behavior\ActionStartBehavior [ RunTime:0.001000s ]
INFO: [ app_begin ] --END-- [ RunTime:0.002000s ]
NOTIC: [8] A session had already been started - ignoring session_start() E:\C#\FinancialSystem(SVN)\FinancialSystem\ThinkPHP\Common\functions.php 第 1263 行.
NOTIC: [8192] Non-static method Common\Common\Enum::GetProvinces() should not be called statically, assuming $this from incompatible context E:\C#\FinancialSystem(SVN)\FinancialSystem\Application\Home\Controller\CommonController.class.php 第 12 行.
NOTIC: [8192] Non-static method Common\Common\Enum::ProvinceArray() should not be called statically, assuming $this from incompatible context E:\C#\FinancialSystem(SVN)\FinancialSystem\Application\Common\Common\Enum.class.php 第 137 行.
NOTIC: [8] Undefined variable: XmlFile E:\C#\FinancialSystem(SVN)\FinancialSystem\Application\Common\Common\Enum.class.php 第 137 行.

[ 2016-04-18T18:59:58+08:00 ] 127.0.0.1 /index.php/Home/Common/GetSalaryReport
INFO: [ app_begin ] --START--
INFO: Run Behavior\ReadHtmlCacheBehavior [ RunTime:0.001000s ]
NOTIC: [8192] Function mcrypt_cbc() is deprecated E:\C#\FinancialSystem(SVN)\FinancialSystem\Application\Common\Common\DesHelper.class.php 第 44 行.
INFO: Run Common\Behavior\ActionStartBehavior [ RunTime:0.003000s ]
INFO: [ app_begin ] --END-- [ RunTime:0.004000s ]
NOTIC: [8] A session had already been started - ignoring session_start() E:\C#\FinancialSystem(SVN)\FinancialSystem\ThinkPHP\Common\functions.php 第 1263 行.
NOTIC: [8] Undefined offset: 0 E:\C#\FinancialSystem(SVN)\FinancialSystem\Application\Common\Common\APIHandler.class.php 第 54 行.
NOTIC: [8] Undefined offset: 1 E:\C#\FinancialSystem(SVN)\FinancialSystem\Application\Common\Common\APIHandler.class.php 第 55 行.
NOTIC: [8] Undefined offset: 2 E:\C#\FinancialSystem(SVN)\FinancialSystem\Application\Common\Common\APIHandler.class.php 第 56 行.
NOTIC: [2] Invalid argument supplied for foreach() E:\C#\FinancialSystem(SVN)\FinancialSystem\Application\Common\Common\APIHandler.class.php 第 135 行.

[ 2016-04-18T18:59:58+08:00 ] 127.0.0.1 /index.php/Common/provinceList?r=0.23385055200196803
INFO: [ app_begin ] --START--
INFO: Run Behavior\ReadHtmlCacheBehavior [ RunTime:0.001000s ]
NOTIC: [8192] Function mcrypt_cbc() is deprecated E:\C#\FinancialSystem(SVN)\FinancialSystem\Application\Common\Common\DesHelper.class.php 第 44 行.
INFO: Run Common\Behavior\ActionStartBehavior [ RunTime:0.002000s ]
INFO: [ app_begin ] --END-- [ RunTime:0.003000s ]
NOTIC: [8] A session had already been started - ignoring session_start() E:\C#\FinancialSystem(SVN)\FinancialSystem\ThinkPHP\Common\functions.php 第 1263 行.
NOTIC: [8192] Non-static method Common\Common\Enum::GetProvinces() should not be called statically, assuming $this from incompatible context E:\C#\FinancialSystem(SVN)\FinancialSystem\Application\Home\Controller\CommonController.class.php 第 12 行.
NOTIC: [8192] Non-static method Common\Common\Enum::ProvinceArray() should not be called statically, assuming $this from incompatible context E:\C#\FinancialSystem(SVN)\FinancialSystem\Application\Common\Common\Enum.class.php 第 137 行.
NOTIC: [8] Undefined variable: XmlFile E:\C#\FinancialSystem(SVN)\FinancialSystem\Application\Common\Common\Enum.class.php 第 137 行.

[ 2016-04-18T18:59:58+08:00 ] 127.0.0.1 /index.php/Home/Common/GetSalaryReport
INFO: [ app_begin ] --START--
INFO: Run Behavior\ReadHtmlCacheBehavior [ RunTime:0.001000s ]
NOTIC: [8192] Function mcrypt_cbc() is deprecated E:\C#\FinancialSystem(SVN)\FinancialSystem\Application\Common\Common\DesHelper.class.php 第 44 行.
INFO: Run Common\Behavior\ActionStartBehavior [ RunTime:0.004000s ]
INFO: [ app_begin ] --END-- [ RunTime:0.005000s ]
NOTIC: [8] A session had already been started - ignoring session_start() E:\C#\FinancialSystem(SVN)\FinancialSystem\ThinkPHP\Common\functions.php 第 1263 行.
NOTIC: [8] Undefined offset: 0 E:\C#\FinancialSystem(SVN)\FinancialSystem\Application\Common\Common\APIHandler.class.php 第 54 行.
NOTIC: [8] Undefined offset: 1 E:\C#\FinancialSystem(SVN)\FinancialSystem\Application\Common\Common\APIHandler.class.php 第 55 行.
NOTIC: [8] Undefined offset: 2 E:\C#\FinancialSystem(SVN)\FinancialSystem\Application\Common\Common\APIHandler.class.php 第 56 行.
NOTIC: [2] Invalid argument supplied for foreach() E:\C#\FinancialSystem(SVN)\FinancialSystem\Application\Common\Common\APIHandler.class.php 第 135 行.

[ 2016-04-18T19:00:31+08:00 ] 127.0.0.1 /index.php/Common/provinceList?r=0.4007162151392549
INFO: [ app_begin ] --START--
INFO: Run Behavior\ReadHtmlCacheBehavior [ RunTime:0.001000s ]
NOTIC: [8192] Function mcrypt_cbc() is deprecated E:\C#\FinancialSystem(SVN)\FinancialSystem\Application\Common\Common\DesHelper.class.php 第 44 行.
INFO: Run Common\Behavior\ActionStartBehavior [ RunTime:0.001000s ]
INFO: [ app_begin ] --END-- [ RunTime:0.003000s ]
NOTIC: [8] A session had already been started - ignoring session_start() E:\C#\FinancialSystem(SVN)\FinancialSystem\ThinkPHP\Common\functions.php 第 1263 行.
NOTIC: [8192] Non-static method Common\Common\Enum::GetProvinces() should not be called statically, assuming $this from incompatible context E:\C#\FinancialSystem(SVN)\FinancialSystem\Application\Home\Controller\CommonController.class.php 第 12 行.
NOTIC: [8192] Non-static method Common\Common\Enum::ProvinceArray() should not be called statically, assuming $this from incompatible context E:\C#\FinancialSystem(SVN)\FinancialSystem\Application\Common\Common\Enum.class.php 第 137 行.
NOTIC: [8] Undefined variable: XmlFile E:\C#\FinancialSystem(SVN)\FinancialSystem\Application\Common\Common\Enum.class.php 第 137 行.

[ 2016-04-18T19:00:31+08:00 ] 127.0.0.1 /index.php/Home/Common/GetSalaryReport
INFO: [ app_begin ] --START--
INFO: Run Behavior\ReadHtmlCacheBehavior [ RunTime:0.001001s ]
NOTIC: [8192] Function mcrypt_cbc() is deprecated E:\C#\FinancialSystem(SVN)\FinancialSystem\Application\Common\Common\DesHelper.class.php 第 44 行.
INFO: Run Common\Behavior\ActionStartBehavior [ RunTime:0.002000s ]
INFO: [ app_begin ] --END-- [ RunTime:0.003001s ]
NOTIC: [8] A session had already been started - ignoring session_start() E:\C#\FinancialSystem(SVN)\FinancialSystem\ThinkPHP\Common\functions.php 第 1263 行.
NOTIC: [8] Undefined offset: 0 E:\C#\FinancialSystem(SVN)\FinancialSystem\Application\Common\Common\APIHandler.class.php 第 54 行.
NOTIC: [8] Undefined offset: 1 E:\C#\FinancialSystem(SVN)\FinancialSystem\Application\Common\Common\APIHandler.class.php 第 55 行.
NOTIC: [8] Undefined offset: 2 E:\C#\FinancialSystem(SVN)\FinancialSystem\Application\Common\Common\APIHandler.class.php 第 56 行.
NOTIC: [2] Invalid argument supplied for foreach() E:\C#\FinancialSystem(SVN)\FinancialSystem\Application\Common\Common\APIHandler.class.php 第 135 行.

[ 2016-04-18T19:01:33+08:00 ] 127.0.0.1 /index.php/Common/provinceList?r=0.5961066337767988
INFO: [ app_begin ] --START--
INFO: Run Behavior\ReadHtmlCacheBehavior [ RunTime:0.001000s ]
NOTIC: [8192] Function mcrypt_cbc() is deprecated E:\C#\FinancialSystem(SVN)\FinancialSystem\Application\Common\Common\DesHelper.class.php 第 44 行.
INFO: Run Common\Behavior\ActionStartBehavior [ RunTime:0.002000s ]
INFO: [ app_begin ] --END-- [ RunTime:0.003000s ]
NOTIC: [8] A session had already been started - ignoring session_start() E:\C#\FinancialSystem(SVN)\FinancialSystem\ThinkPHP\Common\functions.php 第 1263 行.
NOTIC: [8192] Non-static method Common\Common\Enum::GetProvinces() should not be called statically, assuming $this from incompatible context E:\C#\FinancialSystem(SVN)\FinancialSystem\Application\Home\Controller\CommonController.class.php 第 12 行.
NOTIC: [8192] Non-static method Common\Common\Enum::ProvinceArray() should not be called statically, assuming $this from incompatible context E:\C#\FinancialSystem(SVN)\FinancialSystem\Application\Common\Common\Enum.class.php 第 137 行.
NOTIC: [8] Undefined variable: XmlFile E:\C#\FinancialSystem(SVN)\FinancialSystem\Application\Common\Common\Enum.class.php 第 137 行.

[ 2016-04-18T19:01:33+08:00 ] 127.0.0.1 /index.php/Home/Common/GetSalaryReport
INFO: [ app_begin ] --START--
INFO: Run Behavior\ReadHtmlCacheBehavior [ RunTime:0.001000s ]
NOTIC: [8192] Function mcrypt_cbc() is deprecated E:\C#\FinancialSystem(SVN)\FinancialSystem\Application\Common\Common\DesHelper.class.php 第 44 行.
INFO: Run Common\Behavior\ActionStartBehavior [ RunTime:0.003000s ]
INFO: [ app_begin ] --END-- [ RunTime:0.004000s ]
NOTIC: [8] A session had already been started - ignoring session_start() E:\C#\FinancialSystem(SVN)\FinancialSystem\ThinkPHP\Common\functions.php 第 1263 行.
NOTIC: [8] Undefined offset: 0 E:\C#\FinancialSystem(SVN)\FinancialSystem\Application\Common\Common\APIHandler.class.php 第 54 行.
NOTIC: [8] Undefined offset: 1 E:\C#\FinancialSystem(SVN)\FinancialSystem\Application\Common\Common\APIHandler.class.php 第 55 行.
NOTIC: [8] Undefined offset: 2 E:\C#\FinancialSystem(SVN)\FinancialSystem\Application\Common\Common\APIHandler.class.php 第 56 行.
NOTIC: [2] Invalid argument supplied for foreach() E:\C#\FinancialSystem(SVN)\FinancialSystem\Application\Common\Common\APIHandler.class.php 第 135 行.

[ 2016-04-18T19:01:36+08:00 ] 127.0.0.1 /index.php/Common/provinceList?r=0.8198729215655476
INFO: [ app_begin ] --START--
INFO: Run Behavior\ReadHtmlCacheBehavior [ RunTime:0.001000s ]
NOTIC: [8192] Function mcrypt_cbc() is deprecated E:\C#\FinancialSystem(SVN)\FinancialSystem\Application\Common\Common\DesHelper.class.php 第 44 行.
INFO: Run Common\Behavior\ActionStartBehavior [ RunTime:0.001000s ]
INFO: [ app_begin ] --END-- [ RunTime:0.002000s ]
NOTIC: [8] A session had already been started - ignoring session_start() E:\C#\FinancialSystem(SVN)\FinancialSystem\ThinkPHP\Common\functions.php 第 1263 行.
NOTIC: [8192] Non-static method Common\Common\Enum::GetProvinces() should not be called statically, assuming $this from incompatible context E:\C#\FinancialSystem(SVN)\FinancialSystem\Application\Home\Controller\CommonController.class.php 第 12 行.
NOTIC: [8192] Non-static method Common\Common\Enum::ProvinceArray() should not be called statically, assuming $this from incompatible context E:\C#\FinancialSystem(SVN)\FinancialSystem\Application\Common\Common\Enum.class.php 第 137 行.
NOTIC: [8] Undefined variable: XmlFile E:\C#\FinancialSystem(SVN)\FinancialSystem\Application\Common\Common\Enum.class.php 第 137 行.

[ 2016-04-18T19:01:36+08:00 ] 127.0.0.1 /index.php/Home/Common/GetSalaryReport
INFO: [ app_begin ] --START--
INFO: Run Behavior\ReadHtmlCacheBehavior [ RunTime:0.001000s ]
NOTIC: [8192] Function mcrypt_cbc() is deprecated E:\C#\FinancialSystem(SVN)\FinancialSystem\Application\Common\Common\DesHelper.class.php 第 44 行.
INFO: Run Common\Behavior\ActionStartBehavior [ RunTime:0.002000s ]
INFO: [ app_begin ] --END-- [ RunTime:0.003000s ]
NOTIC: [8] A session had already been started - ignoring session_start() E:\C#\FinancialSystem(SVN)\FinancialSystem\ThinkPHP\Common\functions.php 第 1263 行.
NOTIC: [8] Undefined offset: 0 E:\C#\FinancialSystem(SVN)\FinancialSystem\Application\Common\Common\APIHandler.class.php 第 54 行.
NOTIC: [8] Undefined offset: 1 E:\C#\FinancialSystem(SVN)\FinancialSystem\Application\Common\Common\APIHandler.class.php 第 55 行.
NOTIC: [8] Undefined offset: 2 E:\C#\FinancialSystem(SVN)\FinancialSystem\Application\Common\Common\APIHandler.class.php 第 56 行.
NOTIC: [2] Invalid argument supplied for foreach() E:\C#\FinancialSystem(SVN)\FinancialSystem\Application\Common\Common\APIHandler.class.php 第 135 行.

[ 2016-04-18T19:01:37+08:00 ] 127.0.0.1 /index.php/Common/provinceList?r=0.4170806531328708
INFO: [ app_begin ] --START--
INFO: Run Behavior\ReadHtmlCacheBehavior [ RunTime:0.001000s ]
NOTIC: [8192] Function mcrypt_cbc() is deprecated E:\C#\FinancialSystem(SVN)\FinancialSystem\Application\Common\Common\DesHelper.class.php 第 44 行.
INFO: Run Common\Behavior\ActionStartBehavior [ RunTime:0.002000s ]
INFO: [ app_begin ] --END-- [ RunTime:0.003000s ]
NOTIC: [8] A session had already been started - ignoring session_start() E:\C#\FinancialSystem(SVN)\FinancialSystem\ThinkPHP\Common\functions.php 第 1263 行.
NOTIC: [8192] Non-static method Common\Common\Enum::GetProvinces() should not be called statically, assuming $this from incompatible context E:\C#\FinancialSystem(SVN)\FinancialSystem\Application\Home\Controller\CommonController.class.php 第 12 行.
NOTIC: [8192] Non-static method Common\Common\Enum::ProvinceArray() should not be called statically, assuming $this from incompatible context E:\C#\FinancialSystem(SVN)\FinancialSystem\Application\Common\Common\Enum.class.php 第 137 行.
NOTIC: [8] Undefined variable: XmlFile E:\C#\FinancialSystem(SVN)\FinancialSystem\Application\Common\Common\Enum.class.php 第 137 行.

[ 2016-04-18T19:01:38+08:00 ] 127.0.0.1 /index.php/Home/Common/GetSalaryReport
INFO: [ app_begin ] --START--
INFO: Run Behavior\ReadHtmlCacheBehavior [ RunTime:0.001000s ]
NOTIC: [8192] Function mcrypt_cbc() is deprecated E:\C#\FinancialSystem(SVN)\FinancialSystem\Application\Common\Common\DesHelper.class.php 第 44 行.
INFO: Run Common\Behavior\ActionStartBehavior [ RunTime:0.002000s ]
INFO: [ app_begin ] --END-- [ RunTime:0.003000s ]
NOTIC: [8] A session had already been started - ignoring session_start() E:\C#\FinancialSystem(SVN)\FinancialSystem\ThinkPHP\Common\functions.php 第 1263 行.
NOTIC: [8] Undefined offset: 0 E:\C#\FinancialSystem(SVN)\FinancialSystem\Application\Common\Common\APIHandler.class.php 第 54 行.
NOTIC: [8] Undefined offset: 1 E:\C#\FinancialSystem(SVN)\FinancialSystem\Application\Common\Common\APIHandler.class.php 第 55 行.
NOTIC: [8] Undefined offset: 2 E:\C#\FinancialSystem(SVN)\FinancialSystem\Application\Common\Common\APIHandler.class.php 第 56 行.
NOTIC: [2] Invalid argument supplied for foreach() E:\C#\FinancialSystem(SVN)\FinancialSystem\Application\Common\Common\APIHandler.class.php 第 135 行.

[ 2016-04-18T19:01:51+08:00 ] 127.0.0.1 /index.php/Common/provinceList?r=0.32306882040575147
INFO: [ app_begin ] --START--
INFO: Run Behavior\ReadHtmlCacheBehavior [ RunTime:0.000000s ]
NOTIC: [8192] Function mcrypt_cbc() is deprecated E:\C#\FinancialSystem(SVN)\FinancialSystem\Application\Common\Common\DesHelper.class.php 第 44 行.
INFO: Run Common\Behavior\ActionStartBehavior [ RunTime:0.002000s ]
INFO: [ app_begin ] --END-- [ RunTime:0.002000s ]
NOTIC: [8] A session had already been started - ignoring session_start() E:\C#\FinancialSystem(SVN)\FinancialSystem\ThinkPHP\Common\functions.php 第 1263 行.
NOTIC: [8192] Non-static method Common\Common\Enum::GetProvinces() should not be called statically, assuming $this from incompatible context E:\C#\FinancialSystem(SVN)\FinancialSystem\Application\Home\Controller\CommonController.class.php 第 12 行.
NOTIC: [8192] Non-static method Common\Common\Enum::ProvinceArray() should not be called statically, assuming $this from incompatible context E:\C#\FinancialSystem(SVN)\FinancialSystem\Application\Common\Common\Enum.class.php 第 137 行.
NOTIC: [8] Undefined variable: XmlFile E:\C#\FinancialSystem(SVN)\FinancialSystem\Application\Common\Common\Enum.class.php 第 137 行.

[ 2016-04-18T19:01:51+08:00 ] 127.0.0.1 /index.php/Home/Common/GetSalaryReport
INFO: [ app_begin ] --START--
INFO: Run Behavior\ReadHtmlCacheBehavior [ RunTime:0.001000s ]
NOTIC: [8192] Function mcrypt_cbc() is deprecated E:\C#\FinancialSystem(SVN)\FinancialSystem\Application\Common\Common\DesHelper.class.php 第 44 行.
INFO: Run Common\Behavior\ActionStartBehavior [ RunTime:0.002000s ]
INFO: [ app_begin ] --END-- [ RunTime:0.003000s ]
NOTIC: [8] A session had already been started - ignoring session_start() E:\C#\FinancialSystem(SVN)\FinancialSystem\ThinkPHP\Common\functions.php 第 1263 行.
NOTIC: [8] Undefined offset: 0 E:\C#\FinancialSystem(SVN)\FinancialSystem\Application\Common\Common\APIHandler.class.php 第 54 行.
NOTIC: [8] Undefined offset: 1 E:\C#\FinancialSystem(SVN)\FinancialSystem\Application\Common\Common\APIHandler.class.php 第 55 行.
NOTIC: [8] Undefined offset: 2 E:\C#\FinancialSystem(SVN)\FinancialSystem\Application\Common\Common\APIHandler.class.php 第 56 行.
NOTIC: [2] Invalid argument supplied for foreach() E:\C#\FinancialSystem(SVN)\FinancialSystem\Application\Common\Common\APIHandler.class.php 第 135 行.

[ 2016-04-18T19:01:53+08:00 ] 127.0.0.1 /index.php/Common/provinceList?r=0.33835780108347535
INFO: [ app_begin ] --START--
INFO: Run Behavior\ReadHtmlCacheBehavior [ RunTime:0.002000s ]
NOTIC: [8192] Function mcrypt_cbc() is deprecated E:\C#\FinancialSystem(SVN)\FinancialSystem\Application\Common\Common\DesHelper.class.php 第 44 行.
INFO: Run Common\Behavior\ActionStartBehavior [ RunTime:0.001001s ]
INFO: [ app_begin ] --END-- [ RunTime:0.003001s ]
NOTIC: [8] A session had already been started - ignoring session_start() E:\C#\FinancialSystem(SVN)\FinancialSystem\ThinkPHP\Common\functions.php 第 1263 行.
NOTIC: [8192] Non-static method Common\Common\Enum::GetProvinces() should not be called statically, assuming $this from incompatible context E:\C#\FinancialSystem(SVN)\FinancialSystem\Application\Home\Controller\CommonController.class.php 第 12 行.
NOTIC: [8192] Non-static method Common\Common\Enum::ProvinceArray() should not be called statically, assuming $this from incompatible context E:\C#\FinancialSystem(SVN)\FinancialSystem\Application\Common\Common\Enum.class.php 第 137 行.
NOTIC: [8] Undefined variable: XmlFile E:\C#\FinancialSystem(SVN)\FinancialSystem\Application\Common\Common\Enum.class.php 第 137 行.

[ 2016-04-18T19:01:53+08:00 ] 127.0.0.1 /index.php/Home/Common/GetSalaryReport
INFO: [ app_begin ] --START--
INFO: Run Behavior\ReadHtmlCacheBehavior [ RunTime:0.000000s ]
NOTIC: [8192] Function mcrypt_cbc() is deprecated E:\C#\FinancialSystem(SVN)\FinancialSystem\Application\Common\Common\DesHelper.class.php 第 44 行.
INFO: Run Common\Behavior\ActionStartBehavior [ RunTime:0.001000s ]
INFO: [ app_begin ] --END-- [ RunTime:0.002000s ]
NOTIC: [8] A session had already been started - ignoring session_start() E:\C#\FinancialSystem(SVN)\FinancialSystem\ThinkPHP\Common\functions.php 第 1263 行.
NOTIC: [8] Undefined offset: 0 E:\C#\FinancialSystem(SVN)\FinancialSystem\Application\Common\Common\APIHandler.class.php 第 54 行.
NOTIC: [8] Undefined offset: 1 E:\C#\FinancialSystem(SVN)\FinancialSystem\Application\Common\Common\APIHandler.class.php 第 55 行.
NOTIC: [8] Undefined offset: 2 E:\C#\FinancialSystem(SVN)\FinancialSystem\Application\Common\Common\APIHandler.class.php 第 56 行.
NOTIC: [2] Invalid argument supplied for foreach() E:\C#\FinancialSystem(SVN)\FinancialSystem\Application\Common\Common\APIHandler.class.php 第 135 行.

[ 2016-04-18T19:01:59+08:00 ] 127.0.0.1 /index.php/Common/provinceList?r=0.4841759637929499
INFO: [ app_begin ] --START--
INFO: Run Behavior\ReadHtmlCacheBehavior [ RunTime:0.001000s ]
NOTIC: [8192] Function mcrypt_cbc() is deprecated E:\C#\FinancialSystem(SVN)\FinancialSystem\Application\Common\Common\DesHelper.class.php 第 44 行.
INFO: Run Common\Behavior\ActionStartBehavior [ RunTime:0.005000s ]
INFO: [ app_begin ] --END-- [ RunTime:0.006000s ]
NOTIC: [8] A session had already been started - ignoring session_start() E:\C#\FinancialSystem(SVN)\FinancialSystem\ThinkPHP\Common\functions.php 第 1263 行.
NOTIC: [8192] Non-static method Common\Common\Enum::GetProvinces() should not be called statically, assuming $this from incompatible context E:\C#\FinancialSystem(SVN)\FinancialSystem\Application\Home\Controller\CommonController.class.php 第 12 行.
NOTIC: [8192] Non-static method Common\Common\Enum::ProvinceArray() should not be called statically, assuming $this from incompatible context E:\C#\FinancialSystem(SVN)\FinancialSystem\Application\Common\Common\Enum.class.php 第 137 行.
NOTIC: [8] Undefined variable: XmlFile E:\C#\FinancialSystem(SVN)\FinancialSystem\Application\Common\Common\Enum.class.php 第 137 行.

[ 2016-04-18T19:01:59+08:00 ] 127.0.0.1 /index.php/Common/provinceList?r=0.2622195961885154
INFO: [ app_begin ] --START--
INFO: Run Behavior\ReadHtmlCacheBehavior [ RunTime:0.003000s ]
NOTIC: [8192] Function mcrypt_cbc() is deprecated E:\C#\FinancialSystem(SVN)\FinancialSystem\Application\Common\Common\DesHelper.class.php 第 44 行.
INFO: Run Common\Behavior\ActionStartBehavior [ RunTime:0.005001s ]
INFO: [ app_begin ] --END-- [ RunTime:0.008001s ]
NOTIC: [8] A session had already been started - ignoring session_start() E:\C#\FinancialSystem(SVN)\FinancialSystem\ThinkPHP\Common\functions.php 第 1263 行.
NOTIC: [8192] Non-static method Common\Common\Enum::GetProvinces() should not be called statically, assuming $this from incompatible context E:\C#\FinancialSystem(SVN)\FinancialSystem\Application\Home\Controller\CommonController.class.php 第 12 行.
NOTIC: [8192] Non-static method Common\Common\Enum::ProvinceArray() should not be called statically, assuming $this from incompatible context E:\C#\FinancialSystem(SVN)\FinancialSystem\Application\Common\Common\Enum.class.php 第 137 行.
NOTIC: [8] Undefined variable: XmlFile E:\C#\FinancialSystem(SVN)\FinancialSystem\Application\Common\Common\Enum.class.php 第 137 行.

[ 2016-04-18T19:01:59+08:00 ] 127.0.0.1 /index.php/Home/Common/GetSalaryReport
INFO: [ app_begin ] --START--
INFO: Run Behavior\ReadHtmlCacheBehavior [ RunTime:0.001000s ]
NOTIC: [8192] Function mcrypt_cbc() is deprecated E:\C#\FinancialSystem(SVN)\FinancialSystem\Application\Common\Common\DesHelper.class.php 第 44 行.
INFO: Run Common\Behavior\ActionStartBehavior [ RunTime:0.003000s ]
INFO: [ app_begin ] --END-- [ RunTime:0.006000s ]
NOTIC: [8] A session had already been started - ignoring session_start() E:\C#\FinancialSystem(SVN)\FinancialSystem\ThinkPHP\Common\functions.php 第 1263 行.
NOTIC: [8] Undefined offset: 0 E:\C#\FinancialSystem(SVN)\FinancialSystem\Application\Common\Common\APIHandler.class.php 第 54 行.
NOTIC: [8] Undefined offset: 1 E:\C#\FinancialSystem(SVN)\FinancialSystem\Application\Common\Common\APIHandler.class.php 第 55 行.
NOTIC: [8] Undefined offset: 2 E:\C#\FinancialSystem(SVN)\FinancialSystem\Application\Common\Common\APIHandler.class.php 第 56 行.
NOTIC: [2] Invalid argument supplied for foreach() E:\C#\FinancialSystem(SVN)\FinancialSystem\Application\Common\Common\APIHandler.class.php 第 135 行.

[ 2016-04-18T20:38:17+08:00 ] 127.0.0.1 /index.php/Common/provinceList?r=0.6653160089626908
INFO: [ app_begin ] --START--
INFO: Run Behavior\ReadHtmlCacheBehavior [ RunTime:0.001000s ]
NOTIC: [8192] Function mcrypt_cbc() is deprecated E:\C#\FinancialSystem(SVN)\FinancialSystem\Application\Common\Common\DesHelper.class.php 第 44 行.
INFO: Run Common\Behavior\ActionStartBehavior [ RunTime:0.003000s ]
INFO: [ app_begin ] --END-- [ RunTime:0.004000s ]
NOTIC: [8] A session had already been started - ignoring session_start() E:\C#\FinancialSystem(SVN)\FinancialSystem\ThinkPHP\Common\functions.php 第 1263 行.
NOTIC: [8192] Non-static method Common\Common\Enum::GetProvinces() should not be called statically, assuming $this from incompatible context E:\C#\FinancialSystem(SVN)\FinancialSystem\Application\Home\Controller\CommonController.class.php 第 12 行.
NOTIC: [8192] Non-static method Common\Common\Enum::ProvinceArray() should not be called statically, assuming $this from incompatible context E:\C#\FinancialSystem(SVN)\FinancialSystem\Application\Common\Common\Enum.class.php 第 137 行.
NOTIC: [8] Undefined variable: XmlFile E:\C#\FinancialSystem(SVN)\FinancialSystem\Application\Common\Common\Enum.class.php 第 137 行.

[ 2016-04-18T20:38:17+08:00 ] 127.0.0.1 /index.php/Home/Common/JobNumber
INFO: [ app_begin ] --START--
INFO: Run Behavior\ReadHtmlCacheBehavior [ RunTime:0.001000s ]
NOTIC: [8192] Function mcrypt_cbc() is deprecated E:\C#\FinancialSystem(SVN)\FinancialSystem\Application\Common\Common\DesHelper.class.php 第 44 行.
INFO: Run Common\Behavior\ActionStartBehavior [ RunTime:0.002000s ]
INFO: [ app_begin ] --END-- [ RunTime:0.003000s ]
NOTIC: [8] A session had already been started - ignoring session_start() E:\C#\FinancialSystem(SVN)\FinancialSystem\ThinkPHP\Common\functions.php 第 1263 行.
NOTIC: [8] Undefined offset: 0 E:\C#\FinancialSystem(SVN)\FinancialSystem\Application\Common\Common\APIHandler.class.php 第 54 行.
NOTIC: [8] Undefined offset: 1 E:\C#\FinancialSystem(SVN)\FinancialSystem\Application\Common\Common\APIHandler.class.php 第 55 行.
NOTIC: [8] Undefined offset: 2 E:\C#\FinancialSystem(SVN)\FinancialSystem\Application\Common\Common\APIHandler.class.php 第 56 行.
NOTIC: [2] Invalid argument supplied for foreach() E:\C#\FinancialSystem(SVN)\FinancialSystem\Application\Common\Common\APIHandler.class.php 第 135 行.

[ 2016-04-18T20:38:17+08:00 ] 127.0.0.1 /index.php/Home/Common/SalaryNumber
INFO: [ app_begin ] --START--
INFO: Run Behavior\ReadHtmlCacheBehavior [ RunTime:0.001000s ]
NOTIC: [8192] Function mcrypt_cbc() is deprecated E:\C#\FinancialSystem(SVN)\FinancialSystem\Application\Common\Common\DesHelper.class.php 第 44 行.
INFO: Run Common\Behavior\ActionStartBehavior [ RunTime:0.003000s ]
INFO: [ app_begin ] --END-- [ RunTime:0.004000s ]
NOTIC: [8] A session had already been started - ignoring session_start() E:\C#\FinancialSystem(SVN)\FinancialSystem\ThinkPHP\Common\functions.php 第 1263 行.
NOTIC: [8] Undefined offset: 0 E:\C#\FinancialSystem(SVN)\FinancialSystem\Application\Common\Common\APIHandler.class.php 第 54 行.
NOTIC: [8] Undefined offset: 1 E:\C#\FinancialSystem(SVN)\FinancialSystem\Application\Common\Common\APIHandler.class.php 第 55 行.
NOTIC: [8] Undefined offset: 2 E:\C#\FinancialSystem(SVN)\FinancialSystem\Application\Common\Common\APIHandler.class.php 第 56 行.
NOTIC: [2] Invalid argument supplied for foreach() E:\C#\FinancialSystem(SVN)\FinancialSystem\Application\Common\Common\APIHandler.class.php 第 135 行.

[ 2016-04-18T20:38:17+08:00 ] 127.0.0.1 /index.php/Home/Common/GetClass1Dt
INFO: [ app_begin ] --START--
INFO: Run Behavior\ReadHtmlCacheBehavior [ RunTime:0.001000s ]
NOTIC: [8192] Function mcrypt_cbc() is deprecated E:\C#\FinancialSystem(SVN)\FinancialSystem\Application\Common\Common\DesHelper.class.php 第 44 行.
INFO: Run Common\Behavior\ActionStartBehavior [ RunTime:0.002000s ]
INFO: [ app_begin ] --END-- [ RunTime:0.003000s ]
NOTIC: [8] A session had already been started - ignoring session_start() E:\C#\FinancialSystem(SVN)\FinancialSystem\ThinkPHP\Common\functions.php 第 1263 行.
NOTIC: [8] Undefined offset: 0 E:\C#\FinancialSystem(SVN)\FinancialSystem\Application\Common\Common\APIHandler.class.php 第 54 行.
NOTIC: [8] Undefined offset: 1 E:\C#\FinancialSystem(SVN)\FinancialSystem\Application\Common\Common\APIHandler.class.php 第 55 行.
NOTIC: [8] Undefined offset: 2 E:\C#\FinancialSystem(SVN)\FinancialSystem\Application\Common\Common\APIHandler.class.php 第 56 行.
NOTIC: [2] Invalid argument supplied for foreach() E:\C#\FinancialSystem(SVN)\FinancialSystem\Application\Common\Common\APIHandler.class.php 第 135 行.

[ 2016-04-18T20:38:17+08:00 ] 127.0.0.1 /index.php/Home/Common/GetSalaryReport
INFO: [ app_begin ] --START--
INFO: Run Behavior\ReadHtmlCacheBehavior [ RunTime:0.001000s ]
NOTIC: [8192] Function mcrypt_cbc() is deprecated E:\C#\FinancialSystem(SVN)\FinancialSystem\Application\Common\Common\DesHelper.class.php 第 44 行.
INFO: Run Common\Behavior\ActionStartBehavior [ RunTime:0.003001s ]
INFO: [ app_begin ] --END-- [ RunTime:0.004001s ]
NOTIC: [8] A session had already been started - ignoring session_start() E:\C#\FinancialSystem(SVN)\FinancialSystem\ThinkPHP\Common\functions.php 第 1263 行.
NOTIC: [8] Undefined offset: 0 E:\C#\FinancialSystem(SVN)\FinancialSystem\Application\Common\Common\APIHandler.class.php 第 54 行.
NOTIC: [8] Undefined offset: 1 E:\C#\FinancialSystem(SVN)\FinancialSystem\Application\Common\Common\APIHandler.class.php 第 55 行.
NOTIC: [8] Undefined offset: 2 E:\C#\FinancialSystem(SVN)\FinancialSystem\Application\Common\Common\APIHandler.class.php 第 56 行.
NOTIC: [2] Invalid argument supplied for foreach() E:\C#\FinancialSystem(SVN)\FinancialSystem\Application\Common\Common\APIHandler.class.php 第 135 行.

