[ 2016-03-26T10:15:51+08:00 ] 127.0.0.1 /index.php/Common/provinceList?r=0.3042183986399323
INFO: [ app_begin ] --START--
INFO: Run Behavior\ReadHtmlCacheBehavior [ RunTime:0.000000s ]
NOTIC: [8192] Function mcrypt_cbc() is deprecated E:\C#\FinancialSystem(SVN)\FinancialSystem\Application\Common\Common\DesHelper.class.php 第 44 行.
INFO: Run Common\Behavior\ActionStartBehavior [ RunTime:0.002000s ]
INFO: [ app_begin ] --END-- [ RunTime:0.002000s ]
NOTIC: [8] A session had already been started - ignoring session_start() E:\C#\FinancialSystem(SVN)\FinancialSystem\ThinkPHP\Common\functions.php 第 1263 行.
NOTIC: [8192] Non-static method Common\Common\Enum::GetProvinces() should not be called statically, assuming $this from incompatible context E:\C#\FinancialSystem(SVN)\FinancialSystem\Application\Home\Controller\CommonController.class.php 第 12 行.
NOTIC: [8192] Non-static method Common\Common\Enum::ProvinceArray() should not be called statically, assuming $this from incompatible context E:\C#\FinancialSystem(SVN)\FinancialSystem\Application\Common\Common\Enum.class.php 第 137 行.
NOTIC: [8] Undefined variable: XmlFile E:\C#\FinancialSystem(SVN)\FinancialSystem\Application\Common\Common\Enum.class.php 第 137 行.

[ 2016-03-26T10:15:51+08:00 ] 127.0.0.1 /index.php/Common/provinceList?r=0.368889800272882
INFO: [ app_begin ] --START--
INFO: Run Behavior\ReadHtmlCacheBehavior [ RunTime:0.001000s ]
NOTIC: [8192] Function mcrypt_cbc() is deprecated E:\C#\FinancialSystem(SVN)\FinancialSystem\Application\Common\Common\DesHelper.class.php 第 44 行.
INFO: Run Common\Behavior\ActionStartBehavior [ RunTime:0.001000s ]
INFO: [ app_begin ] --END-- [ RunTime:0.002000s ]
NOTIC: [8] A session had already been started - ignoring session_start() E:\C#\FinancialSystem(SVN)\FinancialSystem\ThinkPHP\Common\functions.php 第 1263 行.
NOTIC: [8192] Non-static method Common\Common\Enum::GetProvinces() should not be called statically, assuming $this from incompatible context E:\C#\FinancialSystem(SVN)\FinancialSystem\Application\Home\Controller\CommonController.class.php 第 12 行.
NOTIC: [8192] Non-static method Common\Common\Enum::ProvinceArray() should not be called statically, assuming $this from incompatible context E:\C#\FinancialSystem(SVN)\FinancialSystem\Application\Common\Common\Enum.class.php 第 137 行.
NOTIC: [8] Undefined variable: XmlFile E:\C#\FinancialSystem(SVN)\FinancialSystem\Application\Common\Common\Enum.class.php 第 137 行.

[ 2016-03-26T10:15:51+08:00 ] 127.0.0.1 /index.php/Home/Common/GetSalaryReport
INFO: [ app_begin ] --START--
INFO: Run Behavior\ReadHtmlCacheBehavior [ RunTime:0.001000s ]
NOTIC: [8192] Function mcrypt_cbc() is deprecated E:\C#\FinancialSystem(SVN)\FinancialSystem\Application\Common\Common\DesHelper.class.php 第 44 行.
INFO: Run Common\Behavior\ActionStartBehavior [ RunTime:0.001000s ]
INFO: [ app_begin ] --END-- [ RunTime:0.002000s ]
NOTIC: [8] A session had already been started - ignoring session_start() E:\C#\FinancialSystem(SVN)\FinancialSystem\ThinkPHP\Common\functions.php 第 1263 行.
NOTIC: [8] Undefined offset: 0 E:\C#\FinancialSystem(SVN)\FinancialSystem\Application\Common\Common\APIHandler.class.php 第 53 行.
NOTIC: [8] Undefined offset: 1 E:\C#\FinancialSystem(SVN)\FinancialSystem\Application\Common\Common\APIHandler.class.php 第 54 行.
NOTIC: [2] Invalid argument supplied for foreach() E:\C#\FinancialSystem(SVN)\FinancialSystem\Application\Common\Common\APIHandler.class.php 第 123 行.

[ 2016-03-26T10:15:51+08:00 ] 127.0.0.1 /index.php/Home/Common/GetSalaryReport
INFO: [ app_begin ] --START--
INFO: Run Behavior\ReadHtmlCacheBehavior [ RunTime:0.001000s ]
NOTIC: [8192] Function mcrypt_cbc() is deprecated E:\C#\FinancialSystem(SVN)\FinancialSystem\Application\Common\Common\DesHelper.class.php 第 44 行.
INFO: Run Common\Behavior\ActionStartBehavior [ RunTime:0.001000s ]
INFO: [ app_begin ] --END-- [ RunTime:0.002000s ]
NOTIC: [8] A session had already been started - ignoring session_start() E:\C#\FinancialSystem(SVN)\FinancialSystem\ThinkPHP\Common\functions.php 第 1263 行.
NOTIC: [8] Undefined offset: 0 E:\C#\FinancialSystem(SVN)\FinancialSystem\Application\Common\Common\APIHandler.class.php 第 53 行.
NOTIC: [8] Undefined offset: 1 E:\C#\FinancialSystem(SVN)\FinancialSystem\Application\Common\Common\APIHandler.class.php 第 54 行.
NOTIC: [2] Invalid argument supplied for foreach() E:\C#\FinancialSystem(SVN)\FinancialSystem\Application\Common\Common\APIHandler.class.php 第 123 行.

