[ 2016-03-24T08:39:30+08:00 ] 127.0.0.1 /index.php/Common/provinceList?r=0.4325089280027896
INFO: [ app_begin ] --START--
INFO: Run Behavior\ReadHtmlCacheBehavior [ RunTime:0.001000s ]
NOTIC: [8192] Function mcrypt_cbc() is deprecated E:\C#\FinancialSystem(SVN)\FinancialSystem\Application\Common\Common\DesHelper.class.php 第 44 行.
INFO: Run Common\Behavior\ActionStartBehavior [ RunTime:0.002000s ]
INFO: [ app_begin ] --END-- [ RunTime:0.003000s ]
NOTIC: [8] A session had already been started - ignoring session_start() E:\C#\FinancialSystem(SVN)\FinancialSystem\ThinkPHP\Common\functions.php 第 1263 行.
NOTIC: [8192] Non-static method Common\Common\Enum::GetProvinces() should not be called statically, assuming $this from incompatible context E:\C#\FinancialSystem(SVN)\FinancialSystem\Application\Home\Controller\CommonController.class.php 第 12 行.
NOTIC: [8192] Non-static method Common\Common\Enum::ProvinceArray() should not be called statically, assuming $this from incompatible context E:\C#\FinancialSystem(SVN)\FinancialSystem\Application\Common\Common\Enum.class.php 第 137 行.
NOTIC: [8] Undefined variable: XmlFile E:\C#\FinancialSystem(SVN)\FinancialSystem\Application\Common\Common\Enum.class.php 第 137 行.

[ 2016-03-24T08:39:30+08:00 ] 127.0.0.1 /index.php/Home/Common/GetClass1Dt
INFO: [ app_begin ] --START--
INFO: Run Behavior\ReadHtmlCacheBehavior [ RunTime:0.000000s ]
NOTIC: [8192] Function mcrypt_cbc() is deprecated E:\C#\FinancialSystem(SVN)\FinancialSystem\Application\Common\Common\DesHelper.class.php 第 44 行.
INFO: Run Common\Behavior\ActionStartBehavior [ RunTime:0.001000s ]
INFO: [ app_begin ] --END-- [ RunTime:0.001000s ]
NOTIC: [8] A session had already been started - ignoring session_start() E:\C#\FinancialSystem(SVN)\FinancialSystem\ThinkPHP\Common\functions.php 第 1263 行.
NOTIC: [8] Undefined offset: 0 E:\C#\FinancialSystem(SVN)\FinancialSystem\Application\Common\Common\APIHandler.class.php 第 53 行.
NOTIC: [8] Undefined offset: 1 E:\C#\FinancialSystem(SVN)\FinancialSystem\Application\Common\Common\APIHandler.class.php 第 54 行.
NOTIC: [2] Invalid argument supplied for foreach() E:\C#\FinancialSystem(SVN)\FinancialSystem\Application\Common\Common\APIHandler.class.php 第 123 行.

[ 2016-03-24T08:39:30+08:00 ] 127.0.0.1 /index.php/Home/Common/GetSalaryReport
INFO: [ app_begin ] --START--
INFO: Run Behavior\ReadHtmlCacheBehavior [ RunTime:0.001000s ]
NOTIC: [8192] Function mcrypt_cbc() is deprecated E:\C#\FinancialSystem(SVN)\FinancialSystem\Application\Common\Common\DesHelper.class.php 第 44 行.
INFO: Run Common\Behavior\ActionStartBehavior [ RunTime:0.003001s ]
INFO: [ app_begin ] --END-- [ RunTime:0.004001s ]
NOTIC: [8] A session had already been started - ignoring session_start() E:\C#\FinancialSystem(SVN)\FinancialSystem\ThinkPHP\Common\functions.php 第 1263 行.
NOTIC: [8] Undefined offset: 0 E:\C#\FinancialSystem(SVN)\FinancialSystem\Application\Common\Common\APIHandler.class.php 第 53 行.
NOTIC: [8] Undefined offset: 1 E:\C#\FinancialSystem(SVN)\FinancialSystem\Application\Common\Common\APIHandler.class.php 第 54 行.
NOTIC: [2] Invalid argument supplied for foreach() E:\C#\FinancialSystem(SVN)\FinancialSystem\Application\Common\Common\APIHandler.class.php 第 123 行.

[ 2016-03-24T11:00:16+08:00 ] 127.0.0.1 /index.php/Common/provinceList?r=0.6408425234258175
INFO: [ app_begin ] --START--
INFO: Run Behavior\ReadHtmlCacheBehavior [ RunTime:0.001000s ]
NOTIC: [8192] Function mcrypt_cbc() is deprecated E:\C#\FinancialSystem(SVN)\FinancialSystem\Application\Common\Common\DesHelper.class.php 第 44 行.
INFO: Run Common\Behavior\ActionStartBehavior [ RunTime:0.006000s ]
INFO: [ app_begin ] --END-- [ RunTime:0.008000s ]
NOTIC: [8] A session had already been started - ignoring session_start() E:\C#\FinancialSystem(SVN)\FinancialSystem\ThinkPHP\Common\functions.php 第 1263 行.
NOTIC: [8192] Non-static method Common\Common\Enum::GetProvinces() should not be called statically, assuming $this from incompatible context E:\C#\FinancialSystem(SVN)\FinancialSystem\Application\Home\Controller\CommonController.class.php 第 12 行.
NOTIC: [8192] Non-static method Common\Common\Enum::ProvinceArray() should not be called statically, assuming $this from incompatible context E:\C#\FinancialSystem(SVN)\FinancialSystem\Application\Common\Common\Enum.class.php 第 137 行.
NOTIC: [8] Undefined variable: XmlFile E:\C#\FinancialSystem(SVN)\FinancialSystem\Application\Common\Common\Enum.class.php 第 137 行.

[ 2016-03-24T11:00:16+08:00 ] 127.0.0.1 /index.php/Home/Common/GetClass1Dt
INFO: [ app_begin ] --START--
INFO: Run Behavior\ReadHtmlCacheBehavior [ RunTime:0.001000s ]
NOTIC: [8192] Function mcrypt_cbc() is deprecated E:\C#\FinancialSystem(SVN)\FinancialSystem\Application\Common\Common\DesHelper.class.php 第 44 行.
INFO: Run Common\Behavior\ActionStartBehavior [ RunTime:0.003000s ]
INFO: [ app_begin ] --END-- [ RunTime:0.004000s ]
NOTIC: [8] A session had already been started - ignoring session_start() E:\C#\FinancialSystem(SVN)\FinancialSystem\ThinkPHP\Common\functions.php 第 1263 行.
NOTIC: [8] Undefined offset: 0 E:\C#\FinancialSystem(SVN)\FinancialSystem\Application\Common\Common\APIHandler.class.php 第 53 行.
NOTIC: [8] Undefined offset: 1 E:\C#\FinancialSystem(SVN)\FinancialSystem\Application\Common\Common\APIHandler.class.php 第 54 行.
NOTIC: [2] Invalid argument supplied for foreach() E:\C#\FinancialSystem(SVN)\FinancialSystem\Application\Common\Common\APIHandler.class.php 第 123 行.

[ 2016-03-24T11:00:17+08:00 ] 127.0.0.1 /index.php/Home/Common/GetSalaryReport
INFO: [ app_begin ] --START--
INFO: Run Behavior\ReadHtmlCacheBehavior [ RunTime:0.001000s ]
NOTIC: [8192] Function mcrypt_cbc() is deprecated E:\C#\FinancialSystem(SVN)\FinancialSystem\Application\Common\Common\DesHelper.class.php 第 44 行.
INFO: Run Common\Behavior\ActionStartBehavior [ RunTime:0.003001s ]
INFO: [ app_begin ] --END-- [ RunTime:0.004001s ]
NOTIC: [8] A session had already been started - ignoring session_start() E:\C#\FinancialSystem(SVN)\FinancialSystem\ThinkPHP\Common\functions.php 第 1263 行.
NOTIC: [8] Undefined offset: 0 E:\C#\FinancialSystem(SVN)\FinancialSystem\Application\Common\Common\APIHandler.class.php 第 53 行.
NOTIC: [8] Undefined offset: 1 E:\C#\FinancialSystem(SVN)\FinancialSystem\Application\Common\Common\APIHandler.class.php 第 54 行.
NOTIC: [2] Invalid argument supplied for foreach() E:\C#\FinancialSystem(SVN)\FinancialSystem\Application\Common\Common\APIHandler.class.php 第 123 行.

[ 2016-03-24T13:38:27+08:00 ] 127.0.0.1 /index.php/Common/provinceList?r=0.820076173869893
INFO: [ app_begin ] --START--
INFO: Run Behavior\ReadHtmlCacheBehavior [ RunTime:0.001000s ]
NOTIC: [8192] Function mcrypt_cbc() is deprecated E:\C#\FinancialSystem(SVN)\FinancialSystem\Application\Common\Common\DesHelper.class.php 第 44 行.
INFO: Run Common\Behavior\ActionStartBehavior [ RunTime:0.003000s ]
INFO: [ app_begin ] --END-- [ RunTime:0.004000s ]
NOTIC: [8] A session had already been started - ignoring session_start() E:\C#\FinancialSystem(SVN)\FinancialSystem\ThinkPHP\Common\functions.php 第 1263 行.
NOTIC: [8192] Non-static method Common\Common\Enum::GetProvinces() should not be called statically, assuming $this from incompatible context E:\C#\FinancialSystem(SVN)\FinancialSystem\Application\Home\Controller\CommonController.class.php 第 12 行.
NOTIC: [8192] Non-static method Common\Common\Enum::ProvinceArray() should not be called statically, assuming $this from incompatible context E:\C#\FinancialSystem(SVN)\FinancialSystem\Application\Common\Common\Enum.class.php 第 137 行.
NOTIC: [8] Undefined variable: XmlFile E:\C#\FinancialSystem(SVN)\FinancialSystem\Application\Common\Common\Enum.class.php 第 137 行.

[ 2016-03-24T13:38:27+08:00 ] 127.0.0.1 /index.php/Home/Common/GetClass1Dt
INFO: [ app_begin ] --START--
INFO: Run Behavior\ReadHtmlCacheBehavior [ RunTime:0.002000s ]
NOTIC: [8192] Function mcrypt_cbc() is deprecated E:\C#\FinancialSystem(SVN)\FinancialSystem\Application\Common\Common\DesHelper.class.php 第 44 行.
INFO: Run Common\Behavior\ActionStartBehavior [ RunTime:0.003001s ]
INFO: [ app_begin ] --END-- [ RunTime:0.005001s ]
NOTIC: [8] A session had already been started - ignoring session_start() E:\C#\FinancialSystem(SVN)\FinancialSystem\ThinkPHP\Common\functions.php 第 1263 行.
NOTIC: [8] Undefined offset: 0 E:\C#\FinancialSystem(SVN)\FinancialSystem\Application\Common\Common\APIHandler.class.php 第 53 行.
NOTIC: [8] Undefined offset: 1 E:\C#\FinancialSystem(SVN)\FinancialSystem\Application\Common\Common\APIHandler.class.php 第 54 行.
NOTIC: [2] Invalid argument supplied for foreach() E:\C#\FinancialSystem(SVN)\FinancialSystem\Application\Common\Common\APIHandler.class.php 第 123 行.

[ 2016-03-24T13:38:27+08:00 ] 127.0.0.1 /index.php/Home/Common/GetSalaryReport
INFO: [ app_begin ] --START--
INFO: Run Behavior\ReadHtmlCacheBehavior [ RunTime:0.002000s ]
NOTIC: [8192] Function mcrypt_cbc() is deprecated E:\C#\FinancialSystem(SVN)\FinancialSystem\Application\Common\Common\DesHelper.class.php 第 44 行.
INFO: Run Common\Behavior\ActionStartBehavior [ RunTime:0.003000s ]
INFO: [ app_begin ] --END-- [ RunTime:0.005000s ]
NOTIC: [8] A session had already been started - ignoring session_start() E:\C#\FinancialSystem(SVN)\FinancialSystem\ThinkPHP\Common\functions.php 第 1263 行.
NOTIC: [8] Undefined offset: 0 E:\C#\FinancialSystem(SVN)\FinancialSystem\Application\Common\Common\APIHandler.class.php 第 53 行.
NOTIC: [8] Undefined offset: 1 E:\C#\FinancialSystem(SVN)\FinancialSystem\Application\Common\Common\APIHandler.class.php 第 54 行.
NOTIC: [2] Invalid argument supplied for foreach() E:\C#\FinancialSystem(SVN)\FinancialSystem\Application\Common\Common\APIHandler.class.php 第 123 行.

[ 2016-03-24T13:38:32+08:00 ] 127.0.0.1 /index.php/Common/provinceList?r=0.25378464767709374
INFO: [ app_begin ] --START--
INFO: Run Behavior\ReadHtmlCacheBehavior [ RunTime:0.002000s ]
NOTIC: [8192] Function mcrypt_cbc() is deprecated E:\C#\FinancialSystem(SVN)\FinancialSystem\Application\Common\Common\DesHelper.class.php 第 44 行.
INFO: Run Common\Behavior\ActionStartBehavior [ RunTime:0.004000s ]
INFO: [ app_begin ] --END-- [ RunTime:0.006000s ]
NOTIC: [8] A session had already been started - ignoring session_start() E:\C#\FinancialSystem(SVN)\FinancialSystem\ThinkPHP\Common\functions.php 第 1263 行.
NOTIC: [8192] Non-static method Common\Common\Enum::GetProvinces() should not be called statically, assuming $this from incompatible context E:\C#\FinancialSystem(SVN)\FinancialSystem\Application\Home\Controller\CommonController.class.php 第 12 行.
NOTIC: [8192] Non-static method Common\Common\Enum::ProvinceArray() should not be called statically, assuming $this from incompatible context E:\C#\FinancialSystem(SVN)\FinancialSystem\Application\Common\Common\Enum.class.php 第 137 行.
NOTIC: [8] Undefined variable: XmlFile E:\C#\FinancialSystem(SVN)\FinancialSystem\Application\Common\Common\Enum.class.php 第 137 行.

[ 2016-03-24T13:38:32+08:00 ] 127.0.0.1 /index.php/Home/Common/GetClass1Dt
INFO: [ app_begin ] --START--
INFO: Run Behavior\ReadHtmlCacheBehavior [ RunTime:0.001000s ]
NOTIC: [8192] Function mcrypt_cbc() is deprecated E:\C#\FinancialSystem(SVN)\FinancialSystem\Application\Common\Common\DesHelper.class.php 第 44 行.
INFO: Run Common\Behavior\ActionStartBehavior [ RunTime:0.002000s ]
INFO: [ app_begin ] --END-- [ RunTime:0.003000s ]
NOTIC: [8] A session had already been started - ignoring session_start() E:\C#\FinancialSystem(SVN)\FinancialSystem\ThinkPHP\Common\functions.php 第 1263 行.
NOTIC: [8] Undefined offset: 0 E:\C#\FinancialSystem(SVN)\FinancialSystem\Application\Common\Common\APIHandler.class.php 第 53 行.
NOTIC: [8] Undefined offset: 1 E:\C#\FinancialSystem(SVN)\FinancialSystem\Application\Common\Common\APIHandler.class.php 第 54 行.
NOTIC: [2] Invalid argument supplied for foreach() E:\C#\FinancialSystem(SVN)\FinancialSystem\Application\Common\Common\APIHandler.class.php 第 123 行.

[ 2016-03-24T13:38:32+08:00 ] 127.0.0.1 /index.php/Home/Common/GetSalaryReport
INFO: [ app_begin ] --START--
INFO: Run Behavior\ReadHtmlCacheBehavior [ RunTime:0.001000s ]
NOTIC: [8192] Function mcrypt_cbc() is deprecated E:\C#\FinancialSystem(SVN)\FinancialSystem\Application\Common\Common\DesHelper.class.php 第 44 行.
INFO: Run Common\Behavior\ActionStartBehavior [ RunTime:0.002000s ]
INFO: [ app_begin ] --END-- [ RunTime:0.003000s ]
NOTIC: [8] A session had already been started - ignoring session_start() E:\C#\FinancialSystem(SVN)\FinancialSystem\ThinkPHP\Common\functions.php 第 1263 行.
NOTIC: [8] Undefined offset: 0 E:\C#\FinancialSystem(SVN)\FinancialSystem\Application\Common\Common\APIHandler.class.php 第 53 行.
NOTIC: [8] Undefined offset: 1 E:\C#\FinancialSystem(SVN)\FinancialSystem\Application\Common\Common\APIHandler.class.php 第 54 行.
NOTIC: [2] Invalid argument supplied for foreach() E:\C#\FinancialSystem(SVN)\FinancialSystem\Application\Common\Common\APIHandler.class.php 第 123 行.

[ 2016-03-24T13:46:12+08:00 ] 127.0.0.1 /index.php/Common/provinceList?r=0.4222550035919994
INFO: [ app_begin ] --START--
INFO: Run Behavior\ReadHtmlCacheBehavior [ RunTime:0.002001s ]
NOTIC: [8192] Function mcrypt_cbc() is deprecated E:\C#\FinancialSystem(SVN)\FinancialSystem\Application\Common\Common\DesHelper.class.php 第 44 行.
INFO: Run Common\Behavior\ActionStartBehavior [ RunTime:0.007000s ]
INFO: [ app_begin ] --END-- [ RunTime:0.009001s ]
NOTIC: [8] A session had already been started - ignoring session_start() E:\C#\FinancialSystem(SVN)\FinancialSystem\ThinkPHP\Common\functions.php 第 1263 行.
NOTIC: [8192] Non-static method Common\Common\Enum::GetProvinces() should not be called statically, assuming $this from incompatible context E:\C#\FinancialSystem(SVN)\FinancialSystem\Application\Home\Controller\CommonController.class.php 第 12 行.
NOTIC: [8192] Non-static method Common\Common\Enum::ProvinceArray() should not be called statically, assuming $this from incompatible context E:\C#\FinancialSystem(SVN)\FinancialSystem\Application\Common\Common\Enum.class.php 第 137 行.
NOTIC: [8] Undefined variable: XmlFile E:\C#\FinancialSystem(SVN)\FinancialSystem\Application\Common\Common\Enum.class.php 第 137 行.

[ 2016-03-24T13:46:12+08:00 ] 127.0.0.1 /index.php/Home/Common/GetClass1Dt
INFO: [ app_begin ] --START--
INFO: Run Behavior\ReadHtmlCacheBehavior [ RunTime:0.001000s ]
NOTIC: [8192] Function mcrypt_cbc() is deprecated E:\C#\FinancialSystem(SVN)\FinancialSystem\Application\Common\Common\DesHelper.class.php 第 44 行.
INFO: Run Common\Behavior\ActionStartBehavior [ RunTime:0.003000s ]
INFO: [ app_begin ] --END-- [ RunTime:0.004000s ]
NOTIC: [8] A session had already been started - ignoring session_start() E:\C#\FinancialSystem(SVN)\FinancialSystem\ThinkPHP\Common\functions.php 第 1263 行.
NOTIC: [8] Undefined offset: 0 E:\C#\FinancialSystem(SVN)\FinancialSystem\Application\Common\Common\APIHandler.class.php 第 53 行.
NOTIC: [8] Undefined offset: 1 E:\C#\FinancialSystem(SVN)\FinancialSystem\Application\Common\Common\APIHandler.class.php 第 54 行.
NOTIC: [2] Invalid argument supplied for foreach() E:\C#\FinancialSystem(SVN)\FinancialSystem\Application\Common\Common\APIHandler.class.php 第 123 行.

[ 2016-03-24T13:46:12+08:00 ] 127.0.0.1 /index.php/Home/Common/GetSalaryReport
INFO: [ app_begin ] --START--
INFO: Run Behavior\ReadHtmlCacheBehavior [ RunTime:0.001000s ]
NOTIC: [8192] Function mcrypt_cbc() is deprecated E:\C#\FinancialSystem(SVN)\FinancialSystem\Application\Common\Common\DesHelper.class.php 第 44 行.
INFO: Run Common\Behavior\ActionStartBehavior [ RunTime:0.002000s ]
INFO: [ app_begin ] --END-- [ RunTime:0.004000s ]
NOTIC: [8] A session had already been started - ignoring session_start() E:\C#\FinancialSystem(SVN)\FinancialSystem\ThinkPHP\Common\functions.php 第 1263 行.
NOTIC: [8] Undefined offset: 0 E:\C#\FinancialSystem(SVN)\FinancialSystem\Application\Common\Common\APIHandler.class.php 第 53 行.
NOTIC: [8] Undefined offset: 1 E:\C#\FinancialSystem(SVN)\FinancialSystem\Application\Common\Common\APIHandler.class.php 第 54 行.
NOTIC: [2] Invalid argument supplied for foreach() E:\C#\FinancialSystem(SVN)\FinancialSystem\Application\Common\Common\APIHandler.class.php 第 123 行.

[ 2016-03-24T13:46:16+08:00 ] 127.0.0.1 /index.php/Common/provinceList?r=0.8487916081212461
INFO: [ app_begin ] --START--
INFO: Run Behavior\ReadHtmlCacheBehavior [ RunTime:0.002000s ]
NOTIC: [8192] Function mcrypt_cbc() is deprecated E:\C#\FinancialSystem(SVN)\FinancialSystem\Application\Common\Common\DesHelper.class.php 第 44 行.
INFO: Run Common\Behavior\ActionStartBehavior [ RunTime:0.003000s ]
INFO: [ app_begin ] --END-- [ RunTime:0.005000s ]
NOTIC: [8] A session had already been started - ignoring session_start() E:\C#\FinancialSystem(SVN)\FinancialSystem\ThinkPHP\Common\functions.php 第 1263 行.
NOTIC: [8192] Non-static method Common\Common\Enum::GetProvinces() should not be called statically, assuming $this from incompatible context E:\C#\FinancialSystem(SVN)\FinancialSystem\Application\Home\Controller\CommonController.class.php 第 12 行.
NOTIC: [8192] Non-static method Common\Common\Enum::ProvinceArray() should not be called statically, assuming $this from incompatible context E:\C#\FinancialSystem(SVN)\FinancialSystem\Application\Common\Common\Enum.class.php 第 137 行.
NOTIC: [8] Undefined variable: XmlFile E:\C#\FinancialSystem(SVN)\FinancialSystem\Application\Common\Common\Enum.class.php 第 137 行.

[ 2016-03-24T13:46:16+08:00 ] 127.0.0.1 /index.php/Home/Common/GetSalaryReport
INFO: [ app_begin ] --START--
INFO: Run Behavior\ReadHtmlCacheBehavior [ RunTime:0.001000s ]
NOTIC: [8192] Function mcrypt_cbc() is deprecated E:\C#\FinancialSystem(SVN)\FinancialSystem\Application\Common\Common\DesHelper.class.php 第 44 行.
INFO: Run Common\Behavior\ActionStartBehavior [ RunTime:0.004000s ]
INFO: [ app_begin ] --END-- [ RunTime:0.005000s ]
NOTIC: [8] A session had already been started - ignoring session_start() E:\C#\FinancialSystem(SVN)\FinancialSystem\ThinkPHP\Common\functions.php 第 1263 行.
NOTIC: [8] Undefined offset: 0 E:\C#\FinancialSystem(SVN)\FinancialSystem\Application\Common\Common\APIHandler.class.php 第 53 行.
NOTIC: [8] Undefined offset: 1 E:\C#\FinancialSystem(SVN)\FinancialSystem\Application\Common\Common\APIHandler.class.php 第 54 行.
NOTIC: [2] Invalid argument supplied for foreach() E:\C#\FinancialSystem(SVN)\FinancialSystem\Application\Common\Common\APIHandler.class.php 第 123 行.

[ 2016-03-24T13:46:24+08:00 ] 127.0.0.1 /index.php/Common/provinceList?r=0.4135457733646035
INFO: [ app_begin ] --START--
INFO: Run Behavior\ReadHtmlCacheBehavior [ RunTime:0.002000s ]
NOTIC: [8192] Function mcrypt_cbc() is deprecated E:\C#\FinancialSystem(SVN)\FinancialSystem\Application\Common\Common\DesHelper.class.php 第 44 行.
INFO: Run Common\Behavior\ActionStartBehavior [ RunTime:0.003000s ]
INFO: [ app_begin ] --END-- [ RunTime:0.005000s ]
NOTIC: [8] A session had already been started - ignoring session_start() E:\C#\FinancialSystem(SVN)\FinancialSystem\ThinkPHP\Common\functions.php 第 1263 行.
NOTIC: [8192] Non-static method Common\Common\Enum::GetProvinces() should not be called statically, assuming $this from incompatible context E:\C#\FinancialSystem(SVN)\FinancialSystem\Application\Home\Controller\CommonController.class.php 第 12 行.
NOTIC: [8192] Non-static method Common\Common\Enum::ProvinceArray() should not be called statically, assuming $this from incompatible context E:\C#\FinancialSystem(SVN)\FinancialSystem\Application\Common\Common\Enum.class.php 第 137 行.
NOTIC: [8] Undefined variable: XmlFile E:\C#\FinancialSystem(SVN)\FinancialSystem\Application\Common\Common\Enum.class.php 第 137 行.

[ 2016-03-24T13:46:24+08:00 ] 127.0.0.1 /index.php/Home/Common/GetSalaryReport
INFO: [ app_begin ] --START--
INFO: Run Behavior\ReadHtmlCacheBehavior [ RunTime:0.002001s ]
NOTIC: [8192] Function mcrypt_cbc() is deprecated E:\C#\FinancialSystem(SVN)\FinancialSystem\Application\Common\Common\DesHelper.class.php 第 44 行.
INFO: Run Common\Behavior\ActionStartBehavior [ RunTime:0.006000s ]
INFO: [ app_begin ] --END-- [ RunTime:0.008001s ]
NOTIC: [8] A session had already been started - ignoring session_start() E:\C#\FinancialSystem(SVN)\FinancialSystem\ThinkPHP\Common\functions.php 第 1263 行.
NOTIC: [8] Undefined offset: 0 E:\C#\FinancialSystem(SVN)\FinancialSystem\Application\Common\Common\APIHandler.class.php 第 53 行.
NOTIC: [8] Undefined offset: 1 E:\C#\FinancialSystem(SVN)\FinancialSystem\Application\Common\Common\APIHandler.class.php 第 54 行.
NOTIC: [2] Invalid argument supplied for foreach() E:\C#\FinancialSystem(SVN)\FinancialSystem\Application\Common\Common\APIHandler.class.php 第 123 行.

[ 2016-03-24T13:47:32+08:00 ] 127.0.0.1 /index.php/Common/provinceList?r=0.9236235097050667
INFO: [ app_begin ] --START--
INFO: Run Behavior\ReadHtmlCacheBehavior [ RunTime:0.001000s ]
NOTIC: [8192] Function mcrypt_cbc() is deprecated E:\C#\FinancialSystem(SVN)\FinancialSystem\Application\Common\Common\DesHelper.class.php 第 44 行.
INFO: Run Common\Behavior\ActionStartBehavior [ RunTime:0.005001s ]
INFO: [ app_begin ] --END-- [ RunTime:0.006001s ]
NOTIC: [8] A session had already been started - ignoring session_start() E:\C#\FinancialSystem(SVN)\FinancialSystem\ThinkPHP\Common\functions.php 第 1263 行.
NOTIC: [8192] Non-static method Common\Common\Enum::GetProvinces() should not be called statically, assuming $this from incompatible context E:\C#\FinancialSystem(SVN)\FinancialSystem\Application\Home\Controller\CommonController.class.php 第 12 行.
NOTIC: [8192] Non-static method Common\Common\Enum::ProvinceArray() should not be called statically, assuming $this from incompatible context E:\C#\FinancialSystem(SVN)\FinancialSystem\Application\Common\Common\Enum.class.php 第 137 行.
NOTIC: [8] Undefined variable: XmlFile E:\C#\FinancialSystem(SVN)\FinancialSystem\Application\Common\Common\Enum.class.php 第 137 行.

[ 2016-03-24T13:47:32+08:00 ] 127.0.0.1 /index.php/Home/Common/GetSalaryReport
INFO: [ app_begin ] --START--
INFO: Run Behavior\ReadHtmlCacheBehavior [ RunTime:0.002000s ]
NOTIC: [8192] Function mcrypt_cbc() is deprecated E:\C#\FinancialSystem(SVN)\FinancialSystem\Application\Common\Common\DesHelper.class.php 第 44 行.
INFO: Run Common\Behavior\ActionStartBehavior [ RunTime:0.003000s ]
INFO: [ app_begin ] --END-- [ RunTime:0.005000s ]
NOTIC: [8] A session had already been started - ignoring session_start() E:\C#\FinancialSystem(SVN)\FinancialSystem\ThinkPHP\Common\functions.php 第 1263 行.
NOTIC: [8] Undefined offset: 0 E:\C#\FinancialSystem(SVN)\FinancialSystem\Application\Common\Common\APIHandler.class.php 第 53 行.
NOTIC: [8] Undefined offset: 1 E:\C#\FinancialSystem(SVN)\FinancialSystem\Application\Common\Common\APIHandler.class.php 第 54 行.
NOTIC: [2] Invalid argument supplied for foreach() E:\C#\FinancialSystem(SVN)\FinancialSystem\Application\Common\Common\APIHandler.class.php 第 123 行.

[ 2016-03-24T13:48:25+08:00 ] 127.0.0.1 /index.php/Common/provinceList?r=0.8324092670809478
INFO: [ app_begin ] --START--
INFO: Run Behavior\ReadHtmlCacheBehavior [ RunTime:0.003000s ]
NOTIC: [8192] Function mcrypt_cbc() is deprecated E:\C#\FinancialSystem(SVN)\FinancialSystem\Application\Common\Common\DesHelper.class.php 第 44 行.
INFO: Run Common\Behavior\ActionStartBehavior [ RunTime:0.005000s ]
INFO: [ app_begin ] --END-- [ RunTime:0.008000s ]
NOTIC: [8] A session had already been started - ignoring session_start() E:\C#\FinancialSystem(SVN)\FinancialSystem\ThinkPHP\Common\functions.php 第 1263 行.
NOTIC: [8192] Non-static method Common\Common\Enum::GetProvinces() should not be called statically, assuming $this from incompatible context E:\C#\FinancialSystem(SVN)\FinancialSystem\Application\Home\Controller\CommonController.class.php 第 12 行.
NOTIC: [8192] Non-static method Common\Common\Enum::ProvinceArray() should not be called statically, assuming $this from incompatible context E:\C#\FinancialSystem(SVN)\FinancialSystem\Application\Common\Common\Enum.class.php 第 137 行.
NOTIC: [8] Undefined variable: XmlFile E:\C#\FinancialSystem(SVN)\FinancialSystem\Application\Common\Common\Enum.class.php 第 137 行.

[ 2016-03-24T13:48:25+08:00 ] 127.0.0.1 /index.php/Home/Common/GetSalaryReport
INFO: [ app_begin ] --START--
INFO: Run Behavior\ReadHtmlCacheBehavior [ RunTime:0.002000s ]
NOTIC: [8192] Function mcrypt_cbc() is deprecated E:\C#\FinancialSystem(SVN)\FinancialSystem\Application\Common\Common\DesHelper.class.php 第 44 行.
INFO: Run Common\Behavior\ActionStartBehavior [ RunTime:0.003001s ]
INFO: [ app_begin ] --END-- [ RunTime:0.006001s ]
NOTIC: [8] A session had already been started - ignoring session_start() E:\C#\FinancialSystem(SVN)\FinancialSystem\ThinkPHP\Common\functions.php 第 1263 行.
NOTIC: [8] Undefined offset: 0 E:\C#\FinancialSystem(SVN)\FinancialSystem\Application\Common\Common\APIHandler.class.php 第 53 行.
NOTIC: [8] Undefined offset: 1 E:\C#\FinancialSystem(SVN)\FinancialSystem\Application\Common\Common\APIHandler.class.php 第 54 行.
NOTIC: [2] Invalid argument supplied for foreach() E:\C#\FinancialSystem(SVN)\FinancialSystem\Application\Common\Common\APIHandler.class.php 第 123 行.

[ 2016-03-24T13:50:40+08:00 ] 127.0.0.1 /index.php/Common/provinceList?r=0.38849054113961756
INFO: [ app_begin ] --START--
INFO: Run Behavior\ReadHtmlCacheBehavior [ RunTime:0.001000s ]
NOTIC: [8192] Function mcrypt_cbc() is deprecated E:\C#\FinancialSystem(SVN)\FinancialSystem\Application\Common\Common\DesHelper.class.php 第 44 行.
INFO: Run Common\Behavior\ActionStartBehavior [ RunTime:0.003000s ]
INFO: [ app_begin ] --END-- [ RunTime:0.004000s ]
NOTIC: [8] A session had already been started - ignoring session_start() E:\C#\FinancialSystem(SVN)\FinancialSystem\ThinkPHP\Common\functions.php 第 1263 行.
NOTIC: [8192] Non-static method Common\Common\Enum::GetProvinces() should not be called statically, assuming $this from incompatible context E:\C#\FinancialSystem(SVN)\FinancialSystem\Application\Home\Controller\CommonController.class.php 第 12 行.
NOTIC: [8192] Non-static method Common\Common\Enum::ProvinceArray() should not be called statically, assuming $this from incompatible context E:\C#\FinancialSystem(SVN)\FinancialSystem\Application\Common\Common\Enum.class.php 第 137 行.
NOTIC: [8] Undefined variable: XmlFile E:\C#\FinancialSystem(SVN)\FinancialSystem\Application\Common\Common\Enum.class.php 第 137 行.

[ 2016-03-24T13:50:40+08:00 ] 127.0.0.1 /index.php/Home/Common/GetSalaryReport
INFO: [ app_begin ] --START--
INFO: Run Behavior\ReadHtmlCacheBehavior [ RunTime:0.005001s ]
NOTIC: [8192] Function mcrypt_cbc() is deprecated E:\C#\FinancialSystem(SVN)\FinancialSystem\Application\Common\Common\DesHelper.class.php 第 44 行.
INFO: Run Common\Behavior\ActionStartBehavior [ RunTime:0.003000s ]
INFO: [ app_begin ] --END-- [ RunTime:0.008001s ]
NOTIC: [8] A session had already been started - ignoring session_start() E:\C#\FinancialSystem(SVN)\FinancialSystem\ThinkPHP\Common\functions.php 第 1263 行.
NOTIC: [8] Undefined offset: 0 E:\C#\FinancialSystem(SVN)\FinancialSystem\Application\Common\Common\APIHandler.class.php 第 53 行.
NOTIC: [8] Undefined offset: 1 E:\C#\FinancialSystem(SVN)\FinancialSystem\Application\Common\Common\APIHandler.class.php 第 54 行.
NOTIC: [2] Invalid argument supplied for foreach() E:\C#\FinancialSystem(SVN)\FinancialSystem\Application\Common\Common\APIHandler.class.php 第 123 行.

[ 2016-03-24T13:53:29+08:00 ] 127.0.0.1 /index.php/Common/provinceList?r=0.32451933901757
INFO: [ app_begin ] --START--
INFO: Run Behavior\ReadHtmlCacheBehavior [ RunTime:0.002000s ]
NOTIC: [8192] Function mcrypt_cbc() is deprecated E:\C#\FinancialSystem(SVN)\FinancialSystem\Application\Common\Common\DesHelper.class.php 第 44 行.
INFO: Run Common\Behavior\ActionStartBehavior [ RunTime:0.004000s ]
INFO: [ app_begin ] --END-- [ RunTime:0.006000s ]
NOTIC: [8] A session had already been started - ignoring session_start() E:\C#\FinancialSystem(SVN)\FinancialSystem\ThinkPHP\Common\functions.php 第 1263 行.
NOTIC: [8192] Non-static method Common\Common\Enum::GetProvinces() should not be called statically, assuming $this from incompatible context E:\C#\FinancialSystem(SVN)\FinancialSystem\Application\Home\Controller\CommonController.class.php 第 12 行.
NOTIC: [8192] Non-static method Common\Common\Enum::ProvinceArray() should not be called statically, assuming $this from incompatible context E:\C#\FinancialSystem(SVN)\FinancialSystem\Application\Common\Common\Enum.class.php 第 137 行.
NOTIC: [8] Undefined variable: XmlFile E:\C#\FinancialSystem(SVN)\FinancialSystem\Application\Common\Common\Enum.class.php 第 137 行.

[ 2016-03-24T13:53:29+08:00 ] 127.0.0.1 /index.php/Home/Common/GetSalaryReport
INFO: [ app_begin ] --START--
INFO: Run Behavior\ReadHtmlCacheBehavior [ RunTime:0.003000s ]
NOTIC: [8192] Function mcrypt_cbc() is deprecated E:\C#\FinancialSystem(SVN)\FinancialSystem\Application\Common\Common\DesHelper.class.php 第 44 行.
INFO: Run Common\Behavior\ActionStartBehavior [ RunTime:0.008000s ]
INFO: [ app_begin ] --END-- [ RunTime:0.011000s ]
NOTIC: [8] A session had already been started - ignoring session_start() E:\C#\FinancialSystem(SVN)\FinancialSystem\ThinkPHP\Common\functions.php 第 1263 行.
NOTIC: [8] Undefined offset: 0 E:\C#\FinancialSystem(SVN)\FinancialSystem\Application\Common\Common\APIHandler.class.php 第 53 行.
NOTIC: [8] Undefined offset: 1 E:\C#\FinancialSystem(SVN)\FinancialSystem\Application\Common\Common\APIHandler.class.php 第 54 行.
NOTIC: [2] Invalid argument supplied for foreach() E:\C#\FinancialSystem(SVN)\FinancialSystem\Application\Common\Common\APIHandler.class.php 第 123 行.

[ 2016-03-24T13:54:48+08:00 ] 127.0.0.1 /index.php/Common/provinceList?r=0.5598122663795948
INFO: [ app_begin ] --START--
INFO: Run Behavior\ReadHtmlCacheBehavior [ RunTime:0.002000s ]
NOTIC: [8192] Function mcrypt_cbc() is deprecated E:\C#\FinancialSystem(SVN)\FinancialSystem\Application\Common\Common\DesHelper.class.php 第 44 行.
INFO: Run Common\Behavior\ActionStartBehavior [ RunTime:0.003000s ]
INFO: [ app_begin ] --END-- [ RunTime:0.005000s ]
NOTIC: [8] A session had already been started - ignoring session_start() E:\C#\FinancialSystem(SVN)\FinancialSystem\ThinkPHP\Common\functions.php 第 1263 行.
NOTIC: [8192] Non-static method Common\Common\Enum::GetProvinces() should not be called statically, assuming $this from incompatible context E:\C#\FinancialSystem(SVN)\FinancialSystem\Application\Home\Controller\CommonController.class.php 第 12 行.
NOTIC: [8192] Non-static method Common\Common\Enum::ProvinceArray() should not be called statically, assuming $this from incompatible context E:\C#\FinancialSystem(SVN)\FinancialSystem\Application\Common\Common\Enum.class.php 第 137 行.
NOTIC: [8] Undefined variable: XmlFile E:\C#\FinancialSystem(SVN)\FinancialSystem\Application\Common\Common\Enum.class.php 第 137 行.

[ 2016-03-24T13:54:49+08:00 ] 127.0.0.1 /index.php/Home/Common/GetSalaryReport
INFO: [ app_begin ] --START--
INFO: Run Behavior\ReadHtmlCacheBehavior [ RunTime:0.002000s ]
NOTIC: [8192] Function mcrypt_cbc() is deprecated E:\C#\FinancialSystem(SVN)\FinancialSystem\Application\Common\Common\DesHelper.class.php 第 44 行.
INFO: Run Common\Behavior\ActionStartBehavior [ RunTime:0.003000s ]
INFO: [ app_begin ] --END-- [ RunTime:0.006000s ]
NOTIC: [8] A session had already been started - ignoring session_start() E:\C#\FinancialSystem(SVN)\FinancialSystem\ThinkPHP\Common\functions.php 第 1263 行.
NOTIC: [8] Undefined offset: 0 E:\C#\FinancialSystem(SVN)\FinancialSystem\Application\Common\Common\APIHandler.class.php 第 53 行.
NOTIC: [8] Undefined offset: 1 E:\C#\FinancialSystem(SVN)\FinancialSystem\Application\Common\Common\APIHandler.class.php 第 54 行.
NOTIC: [2] Invalid argument supplied for foreach() E:\C#\FinancialSystem(SVN)\FinancialSystem\Application\Common\Common\APIHandler.class.php 第 123 行.

[ 2016-03-24T13:55:04+08:00 ] 127.0.0.1 /index.php/Common/provinceList?r=0.7623497159220278
INFO: [ app_begin ] --START--
INFO: Run Behavior\ReadHtmlCacheBehavior [ RunTime:0.001000s ]
NOTIC: [8192] Function mcrypt_cbc() is deprecated E:\C#\FinancialSystem(SVN)\FinancialSystem\Application\Common\Common\DesHelper.class.php 第 44 行.
INFO: Run Common\Behavior\ActionStartBehavior [ RunTime:0.004000s ]
INFO: [ app_begin ] --END-- [ RunTime:0.005000s ]
NOTIC: [8] A session had already been started - ignoring session_start() E:\C#\FinancialSystem(SVN)\FinancialSystem\ThinkPHP\Common\functions.php 第 1263 行.
NOTIC: [8192] Non-static method Common\Common\Enum::GetProvinces() should not be called statically, assuming $this from incompatible context E:\C#\FinancialSystem(SVN)\FinancialSystem\Application\Home\Controller\CommonController.class.php 第 12 行.
NOTIC: [8192] Non-static method Common\Common\Enum::ProvinceArray() should not be called statically, assuming $this from incompatible context E:\C#\FinancialSystem(SVN)\FinancialSystem\Application\Common\Common\Enum.class.php 第 137 行.
NOTIC: [8] Undefined variable: XmlFile E:\C#\FinancialSystem(SVN)\FinancialSystem\Application\Common\Common\Enum.class.php 第 137 行.

[ 2016-03-24T13:55:04+08:00 ] 127.0.0.1 /index.php/Home/Common/GetSalaryReport
INFO: [ app_begin ] --START--
INFO: Run Behavior\ReadHtmlCacheBehavior [ RunTime:0.002000s ]
NOTIC: [8192] Function mcrypt_cbc() is deprecated E:\C#\FinancialSystem(SVN)\FinancialSystem\Application\Common\Common\DesHelper.class.php 第 44 行.
INFO: Run Common\Behavior\ActionStartBehavior [ RunTime:0.003000s ]
INFO: [ app_begin ] --END-- [ RunTime:0.005000s ]
NOTIC: [8] A session had already been started - ignoring session_start() E:\C#\FinancialSystem(SVN)\FinancialSystem\ThinkPHP\Common\functions.php 第 1263 行.
NOTIC: [8] Undefined offset: 0 E:\C#\FinancialSystem(SVN)\FinancialSystem\Application\Common\Common\APIHandler.class.php 第 53 行.
NOTIC: [8] Undefined offset: 1 E:\C#\FinancialSystem(SVN)\FinancialSystem\Application\Common\Common\APIHandler.class.php 第 54 行.
NOTIC: [2] Invalid argument supplied for foreach() E:\C#\FinancialSystem(SVN)\FinancialSystem\Application\Common\Common\APIHandler.class.php 第 123 行.

[ 2016-03-24T13:55:07+08:00 ] 127.0.0.1 /index.php/Common/provinceList?r=0.014261331874877214
INFO: [ app_begin ] --START--
INFO: Run Behavior\ReadHtmlCacheBehavior [ RunTime:0.001000s ]
NOTIC: [8192] Function mcrypt_cbc() is deprecated E:\C#\FinancialSystem(SVN)\FinancialSystem\Application\Common\Common\DesHelper.class.php 第 44 行.
INFO: Run Common\Behavior\ActionStartBehavior [ RunTime:0.001000s ]
INFO: [ app_begin ] --END-- [ RunTime:0.002000s ]
NOTIC: [8] A session had already been started - ignoring session_start() E:\C#\FinancialSystem(SVN)\FinancialSystem\ThinkPHP\Common\functions.php 第 1263 行.
NOTIC: [8192] Non-static method Common\Common\Enum::GetProvinces() should not be called statically, assuming $this from incompatible context E:\C#\FinancialSystem(SVN)\FinancialSystem\Application\Home\Controller\CommonController.class.php 第 12 行.
NOTIC: [8192] Non-static method Common\Common\Enum::ProvinceArray() should not be called statically, assuming $this from incompatible context E:\C#\FinancialSystem(SVN)\FinancialSystem\Application\Common\Common\Enum.class.php 第 137 行.
NOTIC: [8] Undefined variable: XmlFile E:\C#\FinancialSystem(SVN)\FinancialSystem\Application\Common\Common\Enum.class.php 第 137 行.

[ 2016-03-24T13:55:07+08:00 ] 127.0.0.1 /index.php/Home/Common/GetClass1Dt
INFO: [ app_begin ] --START--
INFO: Run Behavior\ReadHtmlCacheBehavior [ RunTime:0.002000s ]
NOTIC: [8192] Function mcrypt_cbc() is deprecated E:\C#\FinancialSystem(SVN)\FinancialSystem\Application\Common\Common\DesHelper.class.php 第 44 行.
INFO: Run Common\Behavior\ActionStartBehavior [ RunTime:0.007001s ]
INFO: [ app_begin ] --END-- [ RunTime:0.009001s ]
NOTIC: [8] A session had already been started - ignoring session_start() E:\C#\FinancialSystem(SVN)\FinancialSystem\ThinkPHP\Common\functions.php 第 1263 行.
NOTIC: [8] Undefined offset: 0 E:\C#\FinancialSystem(SVN)\FinancialSystem\Application\Common\Common\APIHandler.class.php 第 53 行.
NOTIC: [8] Undefined offset: 1 E:\C#\FinancialSystem(SVN)\FinancialSystem\Application\Common\Common\APIHandler.class.php 第 54 行.
NOTIC: [2] Invalid argument supplied for foreach() E:\C#\FinancialSystem(SVN)\FinancialSystem\Application\Common\Common\APIHandler.class.php 第 123 行.

[ 2016-03-24T13:55:07+08:00 ] 127.0.0.1 /index.php/Home/Common/GetSalaryReport
INFO: [ app_begin ] --START--
INFO: Run Behavior\ReadHtmlCacheBehavior [ RunTime:0.001000s ]
NOTIC: [8192] Function mcrypt_cbc() is deprecated E:\C#\FinancialSystem(SVN)\FinancialSystem\Application\Common\Common\DesHelper.class.php 第 44 行.
INFO: Run Common\Behavior\ActionStartBehavior [ RunTime:0.002000s ]
INFO: [ app_begin ] --END-- [ RunTime:0.003000s ]
NOTIC: [8] A session had already been started - ignoring session_start() E:\C#\FinancialSystem(SVN)\FinancialSystem\ThinkPHP\Common\functions.php 第 1263 行.
NOTIC: [8] Undefined offset: 0 E:\C#\FinancialSystem(SVN)\FinancialSystem\Application\Common\Common\APIHandler.class.php 第 53 行.
NOTIC: [8] Undefined offset: 1 E:\C#\FinancialSystem(SVN)\FinancialSystem\Application\Common\Common\APIHandler.class.php 第 54 行.
NOTIC: [2] Invalid argument supplied for foreach() E:\C#\FinancialSystem(SVN)\FinancialSystem\Application\Common\Common\APIHandler.class.php 第 123 行.

[ 2016-03-24T13:55:11+08:00 ] 127.0.0.1 /index.php/Common/provinceList?r=0.031066848197951913
INFO: [ app_begin ] --START--
INFO: Run Behavior\ReadHtmlCacheBehavior [ RunTime:0.001000s ]
NOTIC: [8192] Function mcrypt_cbc() is deprecated E:\C#\FinancialSystem(SVN)\FinancialSystem\Application\Common\Common\DesHelper.class.php 第 44 行.
INFO: Run Common\Behavior\ActionStartBehavior [ RunTime:0.002000s ]
INFO: [ app_begin ] --END-- [ RunTime:0.003000s ]
NOTIC: [8] A session had already been started - ignoring session_start() E:\C#\FinancialSystem(SVN)\FinancialSystem\ThinkPHP\Common\functions.php 第 1263 行.
NOTIC: [8192] Non-static method Common\Common\Enum::GetProvinces() should not be called statically, assuming $this from incompatible context E:\C#\FinancialSystem(SVN)\FinancialSystem\Application\Home\Controller\CommonController.class.php 第 12 行.
NOTIC: [8192] Non-static method Common\Common\Enum::ProvinceArray() should not be called statically, assuming $this from incompatible context E:\C#\FinancialSystem(SVN)\FinancialSystem\Application\Common\Common\Enum.class.php 第 137 行.
NOTIC: [8] Undefined variable: XmlFile E:\C#\FinancialSystem(SVN)\FinancialSystem\Application\Common\Common\Enum.class.php 第 137 行.

[ 2016-03-24T13:55:11+08:00 ] 127.0.0.1 /index.php/Home/Common/GetSalaryReport
INFO: [ app_begin ] --START--
INFO: Run Behavior\ReadHtmlCacheBehavior [ RunTime:0.001000s ]
NOTIC: [8192] Function mcrypt_cbc() is deprecated E:\C#\FinancialSystem(SVN)\FinancialSystem\Application\Common\Common\DesHelper.class.php 第 44 行.
INFO: Run Common\Behavior\ActionStartBehavior [ RunTime:0.003001s ]
INFO: [ app_begin ] --END-- [ RunTime:0.004001s ]
NOTIC: [8] A session had already been started - ignoring session_start() E:\C#\FinancialSystem(SVN)\FinancialSystem\ThinkPHP\Common\functions.php 第 1263 行.
NOTIC: [8] Undefined offset: 0 E:\C#\FinancialSystem(SVN)\FinancialSystem\Application\Common\Common\APIHandler.class.php 第 53 行.
NOTIC: [8] Undefined offset: 1 E:\C#\FinancialSystem(SVN)\FinancialSystem\Application\Common\Common\APIHandler.class.php 第 54 行.
NOTIC: [2] Invalid argument supplied for foreach() E:\C#\FinancialSystem(SVN)\FinancialSystem\Application\Common\Common\APIHandler.class.php 第 123 行.

[ 2016-03-24T13:55:12+08:00 ] 127.0.0.1 /index.php/Common/provinceList?r=0.9285743355285376
INFO: [ app_begin ] --START--
INFO: Run Behavior\ReadHtmlCacheBehavior [ RunTime:0.001000s ]
NOTIC: [8192] Function mcrypt_cbc() is deprecated E:\C#\FinancialSystem(SVN)\FinancialSystem\Application\Common\Common\DesHelper.class.php 第 44 行.
INFO: Run Common\Behavior\ActionStartBehavior [ RunTime:0.003000s ]
INFO: [ app_begin ] --END-- [ RunTime:0.004000s ]
NOTIC: [8] A session had already been started - ignoring session_start() E:\C#\FinancialSystem(SVN)\FinancialSystem\ThinkPHP\Common\functions.php 第 1263 行.
NOTIC: [8192] Non-static method Common\Common\Enum::GetProvinces() should not be called statically, assuming $this from incompatible context E:\C#\FinancialSystem(SVN)\FinancialSystem\Application\Home\Controller\CommonController.class.php 第 12 行.
NOTIC: [8192] Non-static method Common\Common\Enum::ProvinceArray() should not be called statically, assuming $this from incompatible context E:\C#\FinancialSystem(SVN)\FinancialSystem\Application\Common\Common\Enum.class.php 第 137 行.
NOTIC: [8] Undefined variable: XmlFile E:\C#\FinancialSystem(SVN)\FinancialSystem\Application\Common\Common\Enum.class.php 第 137 行.

[ 2016-03-24T13:55:12+08:00 ] 127.0.0.1 /index.php/Home/Common/GetClass1Dt
INFO: [ app_begin ] --START--
INFO: Run Behavior\ReadHtmlCacheBehavior [ RunTime:0.002000s ]
NOTIC: [8192] Function mcrypt_cbc() is deprecated E:\C#\FinancialSystem(SVN)\FinancialSystem\Application\Common\Common\DesHelper.class.php 第 44 行.
INFO: Run Common\Behavior\ActionStartBehavior [ RunTime:0.003000s ]
INFO: [ app_begin ] --END-- [ RunTime:0.005000s ]
NOTIC: [8] A session had already been started - ignoring session_start() E:\C#\FinancialSystem(SVN)\FinancialSystem\ThinkPHP\Common\functions.php 第 1263 行.
NOTIC: [8] Undefined offset: 0 E:\C#\FinancialSystem(SVN)\FinancialSystem\Application\Common\Common\APIHandler.class.php 第 53 行.
NOTIC: [8] Undefined offset: 1 E:\C#\FinancialSystem(SVN)\FinancialSystem\Application\Common\Common\APIHandler.class.php 第 54 行.
NOTIC: [2] Invalid argument supplied for foreach() E:\C#\FinancialSystem(SVN)\FinancialSystem\Application\Common\Common\APIHandler.class.php 第 123 行.

[ 2016-03-24T13:55:13+08:00 ] 127.0.0.1 /index.php/Home/Common/GetSalaryReport
INFO: [ app_begin ] --START--
INFO: Run Behavior\ReadHtmlCacheBehavior [ RunTime:0.001000s ]
NOTIC: [8192] Function mcrypt_cbc() is deprecated E:\C#\FinancialSystem(SVN)\FinancialSystem\Application\Common\Common\DesHelper.class.php 第 44 行.
INFO: Run Common\Behavior\ActionStartBehavior [ RunTime:0.003000s ]
INFO: [ app_begin ] --END-- [ RunTime:0.005000s ]
NOTIC: [8] A session had already been started - ignoring session_start() E:\C#\FinancialSystem(SVN)\FinancialSystem\ThinkPHP\Common\functions.php 第 1263 行.
NOTIC: [8] Undefined offset: 0 E:\C#\FinancialSystem(SVN)\FinancialSystem\Application\Common\Common\APIHandler.class.php 第 53 行.
NOTIC: [8] Undefined offset: 1 E:\C#\FinancialSystem(SVN)\FinancialSystem\Application\Common\Common\APIHandler.class.php 第 54 行.
NOTIC: [2] Invalid argument supplied for foreach() E:\C#\FinancialSystem(SVN)\FinancialSystem\Application\Common\Common\APIHandler.class.php 第 123 行.

[ 2016-03-24T13:55:20+08:00 ] 127.0.0.1 /index.php/Common/provinceList?r=0.7266324779484421
INFO: [ app_begin ] --START--
INFO: Run Behavior\ReadHtmlCacheBehavior [ RunTime:0.002000s ]
NOTIC: [8192] Function mcrypt_cbc() is deprecated E:\C#\FinancialSystem(SVN)\FinancialSystem\Application\Common\Common\DesHelper.class.php 第 44 行.
INFO: Run Common\Behavior\ActionStartBehavior [ RunTime:0.006000s ]
INFO: [ app_begin ] --END-- [ RunTime:0.008000s ]
NOTIC: [8] A session had already been started - ignoring session_start() E:\C#\FinancialSystem(SVN)\FinancialSystem\ThinkPHP\Common\functions.php 第 1263 行.
NOTIC: [8192] Non-static method Common\Common\Enum::GetProvinces() should not be called statically, assuming $this from incompatible context E:\C#\FinancialSystem(SVN)\FinancialSystem\Application\Home\Controller\CommonController.class.php 第 12 行.
NOTIC: [8192] Non-static method Common\Common\Enum::ProvinceArray() should not be called statically, assuming $this from incompatible context E:\C#\FinancialSystem(SVN)\FinancialSystem\Application\Common\Common\Enum.class.php 第 137 行.
NOTIC: [8] Undefined variable: XmlFile E:\C#\FinancialSystem(SVN)\FinancialSystem\Application\Common\Common\Enum.class.php 第 137 行.

[ 2016-03-24T13:55:21+08:00 ] 127.0.0.1 /index.php/Home/Common/GetClass1Dt
INFO: [ app_begin ] --START--
INFO: Run Behavior\ReadHtmlCacheBehavior [ RunTime:0.001000s ]
NOTIC: [8192] Function mcrypt_cbc() is deprecated E:\C#\FinancialSystem(SVN)\FinancialSystem\Application\Common\Common\DesHelper.class.php 第 44 行.
INFO: Run Common\Behavior\ActionStartBehavior [ RunTime:0.004000s ]
INFO: [ app_begin ] --END-- [ RunTime:0.005000s ]
NOTIC: [8] A session had already been started - ignoring session_start() E:\C#\FinancialSystem(SVN)\FinancialSystem\ThinkPHP\Common\functions.php 第 1263 行.
NOTIC: [8] Undefined offset: 0 E:\C#\FinancialSystem(SVN)\FinancialSystem\Application\Common\Common\APIHandler.class.php 第 53 行.
NOTIC: [8] Undefined offset: 1 E:\C#\FinancialSystem(SVN)\FinancialSystem\Application\Common\Common\APIHandler.class.php 第 54 行.
NOTIC: [2] Invalid argument supplied for foreach() E:\C#\FinancialSystem(SVN)\FinancialSystem\Application\Common\Common\APIHandler.class.php 第 123 行.

[ 2016-03-24T13:55:21+08:00 ] 127.0.0.1 /index.php/Home/Common/GetSalaryReport
INFO: [ app_begin ] --START--
INFO: Run Behavior\ReadHtmlCacheBehavior [ RunTime:0.001000s ]
NOTIC: [8192] Function mcrypt_cbc() is deprecated E:\C#\FinancialSystem(SVN)\FinancialSystem\Application\Common\Common\DesHelper.class.php 第 44 行.
INFO: Run Common\Behavior\ActionStartBehavior [ RunTime:0.003000s ]
INFO: [ app_begin ] --END-- [ RunTime:0.004000s ]
NOTIC: [8] A session had already been started - ignoring session_start() E:\C#\FinancialSystem(SVN)\FinancialSystem\ThinkPHP\Common\functions.php 第 1263 行.
NOTIC: [8] Undefined offset: 0 E:\C#\FinancialSystem(SVN)\FinancialSystem\Application\Common\Common\APIHandler.class.php 第 53 行.
NOTIC: [8] Undefined offset: 1 E:\C#\FinancialSystem(SVN)\FinancialSystem\Application\Common\Common\APIHandler.class.php 第 54 行.
NOTIC: [2] Invalid argument supplied for foreach() E:\C#\FinancialSystem(SVN)\FinancialSystem\Application\Common\Common\APIHandler.class.php 第 123 行.

[ 2016-03-24T13:56:04+08:00 ] 127.0.0.1 /index.php/Common/provinceList?r=0.4499263360630721
INFO: [ app_begin ] --START--
INFO: Run Behavior\ReadHtmlCacheBehavior [ RunTime:0.001000s ]
NOTIC: [8192] Function mcrypt_cbc() is deprecated E:\C#\FinancialSystem(SVN)\FinancialSystem\Application\Common\Common\DesHelper.class.php 第 44 行.
INFO: Run Common\Behavior\ActionStartBehavior [ RunTime:0.003001s ]
INFO: [ app_begin ] --END-- [ RunTime:0.004001s ]
NOTIC: [8] A session had already been started - ignoring session_start() E:\C#\FinancialSystem(SVN)\FinancialSystem\ThinkPHP\Common\functions.php 第 1263 行.
NOTIC: [8192] Non-static method Common\Common\Enum::GetProvinces() should not be called statically, assuming $this from incompatible context E:\C#\FinancialSystem(SVN)\FinancialSystem\Application\Home\Controller\CommonController.class.php 第 12 行.
NOTIC: [8192] Non-static method Common\Common\Enum::ProvinceArray() should not be called statically, assuming $this from incompatible context E:\C#\FinancialSystem(SVN)\FinancialSystem\Application\Common\Common\Enum.class.php 第 137 行.
NOTIC: [8] Undefined variable: XmlFile E:\C#\FinancialSystem(SVN)\FinancialSystem\Application\Common\Common\Enum.class.php 第 137 行.

[ 2016-03-24T13:56:04+08:00 ] 127.0.0.1 /index.php/Home/Common/GetClass1Dt
INFO: [ app_begin ] --START--
INFO: Run Behavior\ReadHtmlCacheBehavior [ RunTime:0.001001s ]
NOTIC: [8192] Function mcrypt_cbc() is deprecated E:\C#\FinancialSystem(SVN)\FinancialSystem\Application\Common\Common\DesHelper.class.php 第 44 行.
INFO: Run Common\Behavior\ActionStartBehavior [ RunTime:0.002000s ]
INFO: [ app_begin ] --END-- [ RunTime:0.003001s ]
NOTIC: [8] A session had already been started - ignoring session_start() E:\C#\FinancialSystem(SVN)\FinancialSystem\ThinkPHP\Common\functions.php 第 1263 行.
NOTIC: [8] Undefined offset: 0 E:\C#\FinancialSystem(SVN)\FinancialSystem\Application\Common\Common\APIHandler.class.php 第 53 行.
NOTIC: [8] Undefined offset: 1 E:\C#\FinancialSystem(SVN)\FinancialSystem\Application\Common\Common\APIHandler.class.php 第 54 行.
NOTIC: [2] Invalid argument supplied for foreach() E:\C#\FinancialSystem(SVN)\FinancialSystem\Application\Common\Common\APIHandler.class.php 第 123 行.

[ 2016-03-24T13:56:04+08:00 ] 127.0.0.1 /index.php/Home/Common/GetSalaryReport
INFO: [ app_begin ] --START--
INFO: Run Behavior\ReadHtmlCacheBehavior [ RunTime:0.003000s ]
NOTIC: [8192] Function mcrypt_cbc() is deprecated E:\C#\FinancialSystem(SVN)\FinancialSystem\Application\Common\Common\DesHelper.class.php 第 44 行.
INFO: Run Common\Behavior\ActionStartBehavior [ RunTime:0.003000s ]
INFO: [ app_begin ] --END-- [ RunTime:0.006000s ]
NOTIC: [8] A session had already been started - ignoring session_start() E:\C#\FinancialSystem(SVN)\FinancialSystem\ThinkPHP\Common\functions.php 第 1263 行.
NOTIC: [8] Undefined offset: 0 E:\C#\FinancialSystem(SVN)\FinancialSystem\Application\Common\Common\APIHandler.class.php 第 53 行.
NOTIC: [8] Undefined offset: 1 E:\C#\FinancialSystem(SVN)\FinancialSystem\Application\Common\Common\APIHandler.class.php 第 54 行.
NOTIC: [2] Invalid argument supplied for foreach() E:\C#\FinancialSystem(SVN)\FinancialSystem\Application\Common\Common\APIHandler.class.php 第 123 行.

[ 2016-03-24T13:56:26+08:00 ] 127.0.0.1 /index.php/Common/provinceList?r=0.02622099593281746
INFO: [ app_begin ] --START--
INFO: Run Behavior\ReadHtmlCacheBehavior [ RunTime:0.001000s ]
NOTIC: [8192] Function mcrypt_cbc() is deprecated E:\C#\FinancialSystem(SVN)\FinancialSystem\Application\Common\Common\DesHelper.class.php 第 44 行.
INFO: Run Common\Behavior\ActionStartBehavior [ RunTime:0.003001s ]
INFO: [ app_begin ] --END-- [ RunTime:0.004001s ]
NOTIC: [8] A session had already been started - ignoring session_start() E:\C#\FinancialSystem(SVN)\FinancialSystem\ThinkPHP\Common\functions.php 第 1263 行.
NOTIC: [8192] Non-static method Common\Common\Enum::GetProvinces() should not be called statically, assuming $this from incompatible context E:\C#\FinancialSystem(SVN)\FinancialSystem\Application\Home\Controller\CommonController.class.php 第 12 行.
NOTIC: [8192] Non-static method Common\Common\Enum::ProvinceArray() should not be called statically, assuming $this from incompatible context E:\C#\FinancialSystem(SVN)\FinancialSystem\Application\Common\Common\Enum.class.php 第 137 行.
NOTIC: [8] Undefined variable: XmlFile E:\C#\FinancialSystem(SVN)\FinancialSystem\Application\Common\Common\Enum.class.php 第 137 行.

[ 2016-03-24T13:56:26+08:00 ] 127.0.0.1 /index.php/Home/Common/GetClass1Dt
INFO: [ app_begin ] --START--
INFO: Run Behavior\ReadHtmlCacheBehavior [ RunTime:0.002000s ]
NOTIC: [8192] Function mcrypt_cbc() is deprecated E:\C#\FinancialSystem(SVN)\FinancialSystem\Application\Common\Common\DesHelper.class.php 第 44 行.
INFO: Run Common\Behavior\ActionStartBehavior [ RunTime:0.002001s ]
INFO: [ app_begin ] --END-- [ RunTime:0.004001s ]
NOTIC: [8] A session had already been started - ignoring session_start() E:\C#\FinancialSystem(SVN)\FinancialSystem\ThinkPHP\Common\functions.php 第 1263 行.
NOTIC: [8] Undefined offset: 0 E:\C#\FinancialSystem(SVN)\FinancialSystem\Application\Common\Common\APIHandler.class.php 第 53 行.
NOTIC: [8] Undefined offset: 1 E:\C#\FinancialSystem(SVN)\FinancialSystem\Application\Common\Common\APIHandler.class.php 第 54 行.
NOTIC: [2] Invalid argument supplied for foreach() E:\C#\FinancialSystem(SVN)\FinancialSystem\Application\Common\Common\APIHandler.class.php 第 123 行.

[ 2016-03-24T13:56:26+08:00 ] 127.0.0.1 /index.php/Home/Common/GetSalaryReport
INFO: [ app_begin ] --START--
INFO: Run Behavior\ReadHtmlCacheBehavior [ RunTime:0.002000s ]
NOTIC: [8192] Function mcrypt_cbc() is deprecated E:\C#\FinancialSystem(SVN)\FinancialSystem\Application\Common\Common\DesHelper.class.php 第 44 行.
INFO: Run Common\Behavior\ActionStartBehavior [ RunTime:0.002000s ]
INFO: [ app_begin ] --END-- [ RunTime:0.004000s ]
NOTIC: [8] A session had already been started - ignoring session_start() E:\C#\FinancialSystem(SVN)\FinancialSystem\ThinkPHP\Common\functions.php 第 1263 行.
NOTIC: [8] Undefined offset: 0 E:\C#\FinancialSystem(SVN)\FinancialSystem\Application\Common\Common\APIHandler.class.php 第 53 行.
NOTIC: [8] Undefined offset: 1 E:\C#\FinancialSystem(SVN)\FinancialSystem\Application\Common\Common\APIHandler.class.php 第 54 行.
NOTIC: [2] Invalid argument supplied for foreach() E:\C#\FinancialSystem(SVN)\FinancialSystem\Application\Common\Common\APIHandler.class.php 第 123 行.

[ 2016-03-24T13:56:54+08:00 ] 127.0.0.1 /index.php/Common/provinceList?r=0.36677065305411816
INFO: [ app_begin ] --START--
INFO: Run Behavior\ReadHtmlCacheBehavior [ RunTime:0.001000s ]
NOTIC: [8192] Function mcrypt_cbc() is deprecated E:\C#\FinancialSystem(SVN)\FinancialSystem\Application\Common\Common\DesHelper.class.php 第 44 行.
INFO: Run Common\Behavior\ActionStartBehavior [ RunTime:0.003000s ]
INFO: [ app_begin ] --END-- [ RunTime:0.004000s ]
NOTIC: [8] A session had already been started - ignoring session_start() E:\C#\FinancialSystem(SVN)\FinancialSystem\ThinkPHP\Common\functions.php 第 1263 行.
NOTIC: [8192] Non-static method Common\Common\Enum::GetProvinces() should not be called statically, assuming $this from incompatible context E:\C#\FinancialSystem(SVN)\FinancialSystem\Application\Home\Controller\CommonController.class.php 第 12 行.
NOTIC: [8192] Non-static method Common\Common\Enum::ProvinceArray() should not be called statically, assuming $this from incompatible context E:\C#\FinancialSystem(SVN)\FinancialSystem\Application\Common\Common\Enum.class.php 第 137 行.
NOTIC: [8] Undefined variable: XmlFile E:\C#\FinancialSystem(SVN)\FinancialSystem\Application\Common\Common\Enum.class.php 第 137 行.

[ 2016-03-24T13:56:54+08:00 ] 127.0.0.1 /index.php/Home/Common/GetSalaryReport
INFO: [ app_begin ] --START--
INFO: Run Behavior\ReadHtmlCacheBehavior [ RunTime:0.001000s ]
NOTIC: [8192] Function mcrypt_cbc() is deprecated E:\C#\FinancialSystem(SVN)\FinancialSystem\Application\Common\Common\DesHelper.class.php 第 44 行.
INFO: Run Common\Behavior\ActionStartBehavior [ RunTime:0.003000s ]
INFO: [ app_begin ] --END-- [ RunTime:0.006000s ]
NOTIC: [8] A session had already been started - ignoring session_start() E:\C#\FinancialSystem(SVN)\FinancialSystem\ThinkPHP\Common\functions.php 第 1263 行.
NOTIC: [8] Undefined offset: 0 E:\C#\FinancialSystem(SVN)\FinancialSystem\Application\Common\Common\APIHandler.class.php 第 53 行.
NOTIC: [8] Undefined offset: 1 E:\C#\FinancialSystem(SVN)\FinancialSystem\Application\Common\Common\APIHandler.class.php 第 54 行.
NOTIC: [2] Invalid argument supplied for foreach() E:\C#\FinancialSystem(SVN)\FinancialSystem\Application\Common\Common\APIHandler.class.php 第 123 行.

[ 2016-03-24T13:56:59+08:00 ] 127.0.0.1 /index.php/Common/provinceList?r=0.13253101869486272
INFO: [ app_begin ] --START--
INFO: Run Behavior\ReadHtmlCacheBehavior [ RunTime:0.002001s ]
NOTIC: [8192] Function mcrypt_cbc() is deprecated E:\C#\FinancialSystem(SVN)\FinancialSystem\Application\Common\Common\DesHelper.class.php 第 44 行.
INFO: Run Common\Behavior\ActionStartBehavior [ RunTime:0.005000s ]
INFO: [ app_begin ] --END-- [ RunTime:0.007001s ]
NOTIC: [8] A session had already been started - ignoring session_start() E:\C#\FinancialSystem(SVN)\FinancialSystem\ThinkPHP\Common\functions.php 第 1263 行.
NOTIC: [8192] Non-static method Common\Common\Enum::GetProvinces() should not be called statically, assuming $this from incompatible context E:\C#\FinancialSystem(SVN)\FinancialSystem\Application\Home\Controller\CommonController.class.php 第 12 行.
NOTIC: [8192] Non-static method Common\Common\Enum::ProvinceArray() should not be called statically, assuming $this from incompatible context E:\C#\FinancialSystem(SVN)\FinancialSystem\Application\Common\Common\Enum.class.php 第 137 行.
NOTIC: [8] Undefined variable: XmlFile E:\C#\FinancialSystem(SVN)\FinancialSystem\Application\Common\Common\Enum.class.php 第 137 行.

[ 2016-03-24T13:56:59+08:00 ] 127.0.0.1 /index.php/Home/Common/GetSalaryReport
INFO: [ app_begin ] --START--
INFO: Run Behavior\ReadHtmlCacheBehavior [ RunTime:0.002001s ]
NOTIC: [8192] Function mcrypt_cbc() is deprecated E:\C#\FinancialSystem(SVN)\FinancialSystem\Application\Common\Common\DesHelper.class.php 第 44 行.
INFO: Run Common\Behavior\ActionStartBehavior [ RunTime:0.006000s ]
INFO: [ app_begin ] --END-- [ RunTime:0.009001s ]
NOTIC: [8] A session had already been started - ignoring session_start() E:\C#\FinancialSystem(SVN)\FinancialSystem\ThinkPHP\Common\functions.php 第 1263 行.
NOTIC: [8] Undefined offset: 0 E:\C#\FinancialSystem(SVN)\FinancialSystem\Application\Common\Common\APIHandler.class.php 第 53 行.
NOTIC: [8] Undefined offset: 1 E:\C#\FinancialSystem(SVN)\FinancialSystem\Application\Common\Common\APIHandler.class.php 第 54 行.
NOTIC: [2] Invalid argument supplied for foreach() E:\C#\FinancialSystem(SVN)\FinancialSystem\Application\Common\Common\APIHandler.class.php 第 123 行.

[ 2016-03-24T13:58:01+08:00 ] 127.0.0.1 /index.php/Common/provinceList?r=0.8880486853886396
INFO: [ app_begin ] --START--
INFO: Run Behavior\ReadHtmlCacheBehavior [ RunTime:0.001000s ]
NOTIC: [8192] Function mcrypt_cbc() is deprecated E:\C#\FinancialSystem(SVN)\FinancialSystem\Application\Common\Common\DesHelper.class.php 第 44 行.
INFO: Run Common\Behavior\ActionStartBehavior [ RunTime:0.003000s ]
INFO: [ app_begin ] --END-- [ RunTime:0.004000s ]
NOTIC: [8] A session had already been started - ignoring session_start() E:\C#\FinancialSystem(SVN)\FinancialSystem\ThinkPHP\Common\functions.php 第 1263 行.
NOTIC: [8192] Non-static method Common\Common\Enum::GetProvinces() should not be called statically, assuming $this from incompatible context E:\C#\FinancialSystem(SVN)\FinancialSystem\Application\Home\Controller\CommonController.class.php 第 12 行.
NOTIC: [8192] Non-static method Common\Common\Enum::ProvinceArray() should not be called statically, assuming $this from incompatible context E:\C#\FinancialSystem(SVN)\FinancialSystem\Application\Common\Common\Enum.class.php 第 137 行.
NOTIC: [8] Undefined variable: XmlFile E:\C#\FinancialSystem(SVN)\FinancialSystem\Application\Common\Common\Enum.class.php 第 137 行.

[ 2016-03-24T13:58:01+08:00 ] 127.0.0.1 /index.php/Home/Common/GetSalaryReport
INFO: [ app_begin ] --START--
INFO: Run Behavior\ReadHtmlCacheBehavior [ RunTime:0.002001s ]
NOTIC: [8192] Function mcrypt_cbc() is deprecated E:\C#\FinancialSystem(SVN)\FinancialSystem\Application\Common\Common\DesHelper.class.php 第 44 行.
INFO: Run Common\Behavior\ActionStartBehavior [ RunTime:0.004000s ]
INFO: [ app_begin ] --END-- [ RunTime:0.007001s ]
NOTIC: [8] A session had already been started - ignoring session_start() E:\C#\FinancialSystem(SVN)\FinancialSystem\ThinkPHP\Common\functions.php 第 1263 行.
NOTIC: [8] Undefined offset: 0 E:\C#\FinancialSystem(SVN)\FinancialSystem\Application\Common\Common\APIHandler.class.php 第 53 行.
NOTIC: [8] Undefined offset: 1 E:\C#\FinancialSystem(SVN)\FinancialSystem\Application\Common\Common\APIHandler.class.php 第 54 行.
NOTIC: [2] Invalid argument supplied for foreach() E:\C#\FinancialSystem(SVN)\FinancialSystem\Application\Common\Common\APIHandler.class.php 第 123 行.

[ 2016-03-24T13:58:15+08:00 ] 127.0.0.1 /index.php/Common/provinceList?r=0.2092622616328299
INFO: [ app_begin ] --START--
INFO: Run Behavior\ReadHtmlCacheBehavior [ RunTime:0.002000s ]
NOTIC: [8192] Function mcrypt_cbc() is deprecated E:\C#\FinancialSystem(SVN)\FinancialSystem\Application\Common\Common\DesHelper.class.php 第 44 行.
INFO: Run Common\Behavior\ActionStartBehavior [ RunTime:0.003000s ]
INFO: [ app_begin ] --END-- [ RunTime:0.005000s ]
NOTIC: [8] A session had already been started - ignoring session_start() E:\C#\FinancialSystem(SVN)\FinancialSystem\ThinkPHP\Common\functions.php 第 1263 行.
NOTIC: [8192] Non-static method Common\Common\Enum::GetProvinces() should not be called statically, assuming $this from incompatible context E:\C#\FinancialSystem(SVN)\FinancialSystem\Application\Home\Controller\CommonController.class.php 第 12 行.
NOTIC: [8192] Non-static method Common\Common\Enum::ProvinceArray() should not be called statically, assuming $this from incompatible context E:\C#\FinancialSystem(SVN)\FinancialSystem\Application\Common\Common\Enum.class.php 第 137 行.
NOTIC: [8] Undefined variable: XmlFile E:\C#\FinancialSystem(SVN)\FinancialSystem\Application\Common\Common\Enum.class.php 第 137 行.

[ 2016-03-24T13:58:15+08:00 ] 127.0.0.1 /index.php/Home/Common/GetSalaryReport
INFO: [ app_begin ] --START--
INFO: Run Behavior\ReadHtmlCacheBehavior [ RunTime:0.006001s ]
NOTIC: [8192] Function mcrypt_cbc() is deprecated E:\C#\FinancialSystem(SVN)\FinancialSystem\Application\Common\Common\DesHelper.class.php 第 44 行.
INFO: Run Common\Behavior\ActionStartBehavior [ RunTime:0.003000s ]
INFO: [ app_begin ] --END-- [ RunTime:0.009001s ]
NOTIC: [8] A session had already been started - ignoring session_start() E:\C#\FinancialSystem(SVN)\FinancialSystem\ThinkPHP\Common\functions.php 第 1263 行.
NOTIC: [8] Undefined offset: 0 E:\C#\FinancialSystem(SVN)\FinancialSystem\Application\Common\Common\APIHandler.class.php 第 53 行.
NOTIC: [8] Undefined offset: 1 E:\C#\FinancialSystem(SVN)\FinancialSystem\Application\Common\Common\APIHandler.class.php 第 54 行.
NOTIC: [2] Invalid argument supplied for foreach() E:\C#\FinancialSystem(SVN)\FinancialSystem\Application\Common\Common\APIHandler.class.php 第 123 行.

[ 2016-03-24T13:58:40+08:00 ] 127.0.0.1 /index.php/Common/provinceList?r=0.6840411170851439
INFO: [ app_begin ] --START--
INFO: Run Behavior\ReadHtmlCacheBehavior [ RunTime:0.003000s ]
NOTIC: [8192] Function mcrypt_cbc() is deprecated E:\C#\FinancialSystem(SVN)\FinancialSystem\Application\Common\Common\DesHelper.class.php 第 44 行.
INFO: Run Common\Behavior\ActionStartBehavior [ RunTime:0.005000s ]
INFO: [ app_begin ] --END-- [ RunTime:0.008000s ]
NOTIC: [8] A session had already been started - ignoring session_start() E:\C#\FinancialSystem(SVN)\FinancialSystem\ThinkPHP\Common\functions.php 第 1263 行.
NOTIC: [8192] Non-static method Common\Common\Enum::GetProvinces() should not be called statically, assuming $this from incompatible context E:\C#\FinancialSystem(SVN)\FinancialSystem\Application\Home\Controller\CommonController.class.php 第 12 行.
NOTIC: [8192] Non-static method Common\Common\Enum::ProvinceArray() should not be called statically, assuming $this from incompatible context E:\C#\FinancialSystem(SVN)\FinancialSystem\Application\Common\Common\Enum.class.php 第 137 行.
NOTIC: [8] Undefined variable: XmlFile E:\C#\FinancialSystem(SVN)\FinancialSystem\Application\Common\Common\Enum.class.php 第 137 行.

[ 2016-03-24T13:58:40+08:00 ] 127.0.0.1 /index.php/Home/Common/GetSalaryReport
INFO: [ app_begin ] --START--
INFO: Run Behavior\ReadHtmlCacheBehavior [ RunTime:0.002000s ]
NOTIC: [8192] Function mcrypt_cbc() is deprecated E:\C#\FinancialSystem(SVN)\FinancialSystem\Application\Common\Common\DesHelper.class.php 第 44 行.
INFO: Run Common\Behavior\ActionStartBehavior [ RunTime:0.002000s ]
INFO: [ app_begin ] --END-- [ RunTime:0.004000s ]
NOTIC: [8] A session had already been started - ignoring session_start() E:\C#\FinancialSystem(SVN)\FinancialSystem\ThinkPHP\Common\functions.php 第 1263 行.
NOTIC: [8] Undefined offset: 0 E:\C#\FinancialSystem(SVN)\FinancialSystem\Application\Common\Common\APIHandler.class.php 第 53 行.
NOTIC: [8] Undefined offset: 1 E:\C#\FinancialSystem(SVN)\FinancialSystem\Application\Common\Common\APIHandler.class.php 第 54 行.
NOTIC: [2] Invalid argument supplied for foreach() E:\C#\FinancialSystem(SVN)\FinancialSystem\Application\Common\Common\APIHandler.class.php 第 123 行.

[ 2016-03-24T14:20:37+08:00 ] 127.0.0.1 /index.php/Common/provinceList?r=0.010696456069126725
INFO: [ app_begin ] --START--
INFO: Run Behavior\ReadHtmlCacheBehavior [ RunTime:0.002000s ]
NOTIC: [8192] Function mcrypt_cbc() is deprecated E:\C#\FinancialSystem(SVN)\FinancialSystem\Application\Common\Common\DesHelper.class.php 第 44 行.
INFO: Run Common\Behavior\ActionStartBehavior [ RunTime:0.004001s ]
INFO: [ app_begin ] --END-- [ RunTime:0.006001s ]
NOTIC: [8] A session had already been started - ignoring session_start() E:\C#\FinancialSystem(SVN)\FinancialSystem\ThinkPHP\Common\functions.php 第 1263 行.
NOTIC: [8192] Non-static method Common\Common\Enum::GetProvinces() should not be called statically, assuming $this from incompatible context E:\C#\FinancialSystem(SVN)\FinancialSystem\Application\Home\Controller\CommonController.class.php 第 12 行.
NOTIC: [8192] Non-static method Common\Common\Enum::ProvinceArray() should not be called statically, assuming $this from incompatible context E:\C#\FinancialSystem(SVN)\FinancialSystem\Application\Common\Common\Enum.class.php 第 137 行.
NOTIC: [8] Undefined variable: XmlFile E:\C#\FinancialSystem(SVN)\FinancialSystem\Application\Common\Common\Enum.class.php 第 137 行.

[ 2016-03-24T14:20:37+08:00 ] 127.0.0.1 /index.php/Home/Common/GetSalaryReport
INFO: [ app_begin ] --START--
INFO: Run Behavior\ReadHtmlCacheBehavior [ RunTime:0.002000s ]
NOTIC: [8192] Function mcrypt_cbc() is deprecated E:\C#\FinancialSystem(SVN)\FinancialSystem\Application\Common\Common\DesHelper.class.php 第 44 行.
INFO: Run Common\Behavior\ActionStartBehavior [ RunTime:0.004000s ]
INFO: [ app_begin ] --END-- [ RunTime:0.006000s ]
NOTIC: [8] A session had already been started - ignoring session_start() E:\C#\FinancialSystem(SVN)\FinancialSystem\ThinkPHP\Common\functions.php 第 1263 行.
NOTIC: [8] Undefined offset: 0 E:\C#\FinancialSystem(SVN)\FinancialSystem\Application\Common\Common\APIHandler.class.php 第 53 行.
NOTIC: [8] Undefined offset: 1 E:\C#\FinancialSystem(SVN)\FinancialSystem\Application\Common\Common\APIHandler.class.php 第 54 行.
NOTIC: [2] Invalid argument supplied for foreach() E:\C#\FinancialSystem(SVN)\FinancialSystem\Application\Common\Common\APIHandler.class.php 第 123 行.

[ 2016-03-24T14:24:59+08:00 ] 127.0.0.1 /index.php/Common/provinceList?r=0.0011234472040086985
INFO: [ app_begin ] --START--
INFO: Run Behavior\ReadHtmlCacheBehavior [ RunTime:0.001000s ]
NOTIC: [8192] Function mcrypt_cbc() is deprecated E:\C#\FinancialSystem(SVN)\FinancialSystem\Application\Common\Common\DesHelper.class.php 第 44 行.
INFO: Run Common\Behavior\ActionStartBehavior [ RunTime:0.003000s ]
INFO: [ app_begin ] --END-- [ RunTime:0.004000s ]
NOTIC: [8] A session had already been started - ignoring session_start() E:\C#\FinancialSystem(SVN)\FinancialSystem\ThinkPHP\Common\functions.php 第 1263 行.
NOTIC: [8192] Non-static method Common\Common\Enum::GetProvinces() should not be called statically, assuming $this from incompatible context E:\C#\FinancialSystem(SVN)\FinancialSystem\Application\Home\Controller\CommonController.class.php 第 12 行.
NOTIC: [8192] Non-static method Common\Common\Enum::ProvinceArray() should not be called statically, assuming $this from incompatible context E:\C#\FinancialSystem(SVN)\FinancialSystem\Application\Common\Common\Enum.class.php 第 137 行.
NOTIC: [8] Undefined variable: XmlFile E:\C#\FinancialSystem(SVN)\FinancialSystem\Application\Common\Common\Enum.class.php 第 137 行.

[ 2016-03-24T14:24:59+08:00 ] 127.0.0.1 /index.php/Home/Common/GetSalaryReport
INFO: [ app_begin ] --START--
INFO: Run Behavior\ReadHtmlCacheBehavior [ RunTime:0.002000s ]
NOTIC: [8192] Function mcrypt_cbc() is deprecated E:\C#\FinancialSystem(SVN)\FinancialSystem\Application\Common\Common\DesHelper.class.php 第 44 行.
INFO: Run Common\Behavior\ActionStartBehavior [ RunTime:0.005000s ]
INFO: [ app_begin ] --END-- [ RunTime:0.008001s ]
NOTIC: [8] A session had already been started - ignoring session_start() E:\C#\FinancialSystem(SVN)\FinancialSystem\ThinkPHP\Common\functions.php 第 1263 行.
NOTIC: [8] Undefined offset: 0 E:\C#\FinancialSystem(SVN)\FinancialSystem\Application\Common\Common\APIHandler.class.php 第 53 行.
NOTIC: [8] Undefined offset: 1 E:\C#\FinancialSystem(SVN)\FinancialSystem\Application\Common\Common\APIHandler.class.php 第 54 行.
NOTIC: [2] Invalid argument supplied for foreach() E:\C#\FinancialSystem(SVN)\FinancialSystem\Application\Common\Common\APIHandler.class.php 第 123 行.

[ 2016-03-24T14:25:29+08:00 ] 127.0.0.1 /index.php/Common/provinceList?r=0.031199176562950015
INFO: [ app_begin ] --START--
INFO: Run Behavior\ReadHtmlCacheBehavior [ RunTime:0.001000s ]
NOTIC: [8192] Function mcrypt_cbc() is deprecated E:\C#\FinancialSystem(SVN)\FinancialSystem\Application\Common\Common\DesHelper.class.php 第 44 行.
INFO: Run Common\Behavior\ActionStartBehavior [ RunTime:0.005000s ]
INFO: [ app_begin ] --END-- [ RunTime:0.006000s ]
NOTIC: [8] A session had already been started - ignoring session_start() E:\C#\FinancialSystem(SVN)\FinancialSystem\ThinkPHP\Common\functions.php 第 1263 行.
NOTIC: [8192] Non-static method Common\Common\Enum::GetProvinces() should not be called statically, assuming $this from incompatible context E:\C#\FinancialSystem(SVN)\FinancialSystem\Application\Home\Controller\CommonController.class.php 第 12 行.
NOTIC: [8192] Non-static method Common\Common\Enum::ProvinceArray() should not be called statically, assuming $this from incompatible context E:\C#\FinancialSystem(SVN)\FinancialSystem\Application\Common\Common\Enum.class.php 第 137 行.
NOTIC: [8] Undefined variable: XmlFile E:\C#\FinancialSystem(SVN)\FinancialSystem\Application\Common\Common\Enum.class.php 第 137 行.

[ 2016-03-24T14:25:29+08:00 ] 127.0.0.1 /index.php/Home/Common/GetSalaryReport
INFO: [ app_begin ] --START--
INFO: Run Behavior\ReadHtmlCacheBehavior [ RunTime:0.001000s ]
NOTIC: [8192] Function mcrypt_cbc() is deprecated E:\C#\FinancialSystem(SVN)\FinancialSystem\Application\Common\Common\DesHelper.class.php 第 44 行.
INFO: Run Common\Behavior\ActionStartBehavior [ RunTime:0.007000s ]
INFO: [ app_begin ] --END-- [ RunTime:0.008000s ]
NOTIC: [8] A session had already been started - ignoring session_start() E:\C#\FinancialSystem(SVN)\FinancialSystem\ThinkPHP\Common\functions.php 第 1263 行.
NOTIC: [8] Undefined offset: 0 E:\C#\FinancialSystem(SVN)\FinancialSystem\Application\Common\Common\APIHandler.class.php 第 53 行.
NOTIC: [8] Undefined offset: 1 E:\C#\FinancialSystem(SVN)\FinancialSystem\Application\Common\Common\APIHandler.class.php 第 54 行.
NOTIC: [2] Invalid argument supplied for foreach() E:\C#\FinancialSystem(SVN)\FinancialSystem\Application\Common\Common\APIHandler.class.php 第 123 行.

[ 2016-03-24T14:27:34+08:00 ] 127.0.0.1 /index.php/Common/provinceList?r=0.6934517717454582
INFO: [ app_begin ] --START--
INFO: Run Behavior\ReadHtmlCacheBehavior [ RunTime:0.001000s ]
NOTIC: [8192] Function mcrypt_cbc() is deprecated E:\C#\FinancialSystem(SVN)\FinancialSystem\Application\Common\Common\DesHelper.class.php 第 44 行.
INFO: Run Common\Behavior\ActionStartBehavior [ RunTime:0.005000s ]
INFO: [ app_begin ] --END-- [ RunTime:0.007000s ]
NOTIC: [8] A session had already been started - ignoring session_start() E:\C#\FinancialSystem(SVN)\FinancialSystem\ThinkPHP\Common\functions.php 第 1263 行.
NOTIC: [8192] Non-static method Common\Common\Enum::GetProvinces() should not be called statically, assuming $this from incompatible context E:\C#\FinancialSystem(SVN)\FinancialSystem\Application\Home\Controller\CommonController.class.php 第 12 行.
NOTIC: [8192] Non-static method Common\Common\Enum::ProvinceArray() should not be called statically, assuming $this from incompatible context E:\C#\FinancialSystem(SVN)\FinancialSystem\Application\Common\Common\Enum.class.php 第 137 行.
NOTIC: [8] Undefined variable: XmlFile E:\C#\FinancialSystem(SVN)\FinancialSystem\Application\Common\Common\Enum.class.php 第 137 行.

[ 2016-03-24T14:27:34+08:00 ] 127.0.0.1 /index.php/Home/Common/GetSalaryReport
INFO: [ app_begin ] --START--
INFO: Run Behavior\ReadHtmlCacheBehavior [ RunTime:0.002000s ]
NOTIC: [8192] Function mcrypt_cbc() is deprecated E:\C#\FinancialSystem(SVN)\FinancialSystem\Application\Common\Common\DesHelper.class.php 第 44 行.
INFO: Run Common\Behavior\ActionStartBehavior [ RunTime:0.003000s ]
INFO: [ app_begin ] --END-- [ RunTime:0.005000s ]
NOTIC: [8] A session had already been started - ignoring session_start() E:\C#\FinancialSystem(SVN)\FinancialSystem\ThinkPHP\Common\functions.php 第 1263 行.
NOTIC: [8] Undefined offset: 0 E:\C#\FinancialSystem(SVN)\FinancialSystem\Application\Common\Common\APIHandler.class.php 第 53 行.
NOTIC: [8] Undefined offset: 1 E:\C#\FinancialSystem(SVN)\FinancialSystem\Application\Common\Common\APIHandler.class.php 第 54 行.
NOTIC: [2] Invalid argument supplied for foreach() E:\C#\FinancialSystem(SVN)\FinancialSystem\Application\Common\Common\APIHandler.class.php 第 123 行.

[ 2016-03-24T14:31:38+08:00 ] 127.0.0.1 /index.php/Common/provinceList?r=0.49905552458949387
INFO: [ app_begin ] --START--
INFO: Run Behavior\ReadHtmlCacheBehavior [ RunTime:0.002000s ]
NOTIC: [8192] Function mcrypt_cbc() is deprecated E:\C#\FinancialSystem(SVN)\FinancialSystem\Application\Common\Common\DesHelper.class.php 第 44 行.
INFO: Run Common\Behavior\ActionStartBehavior [ RunTime:0.004000s ]
INFO: [ app_begin ] --END-- [ RunTime:0.006000s ]
NOTIC: [8] A session had already been started - ignoring session_start() E:\C#\FinancialSystem(SVN)\FinancialSystem\ThinkPHP\Common\functions.php 第 1263 行.
NOTIC: [8192] Non-static method Common\Common\Enum::GetProvinces() should not be called statically, assuming $this from incompatible context E:\C#\FinancialSystem(SVN)\FinancialSystem\Application\Home\Controller\CommonController.class.php 第 12 行.
NOTIC: [8192] Non-static method Common\Common\Enum::ProvinceArray() should not be called statically, assuming $this from incompatible context E:\C#\FinancialSystem(SVN)\FinancialSystem\Application\Common\Common\Enum.class.php 第 137 行.
NOTIC: [8] Undefined variable: XmlFile E:\C#\FinancialSystem(SVN)\FinancialSystem\Application\Common\Common\Enum.class.php 第 137 行.

[ 2016-03-24T14:31:38+08:00 ] 127.0.0.1 /index.php/Home/Common/GetSalaryReport
INFO: [ app_begin ] --START--
INFO: Run Behavior\ReadHtmlCacheBehavior [ RunTime:0.003000s ]
NOTIC: [8192] Function mcrypt_cbc() is deprecated E:\C#\FinancialSystem(SVN)\FinancialSystem\Application\Common\Common\DesHelper.class.php 第 44 行.
INFO: Run Common\Behavior\ActionStartBehavior [ RunTime:0.004000s ]
INFO: [ app_begin ] --END-- [ RunTime:0.007000s ]
NOTIC: [8] A session had already been started - ignoring session_start() E:\C#\FinancialSystem(SVN)\FinancialSystem\ThinkPHP\Common\functions.php 第 1263 行.
NOTIC: [8] Undefined offset: 0 E:\C#\FinancialSystem(SVN)\FinancialSystem\Application\Common\Common\APIHandler.class.php 第 53 行.
NOTIC: [8] Undefined offset: 1 E:\C#\FinancialSystem(SVN)\FinancialSystem\Application\Common\Common\APIHandler.class.php 第 54 行.
NOTIC: [2] Invalid argument supplied for foreach() E:\C#\FinancialSystem(SVN)\FinancialSystem\Application\Common\Common\APIHandler.class.php 第 123 行.

[ 2016-03-24T14:32:14+08:00 ] 127.0.0.1 /index.php/Common/provinceList?r=0.35783602693118155
INFO: [ app_begin ] --START--
INFO: Run Behavior\ReadHtmlCacheBehavior [ RunTime:0.001000s ]
NOTIC: [8192] Function mcrypt_cbc() is deprecated E:\C#\FinancialSystem(SVN)\FinancialSystem\Application\Common\Common\DesHelper.class.php 第 44 行.
INFO: Run Common\Behavior\ActionStartBehavior [ RunTime:0.003000s ]
INFO: [ app_begin ] --END-- [ RunTime:0.004000s ]
NOTIC: [8] A session had already been started - ignoring session_start() E:\C#\FinancialSystem(SVN)\FinancialSystem\ThinkPHP\Common\functions.php 第 1263 行.
NOTIC: [8192] Non-static method Common\Common\Enum::GetProvinces() should not be called statically, assuming $this from incompatible context E:\C#\FinancialSystem(SVN)\FinancialSystem\Application\Home\Controller\CommonController.class.php 第 12 行.
NOTIC: [8192] Non-static method Common\Common\Enum::ProvinceArray() should not be called statically, assuming $this from incompatible context E:\C#\FinancialSystem(SVN)\FinancialSystem\Application\Common\Common\Enum.class.php 第 137 行.
NOTIC: [8] Undefined variable: XmlFile E:\C#\FinancialSystem(SVN)\FinancialSystem\Application\Common\Common\Enum.class.php 第 137 行.

[ 2016-03-24T14:32:14+08:00 ] 127.0.0.1 /index.php/Home/Common/GetSalaryReport
INFO: [ app_begin ] --START--
INFO: Run Behavior\ReadHtmlCacheBehavior [ RunTime:0.002000s ]
NOTIC: [8192] Function mcrypt_cbc() is deprecated E:\C#\FinancialSystem(SVN)\FinancialSystem\Application\Common\Common\DesHelper.class.php 第 44 行.
INFO: Run Common\Behavior\ActionStartBehavior [ RunTime:0.004001s ]
INFO: [ app_begin ] --END-- [ RunTime:0.006001s ]
NOTIC: [8] A session had already been started - ignoring session_start() E:\C#\FinancialSystem(SVN)\FinancialSystem\ThinkPHP\Common\functions.php 第 1263 行.
NOTIC: [8] Undefined offset: 0 E:\C#\FinancialSystem(SVN)\FinancialSystem\Application\Common\Common\APIHandler.class.php 第 53 行.
NOTIC: [8] Undefined offset: 1 E:\C#\FinancialSystem(SVN)\FinancialSystem\Application\Common\Common\APIHandler.class.php 第 54 行.
NOTIC: [2] Invalid argument supplied for foreach() E:\C#\FinancialSystem(SVN)\FinancialSystem\Application\Common\Common\APIHandler.class.php 第 123 行.

[ 2016-03-24T14:32:16+08:00 ] 127.0.0.1 /index.php/Common/provinceList?r=0.7840642675291747
INFO: [ app_begin ] --START--
INFO: Run Behavior\ReadHtmlCacheBehavior [ RunTime:0.002000s ]
NOTIC: [8192] Function mcrypt_cbc() is deprecated E:\C#\FinancialSystem(SVN)\FinancialSystem\Application\Common\Common\DesHelper.class.php 第 44 行.
INFO: Run Common\Behavior\ActionStartBehavior [ RunTime:0.003000s ]
INFO: [ app_begin ] --END-- [ RunTime:0.005000s ]
NOTIC: [8] A session had already been started - ignoring session_start() E:\C#\FinancialSystem(SVN)\FinancialSystem\ThinkPHP\Common\functions.php 第 1263 行.
NOTIC: [8192] Non-static method Common\Common\Enum::GetProvinces() should not be called statically, assuming $this from incompatible context E:\C#\FinancialSystem(SVN)\FinancialSystem\Application\Home\Controller\CommonController.class.php 第 12 行.
NOTIC: [8192] Non-static method Common\Common\Enum::ProvinceArray() should not be called statically, assuming $this from incompatible context E:\C#\FinancialSystem(SVN)\FinancialSystem\Application\Common\Common\Enum.class.php 第 137 行.
NOTIC: [8] Undefined variable: XmlFile E:\C#\FinancialSystem(SVN)\FinancialSystem\Application\Common\Common\Enum.class.php 第 137 行.

[ 2016-03-24T14:32:16+08:00 ] 127.0.0.1 /index.php/Home/Common/GetSalaryReport
INFO: [ app_begin ] --START--
INFO: Run Behavior\ReadHtmlCacheBehavior [ RunTime:0.004000s ]
NOTIC: [8192] Function mcrypt_cbc() is deprecated E:\C#\FinancialSystem(SVN)\FinancialSystem\Application\Common\Common\DesHelper.class.php 第 44 行.
INFO: Run Common\Behavior\ActionStartBehavior [ RunTime:0.007001s ]
INFO: [ app_begin ] --END-- [ RunTime:0.011001s ]
NOTIC: [8] A session had already been started - ignoring session_start() E:\C#\FinancialSystem(SVN)\FinancialSystem\ThinkPHP\Common\functions.php 第 1263 行.
NOTIC: [8] Undefined offset: 0 E:\C#\FinancialSystem(SVN)\FinancialSystem\Application\Common\Common\APIHandler.class.php 第 53 行.
NOTIC: [8] Undefined offset: 1 E:\C#\FinancialSystem(SVN)\FinancialSystem\Application\Common\Common\APIHandler.class.php 第 54 行.
NOTIC: [2] Invalid argument supplied for foreach() E:\C#\FinancialSystem(SVN)\FinancialSystem\Application\Common\Common\APIHandler.class.php 第 123 行.

[ 2016-03-24T14:32:53+08:00 ] 127.0.0.1 /index.php/Common/provinceList?r=0.5697768032550812
INFO: [ app_begin ] --START--
INFO: Run Behavior\ReadHtmlCacheBehavior [ RunTime:0.003000s ]
NOTIC: [8192] Function mcrypt_cbc() is deprecated E:\C#\FinancialSystem(SVN)\FinancialSystem\Application\Common\Common\DesHelper.class.php 第 44 行.
INFO: Run Common\Behavior\ActionStartBehavior [ RunTime:0.004000s ]
INFO: [ app_begin ] --END-- [ RunTime:0.007000s ]
NOTIC: [8] A session had already been started - ignoring session_start() E:\C#\FinancialSystem(SVN)\FinancialSystem\ThinkPHP\Common\functions.php 第 1263 行.
NOTIC: [8192] Non-static method Common\Common\Enum::GetProvinces() should not be called statically, assuming $this from incompatible context E:\C#\FinancialSystem(SVN)\FinancialSystem\Application\Home\Controller\CommonController.class.php 第 12 行.
NOTIC: [8192] Non-static method Common\Common\Enum::ProvinceArray() should not be called statically, assuming $this from incompatible context E:\C#\FinancialSystem(SVN)\FinancialSystem\Application\Common\Common\Enum.class.php 第 137 行.
NOTIC: [8] Undefined variable: XmlFile E:\C#\FinancialSystem(SVN)\FinancialSystem\Application\Common\Common\Enum.class.php 第 137 行.

[ 2016-03-24T14:32:53+08:00 ] 127.0.0.1 /index.php/Home/Common/GetSalaryReport
INFO: [ app_begin ] --START--
INFO: Run Behavior\ReadHtmlCacheBehavior [ RunTime:0.002000s ]
NOTIC: [8192] Function mcrypt_cbc() is deprecated E:\C#\FinancialSystem(SVN)\FinancialSystem\Application\Common\Common\DesHelper.class.php 第 44 行.
INFO: Run Common\Behavior\ActionStartBehavior [ RunTime:0.003001s ]
INFO: [ app_begin ] --END-- [ RunTime:0.005001s ]
NOTIC: [8] A session had already been started - ignoring session_start() E:\C#\FinancialSystem(SVN)\FinancialSystem\ThinkPHP\Common\functions.php 第 1263 行.
NOTIC: [8] Undefined offset: 0 E:\C#\FinancialSystem(SVN)\FinancialSystem\Application\Common\Common\APIHandler.class.php 第 53 行.
NOTIC: [8] Undefined offset: 1 E:\C#\FinancialSystem(SVN)\FinancialSystem\Application\Common\Common\APIHandler.class.php 第 54 行.
NOTIC: [2] Invalid argument supplied for foreach() E:\C#\FinancialSystem(SVN)\FinancialSystem\Application\Common\Common\APIHandler.class.php 第 123 行.

[ 2016-03-24T14:33:16+08:00 ] 127.0.0.1 /index.php/Common/provinceList?r=0.9057536686304957
INFO: [ app_begin ] --START--
INFO: Run Behavior\ReadHtmlCacheBehavior [ RunTime:0.001000s ]
NOTIC: [8192] Function mcrypt_cbc() is deprecated E:\C#\FinancialSystem(SVN)\FinancialSystem\Application\Common\Common\DesHelper.class.php 第 44 行.
INFO: Run Common\Behavior\ActionStartBehavior [ RunTime:0.003000s ]
INFO: [ app_begin ] --END-- [ RunTime:0.004000s ]
NOTIC: [8] A session had already been started - ignoring session_start() E:\C#\FinancialSystem(SVN)\FinancialSystem\ThinkPHP\Common\functions.php 第 1263 行.
NOTIC: [8192] Non-static method Common\Common\Enum::GetProvinces() should not be called statically, assuming $this from incompatible context E:\C#\FinancialSystem(SVN)\FinancialSystem\Application\Home\Controller\CommonController.class.php 第 12 行.
NOTIC: [8192] Non-static method Common\Common\Enum::ProvinceArray() should not be called statically, assuming $this from incompatible context E:\C#\FinancialSystem(SVN)\FinancialSystem\Application\Common\Common\Enum.class.php 第 137 行.
NOTIC: [8] Undefined variable: XmlFile E:\C#\FinancialSystem(SVN)\FinancialSystem\Application\Common\Common\Enum.class.php 第 137 行.

[ 2016-03-24T14:33:16+08:00 ] 127.0.0.1 /index.php/Home/Common/GetSalaryReport
INFO: [ app_begin ] --START--
INFO: Run Behavior\ReadHtmlCacheBehavior [ RunTime:0.014001s ]
NOTIC: [8192] Function mcrypt_cbc() is deprecated E:\C#\FinancialSystem(SVN)\FinancialSystem\Application\Common\Common\DesHelper.class.php 第 44 行.
INFO: Run Common\Behavior\ActionStartBehavior [ RunTime:0.003000s ]
INFO: [ app_begin ] --END-- [ RunTime:0.017001s ]
NOTIC: [8] A session had already been started - ignoring session_start() E:\C#\FinancialSystem(SVN)\FinancialSystem\ThinkPHP\Common\functions.php 第 1263 行.
NOTIC: [8] Undefined offset: 0 E:\C#\FinancialSystem(SVN)\FinancialSystem\Application\Common\Common\APIHandler.class.php 第 53 行.
NOTIC: [8] Undefined offset: 1 E:\C#\FinancialSystem(SVN)\FinancialSystem\Application\Common\Common\APIHandler.class.php 第 54 行.
NOTIC: [2] Invalid argument supplied for foreach() E:\C#\FinancialSystem(SVN)\FinancialSystem\Application\Common\Common\APIHandler.class.php 第 123 行.

[ 2016-03-24T14:34:55+08:00 ] 127.0.0.1 /index.php/Common/provinceList?r=0.8323932630009949
INFO: [ app_begin ] --START--
INFO: Run Behavior\ReadHtmlCacheBehavior [ RunTime:0.002000s ]
NOTIC: [8192] Function mcrypt_cbc() is deprecated E:\C#\FinancialSystem(SVN)\FinancialSystem\Application\Common\Common\DesHelper.class.php 第 44 行.
INFO: Run Common\Behavior\ActionStartBehavior [ RunTime:0.002001s ]
INFO: [ app_begin ] --END-- [ RunTime:0.005001s ]
NOTIC: [8] A session had already been started - ignoring session_start() E:\C#\FinancialSystem(SVN)\FinancialSystem\ThinkPHP\Common\functions.php 第 1263 行.
NOTIC: [8192] Non-static method Common\Common\Enum::GetProvinces() should not be called statically, assuming $this from incompatible context E:\C#\FinancialSystem(SVN)\FinancialSystem\Application\Home\Controller\CommonController.class.php 第 12 行.
NOTIC: [8192] Non-static method Common\Common\Enum::ProvinceArray() should not be called statically, assuming $this from incompatible context E:\C#\FinancialSystem(SVN)\FinancialSystem\Application\Common\Common\Enum.class.php 第 137 行.
NOTIC: [8] Undefined variable: XmlFile E:\C#\FinancialSystem(SVN)\FinancialSystem\Application\Common\Common\Enum.class.php 第 137 行.

[ 2016-03-24T14:34:55+08:00 ] 127.0.0.1 /index.php/Home/Common/GetSalaryReport
INFO: [ app_begin ] --START--
INFO: Run Behavior\ReadHtmlCacheBehavior [ RunTime:0.001000s ]
NOTIC: [8192] Function mcrypt_cbc() is deprecated E:\C#\FinancialSystem(SVN)\FinancialSystem\Application\Common\Common\DesHelper.class.php 第 44 行.
INFO: Run Common\Behavior\ActionStartBehavior [ RunTime:0.004001s ]
INFO: [ app_begin ] --END-- [ RunTime:0.005001s ]
NOTIC: [8] A session had already been started - ignoring session_start() E:\C#\FinancialSystem(SVN)\FinancialSystem\ThinkPHP\Common\functions.php 第 1263 行.
NOTIC: [8] Undefined offset: 0 E:\C#\FinancialSystem(SVN)\FinancialSystem\Application\Common\Common\APIHandler.class.php 第 53 行.
NOTIC: [8] Undefined offset: 1 E:\C#\FinancialSystem(SVN)\FinancialSystem\Application\Common\Common\APIHandler.class.php 第 54 行.
NOTIC: [2] Invalid argument supplied for foreach() E:\C#\FinancialSystem(SVN)\FinancialSystem\Application\Common\Common\APIHandler.class.php 第 123 行.

[ 2016-03-24T14:35:21+08:00 ] 127.0.0.1 /index.php/Common/provinceList?r=0.4002190676983446
INFO: [ app_begin ] --START--
INFO: Run Behavior\ReadHtmlCacheBehavior [ RunTime:0.002000s ]
NOTIC: [8192] Function mcrypt_cbc() is deprecated E:\C#\FinancialSystem(SVN)\FinancialSystem\Application\Common\Common\DesHelper.class.php 第 44 行.
INFO: Run Common\Behavior\ActionStartBehavior [ RunTime:0.003000s ]
INFO: [ app_begin ] --END-- [ RunTime:0.005000s ]
NOTIC: [8] A session had already been started - ignoring session_start() E:\C#\FinancialSystem(SVN)\FinancialSystem\ThinkPHP\Common\functions.php 第 1263 行.
NOTIC: [8192] Non-static method Common\Common\Enum::GetProvinces() should not be called statically, assuming $this from incompatible context E:\C#\FinancialSystem(SVN)\FinancialSystem\Application\Home\Controller\CommonController.class.php 第 12 行.
NOTIC: [8192] Non-static method Common\Common\Enum::ProvinceArray() should not be called statically, assuming $this from incompatible context E:\C#\FinancialSystem(SVN)\FinancialSystem\Application\Common\Common\Enum.class.php 第 137 行.
NOTIC: [8] Undefined variable: XmlFile E:\C#\FinancialSystem(SVN)\FinancialSystem\Application\Common\Common\Enum.class.php 第 137 行.

[ 2016-03-24T14:35:22+08:00 ] 127.0.0.1 /index.php/Home/Common/GetSalaryReport
INFO: [ app_begin ] --START--
INFO: Run Behavior\ReadHtmlCacheBehavior [ RunTime:0.001000s ]
NOTIC: [8192] Function mcrypt_cbc() is deprecated E:\C#\FinancialSystem(SVN)\FinancialSystem\Application\Common\Common\DesHelper.class.php 第 44 行.
INFO: Run Common\Behavior\ActionStartBehavior [ RunTime:0.003000s ]
INFO: [ app_begin ] --END-- [ RunTime:0.005000s ]
NOTIC: [8] A session had already been started - ignoring session_start() E:\C#\FinancialSystem(SVN)\FinancialSystem\ThinkPHP\Common\functions.php 第 1263 行.
NOTIC: [8] Undefined offset: 0 E:\C#\FinancialSystem(SVN)\FinancialSystem\Application\Common\Common\APIHandler.class.php 第 53 行.
NOTIC: [8] Undefined offset: 1 E:\C#\FinancialSystem(SVN)\FinancialSystem\Application\Common\Common\APIHandler.class.php 第 54 行.
NOTIC: [2] Invalid argument supplied for foreach() E:\C#\FinancialSystem(SVN)\FinancialSystem\Application\Common\Common\APIHandler.class.php 第 123 行.

