[ 2016-04-25T08:38:14+08:00 ] 127.0.0.1 /index.php/HumanResources/Staff/stafflistavalon?r=0.01524296123534441&keywords=&keytype=0&admin=0&class2=0&manager=-1&ischecked=-1&startjoindate=&endjoindate=&PageIndex=1&PageSize=20
INFO: [ app_begin ] --START--
INFO: Run Behavior\ReadHtmlCacheBehavior [ RunTime:0.000000s ]
NOTIC: [8192] Function mcrypt_cbc() is deprecated E:\C#\FinancialSystem(SVN)\FinancialSystem\Application\Common\Common\DesHelper.class.php 第 44 行.
INFO: Run Common\Behavior\ActionStartBehavior [ RunTime:0.002000s ]
INFO: [ app_begin ] --END-- [ RunTime:0.002000s ]
NOTIC: [8] A session had already been started - ignoring session_start() E:\C#\FinancialSystem(SVN)\FinancialSystem\ThinkPHP\Common\functions.php 第 1263 行.
NOTIC: [8192] Function mcrypt_cbc() is deprecated E:\C#\FinancialSystem(SVN)\FinancialSystem\Application\Common\Common\DesHelper.class.php 第 44 行.
NOTIC: [8] Use of undefined constant funStr - assumed 'funStr' E:\C#\FinancialSystem(SVN)\FinancialSystem\Application\Home\Common\IDuty.class.php 第 14 行.
NOTIC: [8] Use of undefined constant userID - assumed 'userID' E:\C#\FinancialSystem(SVN)\FinancialSystem\Application\Home\Common\IDuty.class.php 第 14 行.
NOTIC: [8] Undefined offset: 1 E:\C#\FinancialSystem(SVN)\FinancialSystem\Application\Common\Common\APIHandler.class.php 第 55 行.
NOTIC: [8] Undefined offset: 2 E:\C#\FinancialSystem(SVN)\FinancialSystem\Application\Common\Common\APIHandler.class.php 第 56 行.
NOTIC: [8] Use of undefined constant keywords - assumed 'keywords' E:\C#\FinancialSystem(SVN)\FinancialSystem\Application\Home\Common\IManage.class.php 第 41 行.
NOTIC: [8] Use of undefined constant keytype - assumed 'keytype' E:\C#\FinancialSystem(SVN)\FinancialSystem\Application\Home\Common\IManage.class.php 第 41 行.
NOTIC: [8] Use of undefined constant admin - assumed 'admin' E:\C#\FinancialSystem(SVN)\FinancialSystem\Application\Home\Common\IManage.class.php 第 41 行.
NOTIC: [8] Use of undefined constant class2 - assumed 'class2' E:\C#\FinancialSystem(SVN)\FinancialSystem\Application\Home\Common\IManage.class.php 第 41 行.
NOTIC: [8] Use of undefined constant manager - assumed 'manager' E:\C#\FinancialSystem(SVN)\FinancialSystem\Application\Home\Common\IManage.class.php 第 41 行.
NOTIC: [8] Use of undefined constant ischecked - assumed 'ischecked' E:\C#\FinancialSystem(SVN)\FinancialSystem\Application\Home\Common\IManage.class.php 第 41 行.
NOTIC: [8] Use of undefined constant startjoindate - assumed 'startjoindate' E:\C#\FinancialSystem(SVN)\FinancialSystem\Application\Home\Common\IManage.class.php 第 42 行.
NOTIC: [8] Use of undefined constant endjoindate - assumed 'endjoindate' E:\C#\FinancialSystem(SVN)\FinancialSystem\Application\Home\Common\IManage.class.php 第 42 行.
NOTIC: [8] Use of undefined constant PageIndex - assumed 'PageIndex' E:\C#\FinancialSystem(SVN)\FinancialSystem\Application\Home\Common\IManage.class.php 第 42 行.
NOTIC: [8] Use of undefined constant PageSize - assumed 'PageSize' E:\C#\FinancialSystem(SVN)\FinancialSystem\Application\Home\Common\IManage.class.php 第 42 行.
NOTIC: [8] Undefined offset: 1 E:\C#\FinancialSystem(SVN)\FinancialSystem\Application\Common\Common\APIHandler.class.php 第 55 行.
NOTIC: [8] Undefined offset: 2 E:\C#\FinancialSystem(SVN)\FinancialSystem\Application\Common\Common\APIHandler.class.php 第 56 行.

[ 2016-04-25T08:38:14+08:00 ] 127.0.0.1 /index.php/HumanResources/FinCheckedEvent/manageinfo
INFO: [ app_begin ] --START--
INFO: Run Behavior\ReadHtmlCacheBehavior [ RunTime:0.000000s ]
NOTIC: [8192] Function mcrypt_cbc() is deprecated E:\C#\FinancialSystem(SVN)\FinancialSystem\Application\Common\Common\DesHelper.class.php 第 44 行.
INFO: Run Common\Behavior\ActionStartBehavior [ RunTime:0.002000s ]
INFO: [ app_begin ] --END-- [ RunTime:0.002000s ]
NOTIC: [8] A session had already been started - ignoring session_start() E:\C#\FinancialSystem(SVN)\FinancialSystem\ThinkPHP\Common\functions.php 第 1263 行.
NOTIC: [8192] Function mcrypt_cbc() is deprecated E:\C#\FinancialSystem(SVN)\FinancialSystem\Application\Common\Common\DesHelper.class.php 第 44 行.
NOTIC: [8] Use of undefined constant funStr - assumed 'funStr' E:\C#\FinancialSystem(SVN)\FinancialSystem\Application\Home\Common\IDuty.class.php 第 14 行.
NOTIC: [8] Use of undefined constant userID - assumed 'userID' E:\C#\FinancialSystem(SVN)\FinancialSystem\Application\Home\Common\IDuty.class.php 第 14 行.
NOTIC: [8] Undefined offset: 1 E:\C#\FinancialSystem(SVN)\FinancialSystem\Application\Common\Common\APIHandler.class.php 第 55 行.
NOTIC: [8] Undefined offset: 2 E:\C#\FinancialSystem(SVN)\FinancialSystem\Application\Common\Common\APIHandler.class.php 第 56 行.
NOTIC: [8] Use of undefined constant id - assumed 'id' E:\C#\FinancialSystem(SVN)\FinancialSystem\Application\Home\Common\IManage.class.php 第 51 行.
NOTIC: [8] Undefined offset: 1 E:\C#\FinancialSystem(SVN)\FinancialSystem\Application\Common\Common\APIHandler.class.php 第 55 行.
NOTIC: [8] Undefined offset: 2 E:\C#\FinancialSystem(SVN)\FinancialSystem\Application\Common\Common\APIHandler.class.php 第 56 行.

[ 2016-04-25T08:38:15+08:00 ] 127.0.0.1 /index.php/HumanResources/FinCheckedEvent/fincheckedeventlist
INFO: [ app_begin ] --START--
INFO: Run Behavior\ReadHtmlCacheBehavior [ RunTime:0.001000s ]
NOTIC: [8192] Function mcrypt_cbc() is deprecated E:\C#\FinancialSystem(SVN)\FinancialSystem\Application\Common\Common\DesHelper.class.php 第 44 行.
INFO: Run Common\Behavior\ActionStartBehavior [ RunTime:0.002000s ]
INFO: [ app_begin ] --END-- [ RunTime:0.003000s ]
NOTIC: [8] A session had already been started - ignoring session_start() E:\C#\FinancialSystem(SVN)\FinancialSystem\ThinkPHP\Common\functions.php 第 1263 行.
NOTIC: [8192] Function mcrypt_cbc() is deprecated E:\C#\FinancialSystem(SVN)\FinancialSystem\Application\Common\Common\DesHelper.class.php 第 44 行.
NOTIC: [8] Use of undefined constant funStr - assumed 'funStr' E:\C#\FinancialSystem(SVN)\FinancialSystem\Application\Home\Common\IDuty.class.php 第 14 行.
NOTIC: [8] Use of undefined constant userID - assumed 'userID' E:\C#\FinancialSystem(SVN)\FinancialSystem\Application\Home\Common\IDuty.class.php 第 14 行.
NOTIC: [8] Undefined offset: 1 E:\C#\FinancialSystem(SVN)\FinancialSystem\Application\Common\Common\APIHandler.class.php 第 55 行.
NOTIC: [8] Undefined offset: 2 E:\C#\FinancialSystem(SVN)\FinancialSystem\Application\Common\Common\APIHandler.class.php 第 56 行.
NOTIC: [8] Use of undefined constant id - assumed 'id' E:\C#\FinancialSystem(SVN)\FinancialSystem\Application\Home\Common\IFinCheckedEvent.class.php 第 24 行.
NOTIC: [8] Undefined offset: 1 E:\C#\FinancialSystem(SVN)\FinancialSystem\Application\Common\Common\APIHandler.class.php 第 55 行.
NOTIC: [8] Undefined offset: 2 E:\C#\FinancialSystem(SVN)\FinancialSystem\Application\Common\Common\APIHandler.class.php 第 56 行.

[ 2016-04-25T08:38:15+08:00 ] 127.0.0.1 /index.php/HumanResources/FinCheckedEvent/manageinfo
INFO: [ app_begin ] --START--
INFO: Run Behavior\ReadHtmlCacheBehavior [ RunTime:0.001000s ]
NOTIC: [8192] Function mcrypt_cbc() is deprecated E:\C#\FinancialSystem(SVN)\FinancialSystem\Application\Common\Common\DesHelper.class.php 第 44 行.
INFO: Run Common\Behavior\ActionStartBehavior [ RunTime:0.001000s ]
INFO: [ app_begin ] --END-- [ RunTime:0.002000s ]
NOTIC: [8] A session had already been started - ignoring session_start() E:\C#\FinancialSystem(SVN)\FinancialSystem\ThinkPHP\Common\functions.php 第 1263 行.
NOTIC: [8192] Function mcrypt_cbc() is deprecated E:\C#\FinancialSystem(SVN)\FinancialSystem\Application\Common\Common\DesHelper.class.php 第 44 行.
NOTIC: [8] Use of undefined constant funStr - assumed 'funStr' E:\C#\FinancialSystem(SVN)\FinancialSystem\Application\Home\Common\IDuty.class.php 第 14 行.
NOTIC: [8] Use of undefined constant userID - assumed 'userID' E:\C#\FinancialSystem(SVN)\FinancialSystem\Application\Home\Common\IDuty.class.php 第 14 行.
NOTIC: [8] Undefined offset: 1 E:\C#\FinancialSystem(SVN)\FinancialSystem\Application\Common\Common\APIHandler.class.php 第 55 行.
NOTIC: [8] Undefined offset: 2 E:\C#\FinancialSystem(SVN)\FinancialSystem\Application\Common\Common\APIHandler.class.php 第 56 行.
NOTIC: [8] Use of undefined constant id - assumed 'id' E:\C#\FinancialSystem(SVN)\FinancialSystem\Application\Home\Common\IManage.class.php 第 51 行.
NOTIC: [8] Undefined offset: 1 E:\C#\FinancialSystem(SVN)\FinancialSystem\Application\Common\Common\APIHandler.class.php 第 55 行.
NOTIC: [8] Undefined offset: 2 E:\C#\FinancialSystem(SVN)\FinancialSystem\Application\Common\Common\APIHandler.class.php 第 56 行.

[ 2016-04-25T08:38:16+08:00 ] 127.0.0.1 /index.php/HumanResources/FinSocialSecurity/finsocialsecuritylist
INFO: [ app_begin ] --START--
INFO: Run Behavior\ReadHtmlCacheBehavior [ RunTime:0.000000s ]
NOTIC: [8192] Function mcrypt_cbc() is deprecated E:\C#\FinancialSystem(SVN)\FinancialSystem\Application\Common\Common\DesHelper.class.php 第 44 行.
INFO: Run Common\Behavior\ActionStartBehavior [ RunTime:0.001000s ]
INFO: [ app_begin ] --END-- [ RunTime:0.001000s ]
NOTIC: [8] A session had already been started - ignoring session_start() E:\C#\FinancialSystem(SVN)\FinancialSystem\ThinkPHP\Common\functions.php 第 1263 行.
NOTIC: [8192] Function mcrypt_cbc() is deprecated E:\C#\FinancialSystem(SVN)\FinancialSystem\Application\Common\Common\DesHelper.class.php 第 44 行.
NOTIC: [8] Use of undefined constant funStr - assumed 'funStr' E:\C#\FinancialSystem(SVN)\FinancialSystem\Application\Home\Common\IDuty.class.php 第 14 行.
NOTIC: [8] Use of undefined constant userID - assumed 'userID' E:\C#\FinancialSystem(SVN)\FinancialSystem\Application\Home\Common\IDuty.class.php 第 14 行.
NOTIC: [8] Undefined offset: 1 E:\C#\FinancialSystem(SVN)\FinancialSystem\Application\Common\Common\APIHandler.class.php 第 55 行.
NOTIC: [8] Undefined offset: 2 E:\C#\FinancialSystem(SVN)\FinancialSystem\Application\Common\Common\APIHandler.class.php 第 56 行.
NOTIC: [8] Use of undefined constant id - assumed 'id' E:\C#\FinancialSystem(SVN)\FinancialSystem\Application\Home\Common\IFinSocialSecurity.class.php 第 24 行.
NOTIC: [8] Undefined offset: 1 E:\C#\FinancialSystem(SVN)\FinancialSystem\Application\Common\Common\APIHandler.class.php 第 55 行.
NOTIC: [8] Undefined offset: 2 E:\C#\FinancialSystem(SVN)\FinancialSystem\Application\Common\Common\APIHandler.class.php 第 56 行.

[ 2016-04-25T08:38:16+08:00 ] 127.0.0.1 /index.php/HumanResources/Staff/staffallinfo
INFO: [ app_begin ] --START--
INFO: Run Behavior\ReadHtmlCacheBehavior [ RunTime:0.001000s ]
NOTIC: [8192] Function mcrypt_cbc() is deprecated E:\C#\FinancialSystem(SVN)\FinancialSystem\Application\Common\Common\DesHelper.class.php 第 44 行.
INFO: Run Common\Behavior\ActionStartBehavior [ RunTime:0.001000s ]
INFO: [ app_begin ] --END-- [ RunTime:0.002000s ]
NOTIC: [8] A session had already been started - ignoring session_start() E:\C#\FinancialSystem(SVN)\FinancialSystem\ThinkPHP\Common\functions.php 第 1263 行.
NOTIC: [8192] Function mcrypt_cbc() is deprecated E:\C#\FinancialSystem(SVN)\FinancialSystem\Application\Common\Common\DesHelper.class.php 第 44 行.
NOTIC: [8] Use of undefined constant funStr - assumed 'funStr' E:\C#\FinancialSystem(SVN)\FinancialSystem\Application\Home\Common\IDuty.class.php 第 14 行.
NOTIC: [8] Use of undefined constant userID - assumed 'userID' E:\C#\FinancialSystem(SVN)\FinancialSystem\Application\Home\Common\IDuty.class.php 第 14 行.
NOTIC: [8] Undefined offset: 1 E:\C#\FinancialSystem(SVN)\FinancialSystem\Application\Common\Common\APIHandler.class.php 第 55 行.
NOTIC: [8] Undefined offset: 2 E:\C#\FinancialSystem(SVN)\FinancialSystem\Application\Common\Common\APIHandler.class.php 第 56 行.
NOTIC: [8] Use of undefined constant id - assumed 'id' E:\C#\FinancialSystem(SVN)\FinancialSystem\Application\Home\Common\IManage.class.php 第 60 行.
NOTIC: [8] Undefined offset: 1 E:\C#\FinancialSystem(SVN)\FinancialSystem\Application\Common\Common\APIHandler.class.php 第 55 行.
NOTIC: [8] Undefined offset: 2 E:\C#\FinancialSystem(SVN)\FinancialSystem\Application\Common\Common\APIHandler.class.php 第 56 行.

[ 2016-04-25T09:16:45+08:00 ] 127.0.0.1 /index.php/HumanResources/Staff/staffallinfo
INFO: [ app_begin ] --START--
INFO: Run Behavior\ReadHtmlCacheBehavior [ RunTime:0.001000s ]
NOTIC: [8192] Function mcrypt_cbc() is deprecated E:\C#\FinancialSystem(SVN)\FinancialSystem\Application\Common\Common\DesHelper.class.php 第 44 行.
INFO: Run Common\Behavior\ActionStartBehavior [ RunTime:0.002000s ]
INFO: [ app_begin ] --END-- [ RunTime:0.003000s ]
NOTIC: [8] A session had already been started - ignoring session_start() E:\C#\FinancialSystem(SVN)\FinancialSystem\ThinkPHP\Common\functions.php 第 1263 行.
NOTIC: [8192] Function mcrypt_cbc() is deprecated E:\C#\FinancialSystem(SVN)\FinancialSystem\Application\Common\Common\DesHelper.class.php 第 44 行.
NOTIC: [8] Use of undefined constant funStr - assumed 'funStr' E:\C#\FinancialSystem(SVN)\FinancialSystem\Application\Home\Common\IDuty.class.php 第 14 行.
NOTIC: [8] Use of undefined constant userID - assumed 'userID' E:\C#\FinancialSystem(SVN)\FinancialSystem\Application\Home\Common\IDuty.class.php 第 14 行.
NOTIC: [8] Undefined offset: 1 E:\C#\FinancialSystem(SVN)\FinancialSystem\Application\Common\Common\APIHandler.class.php 第 55 行.
NOTIC: [8] Undefined offset: 2 E:\C#\FinancialSystem(SVN)\FinancialSystem\Application\Common\Common\APIHandler.class.php 第 56 行.
NOTIC: [8] Use of undefined constant id - assumed 'id' E:\C#\FinancialSystem(SVN)\FinancialSystem\Application\Home\Common\IManage.class.php 第 60 行.
NOTIC: [8] Undefined offset: 1 E:\C#\FinancialSystem(SVN)\FinancialSystem\Application\Common\Common\APIHandler.class.php 第 55 行.
NOTIC: [8] Undefined offset: 2 E:\C#\FinancialSystem(SVN)\FinancialSystem\Application\Common\Common\APIHandler.class.php 第 56 行.

[ 2016-04-25T09:41:07+08:00 ] 127.0.0.1 /index.php/HumanResources/FinCheckedEvent/manageinfo
INFO: [ app_begin ] --START--
INFO: Run Behavior\ReadHtmlCacheBehavior [ RunTime:0.000000s ]
NOTIC: [8192] Function mcrypt_cbc() is deprecated E:\C#\FinancialSystem(SVN)\FinancialSystem\Application\Common\Common\DesHelper.class.php 第 44 行.
INFO: Run Common\Behavior\ActionStartBehavior [ RunTime:0.002000s ]
INFO: [ app_begin ] --END-- [ RunTime:0.003000s ]
NOTIC: [8] A session had already been started - ignoring session_start() E:\C#\FinancialSystem(SVN)\FinancialSystem\ThinkPHP\Common\functions.php 第 1263 行.
NOTIC: [8192] Function mcrypt_cbc() is deprecated E:\C#\FinancialSystem(SVN)\FinancialSystem\Application\Common\Common\DesHelper.class.php 第 44 行.
NOTIC: [8] Use of undefined constant funStr - assumed 'funStr' E:\C#\FinancialSystem(SVN)\FinancialSystem\Application\Home\Common\IDuty.class.php 第 14 行.
NOTIC: [8] Use of undefined constant userID - assumed 'userID' E:\C#\FinancialSystem(SVN)\FinancialSystem\Application\Home\Common\IDuty.class.php 第 14 行.
NOTIC: [8] Undefined offset: 1 E:\C#\FinancialSystem(SVN)\FinancialSystem\Application\Common\Common\APIHandler.class.php 第 55 行.
NOTIC: [8] Undefined offset: 2 E:\C#\FinancialSystem(SVN)\FinancialSystem\Application\Common\Common\APIHandler.class.php 第 56 行.
NOTIC: [8] Use of undefined constant id - assumed 'id' E:\C#\FinancialSystem(SVN)\FinancialSystem\Application\Home\Common\IManage.class.php 第 51 行.
NOTIC: [8] Undefined offset: 1 E:\C#\FinancialSystem(SVN)\FinancialSystem\Application\Common\Common\APIHandler.class.php 第 55 行.
NOTIC: [8] Undefined offset: 2 E:\C#\FinancialSystem(SVN)\FinancialSystem\Application\Common\Common\APIHandler.class.php 第 56 行.

[ 2016-04-25T09:41:07+08:00 ] 127.0.0.1 /index.php/HumanResources/FinCheckedEvent/fincheckedeventlist
INFO: [ app_begin ] --START--
INFO: Run Behavior\ReadHtmlCacheBehavior [ RunTime:0.000000s ]
NOTIC: [8192] Function mcrypt_cbc() is deprecated E:\C#\FinancialSystem(SVN)\FinancialSystem\Application\Common\Common\DesHelper.class.php 第 44 行.
INFO: Run Common\Behavior\ActionStartBehavior [ RunTime:0.000000s ]
INFO: [ app_begin ] --END-- [ RunTime:0.000000s ]
NOTIC: [8] A session had already been started - ignoring session_start() E:\C#\FinancialSystem(SVN)\FinancialSystem\ThinkPHP\Common\functions.php 第 1263 行.
NOTIC: [8192] Function mcrypt_cbc() is deprecated E:\C#\FinancialSystem(SVN)\FinancialSystem\Application\Common\Common\DesHelper.class.php 第 44 行.
NOTIC: [8] Use of undefined constant funStr - assumed 'funStr' E:\C#\FinancialSystem(SVN)\FinancialSystem\Application\Home\Common\IDuty.class.php 第 14 行.
NOTIC: [8] Use of undefined constant userID - assumed 'userID' E:\C#\FinancialSystem(SVN)\FinancialSystem\Application\Home\Common\IDuty.class.php 第 14 行.
NOTIC: [8] Undefined offset: 1 E:\C#\FinancialSystem(SVN)\FinancialSystem\Application\Common\Common\APIHandler.class.php 第 55 行.
NOTIC: [8] Undefined offset: 2 E:\C#\FinancialSystem(SVN)\FinancialSystem\Application\Common\Common\APIHandler.class.php 第 56 行.
NOTIC: [8] Use of undefined constant id - assumed 'id' E:\C#\FinancialSystem(SVN)\FinancialSystem\Application\Home\Common\IFinCheckedEvent.class.php 第 24 行.
NOTIC: [8] Undefined offset: 1 E:\C#\FinancialSystem(SVN)\FinancialSystem\Application\Common\Common\APIHandler.class.php 第 55 行.
NOTIC: [8] Undefined offset: 2 E:\C#\FinancialSystem(SVN)\FinancialSystem\Application\Common\Common\APIHandler.class.php 第 56 行.

[ 2016-04-25T09:41:10+08:00 ] 127.0.0.1 /index.php/HumanResources/FinCheckedEvent/manageinfo
INFO: [ app_begin ] --START--
INFO: Run Behavior\ReadHtmlCacheBehavior [ RunTime:0.000000s ]
NOTIC: [8192] Function mcrypt_cbc() is deprecated E:\C#\FinancialSystem(SVN)\FinancialSystem\Application\Common\Common\DesHelper.class.php 第 44 行.
INFO: Run Common\Behavior\ActionStartBehavior [ RunTime:0.001000s ]
INFO: [ app_begin ] --END-- [ RunTime:0.001000s ]
NOTIC: [8] A session had already been started - ignoring session_start() E:\C#\FinancialSystem(SVN)\FinancialSystem\ThinkPHP\Common\functions.php 第 1263 行.
NOTIC: [8192] Function mcrypt_cbc() is deprecated E:\C#\FinancialSystem(SVN)\FinancialSystem\Application\Common\Common\DesHelper.class.php 第 44 行.
NOTIC: [8] Use of undefined constant funStr - assumed 'funStr' E:\C#\FinancialSystem(SVN)\FinancialSystem\Application\Home\Common\IDuty.class.php 第 14 行.
NOTIC: [8] Use of undefined constant userID - assumed 'userID' E:\C#\FinancialSystem(SVN)\FinancialSystem\Application\Home\Common\IDuty.class.php 第 14 行.
NOTIC: [8] Undefined offset: 1 E:\C#\FinancialSystem(SVN)\FinancialSystem\Application\Common\Common\APIHandler.class.php 第 55 行.
NOTIC: [8] Undefined offset: 2 E:\C#\FinancialSystem(SVN)\FinancialSystem\Application\Common\Common\APIHandler.class.php 第 56 行.
NOTIC: [8] Use of undefined constant id - assumed 'id' E:\C#\FinancialSystem(SVN)\FinancialSystem\Application\Home\Common\IManage.class.php 第 51 行.
NOTIC: [8] Undefined offset: 1 E:\C#\FinancialSystem(SVN)\FinancialSystem\Application\Common\Common\APIHandler.class.php 第 55 行.
NOTIC: [8] Undefined offset: 2 E:\C#\FinancialSystem(SVN)\FinancialSystem\Application\Common\Common\APIHandler.class.php 第 56 行.

[ 2016-04-25T09:41:10+08:00 ] 127.0.0.1 /index.php/HumanResources/FinCheckedEvent/fincheckedeventlist
INFO: [ app_begin ] --START--
INFO: Run Behavior\ReadHtmlCacheBehavior [ RunTime:0.001000s ]
NOTIC: [8192] Function mcrypt_cbc() is deprecated E:\C#\FinancialSystem(SVN)\FinancialSystem\Application\Common\Common\DesHelper.class.php 第 44 行.
INFO: Run Common\Behavior\ActionStartBehavior [ RunTime:0.001000s ]
INFO: [ app_begin ] --END-- [ RunTime:0.002000s ]
NOTIC: [8] A session had already been started - ignoring session_start() E:\C#\FinancialSystem(SVN)\FinancialSystem\ThinkPHP\Common\functions.php 第 1263 行.
NOTIC: [8192] Function mcrypt_cbc() is deprecated E:\C#\FinancialSystem(SVN)\FinancialSystem\Application\Common\Common\DesHelper.class.php 第 44 行.
NOTIC: [8] Use of undefined constant funStr - assumed 'funStr' E:\C#\FinancialSystem(SVN)\FinancialSystem\Application\Home\Common\IDuty.class.php 第 14 行.
NOTIC: [8] Use of undefined constant userID - assumed 'userID' E:\C#\FinancialSystem(SVN)\FinancialSystem\Application\Home\Common\IDuty.class.php 第 14 行.
NOTIC: [8] Undefined offset: 1 E:\C#\FinancialSystem(SVN)\FinancialSystem\Application\Common\Common\APIHandler.class.php 第 55 行.
NOTIC: [8] Undefined offset: 2 E:\C#\FinancialSystem(SVN)\FinancialSystem\Application\Common\Common\APIHandler.class.php 第 56 行.
NOTIC: [8] Use of undefined constant id - assumed 'id' E:\C#\FinancialSystem(SVN)\FinancialSystem\Application\Home\Common\IFinCheckedEvent.class.php 第 24 行.
NOTIC: [8] Undefined offset: 1 E:\C#\FinancialSystem(SVN)\FinancialSystem\Application\Common\Common\APIHandler.class.php 第 55 行.
NOTIC: [8] Undefined offset: 2 E:\C#\FinancialSystem(SVN)\FinancialSystem\Application\Common\Common\APIHandler.class.php 第 56 行.

[ 2016-04-25T13:42:30+08:00 ] 127.0.0.1 /index.php/HumanResources/FinCheckedEvent/manageinfo
INFO: [ app_begin ] --START--
INFO: Run Behavior\ReadHtmlCacheBehavior [ RunTime:0.001000s ]
NOTIC: [8192] Function mcrypt_cbc() is deprecated E:\C#\FinancialSystem(SVN)\FinancialSystem\Application\Common\Common\DesHelper.class.php 第 44 行.
INFO: Run Common\Behavior\ActionStartBehavior [ RunTime:0.002000s ]
INFO: [ app_begin ] --END-- [ RunTime:0.003000s ]
NOTIC: [8] A session had already been started - ignoring session_start() E:\C#\FinancialSystem(SVN)\FinancialSystem\ThinkPHP\Common\functions.php 第 1263 行.
NOTIC: [8192] Function mcrypt_cbc() is deprecated E:\C#\FinancialSystem(SVN)\FinancialSystem\Application\Common\Common\DesHelper.class.php 第 44 行.
NOTIC: [8] Use of undefined constant funStr - assumed 'funStr' E:\C#\FinancialSystem(SVN)\FinancialSystem\Application\Home\Common\IDuty.class.php 第 14 行.
NOTIC: [8] Use of undefined constant userID - assumed 'userID' E:\C#\FinancialSystem(SVN)\FinancialSystem\Application\Home\Common\IDuty.class.php 第 14 行.
NOTIC: [8] Undefined offset: 1 E:\C#\FinancialSystem(SVN)\FinancialSystem\Application\Common\Common\APIHandler.class.php 第 55 行.
NOTIC: [8] Undefined offset: 2 E:\C#\FinancialSystem(SVN)\FinancialSystem\Application\Common\Common\APIHandler.class.php 第 56 行.
NOTIC: [8] Use of undefined constant id - assumed 'id' E:\C#\FinancialSystem(SVN)\FinancialSystem\Application\Home\Common\IManage.class.php 第 51 行.
NOTIC: [8] Undefined offset: 1 E:\C#\FinancialSystem(SVN)\FinancialSystem\Application\Common\Common\APIHandler.class.php 第 55 行.
NOTIC: [8] Undefined offset: 2 E:\C#\FinancialSystem(SVN)\FinancialSystem\Application\Common\Common\APIHandler.class.php 第 56 行.

[ 2016-04-25T13:42:31+08:00 ] 127.0.0.1 /index.php/HumanResources/FinSocialSecurity/finsocialsecuritylist
INFO: [ app_begin ] --START--
INFO: Run Behavior\ReadHtmlCacheBehavior [ RunTime:0.000000s ]
NOTIC: [8192] Function mcrypt_cbc() is deprecated E:\C#\FinancialSystem(SVN)\FinancialSystem\Application\Common\Common\DesHelper.class.php 第 44 行.
INFO: Run Common\Behavior\ActionStartBehavior [ RunTime:0.000000s ]
INFO: [ app_begin ] --END-- [ RunTime:0.000000s ]
NOTIC: [8] A session had already been started - ignoring session_start() E:\C#\FinancialSystem(SVN)\FinancialSystem\ThinkPHP\Common\functions.php 第 1263 行.
NOTIC: [8192] Function mcrypt_cbc() is deprecated E:\C#\FinancialSystem(SVN)\FinancialSystem\Application\Common\Common\DesHelper.class.php 第 44 行.
NOTIC: [8] Use of undefined constant funStr - assumed 'funStr' E:\C#\FinancialSystem(SVN)\FinancialSystem\Application\Home\Common\IDuty.class.php 第 14 行.
NOTIC: [8] Use of undefined constant userID - assumed 'userID' E:\C#\FinancialSystem(SVN)\FinancialSystem\Application\Home\Common\IDuty.class.php 第 14 行.
NOTIC: [8] Undefined offset: 1 E:\C#\FinancialSystem(SVN)\FinancialSystem\Application\Common\Common\APIHandler.class.php 第 55 行.
NOTIC: [8] Undefined offset: 2 E:\C#\FinancialSystem(SVN)\FinancialSystem\Application\Common\Common\APIHandler.class.php 第 56 行.
NOTIC: [8] Use of undefined constant id - assumed 'id' E:\C#\FinancialSystem(SVN)\FinancialSystem\Application\Home\Common\IFinSocialSecurity.class.php 第 24 行.
NOTIC: [8] Undefined offset: 1 E:\C#\FinancialSystem(SVN)\FinancialSystem\Application\Common\Common\APIHandler.class.php 第 55 行.
NOTIC: [8] Undefined offset: 2 E:\C#\FinancialSystem(SVN)\FinancialSystem\Application\Common\Common\APIHandler.class.php 第 56 行.

[ 2016-04-25T14:06:57+08:00 ] 127.0.0.1 /index.php/HumanResources/Staff/staffallinfo
INFO: [ app_begin ] --START--
INFO: Run Behavior\ReadHtmlCacheBehavior [ RunTime:0.001000s ]
NOTIC: [8192] Function mcrypt_cbc() is deprecated E:\C#\FinancialSystem(SVN)\FinancialSystem\Application\Common\Common\DesHelper.class.php 第 44 行.
INFO: Run Common\Behavior\ActionStartBehavior [ RunTime:0.002000s ]
INFO: [ app_begin ] --END-- [ RunTime:0.003000s ]
NOTIC: [8] A session had already been started - ignoring session_start() E:\C#\FinancialSystem(SVN)\FinancialSystem\ThinkPHP\Common\functions.php 第 1263 行.
NOTIC: [8192] Function mcrypt_cbc() is deprecated E:\C#\FinancialSystem(SVN)\FinancialSystem\Application\Common\Common\DesHelper.class.php 第 44 行.
NOTIC: [8] Use of undefined constant funStr - assumed 'funStr' E:\C#\FinancialSystem(SVN)\FinancialSystem\Application\Home\Common\IDuty.class.php 第 14 行.
NOTIC: [8] Use of undefined constant userID - assumed 'userID' E:\C#\FinancialSystem(SVN)\FinancialSystem\Application\Home\Common\IDuty.class.php 第 14 行.
NOTIC: [8] Undefined offset: 1 E:\C#\FinancialSystem(SVN)\FinancialSystem\Application\Common\Common\APIHandler.class.php 第 55 行.
NOTIC: [8] Undefined offset: 2 E:\C#\FinancialSystem(SVN)\FinancialSystem\Application\Common\Common\APIHandler.class.php 第 56 行.
NOTIC: [8] Use of undefined constant id - assumed 'id' E:\C#\FinancialSystem(SVN)\FinancialSystem\Application\Home\Common\IManage.class.php 第 60 行.
NOTIC: [8] Undefined offset: 1 E:\C#\FinancialSystem(SVN)\FinancialSystem\Application\Common\Common\APIHandler.class.php 第 55 行.
NOTIC: [8] Undefined offset: 2 E:\C#\FinancialSystem(SVN)\FinancialSystem\Application\Common\Common\APIHandler.class.php 第 56 行.

[ 2016-04-25T14:59:02+08:00 ] 127.0.0.1 /index.php/HumanResources/Staff/stafflistavalon?r=0.8659375251736492&keywords=&keytype=0&admin=0&class2=0&manager=-1&ischecked=-1&startjoindate=&endjoindate=&PageIndex=1&PageSize=20
INFO: [ app_begin ] --START--
INFO: Run Behavior\ReadHtmlCacheBehavior [ RunTime:0.001000s ]
NOTIC: [8192] Function mcrypt_cbc() is deprecated E:\C#\FinancialSystem(SVN)\FinancialSystem\Application\Common\Common\DesHelper.class.php 第 44 行.
INFO: Run Common\Behavior\ActionStartBehavior [ RunTime:0.001000s ]
INFO: [ app_begin ] --END-- [ RunTime:0.002000s ]
NOTIC: [8] A session had already been started - ignoring session_start() E:\C#\FinancialSystem(SVN)\FinancialSystem\ThinkPHP\Common\functions.php 第 1263 行.
NOTIC: [8192] Function mcrypt_cbc() is deprecated E:\C#\FinancialSystem(SVN)\FinancialSystem\Application\Common\Common\DesHelper.class.php 第 44 行.
NOTIC: [8] Use of undefined constant funStr - assumed 'funStr' E:\C#\FinancialSystem(SVN)\FinancialSystem\Application\Home\Common\IDuty.class.php 第 14 行.
NOTIC: [8] Use of undefined constant userID - assumed 'userID' E:\C#\FinancialSystem(SVN)\FinancialSystem\Application\Home\Common\IDuty.class.php 第 14 行.
NOTIC: [8] Undefined offset: 1 E:\C#\FinancialSystem(SVN)\FinancialSystem\Application\Common\Common\APIHandler.class.php 第 55 行.
NOTIC: [8] Undefined offset: 2 E:\C#\FinancialSystem(SVN)\FinancialSystem\Application\Common\Common\APIHandler.class.php 第 56 行.
NOTIC: [8] Use of undefined constant keywords - assumed 'keywords' E:\C#\FinancialSystem(SVN)\FinancialSystem\Application\Home\Common\IManage.class.php 第 41 行.
NOTIC: [8] Use of undefined constant keytype - assumed 'keytype' E:\C#\FinancialSystem(SVN)\FinancialSystem\Application\Home\Common\IManage.class.php 第 41 行.
NOTIC: [8] Use of undefined constant admin - assumed 'admin' E:\C#\FinancialSystem(SVN)\FinancialSystem\Application\Home\Common\IManage.class.php 第 41 行.
NOTIC: [8] Use of undefined constant class2 - assumed 'class2' E:\C#\FinancialSystem(SVN)\FinancialSystem\Application\Home\Common\IManage.class.php 第 41 行.
NOTIC: [8] Use of undefined constant manager - assumed 'manager' E:\C#\FinancialSystem(SVN)\FinancialSystem\Application\Home\Common\IManage.class.php 第 41 行.
NOTIC: [8] Use of undefined constant ischecked - assumed 'ischecked' E:\C#\FinancialSystem(SVN)\FinancialSystem\Application\Home\Common\IManage.class.php 第 41 行.
NOTIC: [8] Use of undefined constant startjoindate - assumed 'startjoindate' E:\C#\FinancialSystem(SVN)\FinancialSystem\Application\Home\Common\IManage.class.php 第 42 行.
NOTIC: [8] Use of undefined constant endjoindate - assumed 'endjoindate' E:\C#\FinancialSystem(SVN)\FinancialSystem\Application\Home\Common\IManage.class.php 第 42 行.
NOTIC: [8] Use of undefined constant PageIndex - assumed 'PageIndex' E:\C#\FinancialSystem(SVN)\FinancialSystem\Application\Home\Common\IManage.class.php 第 42 行.
NOTIC: [8] Use of undefined constant PageSize - assumed 'PageSize' E:\C#\FinancialSystem(SVN)\FinancialSystem\Application\Home\Common\IManage.class.php 第 42 行.
NOTIC: [8] Undefined offset: 1 E:\C#\FinancialSystem(SVN)\FinancialSystem\Application\Common\Common\APIHandler.class.php 第 55 行.
NOTIC: [8] Undefined offset: 2 E:\C#\FinancialSystem(SVN)\FinancialSystem\Application\Common\Common\APIHandler.class.php 第 56 行.

[ 2016-04-25T14:59:02+08:00 ] 127.0.0.1 /index.php/HumanResources/FinCheckedEvent/manageinfo
INFO: [ app_begin ] --START--
INFO: Run Behavior\ReadHtmlCacheBehavior [ RunTime:0.015600s ]
NOTIC: [8192] Function mcrypt_cbc() is deprecated E:\C#\FinancialSystem(SVN)\FinancialSystem\Application\Common\Common\DesHelper.class.php 第 44 行.
INFO: Run Common\Behavior\ActionStartBehavior [ RunTime:0.000000s ]
INFO: [ app_begin ] --END-- [ RunTime:0.015600s ]
NOTIC: [8] A session had already been started - ignoring session_start() E:\C#\FinancialSystem(SVN)\FinancialSystem\ThinkPHP\Common\functions.php 第 1263 行.
NOTIC: [8192] Function mcrypt_cbc() is deprecated E:\C#\FinancialSystem(SVN)\FinancialSystem\Application\Common\Common\DesHelper.class.php 第 44 行.
NOTIC: [8] Use of undefined constant funStr - assumed 'funStr' E:\C#\FinancialSystem(SVN)\FinancialSystem\Application\Home\Common\IDuty.class.php 第 14 行.
NOTIC: [8] Use of undefined constant userID - assumed 'userID' E:\C#\FinancialSystem(SVN)\FinancialSystem\Application\Home\Common\IDuty.class.php 第 14 行.
NOTIC: [8] Undefined offset: 1 E:\C#\FinancialSystem(SVN)\FinancialSystem\Application\Common\Common\APIHandler.class.php 第 55 行.
NOTIC: [8] Undefined offset: 2 E:\C#\FinancialSystem(SVN)\FinancialSystem\Application\Common\Common\APIHandler.class.php 第 56 行.
NOTIC: [8] Use of undefined constant id - assumed 'id' E:\C#\FinancialSystem(SVN)\FinancialSystem\Application\Home\Common\IManage.class.php 第 51 行.
NOTIC: [8] Undefined offset: 1 E:\C#\FinancialSystem(SVN)\FinancialSystem\Application\Common\Common\APIHandler.class.php 第 55 行.
NOTIC: [8] Undefined offset: 2 E:\C#\FinancialSystem(SVN)\FinancialSystem\Application\Common\Common\APIHandler.class.php 第 56 行.

[ 2016-04-25T14:59:02+08:00 ] 127.0.0.1 /index.php/HumanResources/FinCheckedEvent/fincheckedeventlist
INFO: [ app_begin ] --START--
INFO: Run Behavior\ReadHtmlCacheBehavior [ RunTime:0.000000s ]
NOTIC: [8192] Function mcrypt_cbc() is deprecated E:\C#\FinancialSystem(SVN)\FinancialSystem\Application\Common\Common\DesHelper.class.php 第 44 行.
INFO: Run Common\Behavior\ActionStartBehavior [ RunTime:0.001000s ]
INFO: [ app_begin ] --END-- [ RunTime:0.001000s ]
NOTIC: [8] A session had already been started - ignoring session_start() E:\C#\FinancialSystem(SVN)\FinancialSystem\ThinkPHP\Common\functions.php 第 1263 行.
NOTIC: [8192] Function mcrypt_cbc() is deprecated E:\C#\FinancialSystem(SVN)\FinancialSystem\Application\Common\Common\DesHelper.class.php 第 44 行.
NOTIC: [8] Use of undefined constant funStr - assumed 'funStr' E:\C#\FinancialSystem(SVN)\FinancialSystem\Application\Home\Common\IDuty.class.php 第 14 行.
NOTIC: [8] Use of undefined constant userID - assumed 'userID' E:\C#\FinancialSystem(SVN)\FinancialSystem\Application\Home\Common\IDuty.class.php 第 14 行.
NOTIC: [8] Undefined offset: 1 E:\C#\FinancialSystem(SVN)\FinancialSystem\Application\Common\Common\APIHandler.class.php 第 55 行.
NOTIC: [8] Undefined offset: 2 E:\C#\FinancialSystem(SVN)\FinancialSystem\Application\Common\Common\APIHandler.class.php 第 56 行.
NOTIC: [8] Use of undefined constant id - assumed 'id' E:\C#\FinancialSystem(SVN)\FinancialSystem\Application\Home\Common\IFinCheckedEvent.class.php 第 24 行.
NOTIC: [8] Undefined offset: 1 E:\C#\FinancialSystem(SVN)\FinancialSystem\Application\Common\Common\APIHandler.class.php 第 55 行.
NOTIC: [8] Undefined offset: 2 E:\C#\FinancialSystem(SVN)\FinancialSystem\Application\Common\Common\APIHandler.class.php 第 56 行.

[ 2016-04-25T14:59:03+08:00 ] 127.0.0.1 /index.php/HumanResources/Staff/staffallinfo
INFO: [ app_begin ] --START--
INFO: Run Behavior\ReadHtmlCacheBehavior [ RunTime:0.001000s ]
NOTIC: [8192] Function mcrypt_cbc() is deprecated E:\C#\FinancialSystem(SVN)\FinancialSystem\Application\Common\Common\DesHelper.class.php 第 44 行.
INFO: Run Common\Behavior\ActionStartBehavior [ RunTime:0.002001s ]
INFO: [ app_begin ] --END-- [ RunTime:0.003001s ]
NOTIC: [8] A session had already been started - ignoring session_start() E:\C#\FinancialSystem(SVN)\FinancialSystem\ThinkPHP\Common\functions.php 第 1263 行.
NOTIC: [8192] Function mcrypt_cbc() is deprecated E:\C#\FinancialSystem(SVN)\FinancialSystem\Application\Common\Common\DesHelper.class.php 第 44 行.
NOTIC: [8] Use of undefined constant funStr - assumed 'funStr' E:\C#\FinancialSystem(SVN)\FinancialSystem\Application\Home\Common\IDuty.class.php 第 14 行.
NOTIC: [8] Use of undefined constant userID - assumed 'userID' E:\C#\FinancialSystem(SVN)\FinancialSystem\Application\Home\Common\IDuty.class.php 第 14 行.
NOTIC: [8] Undefined offset: 1 E:\C#\FinancialSystem(SVN)\FinancialSystem\Application\Common\Common\APIHandler.class.php 第 55 行.
NOTIC: [8] Undefined offset: 2 E:\C#\FinancialSystem(SVN)\FinancialSystem\Application\Common\Common\APIHandler.class.php 第 56 行.
NOTIC: [8] Use of undefined constant id - assumed 'id' E:\C#\FinancialSystem(SVN)\FinancialSystem\Application\Home\Common\IManage.class.php 第 60 行.
NOTIC: [8] Undefined offset: 1 E:\C#\FinancialSystem(SVN)\FinancialSystem\Application\Common\Common\APIHandler.class.php 第 55 行.
NOTIC: [8] Undefined offset: 2 E:\C#\FinancialSystem(SVN)\FinancialSystem\Application\Common\Common\APIHandler.class.php 第 56 行.

[ 2016-04-25T14:59:10+08:00 ] 127.0.0.1 /index.php/HumanResources/Staff/staffallinfo
INFO: [ app_begin ] --START--
INFO: Run Behavior\ReadHtmlCacheBehavior [ RunTime:0.001000s ]
NOTIC: [8192] Function mcrypt_cbc() is deprecated E:\C#\FinancialSystem(SVN)\FinancialSystem\Application\Common\Common\DesHelper.class.php 第 44 行.
INFO: Run Common\Behavior\ActionStartBehavior [ RunTime:0.001000s ]
INFO: [ app_begin ] --END-- [ RunTime:0.002000s ]
NOTIC: [8] A session had already been started - ignoring session_start() E:\C#\FinancialSystem(SVN)\FinancialSystem\ThinkPHP\Common\functions.php 第 1263 行.
NOTIC: [8192] Function mcrypt_cbc() is deprecated E:\C#\FinancialSystem(SVN)\FinancialSystem\Application\Common\Common\DesHelper.class.php 第 44 行.
NOTIC: [8] Use of undefined constant funStr - assumed 'funStr' E:\C#\FinancialSystem(SVN)\FinancialSystem\Application\Home\Common\IDuty.class.php 第 14 行.
NOTIC: [8] Use of undefined constant userID - assumed 'userID' E:\C#\FinancialSystem(SVN)\FinancialSystem\Application\Home\Common\IDuty.class.php 第 14 行.
NOTIC: [8] Undefined offset: 1 E:\C#\FinancialSystem(SVN)\FinancialSystem\Application\Common\Common\APIHandler.class.php 第 55 行.
NOTIC: [8] Undefined offset: 2 E:\C#\FinancialSystem(SVN)\FinancialSystem\Application\Common\Common\APIHandler.class.php 第 56 行.
NOTIC: [8] Use of undefined constant id - assumed 'id' E:\C#\FinancialSystem(SVN)\FinancialSystem\Application\Home\Common\IManage.class.php 第 60 行.
NOTIC: [8] Undefined offset: 1 E:\C#\FinancialSystem(SVN)\FinancialSystem\Application\Common\Common\APIHandler.class.php 第 55 行.
NOTIC: [8] Undefined offset: 2 E:\C#\FinancialSystem(SVN)\FinancialSystem\Application\Common\Common\APIHandler.class.php 第 56 行.

[ 2016-04-25T15:03:36+08:00 ] 127.0.0.1 /index.php/HumanResources/Staff/staffallinfo
INFO: [ app_begin ] --START--
INFO: Run Behavior\ReadHtmlCacheBehavior [ RunTime:0.001000s ]
NOTIC: [8192] Function mcrypt_cbc() is deprecated E:\C#\FinancialSystem(SVN)\FinancialSystem\Application\Common\Common\DesHelper.class.php 第 44 行.
INFO: Run Common\Behavior\ActionStartBehavior [ RunTime:0.001000s ]
INFO: [ app_begin ] --END-- [ RunTime:0.002000s ]
NOTIC: [8] A session had already been started - ignoring session_start() E:\C#\FinancialSystem(SVN)\FinancialSystem\ThinkPHP\Common\functions.php 第 1263 行.
NOTIC: [8192] Function mcrypt_cbc() is deprecated E:\C#\FinancialSystem(SVN)\FinancialSystem\Application\Common\Common\DesHelper.class.php 第 44 行.
NOTIC: [8] Use of undefined constant funStr - assumed 'funStr' E:\C#\FinancialSystem(SVN)\FinancialSystem\Application\Home\Common\IDuty.class.php 第 14 行.
NOTIC: [8] Use of undefined constant userID - assumed 'userID' E:\C#\FinancialSystem(SVN)\FinancialSystem\Application\Home\Common\IDuty.class.php 第 14 行.
NOTIC: [8] Undefined offset: 1 E:\C#\FinancialSystem(SVN)\FinancialSystem\Application\Common\Common\APIHandler.class.php 第 55 行.
NOTIC: [8] Undefined offset: 2 E:\C#\FinancialSystem(SVN)\FinancialSystem\Application\Common\Common\APIHandler.class.php 第 56 行.
NOTIC: [8] Use of undefined constant id - assumed 'id' E:\C#\FinancialSystem(SVN)\FinancialSystem\Application\Home\Common\IManage.class.php 第 60 行.
NOTIC: [8] Undefined offset: 1 E:\C#\FinancialSystem(SVN)\FinancialSystem\Application\Common\Common\APIHandler.class.php 第 55 行.
NOTIC: [8] Undefined offset: 2 E:\C#\FinancialSystem(SVN)\FinancialSystem\Application\Common\Common\APIHandler.class.php 第 56 行.

[ 2016-04-25T15:33:33+08:00 ] 127.0.0.1 /index.php/HumanResources/FinCheckedEvent/manageinfo
INFO: [ app_begin ] --START--
INFO: Run Behavior\ReadHtmlCacheBehavior [ RunTime:0.001000s ]
NOTIC: [8192] Function mcrypt_cbc() is deprecated E:\C#\FinancialSystem(SVN)\FinancialSystem\Application\Common\Common\DesHelper.class.php 第 44 行.
INFO: Run Common\Behavior\ActionStartBehavior [ RunTime:0.002001s ]
INFO: [ app_begin ] --END-- [ RunTime:0.003001s ]
NOTIC: [8] A session had already been started - ignoring session_start() E:\C#\FinancialSystem(SVN)\FinancialSystem\ThinkPHP\Common\functions.php 第 1263 行.
NOTIC: [8192] Function mcrypt_cbc() is deprecated E:\C#\FinancialSystem(SVN)\FinancialSystem\Application\Common\Common\DesHelper.class.php 第 44 行.
NOTIC: [8] Use of undefined constant funStr - assumed 'funStr' E:\C#\FinancialSystem(SVN)\FinancialSystem\Application\Home\Common\IDuty.class.php 第 14 行.
NOTIC: [8] Use of undefined constant userID - assumed 'userID' E:\C#\FinancialSystem(SVN)\FinancialSystem\Application\Home\Common\IDuty.class.php 第 14 行.
NOTIC: [8] Undefined offset: 1 E:\C#\FinancialSystem(SVN)\FinancialSystem\Application\Common\Common\APIHandler.class.php 第 55 行.
NOTIC: [8] Undefined offset: 2 E:\C#\FinancialSystem(SVN)\FinancialSystem\Application\Common\Common\APIHandler.class.php 第 56 行.
NOTIC: [8] Use of undefined constant id - assumed 'id' E:\C#\FinancialSystem(SVN)\FinancialSystem\Application\Home\Common\IManage.class.php 第 51 行.
NOTIC: [8] Undefined offset: 1 E:\C#\FinancialSystem(SVN)\FinancialSystem\Application\Common\Common\APIHandler.class.php 第 55 行.
NOTIC: [8] Undefined offset: 2 E:\C#\FinancialSystem(SVN)\FinancialSystem\Application\Common\Common\APIHandler.class.php 第 56 行.

[ 2016-04-25T15:33:33+08:00 ] 127.0.0.1 /index.php/HumanResources/FinCheckedEvent/fincheckedeventlist
INFO: [ app_begin ] --START--
INFO: Run Behavior\ReadHtmlCacheBehavior [ RunTime:0.000000s ]
NOTIC: [8192] Function mcrypt_cbc() is deprecated E:\C#\FinancialSystem(SVN)\FinancialSystem\Application\Common\Common\DesHelper.class.php 第 44 行.
INFO: Run Common\Behavior\ActionStartBehavior [ RunTime:0.015600s ]
INFO: [ app_begin ] --END-- [ RunTime:0.015600s ]
NOTIC: [8] A session had already been started - ignoring session_start() E:\C#\FinancialSystem(SVN)\FinancialSystem\ThinkPHP\Common\functions.php 第 1263 行.
NOTIC: [8192] Function mcrypt_cbc() is deprecated E:\C#\FinancialSystem(SVN)\FinancialSystem\Application\Common\Common\DesHelper.class.php 第 44 行.
NOTIC: [8] Use of undefined constant funStr - assumed 'funStr' E:\C#\FinancialSystem(SVN)\FinancialSystem\Application\Home\Common\IDuty.class.php 第 14 行.
NOTIC: [8] Use of undefined constant userID - assumed 'userID' E:\C#\FinancialSystem(SVN)\FinancialSystem\Application\Home\Common\IDuty.class.php 第 14 行.
NOTIC: [8] Undefined offset: 1 E:\C#\FinancialSystem(SVN)\FinancialSystem\Application\Common\Common\APIHandler.class.php 第 55 行.
NOTIC: [8] Undefined offset: 2 E:\C#\FinancialSystem(SVN)\FinancialSystem\Application\Common\Common\APIHandler.class.php 第 56 行.
NOTIC: [8] Use of undefined constant id - assumed 'id' E:\C#\FinancialSystem(SVN)\FinancialSystem\Application\Home\Common\IFinCheckedEvent.class.php 第 24 行.
NOTIC: [8] Undefined offset: 1 E:\C#\FinancialSystem(SVN)\FinancialSystem\Application\Common\Common\APIHandler.class.php 第 55 行.
NOTIC: [8] Undefined offset: 2 E:\C#\FinancialSystem(SVN)\FinancialSystem\Application\Common\Common\APIHandler.class.php 第 56 行.

[ 2016-04-25T15:33:41+08:00 ] 127.0.0.1 /index.php/HumanResources/FinCheckedEvent/manageinfo
INFO: [ app_begin ] --START--
INFO: Run Behavior\ReadHtmlCacheBehavior [ RunTime:0.001000s ]
NOTIC: [8192] Function mcrypt_cbc() is deprecated E:\C#\FinancialSystem(SVN)\FinancialSystem\Application\Common\Common\DesHelper.class.php 第 44 行.
INFO: Run Common\Behavior\ActionStartBehavior [ RunTime:0.002001s ]
INFO: [ app_begin ] --END-- [ RunTime:0.003001s ]
NOTIC: [8] A session had already been started - ignoring session_start() E:\C#\FinancialSystem(SVN)\FinancialSystem\ThinkPHP\Common\functions.php 第 1263 行.
NOTIC: [8192] Function mcrypt_cbc() is deprecated E:\C#\FinancialSystem(SVN)\FinancialSystem\Application\Common\Common\DesHelper.class.php 第 44 行.
NOTIC: [8] Use of undefined constant funStr - assumed 'funStr' E:\C#\FinancialSystem(SVN)\FinancialSystem\Application\Home\Common\IDuty.class.php 第 14 行.
NOTIC: [8] Use of undefined constant userID - assumed 'userID' E:\C#\FinancialSystem(SVN)\FinancialSystem\Application\Home\Common\IDuty.class.php 第 14 行.
NOTIC: [8] Undefined offset: 1 E:\C#\FinancialSystem(SVN)\FinancialSystem\Application\Common\Common\APIHandler.class.php 第 55 行.
NOTIC: [8] Undefined offset: 2 E:\C#\FinancialSystem(SVN)\FinancialSystem\Application\Common\Common\APIHandler.class.php 第 56 行.
NOTIC: [8] Use of undefined constant id - assumed 'id' E:\C#\FinancialSystem(SVN)\FinancialSystem\Application\Home\Common\IManage.class.php 第 51 行.
NOTIC: [8] Undefined offset: 1 E:\C#\FinancialSystem(SVN)\FinancialSystem\Application\Common\Common\APIHandler.class.php 第 55 行.
NOTIC: [8] Undefined offset: 2 E:\C#\FinancialSystem(SVN)\FinancialSystem\Application\Common\Common\APIHandler.class.php 第 56 行.

[ 2016-04-25T15:33:41+08:00 ] 127.0.0.1 /index.php/HumanResources/FinCheckedEvent/fincheckedeventlist
INFO: [ app_begin ] --START--
INFO: Run Behavior\ReadHtmlCacheBehavior [ RunTime:0.001000s ]
NOTIC: [8192] Function mcrypt_cbc() is deprecated E:\C#\FinancialSystem(SVN)\FinancialSystem\Application\Common\Common\DesHelper.class.php 第 44 行.
INFO: Run Common\Behavior\ActionStartBehavior [ RunTime:0.002000s ]
INFO: [ app_begin ] --END-- [ RunTime:0.003000s ]
NOTIC: [8] A session had already been started - ignoring session_start() E:\C#\FinancialSystem(SVN)\FinancialSystem\ThinkPHP\Common\functions.php 第 1263 行.
NOTIC: [8192] Function mcrypt_cbc() is deprecated E:\C#\FinancialSystem(SVN)\FinancialSystem\Application\Common\Common\DesHelper.class.php 第 44 行.
NOTIC: [8] Use of undefined constant funStr - assumed 'funStr' E:\C#\FinancialSystem(SVN)\FinancialSystem\Application\Home\Common\IDuty.class.php 第 14 行.
NOTIC: [8] Use of undefined constant userID - assumed 'userID' E:\C#\FinancialSystem(SVN)\FinancialSystem\Application\Home\Common\IDuty.class.php 第 14 行.
NOTIC: [8] Undefined offset: 1 E:\C#\FinancialSystem(SVN)\FinancialSystem\Application\Common\Common\APIHandler.class.php 第 55 行.
NOTIC: [8] Undefined offset: 2 E:\C#\FinancialSystem(SVN)\FinancialSystem\Application\Common\Common\APIHandler.class.php 第 56 行.
NOTIC: [8] Use of undefined constant id - assumed 'id' E:\C#\FinancialSystem(SVN)\FinancialSystem\Application\Home\Common\IFinCheckedEvent.class.php 第 24 行.
NOTIC: [8] Undefined offset: 1 E:\C#\FinancialSystem(SVN)\FinancialSystem\Application\Common\Common\APIHandler.class.php 第 55 行.
NOTIC: [8] Undefined offset: 2 E:\C#\FinancialSystem(SVN)\FinancialSystem\Application\Common\Common\APIHandler.class.php 第 56 行.

[ 2016-04-25T15:37:13+08:00 ] 127.0.0.1 /index.php/HumanResources/FinCheckedEvent/manageinfo
INFO: [ app_begin ] --START--
INFO: Run Behavior\ReadHtmlCacheBehavior [ RunTime:0.001000s ]
NOTIC: [8192] Function mcrypt_cbc() is deprecated E:\C#\FinancialSystem(SVN)\FinancialSystem\Application\Common\Common\DesHelper.class.php 第 44 行.
INFO: Run Common\Behavior\ActionStartBehavior [ RunTime:0.001000s ]
INFO: [ app_begin ] --END-- [ RunTime:0.002000s ]
NOTIC: [8] A session had already been started - ignoring session_start() E:\C#\FinancialSystem(SVN)\FinancialSystem\ThinkPHP\Common\functions.php 第 1263 行.
NOTIC: [8192] Function mcrypt_cbc() is deprecated E:\C#\FinancialSystem(SVN)\FinancialSystem\Application\Common\Common\DesHelper.class.php 第 44 行.
NOTIC: [8] Use of undefined constant funStr - assumed 'funStr' E:\C#\FinancialSystem(SVN)\FinancialSystem\Application\Home\Common\IDuty.class.php 第 14 行.
NOTIC: [8] Use of undefined constant userID - assumed 'userID' E:\C#\FinancialSystem(SVN)\FinancialSystem\Application\Home\Common\IDuty.class.php 第 14 行.
NOTIC: [8] Undefined offset: 1 E:\C#\FinancialSystem(SVN)\FinancialSystem\Application\Common\Common\APIHandler.class.php 第 55 行.
NOTIC: [8] Undefined offset: 2 E:\C#\FinancialSystem(SVN)\FinancialSystem\Application\Common\Common\APIHandler.class.php 第 56 行.
NOTIC: [8] Use of undefined constant id - assumed 'id' E:\C#\FinancialSystem(SVN)\FinancialSystem\Application\Home\Common\IManage.class.php 第 51 行.
NOTIC: [8] Undefined offset: 1 E:\C#\FinancialSystem(SVN)\FinancialSystem\Application\Common\Common\APIHandler.class.php 第 55 行.
NOTIC: [8] Undefined offset: 2 E:\C#\FinancialSystem(SVN)\FinancialSystem\Application\Common\Common\APIHandler.class.php 第 56 行.

[ 2016-04-25T15:37:13+08:00 ] 127.0.0.1 /index.php/HumanResources/FinCheckedEvent/fincheckedeventlist
INFO: [ app_begin ] --START--
INFO: Run Behavior\ReadHtmlCacheBehavior [ RunTime:0.000000s ]
NOTIC: [8192] Function mcrypt_cbc() is deprecated E:\C#\FinancialSystem(SVN)\FinancialSystem\Application\Common\Common\DesHelper.class.php 第 44 行.
INFO: Run Common\Behavior\ActionStartBehavior [ RunTime:0.000000s ]
INFO: [ app_begin ] --END-- [ RunTime:0.000000s ]
NOTIC: [8] A session had already been started - ignoring session_start() E:\C#\FinancialSystem(SVN)\FinancialSystem\ThinkPHP\Common\functions.php 第 1263 行.
NOTIC: [8192] Function mcrypt_cbc() is deprecated E:\C#\FinancialSystem(SVN)\FinancialSystem\Application\Common\Common\DesHelper.class.php 第 44 行.
NOTIC: [8] Use of undefined constant funStr - assumed 'funStr' E:\C#\FinancialSystem(SVN)\FinancialSystem\Application\Home\Common\IDuty.class.php 第 14 行.
NOTIC: [8] Use of undefined constant userID - assumed 'userID' E:\C#\FinancialSystem(SVN)\FinancialSystem\Application\Home\Common\IDuty.class.php 第 14 行.
NOTIC: [8] Undefined offset: 1 E:\C#\FinancialSystem(SVN)\FinancialSystem\Application\Common\Common\APIHandler.class.php 第 55 行.
NOTIC: [8] Undefined offset: 2 E:\C#\FinancialSystem(SVN)\FinancialSystem\Application\Common\Common\APIHandler.class.php 第 56 行.
NOTIC: [8] Use of undefined constant id - assumed 'id' E:\C#\FinancialSystem(SVN)\FinancialSystem\Application\Home\Common\IFinCheckedEvent.class.php 第 24 行.
NOTIC: [8] Undefined offset: 1 E:\C#\FinancialSystem(SVN)\FinancialSystem\Application\Common\Common\APIHandler.class.php 第 55 行.
NOTIC: [8] Undefined offset: 2 E:\C#\FinancialSystem(SVN)\FinancialSystem\Application\Common\Common\APIHandler.class.php 第 56 行.

[ 2016-04-25T15:37:45+08:00 ] 127.0.0.1 /index.php/HumanResources/FinCheckedEvent/manageinfo
INFO: [ app_begin ] --START--
INFO: Run Behavior\ReadHtmlCacheBehavior [ RunTime:0.000000s ]
NOTIC: [8192] Function mcrypt_cbc() is deprecated E:\C#\FinancialSystem(SVN)\FinancialSystem\Application\Common\Common\DesHelper.class.php 第 44 行.
INFO: Run Common\Behavior\ActionStartBehavior [ RunTime:0.002000s ]
INFO: [ app_begin ] --END-- [ RunTime:0.002000s ]
NOTIC: [8] A session had already been started - ignoring session_start() E:\C#\FinancialSystem(SVN)\FinancialSystem\ThinkPHP\Common\functions.php 第 1263 行.
NOTIC: [8192] Function mcrypt_cbc() is deprecated E:\C#\FinancialSystem(SVN)\FinancialSystem\Application\Common\Common\DesHelper.class.php 第 44 行.
NOTIC: [8] Use of undefined constant funStr - assumed 'funStr' E:\C#\FinancialSystem(SVN)\FinancialSystem\Application\Home\Common\IDuty.class.php 第 14 行.
NOTIC: [8] Use of undefined constant userID - assumed 'userID' E:\C#\FinancialSystem(SVN)\FinancialSystem\Application\Home\Common\IDuty.class.php 第 14 行.
NOTIC: [8] Undefined offset: 1 E:\C#\FinancialSystem(SVN)\FinancialSystem\Application\Common\Common\APIHandler.class.php 第 55 行.
NOTIC: [8] Undefined offset: 2 E:\C#\FinancialSystem(SVN)\FinancialSystem\Application\Common\Common\APIHandler.class.php 第 56 行.
NOTIC: [8] Use of undefined constant id - assumed 'id' E:\C#\FinancialSystem(SVN)\FinancialSystem\Application\Home\Common\IManage.class.php 第 51 行.
NOTIC: [8] Undefined offset: 1 E:\C#\FinancialSystem(SVN)\FinancialSystem\Application\Common\Common\APIHandler.class.php 第 55 行.
NOTIC: [8] Undefined offset: 2 E:\C#\FinancialSystem(SVN)\FinancialSystem\Application\Common\Common\APIHandler.class.php 第 56 行.

[ 2016-04-25T15:37:45+08:00 ] 127.0.0.1 /index.php/HumanResources/FinCheckedEvent/fincheckedeventlist
INFO: [ app_begin ] --START--
INFO: Run Behavior\ReadHtmlCacheBehavior [ RunTime:0.001000s ]
NOTIC: [8192] Function mcrypt_cbc() is deprecated E:\C#\FinancialSystem(SVN)\FinancialSystem\Application\Common\Common\DesHelper.class.php 第 44 行.
INFO: Run Common\Behavior\ActionStartBehavior [ RunTime:0.002000s ]
INFO: [ app_begin ] --END-- [ RunTime:0.003000s ]
NOTIC: [8] A session had already been started - ignoring session_start() E:\C#\FinancialSystem(SVN)\FinancialSystem\ThinkPHP\Common\functions.php 第 1263 行.
NOTIC: [8192] Function mcrypt_cbc() is deprecated E:\C#\FinancialSystem(SVN)\FinancialSystem\Application\Common\Common\DesHelper.class.php 第 44 行.
NOTIC: [8] Use of undefined constant funStr - assumed 'funStr' E:\C#\FinancialSystem(SVN)\FinancialSystem\Application\Home\Common\IDuty.class.php 第 14 行.
NOTIC: [8] Use of undefined constant userID - assumed 'userID' E:\C#\FinancialSystem(SVN)\FinancialSystem\Application\Home\Common\IDuty.class.php 第 14 行.
NOTIC: [8] Undefined offset: 1 E:\C#\FinancialSystem(SVN)\FinancialSystem\Application\Common\Common\APIHandler.class.php 第 55 行.
NOTIC: [8] Undefined offset: 2 E:\C#\FinancialSystem(SVN)\FinancialSystem\Application\Common\Common\APIHandler.class.php 第 56 行.
NOTIC: [8] Use of undefined constant id - assumed 'id' E:\C#\FinancialSystem(SVN)\FinancialSystem\Application\Home\Common\IFinCheckedEvent.class.php 第 24 行.
NOTIC: [8] Undefined offset: 1 E:\C#\FinancialSystem(SVN)\FinancialSystem\Application\Common\Common\APIHandler.class.php 第 55 行.
NOTIC: [8] Undefined offset: 2 E:\C#\FinancialSystem(SVN)\FinancialSystem\Application\Common\Common\APIHandler.class.php 第 56 行.

[ 2016-04-25T15:40:27+08:00 ] 127.0.0.1 /index.php/HumanResources/FinCheckedEvent/fincheckedeventlist
INFO: [ app_begin ] --START--
INFO: Run Behavior\ReadHtmlCacheBehavior [ RunTime:0.001000s ]
NOTIC: [8192] Function mcrypt_cbc() is deprecated E:\C#\FinancialSystem(SVN)\FinancialSystem\Application\Common\Common\DesHelper.class.php 第 44 行.
INFO: Run Common\Behavior\ActionStartBehavior [ RunTime:0.001000s ]
INFO: [ app_begin ] --END-- [ RunTime:0.002000s ]
NOTIC: [8] A session had already been started - ignoring session_start() E:\C#\FinancialSystem(SVN)\FinancialSystem\ThinkPHP\Common\functions.php 第 1263 行.
NOTIC: [8192] Function mcrypt_cbc() is deprecated E:\C#\FinancialSystem(SVN)\FinancialSystem\Application\Common\Common\DesHelper.class.php 第 44 行.
NOTIC: [8] Use of undefined constant funStr - assumed 'funStr' E:\C#\FinancialSystem(SVN)\FinancialSystem\Application\Home\Common\IDuty.class.php 第 14 行.
NOTIC: [8] Use of undefined constant userID - assumed 'userID' E:\C#\FinancialSystem(SVN)\FinancialSystem\Application\Home\Common\IDuty.class.php 第 14 行.
NOTIC: [8] Undefined offset: 1 E:\C#\FinancialSystem(SVN)\FinancialSystem\Application\Common\Common\APIHandler.class.php 第 55 行.
NOTIC: [8] Undefined offset: 2 E:\C#\FinancialSystem(SVN)\FinancialSystem\Application\Common\Common\APIHandler.class.php 第 56 行.
NOTIC: [8] Use of undefined constant id - assumed 'id' E:\C#\FinancialSystem(SVN)\FinancialSystem\Application\Home\Common\IFinCheckedEvent.class.php 第 24 行.
NOTIC: [8] Undefined offset: 1 E:\C#\FinancialSystem(SVN)\FinancialSystem\Application\Common\Common\APIHandler.class.php 第 55 行.
NOTIC: [8] Undefined offset: 2 E:\C#\FinancialSystem(SVN)\FinancialSystem\Application\Common\Common\APIHandler.class.php 第 56 行.

[ 2016-04-25T15:40:28+08:00 ] 127.0.0.1 /index.php/HumanResources/FinCheckedEvent/manageinfo
INFO: [ app_begin ] --START--
INFO: Run Behavior\ReadHtmlCacheBehavior [ RunTime:0.015600s ]
NOTIC: [8192] Function mcrypt_cbc() is deprecated E:\C#\FinancialSystem(SVN)\FinancialSystem\Application\Common\Common\DesHelper.class.php 第 44 行.
INFO: Run Common\Behavior\ActionStartBehavior [ RunTime:0.000000s ]
INFO: [ app_begin ] --END-- [ RunTime:0.015600s ]
NOTIC: [8] A session had already been started - ignoring session_start() E:\C#\FinancialSystem(SVN)\FinancialSystem\ThinkPHP\Common\functions.php 第 1263 行.
NOTIC: [8192] Function mcrypt_cbc() is deprecated E:\C#\FinancialSystem(SVN)\FinancialSystem\Application\Common\Common\DesHelper.class.php 第 44 行.
NOTIC: [8] Use of undefined constant funStr - assumed 'funStr' E:\C#\FinancialSystem(SVN)\FinancialSystem\Application\Home\Common\IDuty.class.php 第 14 行.
NOTIC: [8] Use of undefined constant userID - assumed 'userID' E:\C#\FinancialSystem(SVN)\FinancialSystem\Application\Home\Common\IDuty.class.php 第 14 行.
NOTIC: [8] Undefined offset: 1 E:\C#\FinancialSystem(SVN)\FinancialSystem\Application\Common\Common\APIHandler.class.php 第 55 行.
NOTIC: [8] Undefined offset: 2 E:\C#\FinancialSystem(SVN)\FinancialSystem\Application\Common\Common\APIHandler.class.php 第 56 行.
NOTIC: [8] Use of undefined constant id - assumed 'id' E:\C#\FinancialSystem(SVN)\FinancialSystem\Application\Home\Common\IManage.class.php 第 51 行.
NOTIC: [8] Undefined offset: 1 E:\C#\FinancialSystem(SVN)\FinancialSystem\Application\Common\Common\APIHandler.class.php 第 55 行.
NOTIC: [8] Undefined offset: 2 E:\C#\FinancialSystem(SVN)\FinancialSystem\Application\Common\Common\APIHandler.class.php 第 56 行.

[ 2016-04-25T15:40:39+08:00 ] 127.0.0.1 /index.php/HumanResources/FinCheckedEvent/manageinfo
INFO: [ app_begin ] --START--
INFO: Run Behavior\ReadHtmlCacheBehavior [ RunTime:0.001000s ]
NOTIC: [8192] Function mcrypt_cbc() is deprecated E:\C#\FinancialSystem(SVN)\FinancialSystem\Application\Common\Common\DesHelper.class.php 第 44 行.
INFO: Run Common\Behavior\ActionStartBehavior [ RunTime:0.001000s ]
INFO: [ app_begin ] --END-- [ RunTime:0.002000s ]
NOTIC: [8] A session had already been started - ignoring session_start() E:\C#\FinancialSystem(SVN)\FinancialSystem\ThinkPHP\Common\functions.php 第 1263 行.
NOTIC: [8192] Function mcrypt_cbc() is deprecated E:\C#\FinancialSystem(SVN)\FinancialSystem\Application\Common\Common\DesHelper.class.php 第 44 行.
NOTIC: [8] Use of undefined constant funStr - assumed 'funStr' E:\C#\FinancialSystem(SVN)\FinancialSystem\Application\Home\Common\IDuty.class.php 第 14 行.
NOTIC: [8] Use of undefined constant userID - assumed 'userID' E:\C#\FinancialSystem(SVN)\FinancialSystem\Application\Home\Common\IDuty.class.php 第 14 行.
NOTIC: [8] Undefined offset: 1 E:\C#\FinancialSystem(SVN)\FinancialSystem\Application\Common\Common\APIHandler.class.php 第 55 行.
NOTIC: [8] Undefined offset: 2 E:\C#\FinancialSystem(SVN)\FinancialSystem\Application\Common\Common\APIHandler.class.php 第 56 行.
NOTIC: [8] Use of undefined constant id - assumed 'id' E:\C#\FinancialSystem(SVN)\FinancialSystem\Application\Home\Common\IManage.class.php 第 51 行.
NOTIC: [8] Undefined offset: 1 E:\C#\FinancialSystem(SVN)\FinancialSystem\Application\Common\Common\APIHandler.class.php 第 55 行.
NOTIC: [8] Undefined offset: 2 E:\C#\FinancialSystem(SVN)\FinancialSystem\Application\Common\Common\APIHandler.class.php 第 56 行.

[ 2016-04-25T15:40:39+08:00 ] 127.0.0.1 /index.php/HumanResources/FinCheckedEvent/fincheckedeventlist
INFO: [ app_begin ] --START--
INFO: Run Behavior\ReadHtmlCacheBehavior [ RunTime:0.001000s ]
NOTIC: [8192] Function mcrypt_cbc() is deprecated E:\C#\FinancialSystem(SVN)\FinancialSystem\Application\Common\Common\DesHelper.class.php 第 44 行.
INFO: Run Common\Behavior\ActionStartBehavior [ RunTime:0.001000s ]
INFO: [ app_begin ] --END-- [ RunTime:0.002000s ]
NOTIC: [8] A session had already been started - ignoring session_start() E:\C#\FinancialSystem(SVN)\FinancialSystem\ThinkPHP\Common\functions.php 第 1263 行.
NOTIC: [8192] Function mcrypt_cbc() is deprecated E:\C#\FinancialSystem(SVN)\FinancialSystem\Application\Common\Common\DesHelper.class.php 第 44 行.
NOTIC: [8] Use of undefined constant funStr - assumed 'funStr' E:\C#\FinancialSystem(SVN)\FinancialSystem\Application\Home\Common\IDuty.class.php 第 14 行.
NOTIC: [8] Use of undefined constant userID - assumed 'userID' E:\C#\FinancialSystem(SVN)\FinancialSystem\Application\Home\Common\IDuty.class.php 第 14 行.
NOTIC: [8] Undefined offset: 1 E:\C#\FinancialSystem(SVN)\FinancialSystem\Application\Common\Common\APIHandler.class.php 第 55 行.
NOTIC: [8] Undefined offset: 2 E:\C#\FinancialSystem(SVN)\FinancialSystem\Application\Common\Common\APIHandler.class.php 第 56 行.
NOTIC: [8] Use of undefined constant id - assumed 'id' E:\C#\FinancialSystem(SVN)\FinancialSystem\Application\Home\Common\IFinCheckedEvent.class.php 第 24 行.
NOTIC: [8] Undefined offset: 1 E:\C#\FinancialSystem(SVN)\FinancialSystem\Application\Common\Common\APIHandler.class.php 第 55 行.
NOTIC: [8] Undefined offset: 2 E:\C#\FinancialSystem(SVN)\FinancialSystem\Application\Common\Common\APIHandler.class.php 第 56 行.

[ 2016-04-25T18:45:11+08:00 ] 127.0.0.1 /index.php/HumanResources/Staff/staffallinfo
INFO: [ app_begin ] --START--
INFO: Run Behavior\ReadHtmlCacheBehavior [ RunTime:0.001000s ]
NOTIC: [8192] Function mcrypt_cbc() is deprecated E:\C#\FinancialSystem(SVN)\FinancialSystem\Application\Common\Common\DesHelper.class.php 第 44 行.
INFO: Run Common\Behavior\ActionStartBehavior [ RunTime:0.002000s ]
INFO: [ app_begin ] --END-- [ RunTime:0.003000s ]
NOTIC: [8] A session had already been started - ignoring session_start() E:\C#\FinancialSystem(SVN)\FinancialSystem\ThinkPHP\Common\functions.php 第 1263 行.
NOTIC: [8192] Function mcrypt_cbc() is deprecated E:\C#\FinancialSystem(SVN)\FinancialSystem\Application\Common\Common\DesHelper.class.php 第 44 行.
NOTIC: [8] Use of undefined constant funStr - assumed 'funStr' E:\C#\FinancialSystem(SVN)\FinancialSystem\Application\Home\Common\IDuty.class.php 第 14 行.
NOTIC: [8] Use of undefined constant userID - assumed 'userID' E:\C#\FinancialSystem(SVN)\FinancialSystem\Application\Home\Common\IDuty.class.php 第 14 行.
NOTIC: [8] Undefined offset: 1 E:\C#\FinancialSystem(SVN)\FinancialSystem\Application\Common\Common\APIHandler.class.php 第 55 行.
NOTIC: [8] Undefined offset: 2 E:\C#\FinancialSystem(SVN)\FinancialSystem\Application\Common\Common\APIHandler.class.php 第 56 行.
NOTIC: [8] Use of undefined constant id - assumed 'id' E:\C#\FinancialSystem(SVN)\FinancialSystem\Application\Home\Common\IManage.class.php 第 60 行.
NOTIC: [8] Undefined offset: 1 E:\C#\FinancialSystem(SVN)\FinancialSystem\Application\Common\Common\APIHandler.class.php 第 55 行.
NOTIC: [8] Undefined offset: 2 E:\C#\FinancialSystem(SVN)\FinancialSystem\Application\Common\Common\APIHandler.class.php 第 56 行.

[ 2016-04-25T18:45:14+08:00 ] 127.0.0.1 /index.php/HumanResources/FinCheckedEvent/manageinfo
INFO: [ app_begin ] --START--
INFO: Run Behavior\ReadHtmlCacheBehavior [ RunTime:0.001000s ]
NOTIC: [8192] Function mcrypt_cbc() is deprecated E:\C#\FinancialSystem(SVN)\FinancialSystem\Application\Common\Common\DesHelper.class.php 第 44 行.
INFO: Run Common\Behavior\ActionStartBehavior [ RunTime:0.001000s ]
INFO: [ app_begin ] --END-- [ RunTime:0.002000s ]
NOTIC: [8] A session had already been started - ignoring session_start() E:\C#\FinancialSystem(SVN)\FinancialSystem\ThinkPHP\Common\functions.php 第 1263 行.
NOTIC: [8192] Function mcrypt_cbc() is deprecated E:\C#\FinancialSystem(SVN)\FinancialSystem\Application\Common\Common\DesHelper.class.php 第 44 行.
NOTIC: [8] Use of undefined constant funStr - assumed 'funStr' E:\C#\FinancialSystem(SVN)\FinancialSystem\Application\Home\Common\IDuty.class.php 第 14 行.
NOTIC: [8] Use of undefined constant userID - assumed 'userID' E:\C#\FinancialSystem(SVN)\FinancialSystem\Application\Home\Common\IDuty.class.php 第 14 行.
NOTIC: [8] Undefined offset: 1 E:\C#\FinancialSystem(SVN)\FinancialSystem\Application\Common\Common\APIHandler.class.php 第 55 行.
NOTIC: [8] Undefined offset: 2 E:\C#\FinancialSystem(SVN)\FinancialSystem\Application\Common\Common\APIHandler.class.php 第 56 行.
NOTIC: [8] Use of undefined constant id - assumed 'id' E:\C#\FinancialSystem(SVN)\FinancialSystem\Application\Home\Common\IManage.class.php 第 51 行.
NOTIC: [8] Undefined offset: 1 E:\C#\FinancialSystem(SVN)\FinancialSystem\Application\Common\Common\APIHandler.class.php 第 55 行.
NOTIC: [8] Undefined offset: 2 E:\C#\FinancialSystem(SVN)\FinancialSystem\Application\Common\Common\APIHandler.class.php 第 56 行.

[ 2016-04-25T18:45:14+08:00 ] 127.0.0.1 /index.php/HumanResources/FinSocialSecurity/finsocialsecuritylist
INFO: [ app_begin ] --START--
INFO: Run Behavior\ReadHtmlCacheBehavior [ RunTime:0.001000s ]
NOTIC: [8192] Function mcrypt_cbc() is deprecated E:\C#\FinancialSystem(SVN)\FinancialSystem\Application\Common\Common\DesHelper.class.php 第 44 行.
INFO: Run Common\Behavior\ActionStartBehavior [ RunTime:0.001000s ]
INFO: [ app_begin ] --END-- [ RunTime:0.002000s ]
NOTIC: [8] A session had already been started - ignoring session_start() E:\C#\FinancialSystem(SVN)\FinancialSystem\ThinkPHP\Common\functions.php 第 1263 行.
NOTIC: [8192] Function mcrypt_cbc() is deprecated E:\C#\FinancialSystem(SVN)\FinancialSystem\Application\Common\Common\DesHelper.class.php 第 44 行.
NOTIC: [8] Use of undefined constant funStr - assumed 'funStr' E:\C#\FinancialSystem(SVN)\FinancialSystem\Application\Home\Common\IDuty.class.php 第 14 行.
NOTIC: [8] Use of undefined constant userID - assumed 'userID' E:\C#\FinancialSystem(SVN)\FinancialSystem\Application\Home\Common\IDuty.class.php 第 14 行.
NOTIC: [8] Undefined offset: 1 E:\C#\FinancialSystem(SVN)\FinancialSystem\Application\Common\Common\APIHandler.class.php 第 55 行.
NOTIC: [8] Undefined offset: 2 E:\C#\FinancialSystem(SVN)\FinancialSystem\Application\Common\Common\APIHandler.class.php 第 56 行.
NOTIC: [8] Use of undefined constant id - assumed 'id' E:\C#\FinancialSystem(SVN)\FinancialSystem\Application\Home\Common\IFinSocialSecurity.class.php 第 24 行.
NOTIC: [8] Undefined offset: 1 E:\C#\FinancialSystem(SVN)\FinancialSystem\Application\Common\Common\APIHandler.class.php 第 55 行.
NOTIC: [8] Undefined offset: 2 E:\C#\FinancialSystem(SVN)\FinancialSystem\Application\Common\Common\APIHandler.class.php 第 56 行.

[ 2016-04-25T18:46:03+08:00 ] 127.0.0.1 /index.php/HumanResources/FinCheckedEvent/manageinfo
INFO: [ app_begin ] --START--
INFO: Run Behavior\ReadHtmlCacheBehavior [ RunTime:0.001000s ]
NOTIC: [8192] Function mcrypt_cbc() is deprecated E:\C#\FinancialSystem(SVN)\FinancialSystem\Application\Common\Common\DesHelper.class.php 第 44 行.
INFO: Run Common\Behavior\ActionStartBehavior [ RunTime:0.001000s ]
INFO: [ app_begin ] --END-- [ RunTime:0.002000s ]
NOTIC: [8] A session had already been started - ignoring session_start() E:\C#\FinancialSystem(SVN)\FinancialSystem\ThinkPHP\Common\functions.php 第 1263 行.
NOTIC: [8192] Function mcrypt_cbc() is deprecated E:\C#\FinancialSystem(SVN)\FinancialSystem\Application\Common\Common\DesHelper.class.php 第 44 行.
NOTIC: [8] Use of undefined constant funStr - assumed 'funStr' E:\C#\FinancialSystem(SVN)\FinancialSystem\Application\Home\Common\IDuty.class.php 第 14 行.
NOTIC: [8] Use of undefined constant userID - assumed 'userID' E:\C#\FinancialSystem(SVN)\FinancialSystem\Application\Home\Common\IDuty.class.php 第 14 行.
NOTIC: [8] Undefined offset: 1 E:\C#\FinancialSystem(SVN)\FinancialSystem\Application\Common\Common\APIHandler.class.php 第 55 行.
NOTIC: [8] Undefined offset: 2 E:\C#\FinancialSystem(SVN)\FinancialSystem\Application\Common\Common\APIHandler.class.php 第 56 行.
NOTIC: [8] Use of undefined constant id - assumed 'id' E:\C#\FinancialSystem(SVN)\FinancialSystem\Application\Home\Common\IManage.class.php 第 51 行.
NOTIC: [8] Undefined offset: 1 E:\C#\FinancialSystem(SVN)\FinancialSystem\Application\Common\Common\APIHandler.class.php 第 55 行.
NOTIC: [8] Undefined offset: 2 E:\C#\FinancialSystem(SVN)\FinancialSystem\Application\Common\Common\APIHandler.class.php 第 56 行.

[ 2016-04-25T18:46:03+08:00 ] 127.0.0.1 /index.php/HumanResources/FinSocialSecurity/finsocialsecuritylist
INFO: [ app_begin ] --START--
INFO: Run Behavior\ReadHtmlCacheBehavior [ RunTime:0.000000s ]
NOTIC: [8192] Function mcrypt_cbc() is deprecated E:\C#\FinancialSystem(SVN)\FinancialSystem\Application\Common\Common\DesHelper.class.php 第 44 行.
INFO: Run Common\Behavior\ActionStartBehavior [ RunTime:0.001000s ]
INFO: [ app_begin ] --END-- [ RunTime:0.001000s ]
NOTIC: [8] A session had already been started - ignoring session_start() E:\C#\FinancialSystem(SVN)\FinancialSystem\ThinkPHP\Common\functions.php 第 1263 行.
NOTIC: [8192] Function mcrypt_cbc() is deprecated E:\C#\FinancialSystem(SVN)\FinancialSystem\Application\Common\Common\DesHelper.class.php 第 44 行.
NOTIC: [8] Use of undefined constant funStr - assumed 'funStr' E:\C#\FinancialSystem(SVN)\FinancialSystem\Application\Home\Common\IDuty.class.php 第 14 行.
NOTIC: [8] Use of undefined constant userID - assumed 'userID' E:\C#\FinancialSystem(SVN)\FinancialSystem\Application\Home\Common\IDuty.class.php 第 14 行.
NOTIC: [8] Undefined offset: 1 E:\C#\FinancialSystem(SVN)\FinancialSystem\Application\Common\Common\APIHandler.class.php 第 55 行.
NOTIC: [8] Undefined offset: 2 E:\C#\FinancialSystem(SVN)\FinancialSystem\Application\Common\Common\APIHandler.class.php 第 56 行.
NOTIC: [8] Use of undefined constant id - assumed 'id' E:\C#\FinancialSystem(SVN)\FinancialSystem\Application\Home\Common\IFinSocialSecurity.class.php 第 24 行.
NOTIC: [8] Undefined offset: 1 E:\C#\FinancialSystem(SVN)\FinancialSystem\Application\Common\Common\APIHandler.class.php 第 55 行.
NOTIC: [8] Undefined offset: 2 E:\C#\FinancialSystem(SVN)\FinancialSystem\Application\Common\Common\APIHandler.class.php 第 56 行.

[ 2016-04-25T18:47:05+08:00 ] 127.0.0.1 /index.php/HumanResources/FinCheckedEvent/manageinfo
INFO: [ app_begin ] --START--
INFO: Run Behavior\ReadHtmlCacheBehavior [ RunTime:0.001000s ]
NOTIC: [8192] Function mcrypt_cbc() is deprecated E:\C#\FinancialSystem(SVN)\FinancialSystem\Application\Common\Common\DesHelper.class.php 第 44 行.
INFO: Run Common\Behavior\ActionStartBehavior [ RunTime:0.001000s ]
INFO: [ app_begin ] --END-- [ RunTime:0.002000s ]
NOTIC: [8] A session had already been started - ignoring session_start() E:\C#\FinancialSystem(SVN)\FinancialSystem\ThinkPHP\Common\functions.php 第 1263 行.
NOTIC: [8192] Function mcrypt_cbc() is deprecated E:\C#\FinancialSystem(SVN)\FinancialSystem\Application\Common\Common\DesHelper.class.php 第 44 行.
NOTIC: [8] Use of undefined constant funStr - assumed 'funStr' E:\C#\FinancialSystem(SVN)\FinancialSystem\Application\Home\Common\IDuty.class.php 第 14 行.
NOTIC: [8] Use of undefined constant userID - assumed 'userID' E:\C#\FinancialSystem(SVN)\FinancialSystem\Application\Home\Common\IDuty.class.php 第 14 行.
NOTIC: [8] Undefined offset: 1 E:\C#\FinancialSystem(SVN)\FinancialSystem\Application\Common\Common\APIHandler.class.php 第 55 行.
NOTIC: [8] Undefined offset: 2 E:\C#\FinancialSystem(SVN)\FinancialSystem\Application\Common\Common\APIHandler.class.php 第 56 行.
NOTIC: [8] Use of undefined constant id - assumed 'id' E:\C#\FinancialSystem(SVN)\FinancialSystem\Application\Home\Common\IManage.class.php 第 51 行.
NOTIC: [8] Undefined offset: 1 E:\C#\FinancialSystem(SVN)\FinancialSystem\Application\Common\Common\APIHandler.class.php 第 55 行.
NOTIC: [8] Undefined offset: 2 E:\C#\FinancialSystem(SVN)\FinancialSystem\Application\Common\Common\APIHandler.class.php 第 56 行.

[ 2016-04-25T18:47:05+08:00 ] 127.0.0.1 /index.php/HumanResources/FinSocialSecurity/finsocialsecuritylist
INFO: [ app_begin ] --START--
INFO: Run Behavior\ReadHtmlCacheBehavior [ RunTime:0.001000s ]
NOTIC: [8192] Function mcrypt_cbc() is deprecated E:\C#\FinancialSystem(SVN)\FinancialSystem\Application\Common\Common\DesHelper.class.php 第 44 行.
INFO: Run Common\Behavior\ActionStartBehavior [ RunTime:0.002000s ]
INFO: [ app_begin ] --END-- [ RunTime:0.003000s ]
NOTIC: [8] A session had already been started - ignoring session_start() E:\C#\FinancialSystem(SVN)\FinancialSystem\ThinkPHP\Common\functions.php 第 1263 行.
NOTIC: [8192] Function mcrypt_cbc() is deprecated E:\C#\FinancialSystem(SVN)\FinancialSystem\Application\Common\Common\DesHelper.class.php 第 44 行.
NOTIC: [8] Use of undefined constant funStr - assumed 'funStr' E:\C#\FinancialSystem(SVN)\FinancialSystem\Application\Home\Common\IDuty.class.php 第 14 行.
NOTIC: [8] Use of undefined constant userID - assumed 'userID' E:\C#\FinancialSystem(SVN)\FinancialSystem\Application\Home\Common\IDuty.class.php 第 14 行.
NOTIC: [8] Undefined offset: 1 E:\C#\FinancialSystem(SVN)\FinancialSystem\Application\Common\Common\APIHandler.class.php 第 55 行.
NOTIC: [8] Undefined offset: 2 E:\C#\FinancialSystem(SVN)\FinancialSystem\Application\Common\Common\APIHandler.class.php 第 56 行.
NOTIC: [8] Use of undefined constant id - assumed 'id' E:\C#\FinancialSystem(SVN)\FinancialSystem\Application\Home\Common\IFinSocialSecurity.class.php 第 24 行.
NOTIC: [8] Undefined offset: 1 E:\C#\FinancialSystem(SVN)\FinancialSystem\Application\Common\Common\APIHandler.class.php 第 55 行.
NOTIC: [8] Undefined offset: 2 E:\C#\FinancialSystem(SVN)\FinancialSystem\Application\Common\Common\APIHandler.class.php 第 56 行.

[ 2016-04-25T20:58:28+08:00 ] 127.0.0.1 /index.php/HumanResources/FinCheckedEvent/manageinfo
INFO: [ app_begin ] --START--
INFO: Run Behavior\ReadHtmlCacheBehavior [ RunTime:0.001000s ]
NOTIC: [8192] Function mcrypt_cbc() is deprecated E:\C#\FinancialSystem(SVN)\FinancialSystem\Application\Common\Common\DesHelper.class.php 第 44 行.
INFO: Run Common\Behavior\ActionStartBehavior [ RunTime:0.002000s ]
INFO: [ app_begin ] --END-- [ RunTime:0.003000s ]
NOTIC: [8] A session had already been started - ignoring session_start() E:\C#\FinancialSystem(SVN)\FinancialSystem\ThinkPHP\Common\functions.php 第 1263 行.
NOTIC: [8192] Function mcrypt_cbc() is deprecated E:\C#\FinancialSystem(SVN)\FinancialSystem\Application\Common\Common\DesHelper.class.php 第 44 行.
NOTIC: [8] Use of undefined constant funStr - assumed 'funStr' E:\C#\FinancialSystem(SVN)\FinancialSystem\Application\Home\Common\IDuty.class.php 第 14 行.
NOTIC: [8] Use of undefined constant userID - assumed 'userID' E:\C#\FinancialSystem(SVN)\FinancialSystem\Application\Home\Common\IDuty.class.php 第 14 行.
NOTIC: [8] Undefined offset: 1 E:\C#\FinancialSystem(SVN)\FinancialSystem\Application\Common\Common\APIHandler.class.php 第 55 行.
NOTIC: [8] Undefined offset: 2 E:\C#\FinancialSystem(SVN)\FinancialSystem\Application\Common\Common\APIHandler.class.php 第 56 行.
NOTIC: [8] Use of undefined constant id - assumed 'id' E:\C#\FinancialSystem(SVN)\FinancialSystem\Application\Home\Common\IManage.class.php 第 51 行.
NOTIC: [8] Undefined offset: 1 E:\C#\FinancialSystem(SVN)\FinancialSystem\Application\Common\Common\APIHandler.class.php 第 55 行.
NOTIC: [8] Undefined offset: 2 E:\C#\FinancialSystem(SVN)\FinancialSystem\Application\Common\Common\APIHandler.class.php 第 56 行.

[ 2016-04-25T20:58:28+08:00 ] 127.0.0.1 /index.php/HumanResources/FinSocialSecurity/finsocialsecuritylist
INFO: [ app_begin ] --START--
INFO: Run Behavior\ReadHtmlCacheBehavior [ RunTime:0.001000s ]
NOTIC: [8192] Function mcrypt_cbc() is deprecated E:\C#\FinancialSystem(SVN)\FinancialSystem\Application\Common\Common\DesHelper.class.php 第 44 行.
INFO: Run Common\Behavior\ActionStartBehavior [ RunTime:0.001000s ]
INFO: [ app_begin ] --END-- [ RunTime:0.002000s ]
NOTIC: [8] A session had already been started - ignoring session_start() E:\C#\FinancialSystem(SVN)\FinancialSystem\ThinkPHP\Common\functions.php 第 1263 行.
NOTIC: [8192] Function mcrypt_cbc() is deprecated E:\C#\FinancialSystem(SVN)\FinancialSystem\Application\Common\Common\DesHelper.class.php 第 44 行.
NOTIC: [8] Use of undefined constant funStr - assumed 'funStr' E:\C#\FinancialSystem(SVN)\FinancialSystem\Application\Home\Common\IDuty.class.php 第 14 行.
NOTIC: [8] Use of undefined constant userID - assumed 'userID' E:\C#\FinancialSystem(SVN)\FinancialSystem\Application\Home\Common\IDuty.class.php 第 14 行.
NOTIC: [8] Undefined offset: 1 E:\C#\FinancialSystem(SVN)\FinancialSystem\Application\Common\Common\APIHandler.class.php 第 55 行.
NOTIC: [8] Undefined offset: 2 E:\C#\FinancialSystem(SVN)\FinancialSystem\Application\Common\Common\APIHandler.class.php 第 56 行.
NOTIC: [8] Use of undefined constant id - assumed 'id' E:\C#\FinancialSystem(SVN)\FinancialSystem\Application\Home\Common\IFinSocialSecurity.class.php 第 24 行.
NOTIC: [8] Undefined offset: 1 E:\C#\FinancialSystem(SVN)\FinancialSystem\Application\Common\Common\APIHandler.class.php 第 55 行.
NOTIC: [8] Undefined offset: 2 E:\C#\FinancialSystem(SVN)\FinancialSystem\Application\Common\Common\APIHandler.class.php 第 56 行.

