[ 2016-04-12T20:22:35+08:00 ] 172.30.16.87 /index.php/HumanResources/Staff/stafflistavalon?r=0.09477805880130546&keywords=&keytype=0&admin=0&class2=0&manager=-1&ischecked=-1&startjoindate=&endjoindate=&PageIndex=1&PageSize=20
INFO: [ app_begin ] --START--
INFO: Run Behavior\ReadHtmlCacheBehavior [ RunTime:0.001001s ]
NOTIC: [8192] Function mcrypt_cbc() is deprecated E:\C#\FinancialSystem(SVN)\FinancialSystem\Application\Common\Common\DesHelper.class.php 第 44 行.
INFO: Run Common\Behavior\ActionStartBehavior [ RunTime:0.003000s ]
INFO: [ app_begin ] --END-- [ RunTime:0.004001s ]
NOTIC: [8] A session had already been started - ignoring session_start() E:\C#\FinancialSystem(SVN)\FinancialSystem\ThinkPHP\Common\functions.php 第 1263 行.
NOTIC: [8192] Function mcrypt_cbc() is deprecated E:\C#\FinancialSystem(SVN)\FinancialSystem\Application\Common\Common\DesHelper.class.php 第 44 行.
NOTIC: [8] Use of undefined constant funStr - assumed 'funStr' E:\C#\FinancialSystem(SVN)\FinancialSystem\Application\Home\Common\IDuty.class.php 第 14 行.
NOTIC: [8] Use of undefined constant userID - assumed 'userID' E:\C#\FinancialSystem(SVN)\FinancialSystem\Application\Home\Common\IDuty.class.php 第 14 行.
NOTIC: [8] Undefined offset: 1 E:\C#\FinancialSystem(SVN)\FinancialSystem\Application\Common\Common\APIHandler.class.php 第 54 行.
NOTIC: [8] Undefined offset: 2 E:\C#\FinancialSystem(SVN)\FinancialSystem\Application\Common\Common\APIHandler.class.php 第 55 行.
NOTIC: [8] Use of undefined constant keywords - assumed 'keywords' E:\C#\FinancialSystem(SVN)\FinancialSystem\Application\Home\Common\IManage.class.php 第 41 行.
NOTIC: [8] Use of undefined constant keytype - assumed 'keytype' E:\C#\FinancialSystem(SVN)\FinancialSystem\Application\Home\Common\IManage.class.php 第 41 行.
NOTIC: [8] Use of undefined constant admin - assumed 'admin' E:\C#\FinancialSystem(SVN)\FinancialSystem\Application\Home\Common\IManage.class.php 第 41 行.
NOTIC: [8] Use of undefined constant class2 - assumed 'class2' E:\C#\FinancialSystem(SVN)\FinancialSystem\Application\Home\Common\IManage.class.php 第 41 行.
NOTIC: [8] Use of undefined constant manager - assumed 'manager' E:\C#\FinancialSystem(SVN)\FinancialSystem\Application\Home\Common\IManage.class.php 第 41 行.
NOTIC: [8] Use of undefined constant ischecked - assumed 'ischecked' E:\C#\FinancialSystem(SVN)\FinancialSystem\Application\Home\Common\IManage.class.php 第 41 行.
NOTIC: [8] Use of undefined constant startjoindate - assumed 'startjoindate' E:\C#\FinancialSystem(SVN)\FinancialSystem\Application\Home\Common\IManage.class.php 第 42 行.
NOTIC: [8] Use of undefined constant endjoindate - assumed 'endjoindate' E:\C#\FinancialSystem(SVN)\FinancialSystem\Application\Home\Common\IManage.class.php 第 42 行.
NOTIC: [8] Use of undefined constant PageIndex - assumed 'PageIndex' E:\C#\FinancialSystem(SVN)\FinancialSystem\Application\Home\Common\IManage.class.php 第 42 行.
NOTIC: [8] Use of undefined constant PageSize - assumed 'PageSize' E:\C#\FinancialSystem(SVN)\FinancialSystem\Application\Home\Common\IManage.class.php 第 42 行.
NOTIC: [8] Undefined offset: 1 E:\C#\FinancialSystem(SVN)\FinancialSystem\Application\Common\Common\APIHandler.class.php 第 54 行.
NOTIC: [8] Undefined offset: 2 E:\C#\FinancialSystem(SVN)\FinancialSystem\Application\Common\Common\APIHandler.class.php 第 55 行.

[ 2016-04-12T20:23:09+08:00 ] 172.30.16.87 /index.php/HumanResources/Staff/stafflistavalon?r=0.14573255983104827&keywords=&keytype=0&admin=0&class2=0&manager=-1&ischecked=-1&startjoindate=&endjoindate=&PageIndex=1&PageSize=20
INFO: [ app_begin ] --START--
INFO: Run Behavior\ReadHtmlCacheBehavior [ RunTime:0.001000s ]
NOTIC: [8192] Function mcrypt_cbc() is deprecated E:\C#\FinancialSystem(SVN)\FinancialSystem\Application\Common\Common\DesHelper.class.php 第 44 行.
INFO: Run Common\Behavior\ActionStartBehavior [ RunTime:0.002000s ]
INFO: [ app_begin ] --END-- [ RunTime:0.003000s ]
NOTIC: [8] A session had already been started - ignoring session_start() E:\C#\FinancialSystem(SVN)\FinancialSystem\ThinkPHP\Common\functions.php 第 1263 行.
NOTIC: [8192] Function mcrypt_cbc() is deprecated E:\C#\FinancialSystem(SVN)\FinancialSystem\Application\Common\Common\DesHelper.class.php 第 44 行.
NOTIC: [8] Use of undefined constant funStr - assumed 'funStr' E:\C#\FinancialSystem(SVN)\FinancialSystem\Application\Home\Common\IDuty.class.php 第 14 行.
NOTIC: [8] Use of undefined constant userID - assumed 'userID' E:\C#\FinancialSystem(SVN)\FinancialSystem\Application\Home\Common\IDuty.class.php 第 14 行.
NOTIC: [8] Undefined offset: 1 E:\C#\FinancialSystem(SVN)\FinancialSystem\Application\Common\Common\APIHandler.class.php 第 54 行.
NOTIC: [8] Undefined offset: 2 E:\C#\FinancialSystem(SVN)\FinancialSystem\Application\Common\Common\APIHandler.class.php 第 55 行.
NOTIC: [8] Use of undefined constant keywords - assumed 'keywords' E:\C#\FinancialSystem(SVN)\FinancialSystem\Application\Home\Common\IManage.class.php 第 41 行.
NOTIC: [8] Use of undefined constant keytype - assumed 'keytype' E:\C#\FinancialSystem(SVN)\FinancialSystem\Application\Home\Common\IManage.class.php 第 41 行.
NOTIC: [8] Use of undefined constant admin - assumed 'admin' E:\C#\FinancialSystem(SVN)\FinancialSystem\Application\Home\Common\IManage.class.php 第 41 行.
NOTIC: [8] Use of undefined constant class2 - assumed 'class2' E:\C#\FinancialSystem(SVN)\FinancialSystem\Application\Home\Common\IManage.class.php 第 41 行.
NOTIC: [8] Use of undefined constant manager - assumed 'manager' E:\C#\FinancialSystem(SVN)\FinancialSystem\Application\Home\Common\IManage.class.php 第 41 行.
NOTIC: [8] Use of undefined constant ischecked - assumed 'ischecked' E:\C#\FinancialSystem(SVN)\FinancialSystem\Application\Home\Common\IManage.class.php 第 41 行.
NOTIC: [8] Use of undefined constant startjoindate - assumed 'startjoindate' E:\C#\FinancialSystem(SVN)\FinancialSystem\Application\Home\Common\IManage.class.php 第 42 行.
NOTIC: [8] Use of undefined constant endjoindate - assumed 'endjoindate' E:\C#\FinancialSystem(SVN)\FinancialSystem\Application\Home\Common\IManage.class.php 第 42 行.
NOTIC: [8] Use of undefined constant PageIndex - assumed 'PageIndex' E:\C#\FinancialSystem(SVN)\FinancialSystem\Application\Home\Common\IManage.class.php 第 42 行.
NOTIC: [8] Use of undefined constant PageSize - assumed 'PageSize' E:\C#\FinancialSystem(SVN)\FinancialSystem\Application\Home\Common\IManage.class.php 第 42 行.
NOTIC: [8] Undefined offset: 1 E:\C#\FinancialSystem(SVN)\FinancialSystem\Application\Common\Common\APIHandler.class.php 第 54 行.
NOTIC: [8] Undefined offset: 2 E:\C#\FinancialSystem(SVN)\FinancialSystem\Application\Common\Common\APIHandler.class.php 第 55 行.

[ 2016-04-12T20:23:12+08:00 ] 172.30.16.87 /index.php/HumanResources/Staff/staffallinfo
INFO: [ app_begin ] --START--
INFO: Run Behavior\ReadHtmlCacheBehavior [ RunTime:0.001000s ]
NOTIC: [8192] Function mcrypt_cbc() is deprecated E:\C#\FinancialSystem(SVN)\FinancialSystem\Application\Common\Common\DesHelper.class.php 第 44 行.
INFO: Run Common\Behavior\ActionStartBehavior [ RunTime:0.002000s ]
INFO: [ app_begin ] --END-- [ RunTime:0.003000s ]
NOTIC: [8] A session had already been started - ignoring session_start() E:\C#\FinancialSystem(SVN)\FinancialSystem\ThinkPHP\Common\functions.php 第 1263 行.
NOTIC: [8192] Function mcrypt_cbc() is deprecated E:\C#\FinancialSystem(SVN)\FinancialSystem\Application\Common\Common\DesHelper.class.php 第 44 行.
NOTIC: [8] Use of undefined constant funStr - assumed 'funStr' E:\C#\FinancialSystem(SVN)\FinancialSystem\Application\Home\Common\IDuty.class.php 第 14 行.
NOTIC: [8] Use of undefined constant userID - assumed 'userID' E:\C#\FinancialSystem(SVN)\FinancialSystem\Application\Home\Common\IDuty.class.php 第 14 行.
NOTIC: [8] Undefined offset: 1 E:\C#\FinancialSystem(SVN)\FinancialSystem\Application\Common\Common\APIHandler.class.php 第 54 行.
NOTIC: [8] Undefined offset: 2 E:\C#\FinancialSystem(SVN)\FinancialSystem\Application\Common\Common\APIHandler.class.php 第 55 行.
NOTIC: [8] Use of undefined constant id - assumed 'id' E:\C#\FinancialSystem(SVN)\FinancialSystem\Application\Home\Common\IManage.class.php 第 60 行.
NOTIC: [8] Undefined offset: 1 E:\C#\FinancialSystem(SVN)\FinancialSystem\Application\Common\Common\APIHandler.class.php 第 54 行.
NOTIC: [8] Undefined offset: 2 E:\C#\FinancialSystem(SVN)\FinancialSystem\Application\Common\Common\APIHandler.class.php 第 55 行.

[ 2016-04-12T20:23:22+08:00 ] 172.30.16.87 /index.php/HumanResources/Staff/staffallinfo
INFO: [ app_begin ] --START--
INFO: Run Behavior\ReadHtmlCacheBehavior [ RunTime:0.001000s ]
NOTIC: [8192] Function mcrypt_cbc() is deprecated E:\C#\FinancialSystem(SVN)\FinancialSystem\Application\Common\Common\DesHelper.class.php 第 44 行.
INFO: Run Common\Behavior\ActionStartBehavior [ RunTime:0.002000s ]
INFO: [ app_begin ] --END-- [ RunTime:0.003000s ]
NOTIC: [8] A session had already been started - ignoring session_start() E:\C#\FinancialSystem(SVN)\FinancialSystem\ThinkPHP\Common\functions.php 第 1263 行.
NOTIC: [8192] Function mcrypt_cbc() is deprecated E:\C#\FinancialSystem(SVN)\FinancialSystem\Application\Common\Common\DesHelper.class.php 第 44 行.
NOTIC: [8] Use of undefined constant funStr - assumed 'funStr' E:\C#\FinancialSystem(SVN)\FinancialSystem\Application\Home\Common\IDuty.class.php 第 14 行.
NOTIC: [8] Use of undefined constant userID - assumed 'userID' E:\C#\FinancialSystem(SVN)\FinancialSystem\Application\Home\Common\IDuty.class.php 第 14 行.
NOTIC: [8] Undefined offset: 1 E:\C#\FinancialSystem(SVN)\FinancialSystem\Application\Common\Common\APIHandler.class.php 第 54 行.
NOTIC: [8] Undefined offset: 2 E:\C#\FinancialSystem(SVN)\FinancialSystem\Application\Common\Common\APIHandler.class.php 第 55 行.
NOTIC: [8] Use of undefined constant id - assumed 'id' E:\C#\FinancialSystem(SVN)\FinancialSystem\Application\Home\Common\IManage.class.php 第 60 行.
NOTIC: [8] Undefined offset: 1 E:\C#\FinancialSystem(SVN)\FinancialSystem\Application\Common\Common\APIHandler.class.php 第 54 行.
NOTIC: [8] Undefined offset: 2 E:\C#\FinancialSystem(SVN)\FinancialSystem\Application\Common\Common\APIHandler.class.php 第 55 行.

[ 2016-04-12T20:23:32+08:00 ] 172.30.16.87 /index.php/HumanResources/Staff/staffallinfo
INFO: [ app_begin ] --START--
INFO: Run Behavior\ReadHtmlCacheBehavior [ RunTime:0.002000s ]
NOTIC: [8192] Function mcrypt_cbc() is deprecated E:\C#\FinancialSystem(SVN)\FinancialSystem\Application\Common\Common\DesHelper.class.php 第 44 行.
INFO: Run Common\Behavior\ActionStartBehavior [ RunTime:0.002000s ]
INFO: [ app_begin ] --END-- [ RunTime:0.004000s ]
NOTIC: [8] A session had already been started - ignoring session_start() E:\C#\FinancialSystem(SVN)\FinancialSystem\ThinkPHP\Common\functions.php 第 1263 行.
NOTIC: [8192] Function mcrypt_cbc() is deprecated E:\C#\FinancialSystem(SVN)\FinancialSystem\Application\Common\Common\DesHelper.class.php 第 44 行.
NOTIC: [8] Use of undefined constant funStr - assumed 'funStr' E:\C#\FinancialSystem(SVN)\FinancialSystem\Application\Home\Common\IDuty.class.php 第 14 行.
NOTIC: [8] Use of undefined constant userID - assumed 'userID' E:\C#\FinancialSystem(SVN)\FinancialSystem\Application\Home\Common\IDuty.class.php 第 14 行.
NOTIC: [8] Undefined offset: 1 E:\C#\FinancialSystem(SVN)\FinancialSystem\Application\Common\Common\APIHandler.class.php 第 54 行.
NOTIC: [8] Undefined offset: 2 E:\C#\FinancialSystem(SVN)\FinancialSystem\Application\Common\Common\APIHandler.class.php 第 55 行.
NOTIC: [8] Use of undefined constant id - assumed 'id' E:\C#\FinancialSystem(SVN)\FinancialSystem\Application\Home\Common\IManage.class.php 第 60 行.
NOTIC: [8] Undefined offset: 1 E:\C#\FinancialSystem(SVN)\FinancialSystem\Application\Common\Common\APIHandler.class.php 第 54 行.
NOTIC: [8] Undefined offset: 2 E:\C#\FinancialSystem(SVN)\FinancialSystem\Application\Common\Common\APIHandler.class.php 第 55 行.

[ 2016-04-12T20:24:50+08:00 ] 172.30.16.87 /index.php/HumanResources/Staff/stafflistavalon?r=0.3665447075509044&keywords=&keytype=0&admin=0&class2=0&manager=-1&ischecked=-1&startjoindate=&endjoindate=&PageIndex=1&PageSize=20
INFO: [ app_begin ] --START--
INFO: Run Behavior\ReadHtmlCacheBehavior [ RunTime:0.000000s ]
NOTIC: [8192] Function mcrypt_cbc() is deprecated E:\C#\FinancialSystem(SVN)\FinancialSystem\Application\Common\Common\DesHelper.class.php 第 44 行.
INFO: Run Common\Behavior\ActionStartBehavior [ RunTime:0.002000s ]
INFO: [ app_begin ] --END-- [ RunTime:0.002000s ]
NOTIC: [8] A session had already been started - ignoring session_start() E:\C#\FinancialSystem(SVN)\FinancialSystem\ThinkPHP\Common\functions.php 第 1263 行.
NOTIC: [8192] Function mcrypt_cbc() is deprecated E:\C#\FinancialSystem(SVN)\FinancialSystem\Application\Common\Common\DesHelper.class.php 第 44 行.
NOTIC: [8] Use of undefined constant funStr - assumed 'funStr' E:\C#\FinancialSystem(SVN)\FinancialSystem\Application\Home\Common\IDuty.class.php 第 14 行.
NOTIC: [8] Use of undefined constant userID - assumed 'userID' E:\C#\FinancialSystem(SVN)\FinancialSystem\Application\Home\Common\IDuty.class.php 第 14 行.
NOTIC: [8] Undefined offset: 1 E:\C#\FinancialSystem(SVN)\FinancialSystem\Application\Common\Common\APIHandler.class.php 第 54 行.
NOTIC: [8] Undefined offset: 2 E:\C#\FinancialSystem(SVN)\FinancialSystem\Application\Common\Common\APIHandler.class.php 第 55 行.
NOTIC: [8] Use of undefined constant keywords - assumed 'keywords' E:\C#\FinancialSystem(SVN)\FinancialSystem\Application\Home\Common\IManage.class.php 第 41 行.
NOTIC: [8] Use of undefined constant keytype - assumed 'keytype' E:\C#\FinancialSystem(SVN)\FinancialSystem\Application\Home\Common\IManage.class.php 第 41 行.
NOTIC: [8] Use of undefined constant admin - assumed 'admin' E:\C#\FinancialSystem(SVN)\FinancialSystem\Application\Home\Common\IManage.class.php 第 41 行.
NOTIC: [8] Use of undefined constant class2 - assumed 'class2' E:\C#\FinancialSystem(SVN)\FinancialSystem\Application\Home\Common\IManage.class.php 第 41 行.
NOTIC: [8] Use of undefined constant manager - assumed 'manager' E:\C#\FinancialSystem(SVN)\FinancialSystem\Application\Home\Common\IManage.class.php 第 41 行.
NOTIC: [8] Use of undefined constant ischecked - assumed 'ischecked' E:\C#\FinancialSystem(SVN)\FinancialSystem\Application\Home\Common\IManage.class.php 第 41 行.
NOTIC: [8] Use of undefined constant startjoindate - assumed 'startjoindate' E:\C#\FinancialSystem(SVN)\FinancialSystem\Application\Home\Common\IManage.class.php 第 42 行.
NOTIC: [8] Use of undefined constant endjoindate - assumed 'endjoindate' E:\C#\FinancialSystem(SVN)\FinancialSystem\Application\Home\Common\IManage.class.php 第 42 行.
NOTIC: [8] Use of undefined constant PageIndex - assumed 'PageIndex' E:\C#\FinancialSystem(SVN)\FinancialSystem\Application\Home\Common\IManage.class.php 第 42 行.
NOTIC: [8] Use of undefined constant PageSize - assumed 'PageSize' E:\C#\FinancialSystem(SVN)\FinancialSystem\Application\Home\Common\IManage.class.php 第 42 行.
NOTIC: [8] Undefined offset: 1 E:\C#\FinancialSystem(SVN)\FinancialSystem\Application\Common\Common\APIHandler.class.php 第 54 行.
NOTIC: [8] Undefined offset: 2 E:\C#\FinancialSystem(SVN)\FinancialSystem\Application\Common\Common\APIHandler.class.php 第 55 行.

[ 2016-04-12T20:24:52+08:00 ] 172.30.16.87 /index.php/HumanResources/FinCheckedEvent/manageinfo
INFO: [ app_begin ] --START--
INFO: Run Behavior\ReadHtmlCacheBehavior [ RunTime:0.001001s ]
NOTIC: [8192] Function mcrypt_cbc() is deprecated E:\C#\FinancialSystem(SVN)\FinancialSystem\Application\Common\Common\DesHelper.class.php 第 44 行.
INFO: Run Common\Behavior\ActionStartBehavior [ RunTime:0.001000s ]
INFO: [ app_begin ] --END-- [ RunTime:0.002001s ]
NOTIC: [8] A session had already been started - ignoring session_start() E:\C#\FinancialSystem(SVN)\FinancialSystem\ThinkPHP\Common\functions.php 第 1263 行.
NOTIC: [8192] Function mcrypt_cbc() is deprecated E:\C#\FinancialSystem(SVN)\FinancialSystem\Application\Common\Common\DesHelper.class.php 第 44 行.
NOTIC: [8] Use of undefined constant funStr - assumed 'funStr' E:\C#\FinancialSystem(SVN)\FinancialSystem\Application\Home\Common\IDuty.class.php 第 14 行.
NOTIC: [8] Use of undefined constant userID - assumed 'userID' E:\C#\FinancialSystem(SVN)\FinancialSystem\Application\Home\Common\IDuty.class.php 第 14 行.
NOTIC: [8] Undefined offset: 1 E:\C#\FinancialSystem(SVN)\FinancialSystem\Application\Common\Common\APIHandler.class.php 第 54 行.
NOTIC: [8] Undefined offset: 2 E:\C#\FinancialSystem(SVN)\FinancialSystem\Application\Common\Common\APIHandler.class.php 第 55 行.
NOTIC: [8] Use of undefined constant id - assumed 'id' E:\C#\FinancialSystem(SVN)\FinancialSystem\Application\Home\Common\IManage.class.php 第 51 行.
NOTIC: [8] Undefined offset: 1 E:\C#\FinancialSystem(SVN)\FinancialSystem\Application\Common\Common\APIHandler.class.php 第 54 行.
NOTIC: [8] Undefined offset: 2 E:\C#\FinancialSystem(SVN)\FinancialSystem\Application\Common\Common\APIHandler.class.php 第 55 行.

[ 2016-04-12T20:24:52+08:00 ] 172.30.16.87 /index.php/HumanResources/FinCheckedEvent/fincheckedeventlist
INFO: [ app_begin ] --START--
INFO: Run Behavior\ReadHtmlCacheBehavior [ RunTime:0.000000s ]
NOTIC: [8192] Function mcrypt_cbc() is deprecated E:\C#\FinancialSystem(SVN)\FinancialSystem\Application\Common\Common\DesHelper.class.php 第 44 行.
INFO: Run Common\Behavior\ActionStartBehavior [ RunTime:0.001000s ]
INFO: [ app_begin ] --END-- [ RunTime:0.001000s ]
NOTIC: [8] A session had already been started - ignoring session_start() E:\C#\FinancialSystem(SVN)\FinancialSystem\ThinkPHP\Common\functions.php 第 1263 行.
NOTIC: [8192] Function mcrypt_cbc() is deprecated E:\C#\FinancialSystem(SVN)\FinancialSystem\Application\Common\Common\DesHelper.class.php 第 44 行.
NOTIC: [8] Use of undefined constant funStr - assumed 'funStr' E:\C#\FinancialSystem(SVN)\FinancialSystem\Application\Home\Common\IDuty.class.php 第 14 行.
NOTIC: [8] Use of undefined constant userID - assumed 'userID' E:\C#\FinancialSystem(SVN)\FinancialSystem\Application\Home\Common\IDuty.class.php 第 14 行.
NOTIC: [8] Undefined offset: 1 E:\C#\FinancialSystem(SVN)\FinancialSystem\Application\Common\Common\APIHandler.class.php 第 54 行.
NOTIC: [8] Undefined offset: 2 E:\C#\FinancialSystem(SVN)\FinancialSystem\Application\Common\Common\APIHandler.class.php 第 55 行.
NOTIC: [8] Use of undefined constant id - assumed 'id' E:\C#\FinancialSystem(SVN)\FinancialSystem\Application\Home\Common\IFinCheckedEvent.class.php 第 24 行.
NOTIC: [8] Undefined offset: 1 E:\C#\FinancialSystem(SVN)\FinancialSystem\Application\Common\Common\APIHandler.class.php 第 54 行.
NOTIC: [8] Undefined offset: 2 E:\C#\FinancialSystem(SVN)\FinancialSystem\Application\Common\Common\APIHandler.class.php 第 55 行.

[ 2016-04-12T20:24:56+08:00 ] 172.30.16.87 /index.php/HumanResources/Staff/staffallinfo
INFO: [ app_begin ] --START--
INFO: Run Behavior\ReadHtmlCacheBehavior [ RunTime:0.001001s ]
NOTIC: [8192] Function mcrypt_cbc() is deprecated E:\C#\FinancialSystem(SVN)\FinancialSystem\Application\Common\Common\DesHelper.class.php 第 44 行.
INFO: Run Common\Behavior\ActionStartBehavior [ RunTime:0.001000s ]
INFO: [ app_begin ] --END-- [ RunTime:0.002001s ]
NOTIC: [8] A session had already been started - ignoring session_start() E:\C#\FinancialSystem(SVN)\FinancialSystem\ThinkPHP\Common\functions.php 第 1263 行.
NOTIC: [8192] Function mcrypt_cbc() is deprecated E:\C#\FinancialSystem(SVN)\FinancialSystem\Application\Common\Common\DesHelper.class.php 第 44 行.
NOTIC: [8] Use of undefined constant funStr - assumed 'funStr' E:\C#\FinancialSystem(SVN)\FinancialSystem\Application\Home\Common\IDuty.class.php 第 14 行.
NOTIC: [8] Use of undefined constant userID - assumed 'userID' E:\C#\FinancialSystem(SVN)\FinancialSystem\Application\Home\Common\IDuty.class.php 第 14 行.
NOTIC: [8] Undefined offset: 1 E:\C#\FinancialSystem(SVN)\FinancialSystem\Application\Common\Common\APIHandler.class.php 第 54 行.
NOTIC: [8] Undefined offset: 2 E:\C#\FinancialSystem(SVN)\FinancialSystem\Application\Common\Common\APIHandler.class.php 第 55 行.
NOTIC: [8] Use of undefined constant id - assumed 'id' E:\C#\FinancialSystem(SVN)\FinancialSystem\Application\Home\Common\IManage.class.php 第 60 行.
NOTIC: [8] Undefined offset: 1 E:\C#\FinancialSystem(SVN)\FinancialSystem\Application\Common\Common\APIHandler.class.php 第 54 行.
NOTIC: [8] Undefined offset: 2 E:\C#\FinancialSystem(SVN)\FinancialSystem\Application\Common\Common\APIHandler.class.php 第 55 行.

[ 2016-04-12T20:25:05+08:00 ] 172.30.16.87 /index.php/HumanResources/Staff/staffallinfo
INFO: [ app_begin ] --START--
INFO: Run Behavior\ReadHtmlCacheBehavior [ RunTime:0.000000s ]
NOTIC: [8192] Function mcrypt_cbc() is deprecated E:\C#\FinancialSystem(SVN)\FinancialSystem\Application\Common\Common\DesHelper.class.php 第 44 行.
INFO: Run Common\Behavior\ActionStartBehavior [ RunTime:0.001001s ]
INFO: [ app_begin ] --END-- [ RunTime:0.001001s ]
NOTIC: [8] A session had already been started - ignoring session_start() E:\C#\FinancialSystem(SVN)\FinancialSystem\ThinkPHP\Common\functions.php 第 1263 行.
NOTIC: [8192] Function mcrypt_cbc() is deprecated E:\C#\FinancialSystem(SVN)\FinancialSystem\Application\Common\Common\DesHelper.class.php 第 44 行.
NOTIC: [8] Use of undefined constant funStr - assumed 'funStr' E:\C#\FinancialSystem(SVN)\FinancialSystem\Application\Home\Common\IDuty.class.php 第 14 行.
NOTIC: [8] Use of undefined constant userID - assumed 'userID' E:\C#\FinancialSystem(SVN)\FinancialSystem\Application\Home\Common\IDuty.class.php 第 14 行.
NOTIC: [8] Undefined offset: 1 E:\C#\FinancialSystem(SVN)\FinancialSystem\Application\Common\Common\APIHandler.class.php 第 54 行.
NOTIC: [8] Undefined offset: 2 E:\C#\FinancialSystem(SVN)\FinancialSystem\Application\Common\Common\APIHandler.class.php 第 55 行.
NOTIC: [8] Use of undefined constant id - assumed 'id' E:\C#\FinancialSystem(SVN)\FinancialSystem\Application\Home\Common\IManage.class.php 第 60 行.
NOTIC: [8] Undefined offset: 1 E:\C#\FinancialSystem(SVN)\FinancialSystem\Application\Common\Common\APIHandler.class.php 第 54 行.
NOTIC: [8] Undefined offset: 2 E:\C#\FinancialSystem(SVN)\FinancialSystem\Application\Common\Common\APIHandler.class.php 第 55 行.

[ 2016-04-12T20:25:13+08:00 ] 172.30.16.87 /index.php/HumanResources/Staff/staffallinfo
INFO: [ app_begin ] --START--
INFO: Run Behavior\ReadHtmlCacheBehavior [ RunTime:0.000000s ]
NOTIC: [8192] Function mcrypt_cbc() is deprecated E:\C#\FinancialSystem(SVN)\FinancialSystem\Application\Common\Common\DesHelper.class.php 第 44 行.
INFO: Run Common\Behavior\ActionStartBehavior [ RunTime:0.001000s ]
INFO: [ app_begin ] --END-- [ RunTime:0.001000s ]
NOTIC: [8] A session had already been started - ignoring session_start() E:\C#\FinancialSystem(SVN)\FinancialSystem\ThinkPHP\Common\functions.php 第 1263 行.
NOTIC: [8192] Function mcrypt_cbc() is deprecated E:\C#\FinancialSystem(SVN)\FinancialSystem\Application\Common\Common\DesHelper.class.php 第 44 行.
NOTIC: [8] Use of undefined constant funStr - assumed 'funStr' E:\C#\FinancialSystem(SVN)\FinancialSystem\Application\Home\Common\IDuty.class.php 第 14 行.
NOTIC: [8] Use of undefined constant userID - assumed 'userID' E:\C#\FinancialSystem(SVN)\FinancialSystem\Application\Home\Common\IDuty.class.php 第 14 行.
NOTIC: [8] Undefined offset: 1 E:\C#\FinancialSystem(SVN)\FinancialSystem\Application\Common\Common\APIHandler.class.php 第 54 行.
NOTIC: [8] Undefined offset: 2 E:\C#\FinancialSystem(SVN)\FinancialSystem\Application\Common\Common\APIHandler.class.php 第 55 行.
NOTIC: [8] Use of undefined constant id - assumed 'id' E:\C#\FinancialSystem(SVN)\FinancialSystem\Application\Home\Common\IManage.class.php 第 60 行.
NOTIC: [8] Undefined offset: 1 E:\C#\FinancialSystem(SVN)\FinancialSystem\Application\Common\Common\APIHandler.class.php 第 54 行.
NOTIC: [8] Undefined offset: 2 E:\C#\FinancialSystem(SVN)\FinancialSystem\Application\Common\Common\APIHandler.class.php 第 55 行.

[ 2016-04-12T20:25:14+08:00 ] 127.0.0.1 /index.php/HumanResources/Staff/stafflistavalon?r=0.8286112539935857&keywords=&keytype=0&admin=0&class2=0&manager=-1&ischecked=-1&startjoindate=&endjoindate=&PageIndex=1&PageSize=20
INFO: [ app_begin ] --START--
INFO: Run Behavior\ReadHtmlCacheBehavior [ RunTime:0.001000s ]
NOTIC: [8192] Function mcrypt_cbc() is deprecated E:\C#\FinancialSystem(SVN)\FinancialSystem\Application\Common\Common\DesHelper.class.php 第 44 行.
INFO: Run Common\Behavior\ActionStartBehavior [ RunTime:0.001000s ]
INFO: [ app_begin ] --END-- [ RunTime:0.002000s ]
NOTIC: [8] A session had already been started - ignoring session_start() E:\C#\FinancialSystem(SVN)\FinancialSystem\ThinkPHP\Common\functions.php 第 1263 行.
NOTIC: [8192] Function mcrypt_cbc() is deprecated E:\C#\FinancialSystem(SVN)\FinancialSystem\Application\Common\Common\DesHelper.class.php 第 44 行.
NOTIC: [8] Use of undefined constant funStr - assumed 'funStr' E:\C#\FinancialSystem(SVN)\FinancialSystem\Application\Home\Common\IDuty.class.php 第 14 行.
NOTIC: [8] Use of undefined constant userID - assumed 'userID' E:\C#\FinancialSystem(SVN)\FinancialSystem\Application\Home\Common\IDuty.class.php 第 14 行.
NOTIC: [8] Undefined offset: 1 E:\C#\FinancialSystem(SVN)\FinancialSystem\Application\Common\Common\APIHandler.class.php 第 54 行.
NOTIC: [8] Undefined offset: 2 E:\C#\FinancialSystem(SVN)\FinancialSystem\Application\Common\Common\APIHandler.class.php 第 55 行.
NOTIC: [8] Use of undefined constant keywords - assumed 'keywords' E:\C#\FinancialSystem(SVN)\FinancialSystem\Application\Home\Common\IManage.class.php 第 41 行.
NOTIC: [8] Use of undefined constant keytype - assumed 'keytype' E:\C#\FinancialSystem(SVN)\FinancialSystem\Application\Home\Common\IManage.class.php 第 41 行.
NOTIC: [8] Use of undefined constant admin - assumed 'admin' E:\C#\FinancialSystem(SVN)\FinancialSystem\Application\Home\Common\IManage.class.php 第 41 行.
NOTIC: [8] Use of undefined constant class2 - assumed 'class2' E:\C#\FinancialSystem(SVN)\FinancialSystem\Application\Home\Common\IManage.class.php 第 41 行.
NOTIC: [8] Use of undefined constant manager - assumed 'manager' E:\C#\FinancialSystem(SVN)\FinancialSystem\Application\Home\Common\IManage.class.php 第 41 行.
NOTIC: [8] Use of undefined constant ischecked - assumed 'ischecked' E:\C#\FinancialSystem(SVN)\FinancialSystem\Application\Home\Common\IManage.class.php 第 41 行.
NOTIC: [8] Use of undefined constant startjoindate - assumed 'startjoindate' E:\C#\FinancialSystem(SVN)\FinancialSystem\Application\Home\Common\IManage.class.php 第 42 行.
NOTIC: [8] Use of undefined constant endjoindate - assumed 'endjoindate' E:\C#\FinancialSystem(SVN)\FinancialSystem\Application\Home\Common\IManage.class.php 第 42 行.
NOTIC: [8] Use of undefined constant PageIndex - assumed 'PageIndex' E:\C#\FinancialSystem(SVN)\FinancialSystem\Application\Home\Common\IManage.class.php 第 42 行.
NOTIC: [8] Use of undefined constant PageSize - assumed 'PageSize' E:\C#\FinancialSystem(SVN)\FinancialSystem\Application\Home\Common\IManage.class.php 第 42 行.
NOTIC: [8] Undefined offset: 1 E:\C#\FinancialSystem(SVN)\FinancialSystem\Application\Common\Common\APIHandler.class.php 第 54 行.
NOTIC: [8] Undefined offset: 2 E:\C#\FinancialSystem(SVN)\FinancialSystem\Application\Common\Common\APIHandler.class.php 第 55 行.

[ 2016-04-12T20:25:20+08:00 ] 172.30.16.87 /index.php/HumanResources/Staff/staffallinfo
INFO: [ app_begin ] --START--
INFO: Run Behavior\ReadHtmlCacheBehavior [ RunTime:0.000000s ]
NOTIC: [8192] Function mcrypt_cbc() is deprecated E:\C#\FinancialSystem(SVN)\FinancialSystem\Application\Common\Common\DesHelper.class.php 第 44 行.
INFO: Run Common\Behavior\ActionStartBehavior [ RunTime:0.003000s ]
INFO: [ app_begin ] --END-- [ RunTime:0.003000s ]
NOTIC: [8] A session had already been started - ignoring session_start() E:\C#\FinancialSystem(SVN)\FinancialSystem\ThinkPHP\Common\functions.php 第 1263 行.
NOTIC: [8192] Function mcrypt_cbc() is deprecated E:\C#\FinancialSystem(SVN)\FinancialSystem\Application\Common\Common\DesHelper.class.php 第 44 行.
NOTIC: [8] Use of undefined constant funStr - assumed 'funStr' E:\C#\FinancialSystem(SVN)\FinancialSystem\Application\Home\Common\IDuty.class.php 第 14 行.
NOTIC: [8] Use of undefined constant userID - assumed 'userID' E:\C#\FinancialSystem(SVN)\FinancialSystem\Application\Home\Common\IDuty.class.php 第 14 行.
NOTIC: [8] Undefined offset: 1 E:\C#\FinancialSystem(SVN)\FinancialSystem\Application\Common\Common\APIHandler.class.php 第 54 行.
NOTIC: [8] Undefined offset: 2 E:\C#\FinancialSystem(SVN)\FinancialSystem\Application\Common\Common\APIHandler.class.php 第 55 行.
NOTIC: [8] Use of undefined constant id - assumed 'id' E:\C#\FinancialSystem(SVN)\FinancialSystem\Application\Home\Common\IManage.class.php 第 60 行.
NOTIC: [8] Undefined offset: 1 E:\C#\FinancialSystem(SVN)\FinancialSystem\Application\Common\Common\APIHandler.class.php 第 54 行.
NOTIC: [8] Undefined offset: 2 E:\C#\FinancialSystem(SVN)\FinancialSystem\Application\Common\Common\APIHandler.class.php 第 55 行.

[ 2016-04-12T20:25:42+08:00 ] 172.30.16.87 /index.php/HumanResources/Staff/stafflistavalon?r=0.2133591197309485&keywords=&keytype=0&admin=0&class2=0&manager=-1&ischecked=-1&startjoindate=&endjoindate=&PageIndex=1&PageSize=20
INFO: [ app_begin ] --START--
INFO: Run Behavior\ReadHtmlCacheBehavior [ RunTime:0.001000s ]
NOTIC: [8192] Function mcrypt_cbc() is deprecated E:\C#\FinancialSystem(SVN)\FinancialSystem\Application\Common\Common\DesHelper.class.php 第 44 行.
INFO: Run Common\Behavior\ActionStartBehavior [ RunTime:0.001000s ]
INFO: [ app_begin ] --END-- [ RunTime:0.002000s ]
NOTIC: [8] A session had already been started - ignoring session_start() E:\C#\FinancialSystem(SVN)\FinancialSystem\ThinkPHP\Common\functions.php 第 1263 行.
NOTIC: [8192] Function mcrypt_cbc() is deprecated E:\C#\FinancialSystem(SVN)\FinancialSystem\Application\Common\Common\DesHelper.class.php 第 44 行.
NOTIC: [8] Use of undefined constant funStr - assumed 'funStr' E:\C#\FinancialSystem(SVN)\FinancialSystem\Application\Home\Common\IDuty.class.php 第 14 行.
NOTIC: [8] Use of undefined constant userID - assumed 'userID' E:\C#\FinancialSystem(SVN)\FinancialSystem\Application\Home\Common\IDuty.class.php 第 14 行.
NOTIC: [8] Undefined offset: 1 E:\C#\FinancialSystem(SVN)\FinancialSystem\Application\Common\Common\APIHandler.class.php 第 54 行.
NOTIC: [8] Undefined offset: 2 E:\C#\FinancialSystem(SVN)\FinancialSystem\Application\Common\Common\APIHandler.class.php 第 55 行.
NOTIC: [8] Use of undefined constant keywords - assumed 'keywords' E:\C#\FinancialSystem(SVN)\FinancialSystem\Application\Home\Common\IManage.class.php 第 41 行.
NOTIC: [8] Use of undefined constant keytype - assumed 'keytype' E:\C#\FinancialSystem(SVN)\FinancialSystem\Application\Home\Common\IManage.class.php 第 41 行.
NOTIC: [8] Use of undefined constant admin - assumed 'admin' E:\C#\FinancialSystem(SVN)\FinancialSystem\Application\Home\Common\IManage.class.php 第 41 行.
NOTIC: [8] Use of undefined constant class2 - assumed 'class2' E:\C#\FinancialSystem(SVN)\FinancialSystem\Application\Home\Common\IManage.class.php 第 41 行.
NOTIC: [8] Use of undefined constant manager - assumed 'manager' E:\C#\FinancialSystem(SVN)\FinancialSystem\Application\Home\Common\IManage.class.php 第 41 行.
NOTIC: [8] Use of undefined constant ischecked - assumed 'ischecked' E:\C#\FinancialSystem(SVN)\FinancialSystem\Application\Home\Common\IManage.class.php 第 41 行.
NOTIC: [8] Use of undefined constant startjoindate - assumed 'startjoindate' E:\C#\FinancialSystem(SVN)\FinancialSystem\Application\Home\Common\IManage.class.php 第 42 行.
NOTIC: [8] Use of undefined constant endjoindate - assumed 'endjoindate' E:\C#\FinancialSystem(SVN)\FinancialSystem\Application\Home\Common\IManage.class.php 第 42 行.
NOTIC: [8] Use of undefined constant PageIndex - assumed 'PageIndex' E:\C#\FinancialSystem(SVN)\FinancialSystem\Application\Home\Common\IManage.class.php 第 42 行.
NOTIC: [8] Use of undefined constant PageSize - assumed 'PageSize' E:\C#\FinancialSystem(SVN)\FinancialSystem\Application\Home\Common\IManage.class.php 第 42 行.
NOTIC: [8] Undefined offset: 1 E:\C#\FinancialSystem(SVN)\FinancialSystem\Application\Common\Common\APIHandler.class.php 第 54 行.
NOTIC: [8] Undefined offset: 2 E:\C#\FinancialSystem(SVN)\FinancialSystem\Application\Common\Common\APIHandler.class.php 第 55 行.

[ 2016-04-12T20:25:45+08:00 ] 172.30.16.87 /index.php/HumanResources/FinCheckedEvent/manageinfo
INFO: [ app_begin ] --START--
INFO: Run Behavior\ReadHtmlCacheBehavior [ RunTime:0.001000s ]
NOTIC: [8192] Function mcrypt_cbc() is deprecated E:\C#\FinancialSystem(SVN)\FinancialSystem\Application\Common\Common\DesHelper.class.php 第 44 行.
INFO: Run Common\Behavior\ActionStartBehavior [ RunTime:0.001000s ]
INFO: [ app_begin ] --END-- [ RunTime:0.002000s ]
NOTIC: [8] A session had already been started - ignoring session_start() E:\C#\FinancialSystem(SVN)\FinancialSystem\ThinkPHP\Common\functions.php 第 1263 行.
NOTIC: [8192] Function mcrypt_cbc() is deprecated E:\C#\FinancialSystem(SVN)\FinancialSystem\Application\Common\Common\DesHelper.class.php 第 44 行.
NOTIC: [8] Use of undefined constant funStr - assumed 'funStr' E:\C#\FinancialSystem(SVN)\FinancialSystem\Application\Home\Common\IDuty.class.php 第 14 行.
NOTIC: [8] Use of undefined constant userID - assumed 'userID' E:\C#\FinancialSystem(SVN)\FinancialSystem\Application\Home\Common\IDuty.class.php 第 14 行.
NOTIC: [8] Undefined offset: 1 E:\C#\FinancialSystem(SVN)\FinancialSystem\Application\Common\Common\APIHandler.class.php 第 54 行.
NOTIC: [8] Undefined offset: 2 E:\C#\FinancialSystem(SVN)\FinancialSystem\Application\Common\Common\APIHandler.class.php 第 55 行.
NOTIC: [8] Use of undefined constant id - assumed 'id' E:\C#\FinancialSystem(SVN)\FinancialSystem\Application\Home\Common\IManage.class.php 第 51 行.
NOTIC: [8] Undefined offset: 1 E:\C#\FinancialSystem(SVN)\FinancialSystem\Application\Common\Common\APIHandler.class.php 第 54 行.
NOTIC: [8] Undefined offset: 2 E:\C#\FinancialSystem(SVN)\FinancialSystem\Application\Common\Common\APIHandler.class.php 第 55 行.

[ 2016-04-12T20:25:45+08:00 ] 172.30.16.87 /index.php/HumanResources/FinCheckedEvent/fincheckedeventlist
INFO: [ app_begin ] --START--
INFO: Run Behavior\ReadHtmlCacheBehavior [ RunTime:0.000000s ]
NOTIC: [8192] Function mcrypt_cbc() is deprecated E:\C#\FinancialSystem(SVN)\FinancialSystem\Application\Common\Common\DesHelper.class.php 第 44 行.
INFO: Run Common\Behavior\ActionStartBehavior [ RunTime:0.002000s ]
INFO: [ app_begin ] --END-- [ RunTime:0.002000s ]
NOTIC: [8] A session had already been started - ignoring session_start() E:\C#\FinancialSystem(SVN)\FinancialSystem\ThinkPHP\Common\functions.php 第 1263 行.
NOTIC: [8192] Function mcrypt_cbc() is deprecated E:\C#\FinancialSystem(SVN)\FinancialSystem\Application\Common\Common\DesHelper.class.php 第 44 行.
NOTIC: [8] Use of undefined constant funStr - assumed 'funStr' E:\C#\FinancialSystem(SVN)\FinancialSystem\Application\Home\Common\IDuty.class.php 第 14 行.
NOTIC: [8] Use of undefined constant userID - assumed 'userID' E:\C#\FinancialSystem(SVN)\FinancialSystem\Application\Home\Common\IDuty.class.php 第 14 行.
NOTIC: [8] Undefined offset: 1 E:\C#\FinancialSystem(SVN)\FinancialSystem\Application\Common\Common\APIHandler.class.php 第 54 行.
NOTIC: [8] Undefined offset: 2 E:\C#\FinancialSystem(SVN)\FinancialSystem\Application\Common\Common\APIHandler.class.php 第 55 行.
NOTIC: [8] Use of undefined constant id - assumed 'id' E:\C#\FinancialSystem(SVN)\FinancialSystem\Application\Home\Common\IFinCheckedEvent.class.php 第 24 行.
NOTIC: [8] Undefined offset: 1 E:\C#\FinancialSystem(SVN)\FinancialSystem\Application\Common\Common\APIHandler.class.php 第 54 行.
NOTIC: [8] Undefined offset: 2 E:\C#\FinancialSystem(SVN)\FinancialSystem\Application\Common\Common\APIHandler.class.php 第 55 行.

[ 2016-04-12T20:25:48+08:00 ] 172.30.16.87 /index.php/HumanResources/Staff/staffallinfo
INFO: [ app_begin ] --START--
INFO: Run Behavior\ReadHtmlCacheBehavior [ RunTime:0.000000s ]
NOTIC: [8192] Function mcrypt_cbc() is deprecated E:\C#\FinancialSystem(SVN)\FinancialSystem\Application\Common\Common\DesHelper.class.php 第 44 行.
INFO: Run Common\Behavior\ActionStartBehavior [ RunTime:0.002000s ]
INFO: [ app_begin ] --END-- [ RunTime:0.002000s ]
NOTIC: [8] A session had already been started - ignoring session_start() E:\C#\FinancialSystem(SVN)\FinancialSystem\ThinkPHP\Common\functions.php 第 1263 行.
NOTIC: [8192] Function mcrypt_cbc() is deprecated E:\C#\FinancialSystem(SVN)\FinancialSystem\Application\Common\Common\DesHelper.class.php 第 44 行.
NOTIC: [8] Use of undefined constant funStr - assumed 'funStr' E:\C#\FinancialSystem(SVN)\FinancialSystem\Application\Home\Common\IDuty.class.php 第 14 行.
NOTIC: [8] Use of undefined constant userID - assumed 'userID' E:\C#\FinancialSystem(SVN)\FinancialSystem\Application\Home\Common\IDuty.class.php 第 14 行.
NOTIC: [8] Undefined offset: 1 E:\C#\FinancialSystem(SVN)\FinancialSystem\Application\Common\Common\APIHandler.class.php 第 54 行.
NOTIC: [8] Undefined offset: 2 E:\C#\FinancialSystem(SVN)\FinancialSystem\Application\Common\Common\APIHandler.class.php 第 55 行.
NOTIC: [8] Use of undefined constant id - assumed 'id' E:\C#\FinancialSystem(SVN)\FinancialSystem\Application\Home\Common\IManage.class.php 第 60 行.
NOTIC: [8] Undefined offset: 1 E:\C#\FinancialSystem(SVN)\FinancialSystem\Application\Common\Common\APIHandler.class.php 第 54 行.
NOTIC: [8] Undefined offset: 2 E:\C#\FinancialSystem(SVN)\FinancialSystem\Application\Common\Common\APIHandler.class.php 第 55 行.

[ 2016-04-12T20:25:52+08:00 ] 127.0.0.1 /index.php/HumanResources/Staff/staffallinfo
INFO: [ app_begin ] --START--
INFO: Run Behavior\ReadHtmlCacheBehavior [ RunTime:0.001000s ]
NOTIC: [8192] Function mcrypt_cbc() is deprecated E:\C#\FinancialSystem(SVN)\FinancialSystem\Application\Common\Common\DesHelper.class.php 第 44 行.
INFO: Run Common\Behavior\ActionStartBehavior [ RunTime:0.002000s ]
INFO: [ app_begin ] --END-- [ RunTime:0.003000s ]
NOTIC: [8] A session had already been started - ignoring session_start() E:\C#\FinancialSystem(SVN)\FinancialSystem\ThinkPHP\Common\functions.php 第 1263 行.
NOTIC: [8192] Function mcrypt_cbc() is deprecated E:\C#\FinancialSystem(SVN)\FinancialSystem\Application\Common\Common\DesHelper.class.php 第 44 行.
NOTIC: [8] Use of undefined constant funStr - assumed 'funStr' E:\C#\FinancialSystem(SVN)\FinancialSystem\Application\Home\Common\IDuty.class.php 第 14 行.
NOTIC: [8] Use of undefined constant userID - assumed 'userID' E:\C#\FinancialSystem(SVN)\FinancialSystem\Application\Home\Common\IDuty.class.php 第 14 行.
NOTIC: [8] Undefined offset: 1 E:\C#\FinancialSystem(SVN)\FinancialSystem\Application\Common\Common\APIHandler.class.php 第 54 行.
NOTIC: [8] Undefined offset: 2 E:\C#\FinancialSystem(SVN)\FinancialSystem\Application\Common\Common\APIHandler.class.php 第 55 行.
NOTIC: [8] Use of undefined constant id - assumed 'id' E:\C#\FinancialSystem(SVN)\FinancialSystem\Application\Home\Common\IManage.class.php 第 60 行.
NOTIC: [8] Undefined offset: 1 E:\C#\FinancialSystem(SVN)\FinancialSystem\Application\Common\Common\APIHandler.class.php 第 54 行.
NOTIC: [8] Undefined offset: 2 E:\C#\FinancialSystem(SVN)\FinancialSystem\Application\Common\Common\APIHandler.class.php 第 55 行.

[ 2016-04-12T20:25:57+08:00 ] 172.30.16.87 /index.php/HumanResources/Staff/staffallinfo
INFO: [ app_begin ] --START--
INFO: Run Behavior\ReadHtmlCacheBehavior [ RunTime:0.001000s ]
NOTIC: [8192] Function mcrypt_cbc() is deprecated E:\C#\FinancialSystem(SVN)\FinancialSystem\Application\Common\Common\DesHelper.class.php 第 44 行.
INFO: Run Common\Behavior\ActionStartBehavior [ RunTime:0.001000s ]
INFO: [ app_begin ] --END-- [ RunTime:0.002000s ]
NOTIC: [8] A session had already been started - ignoring session_start() E:\C#\FinancialSystem(SVN)\FinancialSystem\ThinkPHP\Common\functions.php 第 1263 行.
NOTIC: [8192] Function mcrypt_cbc() is deprecated E:\C#\FinancialSystem(SVN)\FinancialSystem\Application\Common\Common\DesHelper.class.php 第 44 行.
NOTIC: [8] Use of undefined constant funStr - assumed 'funStr' E:\C#\FinancialSystem(SVN)\FinancialSystem\Application\Home\Common\IDuty.class.php 第 14 行.
NOTIC: [8] Use of undefined constant userID - assumed 'userID' E:\C#\FinancialSystem(SVN)\FinancialSystem\Application\Home\Common\IDuty.class.php 第 14 行.
NOTIC: [8] Undefined offset: 1 E:\C#\FinancialSystem(SVN)\FinancialSystem\Application\Common\Common\APIHandler.class.php 第 54 行.
NOTIC: [8] Undefined offset: 2 E:\C#\FinancialSystem(SVN)\FinancialSystem\Application\Common\Common\APIHandler.class.php 第 55 行.
NOTIC: [8] Use of undefined constant id - assumed 'id' E:\C#\FinancialSystem(SVN)\FinancialSystem\Application\Home\Common\IManage.class.php 第 60 行.
NOTIC: [8] Undefined offset: 1 E:\C#\FinancialSystem(SVN)\FinancialSystem\Application\Common\Common\APIHandler.class.php 第 54 行.
NOTIC: [8] Undefined offset: 2 E:\C#\FinancialSystem(SVN)\FinancialSystem\Application\Common\Common\APIHandler.class.php 第 55 行.

[ 2016-04-12T20:26:04+08:00 ] 127.0.0.1 /index.php/HumanResources/Staff/staffallinfo
INFO: [ app_begin ] --START--
INFO: Run Behavior\ReadHtmlCacheBehavior [ RunTime:0.001000s ]
NOTIC: [8192] Function mcrypt_cbc() is deprecated E:\C#\FinancialSystem(SVN)\FinancialSystem\Application\Common\Common\DesHelper.class.php 第 44 行.
INFO: Run Common\Behavior\ActionStartBehavior [ RunTime:0.001000s ]
INFO: [ app_begin ] --END-- [ RunTime:0.002000s ]
NOTIC: [8] A session had already been started - ignoring session_start() E:\C#\FinancialSystem(SVN)\FinancialSystem\ThinkPHP\Common\functions.php 第 1263 行.
NOTIC: [8192] Function mcrypt_cbc() is deprecated E:\C#\FinancialSystem(SVN)\FinancialSystem\Application\Common\Common\DesHelper.class.php 第 44 行.
NOTIC: [8] Use of undefined constant funStr - assumed 'funStr' E:\C#\FinancialSystem(SVN)\FinancialSystem\Application\Home\Common\IDuty.class.php 第 14 行.
NOTIC: [8] Use of undefined constant userID - assumed 'userID' E:\C#\FinancialSystem(SVN)\FinancialSystem\Application\Home\Common\IDuty.class.php 第 14 行.
NOTIC: [8] Undefined offset: 1 E:\C#\FinancialSystem(SVN)\FinancialSystem\Application\Common\Common\APIHandler.class.php 第 54 行.
NOTIC: [8] Undefined offset: 2 E:\C#\FinancialSystem(SVN)\FinancialSystem\Application\Common\Common\APIHandler.class.php 第 55 行.
NOTIC: [8] Use of undefined constant id - assumed 'id' E:\C#\FinancialSystem(SVN)\FinancialSystem\Application\Home\Common\IManage.class.php 第 60 行.
NOTIC: [8] Undefined offset: 1 E:\C#\FinancialSystem(SVN)\FinancialSystem\Application\Common\Common\APIHandler.class.php 第 54 行.
NOTIC: [8] Undefined offset: 2 E:\C#\FinancialSystem(SVN)\FinancialSystem\Application\Common\Common\APIHandler.class.php 第 55 行.

[ 2016-04-12T20:26:04+08:00 ] 172.30.16.87 /index.php/HumanResources/Staff/staffallinfo
INFO: [ app_begin ] --START--
INFO: Run Behavior\ReadHtmlCacheBehavior [ RunTime:0.001000s ]
NOTIC: [8192] Function mcrypt_cbc() is deprecated E:\C#\FinancialSystem(SVN)\FinancialSystem\Application\Common\Common\DesHelper.class.php 第 44 行.
INFO: Run Common\Behavior\ActionStartBehavior [ RunTime:0.001000s ]
INFO: [ app_begin ] --END-- [ RunTime:0.002000s ]
NOTIC: [8] A session had already been started - ignoring session_start() E:\C#\FinancialSystem(SVN)\FinancialSystem\ThinkPHP\Common\functions.php 第 1263 行.
NOTIC: [8192] Function mcrypt_cbc() is deprecated E:\C#\FinancialSystem(SVN)\FinancialSystem\Application\Common\Common\DesHelper.class.php 第 44 行.
NOTIC: [8] Use of undefined constant funStr - assumed 'funStr' E:\C#\FinancialSystem(SVN)\FinancialSystem\Application\Home\Common\IDuty.class.php 第 14 行.
NOTIC: [8] Use of undefined constant userID - assumed 'userID' E:\C#\FinancialSystem(SVN)\FinancialSystem\Application\Home\Common\IDuty.class.php 第 14 行.
NOTIC: [8] Undefined offset: 1 E:\C#\FinancialSystem(SVN)\FinancialSystem\Application\Common\Common\APIHandler.class.php 第 54 行.
NOTIC: [8] Undefined offset: 2 E:\C#\FinancialSystem(SVN)\FinancialSystem\Application\Common\Common\APIHandler.class.php 第 55 行.
NOTIC: [8] Use of undefined constant id - assumed 'id' E:\C#\FinancialSystem(SVN)\FinancialSystem\Application\Home\Common\IManage.class.php 第 60 行.
NOTIC: [8] Undefined offset: 1 E:\C#\FinancialSystem(SVN)\FinancialSystem\Application\Common\Common\APIHandler.class.php 第 54 行.
NOTIC: [8] Undefined offset: 2 E:\C#\FinancialSystem(SVN)\FinancialSystem\Application\Common\Common\APIHandler.class.php 第 55 行.

[ 2016-04-12T20:26:11+08:00 ] 172.30.16.87 /index.php/HumanResources/Staff/staffallinfo
INFO: [ app_begin ] --START--
INFO: Run Behavior\ReadHtmlCacheBehavior [ RunTime:0.001000s ]
NOTIC: [8192] Function mcrypt_cbc() is deprecated E:\C#\FinancialSystem(SVN)\FinancialSystem\Application\Common\Common\DesHelper.class.php 第 44 行.
INFO: Run Common\Behavior\ActionStartBehavior [ RunTime:0.001000s ]
INFO: [ app_begin ] --END-- [ RunTime:0.002000s ]
NOTIC: [8] A session had already been started - ignoring session_start() E:\C#\FinancialSystem(SVN)\FinancialSystem\ThinkPHP\Common\functions.php 第 1263 行.
NOTIC: [8192] Function mcrypt_cbc() is deprecated E:\C#\FinancialSystem(SVN)\FinancialSystem\Application\Common\Common\DesHelper.class.php 第 44 行.
NOTIC: [8] Use of undefined constant funStr - assumed 'funStr' E:\C#\FinancialSystem(SVN)\FinancialSystem\Application\Home\Common\IDuty.class.php 第 14 行.
NOTIC: [8] Use of undefined constant userID - assumed 'userID' E:\C#\FinancialSystem(SVN)\FinancialSystem\Application\Home\Common\IDuty.class.php 第 14 行.
NOTIC: [8] Undefined offset: 1 E:\C#\FinancialSystem(SVN)\FinancialSystem\Application\Common\Common\APIHandler.class.php 第 54 行.
NOTIC: [8] Undefined offset: 2 E:\C#\FinancialSystem(SVN)\FinancialSystem\Application\Common\Common\APIHandler.class.php 第 55 行.
NOTIC: [8] Use of undefined constant id - assumed 'id' E:\C#\FinancialSystem(SVN)\FinancialSystem\Application\Home\Common\IManage.class.php 第 60 行.
NOTIC: [8] Undefined offset: 1 E:\C#\FinancialSystem(SVN)\FinancialSystem\Application\Common\Common\APIHandler.class.php 第 54 行.
NOTIC: [8] Undefined offset: 2 E:\C#\FinancialSystem(SVN)\FinancialSystem\Application\Common\Common\APIHandler.class.php 第 55 行.

[ 2016-04-12T20:26:41+08:00 ] 172.30.16.87 /index.php/HumanResources/Staff/stafflistavalon?r=0.43344870747901176&keywords=&keytype=0&admin=0&class2=0&manager=-1&ischecked=-1&startjoindate=&endjoindate=&PageIndex=1&PageSize=20
INFO: [ app_begin ] --START--
INFO: Run Behavior\ReadHtmlCacheBehavior [ RunTime:0.001000s ]
NOTIC: [8192] Function mcrypt_cbc() is deprecated E:\C#\FinancialSystem(SVN)\FinancialSystem\Application\Common\Common\DesHelper.class.php 第 44 行.
INFO: Run Common\Behavior\ActionStartBehavior [ RunTime:0.001000s ]
INFO: [ app_begin ] --END-- [ RunTime:0.002000s ]
NOTIC: [8] A session had already been started - ignoring session_start() E:\C#\FinancialSystem(SVN)\FinancialSystem\ThinkPHP\Common\functions.php 第 1263 行.
NOTIC: [8192] Function mcrypt_cbc() is deprecated E:\C#\FinancialSystem(SVN)\FinancialSystem\Application\Common\Common\DesHelper.class.php 第 44 行.
NOTIC: [8] Use of undefined constant funStr - assumed 'funStr' E:\C#\FinancialSystem(SVN)\FinancialSystem\Application\Home\Common\IDuty.class.php 第 14 行.
NOTIC: [8] Use of undefined constant userID - assumed 'userID' E:\C#\FinancialSystem(SVN)\FinancialSystem\Application\Home\Common\IDuty.class.php 第 14 行.
NOTIC: [8] Undefined offset: 1 E:\C#\FinancialSystem(SVN)\FinancialSystem\Application\Common\Common\APIHandler.class.php 第 54 行.
NOTIC: [8] Undefined offset: 2 E:\C#\FinancialSystem(SVN)\FinancialSystem\Application\Common\Common\APIHandler.class.php 第 55 行.
NOTIC: [8] Use of undefined constant keywords - assumed 'keywords' E:\C#\FinancialSystem(SVN)\FinancialSystem\Application\Home\Common\IManage.class.php 第 41 行.
NOTIC: [8] Use of undefined constant keytype - assumed 'keytype' E:\C#\FinancialSystem(SVN)\FinancialSystem\Application\Home\Common\IManage.class.php 第 41 行.
NOTIC: [8] Use of undefined constant admin - assumed 'admin' E:\C#\FinancialSystem(SVN)\FinancialSystem\Application\Home\Common\IManage.class.php 第 41 行.
NOTIC: [8] Use of undefined constant class2 - assumed 'class2' E:\C#\FinancialSystem(SVN)\FinancialSystem\Application\Home\Common\IManage.class.php 第 41 行.
NOTIC: [8] Use of undefined constant manager - assumed 'manager' E:\C#\FinancialSystem(SVN)\FinancialSystem\Application\Home\Common\IManage.class.php 第 41 行.
NOTIC: [8] Use of undefined constant ischecked - assumed 'ischecked' E:\C#\FinancialSystem(SVN)\FinancialSystem\Application\Home\Common\IManage.class.php 第 41 行.
NOTIC: [8] Use of undefined constant startjoindate - assumed 'startjoindate' E:\C#\FinancialSystem(SVN)\FinancialSystem\Application\Home\Common\IManage.class.php 第 42 行.
NOTIC: [8] Use of undefined constant endjoindate - assumed 'endjoindate' E:\C#\FinancialSystem(SVN)\FinancialSystem\Application\Home\Common\IManage.class.php 第 42 行.
NOTIC: [8] Use of undefined constant PageIndex - assumed 'PageIndex' E:\C#\FinancialSystem(SVN)\FinancialSystem\Application\Home\Common\IManage.class.php 第 42 行.
NOTIC: [8] Use of undefined constant PageSize - assumed 'PageSize' E:\C#\FinancialSystem(SVN)\FinancialSystem\Application\Home\Common\IManage.class.php 第 42 行.
NOTIC: [8] Undefined offset: 1 E:\C#\FinancialSystem(SVN)\FinancialSystem\Application\Common\Common\APIHandler.class.php 第 54 行.
NOTIC: [8] Undefined offset: 2 E:\C#\FinancialSystem(SVN)\FinancialSystem\Application\Common\Common\APIHandler.class.php 第 55 行.

[ 2016-04-12T20:26:44+08:00 ] 172.30.16.87 /index.php/HumanResources/Staff/staffallinfo
INFO: [ app_begin ] --START--
INFO: Run Behavior\ReadHtmlCacheBehavior [ RunTime:0.001000s ]
NOTIC: [8192] Function mcrypt_cbc() is deprecated E:\C#\FinancialSystem(SVN)\FinancialSystem\Application\Common\Common\DesHelper.class.php 第 44 行.
INFO: Run Common\Behavior\ActionStartBehavior [ RunTime:0.002000s ]
INFO: [ app_begin ] --END-- [ RunTime:0.003000s ]
NOTIC: [8] A session had already been started - ignoring session_start() E:\C#\FinancialSystem(SVN)\FinancialSystem\ThinkPHP\Common\functions.php 第 1263 行.
NOTIC: [8192] Function mcrypt_cbc() is deprecated E:\C#\FinancialSystem(SVN)\FinancialSystem\Application\Common\Common\DesHelper.class.php 第 44 行.
NOTIC: [8] Use of undefined constant funStr - assumed 'funStr' E:\C#\FinancialSystem(SVN)\FinancialSystem\Application\Home\Common\IDuty.class.php 第 14 行.
NOTIC: [8] Use of undefined constant userID - assumed 'userID' E:\C#\FinancialSystem(SVN)\FinancialSystem\Application\Home\Common\IDuty.class.php 第 14 行.
NOTIC: [8] Undefined offset: 1 E:\C#\FinancialSystem(SVN)\FinancialSystem\Application\Common\Common\APIHandler.class.php 第 54 行.
NOTIC: [8] Undefined offset: 2 E:\C#\FinancialSystem(SVN)\FinancialSystem\Application\Common\Common\APIHandler.class.php 第 55 行.
NOTIC: [8] Use of undefined constant id - assumed 'id' E:\C#\FinancialSystem(SVN)\FinancialSystem\Application\Home\Common\IManage.class.php 第 60 行.
NOTIC: [8] Undefined offset: 1 E:\C#\FinancialSystem(SVN)\FinancialSystem\Application\Common\Common\APIHandler.class.php 第 54 行.
NOTIC: [8] Undefined offset: 2 E:\C#\FinancialSystem(SVN)\FinancialSystem\Application\Common\Common\APIHandler.class.php 第 55 行.

[ 2016-04-12T20:26:55+08:00 ] 172.30.16.87 /index.php/HumanResources/Staff/staffallinfo
INFO: [ app_begin ] --START--
INFO: Run Behavior\ReadHtmlCacheBehavior [ RunTime:0.000000s ]
NOTIC: [8192] Function mcrypt_cbc() is deprecated E:\C#\FinancialSystem(SVN)\FinancialSystem\Application\Common\Common\DesHelper.class.php 第 44 行.
INFO: Run Common\Behavior\ActionStartBehavior [ RunTime:0.002000s ]
INFO: [ app_begin ] --END-- [ RunTime:0.003000s ]
NOTIC: [8] A session had already been started - ignoring session_start() E:\C#\FinancialSystem(SVN)\FinancialSystem\ThinkPHP\Common\functions.php 第 1263 行.
NOTIC: [8192] Function mcrypt_cbc() is deprecated E:\C#\FinancialSystem(SVN)\FinancialSystem\Application\Common\Common\DesHelper.class.php 第 44 行.
NOTIC: [8] Use of undefined constant funStr - assumed 'funStr' E:\C#\FinancialSystem(SVN)\FinancialSystem\Application\Home\Common\IDuty.class.php 第 14 行.
NOTIC: [8] Use of undefined constant userID - assumed 'userID' E:\C#\FinancialSystem(SVN)\FinancialSystem\Application\Home\Common\IDuty.class.php 第 14 行.
NOTIC: [8] Undefined offset: 1 E:\C#\FinancialSystem(SVN)\FinancialSystem\Application\Common\Common\APIHandler.class.php 第 54 行.
NOTIC: [8] Undefined offset: 2 E:\C#\FinancialSystem(SVN)\FinancialSystem\Application\Common\Common\APIHandler.class.php 第 55 行.
NOTIC: [8] Use of undefined constant id - assumed 'id' E:\C#\FinancialSystem(SVN)\FinancialSystem\Application\Home\Common\IManage.class.php 第 60 行.
NOTIC: [8] Undefined offset: 1 E:\C#\FinancialSystem(SVN)\FinancialSystem\Application\Common\Common\APIHandler.class.php 第 54 行.
NOTIC: [8] Undefined offset: 2 E:\C#\FinancialSystem(SVN)\FinancialSystem\Application\Common\Common\APIHandler.class.php 第 55 行.

[ 2016-04-12T20:26:56+08:00 ] 127.0.0.1 /index.php/HumanResources/Staff/staffallinfo
INFO: [ app_begin ] --START--
INFO: Run Behavior\ReadHtmlCacheBehavior [ RunTime:0.001000s ]
NOTIC: [8192] Function mcrypt_cbc() is deprecated E:\C#\FinancialSystem(SVN)\FinancialSystem\Application\Common\Common\DesHelper.class.php 第 44 行.
INFO: Run Common\Behavior\ActionStartBehavior [ RunTime:0.002000s ]
INFO: [ app_begin ] --END-- [ RunTime:0.003000s ]
NOTIC: [8] A session had already been started - ignoring session_start() E:\C#\FinancialSystem(SVN)\FinancialSystem\ThinkPHP\Common\functions.php 第 1263 行.
NOTIC: [8192] Function mcrypt_cbc() is deprecated E:\C#\FinancialSystem(SVN)\FinancialSystem\Application\Common\Common\DesHelper.class.php 第 44 行.
NOTIC: [8] Use of undefined constant funStr - assumed 'funStr' E:\C#\FinancialSystem(SVN)\FinancialSystem\Application\Home\Common\IDuty.class.php 第 14 行.
NOTIC: [8] Use of undefined constant userID - assumed 'userID' E:\C#\FinancialSystem(SVN)\FinancialSystem\Application\Home\Common\IDuty.class.php 第 14 行.
NOTIC: [8] Undefined offset: 1 E:\C#\FinancialSystem(SVN)\FinancialSystem\Application\Common\Common\APIHandler.class.php 第 54 行.
NOTIC: [8] Undefined offset: 2 E:\C#\FinancialSystem(SVN)\FinancialSystem\Application\Common\Common\APIHandler.class.php 第 55 行.
NOTIC: [8] Use of undefined constant id - assumed 'id' E:\C#\FinancialSystem(SVN)\FinancialSystem\Application\Home\Common\IManage.class.php 第 60 行.
NOTIC: [8] Undefined offset: 1 E:\C#\FinancialSystem(SVN)\FinancialSystem\Application\Common\Common\APIHandler.class.php 第 54 行.
NOTIC: [8] Undefined offset: 2 E:\C#\FinancialSystem(SVN)\FinancialSystem\Application\Common\Common\APIHandler.class.php 第 55 行.

[ 2016-04-12T20:27:03+08:00 ] 172.30.16.87 /index.php/HumanResources/Staff/staffallinfo
INFO: [ app_begin ] --START--
INFO: Run Behavior\ReadHtmlCacheBehavior [ RunTime:0.000000s ]
NOTIC: [8192] Function mcrypt_cbc() is deprecated E:\C#\FinancialSystem(SVN)\FinancialSystem\Application\Common\Common\DesHelper.class.php 第 44 行.
INFO: Run Common\Behavior\ActionStartBehavior [ RunTime:0.002000s ]
INFO: [ app_begin ] --END-- [ RunTime:0.002000s ]
NOTIC: [8] A session had already been started - ignoring session_start() E:\C#\FinancialSystem(SVN)\FinancialSystem\ThinkPHP\Common\functions.php 第 1263 行.
NOTIC: [8192] Function mcrypt_cbc() is deprecated E:\C#\FinancialSystem(SVN)\FinancialSystem\Application\Common\Common\DesHelper.class.php 第 44 行.
NOTIC: [8] Use of undefined constant funStr - assumed 'funStr' E:\C#\FinancialSystem(SVN)\FinancialSystem\Application\Home\Common\IDuty.class.php 第 14 行.
NOTIC: [8] Use of undefined constant userID - assumed 'userID' E:\C#\FinancialSystem(SVN)\FinancialSystem\Application\Home\Common\IDuty.class.php 第 14 行.
NOTIC: [8] Undefined offset: 1 E:\C#\FinancialSystem(SVN)\FinancialSystem\Application\Common\Common\APIHandler.class.php 第 54 行.
NOTIC: [8] Undefined offset: 2 E:\C#\FinancialSystem(SVN)\FinancialSystem\Application\Common\Common\APIHandler.class.php 第 55 行.
NOTIC: [8] Use of undefined constant id - assumed 'id' E:\C#\FinancialSystem(SVN)\FinancialSystem\Application\Home\Common\IManage.class.php 第 60 行.
NOTIC: [8] Undefined offset: 1 E:\C#\FinancialSystem(SVN)\FinancialSystem\Application\Common\Common\APIHandler.class.php 第 54 行.
NOTIC: [8] Undefined offset: 2 E:\C#\FinancialSystem(SVN)\FinancialSystem\Application\Common\Common\APIHandler.class.php 第 55 行.

[ 2016-04-12T20:28:10+08:00 ] 172.30.16.87 /index.php/HumanResources/Staff/stafflistavalon?r=0.012081511318314974&keywords=&keytype=0&admin=0&class2=0&manager=-1&ischecked=-1&startjoindate=&endjoindate=&PageIndex=1&PageSize=20
INFO: [ app_begin ] --START--
INFO: Run Behavior\ReadHtmlCacheBehavior [ RunTime:0.001000s ]
NOTIC: [8192] Function mcrypt_cbc() is deprecated E:\C#\FinancialSystem(SVN)\FinancialSystem\Application\Common\Common\DesHelper.class.php 第 44 行.
INFO: Run Common\Behavior\ActionStartBehavior [ RunTime:0.002000s ]
INFO: [ app_begin ] --END-- [ RunTime:0.003000s ]
NOTIC: [8] A session had already been started - ignoring session_start() E:\C#\FinancialSystem(SVN)\FinancialSystem\ThinkPHP\Common\functions.php 第 1263 行.
NOTIC: [8192] Function mcrypt_cbc() is deprecated E:\C#\FinancialSystem(SVN)\FinancialSystem\Application\Common\Common\DesHelper.class.php 第 44 行.
NOTIC: [8] Use of undefined constant funStr - assumed 'funStr' E:\C#\FinancialSystem(SVN)\FinancialSystem\Application\Home\Common\IDuty.class.php 第 14 行.
NOTIC: [8] Use of undefined constant userID - assumed 'userID' E:\C#\FinancialSystem(SVN)\FinancialSystem\Application\Home\Common\IDuty.class.php 第 14 行.
NOTIC: [8] Undefined offset: 1 E:\C#\FinancialSystem(SVN)\FinancialSystem\Application\Common\Common\APIHandler.class.php 第 54 行.
NOTIC: [8] Undefined offset: 2 E:\C#\FinancialSystem(SVN)\FinancialSystem\Application\Common\Common\APIHandler.class.php 第 55 行.
NOTIC: [8] Use of undefined constant keywords - assumed 'keywords' E:\C#\FinancialSystem(SVN)\FinancialSystem\Application\Home\Common\IManage.class.php 第 41 行.
NOTIC: [8] Use of undefined constant keytype - assumed 'keytype' E:\C#\FinancialSystem(SVN)\FinancialSystem\Application\Home\Common\IManage.class.php 第 41 行.
NOTIC: [8] Use of undefined constant admin - assumed 'admin' E:\C#\FinancialSystem(SVN)\FinancialSystem\Application\Home\Common\IManage.class.php 第 41 行.
NOTIC: [8] Use of undefined constant class2 - assumed 'class2' E:\C#\FinancialSystem(SVN)\FinancialSystem\Application\Home\Common\IManage.class.php 第 41 行.
NOTIC: [8] Use of undefined constant manager - assumed 'manager' E:\C#\FinancialSystem(SVN)\FinancialSystem\Application\Home\Common\IManage.class.php 第 41 行.
NOTIC: [8] Use of undefined constant ischecked - assumed 'ischecked' E:\C#\FinancialSystem(SVN)\FinancialSystem\Application\Home\Common\IManage.class.php 第 41 行.
NOTIC: [8] Use of undefined constant startjoindate - assumed 'startjoindate' E:\C#\FinancialSystem(SVN)\FinancialSystem\Application\Home\Common\IManage.class.php 第 42 行.
NOTIC: [8] Use of undefined constant endjoindate - assumed 'endjoindate' E:\C#\FinancialSystem(SVN)\FinancialSystem\Application\Home\Common\IManage.class.php 第 42 行.
NOTIC: [8] Use of undefined constant PageIndex - assumed 'PageIndex' E:\C#\FinancialSystem(SVN)\FinancialSystem\Application\Home\Common\IManage.class.php 第 42 行.
NOTIC: [8] Use of undefined constant PageSize - assumed 'PageSize' E:\C#\FinancialSystem(SVN)\FinancialSystem\Application\Home\Common\IManage.class.php 第 42 行.
NOTIC: [8] Undefined offset: 1 E:\C#\FinancialSystem(SVN)\FinancialSystem\Application\Common\Common\APIHandler.class.php 第 54 行.
NOTIC: [8] Undefined offset: 2 E:\C#\FinancialSystem(SVN)\FinancialSystem\Application\Common\Common\APIHandler.class.php 第 55 行.

[ 2016-04-12T20:28:12+08:00 ] 172.30.16.87 /index.php/HumanResources/Staff/staffallinfo
INFO: [ app_begin ] --START--
INFO: Run Behavior\ReadHtmlCacheBehavior [ RunTime:0.001000s ]
NOTIC: [8192] Function mcrypt_cbc() is deprecated E:\C#\FinancialSystem(SVN)\FinancialSystem\Application\Common\Common\DesHelper.class.php 第 44 行.
INFO: Run Common\Behavior\ActionStartBehavior [ RunTime:0.001000s ]
INFO: [ app_begin ] --END-- [ RunTime:0.002000s ]
NOTIC: [8] A session had already been started - ignoring session_start() E:\C#\FinancialSystem(SVN)\FinancialSystem\ThinkPHP\Common\functions.php 第 1263 行.
NOTIC: [8192] Function mcrypt_cbc() is deprecated E:\C#\FinancialSystem(SVN)\FinancialSystem\Application\Common\Common\DesHelper.class.php 第 44 行.
NOTIC: [8] Use of undefined constant funStr - assumed 'funStr' E:\C#\FinancialSystem(SVN)\FinancialSystem\Application\Home\Common\IDuty.class.php 第 14 行.
NOTIC: [8] Use of undefined constant userID - assumed 'userID' E:\C#\FinancialSystem(SVN)\FinancialSystem\Application\Home\Common\IDuty.class.php 第 14 行.
NOTIC: [8] Undefined offset: 1 E:\C#\FinancialSystem(SVN)\FinancialSystem\Application\Common\Common\APIHandler.class.php 第 54 行.
NOTIC: [8] Undefined offset: 2 E:\C#\FinancialSystem(SVN)\FinancialSystem\Application\Common\Common\APIHandler.class.php 第 55 行.
NOTIC: [8] Use of undefined constant id - assumed 'id' E:\C#\FinancialSystem(SVN)\FinancialSystem\Application\Home\Common\IManage.class.php 第 60 行.
NOTIC: [8] Undefined offset: 1 E:\C#\FinancialSystem(SVN)\FinancialSystem\Application\Common\Common\APIHandler.class.php 第 54 行.
NOTIC: [8] Undefined offset: 2 E:\C#\FinancialSystem(SVN)\FinancialSystem\Application\Common\Common\APIHandler.class.php 第 55 行.

[ 2016-04-12T20:28:23+08:00 ] 172.30.16.87 /index.php/HumanResources/Staff/staffallinfo
INFO: [ app_begin ] --START--
INFO: Run Behavior\ReadHtmlCacheBehavior [ RunTime:0.000000s ]
NOTIC: [8192] Function mcrypt_cbc() is deprecated E:\C#\FinancialSystem(SVN)\FinancialSystem\Application\Common\Common\DesHelper.class.php 第 44 行.
INFO: Run Common\Behavior\ActionStartBehavior [ RunTime:0.001000s ]
INFO: [ app_begin ] --END-- [ RunTime:0.001000s ]
NOTIC: [8] A session had already been started - ignoring session_start() E:\C#\FinancialSystem(SVN)\FinancialSystem\ThinkPHP\Common\functions.php 第 1263 行.
NOTIC: [8192] Function mcrypt_cbc() is deprecated E:\C#\FinancialSystem(SVN)\FinancialSystem\Application\Common\Common\DesHelper.class.php 第 44 行.
NOTIC: [8] Use of undefined constant funStr - assumed 'funStr' E:\C#\FinancialSystem(SVN)\FinancialSystem\Application\Home\Common\IDuty.class.php 第 14 行.
NOTIC: [8] Use of undefined constant userID - assumed 'userID' E:\C#\FinancialSystem(SVN)\FinancialSystem\Application\Home\Common\IDuty.class.php 第 14 行.
NOTIC: [8] Undefined offset: 1 E:\C#\FinancialSystem(SVN)\FinancialSystem\Application\Common\Common\APIHandler.class.php 第 54 行.
NOTIC: [8] Undefined offset: 2 E:\C#\FinancialSystem(SVN)\FinancialSystem\Application\Common\Common\APIHandler.class.php 第 55 行.
NOTIC: [8] Use of undefined constant id - assumed 'id' E:\C#\FinancialSystem(SVN)\FinancialSystem\Application\Home\Common\IManage.class.php 第 60 行.
NOTIC: [8] Undefined offset: 1 E:\C#\FinancialSystem(SVN)\FinancialSystem\Application\Common\Common\APIHandler.class.php 第 54 行.
NOTIC: [8] Undefined offset: 2 E:\C#\FinancialSystem(SVN)\FinancialSystem\Application\Common\Common\APIHandler.class.php 第 55 行.

[ 2016-04-12T20:28:30+08:00 ] 172.30.16.87 /index.php/HumanResources/Staff/staffallinfo
INFO: [ app_begin ] --START--
INFO: Run Behavior\ReadHtmlCacheBehavior [ RunTime:0.000000s ]
NOTIC: [8192] Function mcrypt_cbc() is deprecated E:\C#\FinancialSystem(SVN)\FinancialSystem\Application\Common\Common\DesHelper.class.php 第 44 行.
INFO: Run Common\Behavior\ActionStartBehavior [ RunTime:0.001000s ]
INFO: [ app_begin ] --END-- [ RunTime:0.001000s ]
NOTIC: [8] A session had already been started - ignoring session_start() E:\C#\FinancialSystem(SVN)\FinancialSystem\ThinkPHP\Common\functions.php 第 1263 行.
NOTIC: [8192] Function mcrypt_cbc() is deprecated E:\C#\FinancialSystem(SVN)\FinancialSystem\Application\Common\Common\DesHelper.class.php 第 44 行.
NOTIC: [8] Use of undefined constant funStr - assumed 'funStr' E:\C#\FinancialSystem(SVN)\FinancialSystem\Application\Home\Common\IDuty.class.php 第 14 行.
NOTIC: [8] Use of undefined constant userID - assumed 'userID' E:\C#\FinancialSystem(SVN)\FinancialSystem\Application\Home\Common\IDuty.class.php 第 14 行.
NOTIC: [8] Undefined offset: 1 E:\C#\FinancialSystem(SVN)\FinancialSystem\Application\Common\Common\APIHandler.class.php 第 54 行.
NOTIC: [8] Undefined offset: 2 E:\C#\FinancialSystem(SVN)\FinancialSystem\Application\Common\Common\APIHandler.class.php 第 55 行.
NOTIC: [8] Use of undefined constant id - assumed 'id' E:\C#\FinancialSystem(SVN)\FinancialSystem\Application\Home\Common\IManage.class.php 第 60 行.
NOTIC: [8] Undefined offset: 1 E:\C#\FinancialSystem(SVN)\FinancialSystem\Application\Common\Common\APIHandler.class.php 第 54 行.
NOTIC: [8] Undefined offset: 2 E:\C#\FinancialSystem(SVN)\FinancialSystem\Application\Common\Common\APIHandler.class.php 第 55 行.

[ 2016-04-12T20:28:37+08:00 ] 172.30.16.87 /index.php/HumanResources/Staff/staffallinfo
INFO: [ app_begin ] --START--
INFO: Run Behavior\ReadHtmlCacheBehavior [ RunTime:0.001000s ]
NOTIC: [8192] Function mcrypt_cbc() is deprecated E:\C#\FinancialSystem(SVN)\FinancialSystem\Application\Common\Common\DesHelper.class.php 第 44 行.
INFO: Run Common\Behavior\ActionStartBehavior [ RunTime:0.001000s ]
INFO: [ app_begin ] --END-- [ RunTime:0.002000s ]
NOTIC: [8] A session had already been started - ignoring session_start() E:\C#\FinancialSystem(SVN)\FinancialSystem\ThinkPHP\Common\functions.php 第 1263 行.
NOTIC: [8192] Function mcrypt_cbc() is deprecated E:\C#\FinancialSystem(SVN)\FinancialSystem\Application\Common\Common\DesHelper.class.php 第 44 行.
NOTIC: [8] Use of undefined constant funStr - assumed 'funStr' E:\C#\FinancialSystem(SVN)\FinancialSystem\Application\Home\Common\IDuty.class.php 第 14 行.
NOTIC: [8] Use of undefined constant userID - assumed 'userID' E:\C#\FinancialSystem(SVN)\FinancialSystem\Application\Home\Common\IDuty.class.php 第 14 行.
NOTIC: [8] Undefined offset: 1 E:\C#\FinancialSystem(SVN)\FinancialSystem\Application\Common\Common\APIHandler.class.php 第 54 行.
NOTIC: [8] Undefined offset: 2 E:\C#\FinancialSystem(SVN)\FinancialSystem\Application\Common\Common\APIHandler.class.php 第 55 行.
NOTIC: [8] Use of undefined constant id - assumed 'id' E:\C#\FinancialSystem(SVN)\FinancialSystem\Application\Home\Common\IManage.class.php 第 60 行.
NOTIC: [8] Undefined offset: 1 E:\C#\FinancialSystem(SVN)\FinancialSystem\Application\Common\Common\APIHandler.class.php 第 54 行.
NOTIC: [8] Undefined offset: 2 E:\C#\FinancialSystem(SVN)\FinancialSystem\Application\Common\Common\APIHandler.class.php 第 55 行.

[ 2016-04-12T20:29:10+08:00 ] 127.0.0.1 /index.php/HumanResources/Staff/staffallinfo
INFO: [ app_begin ] --START--
INFO: Run Behavior\ReadHtmlCacheBehavior [ RunTime:0.001000s ]
NOTIC: [8192] Function mcrypt_cbc() is deprecated E:\C#\FinancialSystem(SVN)\FinancialSystem\Application\Common\Common\DesHelper.class.php 第 44 行.
INFO: Run Common\Behavior\ActionStartBehavior [ RunTime:0.002001s ]
INFO: [ app_begin ] --END-- [ RunTime:0.003001s ]
NOTIC: [8] A session had already been started - ignoring session_start() E:\C#\FinancialSystem(SVN)\FinancialSystem\ThinkPHP\Common\functions.php 第 1263 行.
NOTIC: [8192] Function mcrypt_cbc() is deprecated E:\C#\FinancialSystem(SVN)\FinancialSystem\Application\Common\Common\DesHelper.class.php 第 44 行.
NOTIC: [8] Use of undefined constant funStr - assumed 'funStr' E:\C#\FinancialSystem(SVN)\FinancialSystem\Application\Home\Common\IDuty.class.php 第 14 行.
NOTIC: [8] Use of undefined constant userID - assumed 'userID' E:\C#\FinancialSystem(SVN)\FinancialSystem\Application\Home\Common\IDuty.class.php 第 14 行.
NOTIC: [8] Undefined offset: 1 E:\C#\FinancialSystem(SVN)\FinancialSystem\Application\Common\Common\APIHandler.class.php 第 54 行.
NOTIC: [8] Undefined offset: 2 E:\C#\FinancialSystem(SVN)\FinancialSystem\Application\Common\Common\APIHandler.class.php 第 55 行.
NOTIC: [8] Use of undefined constant id - assumed 'id' E:\C#\FinancialSystem(SVN)\FinancialSystem\Application\Home\Common\IManage.class.php 第 60 行.
NOTIC: [8] Undefined offset: 1 E:\C#\FinancialSystem(SVN)\FinancialSystem\Application\Common\Common\APIHandler.class.php 第 54 行.
NOTIC: [8] Undefined offset: 2 E:\C#\FinancialSystem(SVN)\FinancialSystem\Application\Common\Common\APIHandler.class.php 第 55 行.

[ 2016-04-12T20:29:40+08:00 ] 172.30.16.87 /index.php/HumanResources/Staff/stafflistavalon?r=0.9869438990984456&keywords=&keytype=0&admin=0&class2=0&manager=-1&ischecked=-1&startjoindate=&endjoindate=&PageIndex=1&PageSize=20
INFO: [ app_begin ] --START--
INFO: Run Behavior\ReadHtmlCacheBehavior [ RunTime:0.001000s ]
NOTIC: [8192] Function mcrypt_cbc() is deprecated E:\C#\FinancialSystem(SVN)\FinancialSystem\Application\Common\Common\DesHelper.class.php 第 44 行.
INFO: Run Common\Behavior\ActionStartBehavior [ RunTime:0.001000s ]
INFO: [ app_begin ] --END-- [ RunTime:0.002000s ]
NOTIC: [8] A session had already been started - ignoring session_start() E:\C#\FinancialSystem(SVN)\FinancialSystem\ThinkPHP\Common\functions.php 第 1263 行.
NOTIC: [8192] Function mcrypt_cbc() is deprecated E:\C#\FinancialSystem(SVN)\FinancialSystem\Application\Common\Common\DesHelper.class.php 第 44 行.
NOTIC: [8] Use of undefined constant funStr - assumed 'funStr' E:\C#\FinancialSystem(SVN)\FinancialSystem\Application\Home\Common\IDuty.class.php 第 14 行.
NOTIC: [8] Use of undefined constant userID - assumed 'userID' E:\C#\FinancialSystem(SVN)\FinancialSystem\Application\Home\Common\IDuty.class.php 第 14 行.
NOTIC: [8] Undefined offset: 1 E:\C#\FinancialSystem(SVN)\FinancialSystem\Application\Common\Common\APIHandler.class.php 第 54 行.
NOTIC: [8] Undefined offset: 2 E:\C#\FinancialSystem(SVN)\FinancialSystem\Application\Common\Common\APIHandler.class.php 第 55 行.
NOTIC: [8] Use of undefined constant keywords - assumed 'keywords' E:\C#\FinancialSystem(SVN)\FinancialSystem\Application\Home\Common\IManage.class.php 第 41 行.
NOTIC: [8] Use of undefined constant keytype - assumed 'keytype' E:\C#\FinancialSystem(SVN)\FinancialSystem\Application\Home\Common\IManage.class.php 第 41 行.
NOTIC: [8] Use of undefined constant admin - assumed 'admin' E:\C#\FinancialSystem(SVN)\FinancialSystem\Application\Home\Common\IManage.class.php 第 41 行.
NOTIC: [8] Use of undefined constant class2 - assumed 'class2' E:\C#\FinancialSystem(SVN)\FinancialSystem\Application\Home\Common\IManage.class.php 第 41 行.
NOTIC: [8] Use of undefined constant manager - assumed 'manager' E:\C#\FinancialSystem(SVN)\FinancialSystem\Application\Home\Common\IManage.class.php 第 41 行.
NOTIC: [8] Use of undefined constant ischecked - assumed 'ischecked' E:\C#\FinancialSystem(SVN)\FinancialSystem\Application\Home\Common\IManage.class.php 第 41 行.
NOTIC: [8] Use of undefined constant startjoindate - assumed 'startjoindate' E:\C#\FinancialSystem(SVN)\FinancialSystem\Application\Home\Common\IManage.class.php 第 42 行.
NOTIC: [8] Use of undefined constant endjoindate - assumed 'endjoindate' E:\C#\FinancialSystem(SVN)\FinancialSystem\Application\Home\Common\IManage.class.php 第 42 行.
NOTIC: [8] Use of undefined constant PageIndex - assumed 'PageIndex' E:\C#\FinancialSystem(SVN)\FinancialSystem\Application\Home\Common\IManage.class.php 第 42 行.
NOTIC: [8] Use of undefined constant PageSize - assumed 'PageSize' E:\C#\FinancialSystem(SVN)\FinancialSystem\Application\Home\Common\IManage.class.php 第 42 行.
NOTIC: [8] Undefined offset: 1 E:\C#\FinancialSystem(SVN)\FinancialSystem\Application\Common\Common\APIHandler.class.php 第 54 行.
NOTIC: [8] Undefined offset: 2 E:\C#\FinancialSystem(SVN)\FinancialSystem\Application\Common\Common\APIHandler.class.php 第 55 行.

[ 2016-04-12T20:29:43+08:00 ] 172.30.16.87 /index.php/HumanResources/FinCheckedEvent/manageinfo
INFO: [ app_begin ] --START--
INFO: Run Behavior\ReadHtmlCacheBehavior [ RunTime:0.001000s ]
NOTIC: [8192] Function mcrypt_cbc() is deprecated E:\C#\FinancialSystem(SVN)\FinancialSystem\Application\Common\Common\DesHelper.class.php 第 44 行.
INFO: Run Common\Behavior\ActionStartBehavior [ RunTime:0.001000s ]
INFO: [ app_begin ] --END-- [ RunTime:0.002000s ]
NOTIC: [8] A session had already been started - ignoring session_start() E:\C#\FinancialSystem(SVN)\FinancialSystem\ThinkPHP\Common\functions.php 第 1263 行.
NOTIC: [8192] Function mcrypt_cbc() is deprecated E:\C#\FinancialSystem(SVN)\FinancialSystem\Application\Common\Common\DesHelper.class.php 第 44 行.
NOTIC: [8] Use of undefined constant funStr - assumed 'funStr' E:\C#\FinancialSystem(SVN)\FinancialSystem\Application\Home\Common\IDuty.class.php 第 14 行.
NOTIC: [8] Use of undefined constant userID - assumed 'userID' E:\C#\FinancialSystem(SVN)\FinancialSystem\Application\Home\Common\IDuty.class.php 第 14 行.
NOTIC: [8] Undefined offset: 1 E:\C#\FinancialSystem(SVN)\FinancialSystem\Application\Common\Common\APIHandler.class.php 第 54 行.
NOTIC: [8] Undefined offset: 2 E:\C#\FinancialSystem(SVN)\FinancialSystem\Application\Common\Common\APIHandler.class.php 第 55 行.
NOTIC: [8] Use of undefined constant id - assumed 'id' E:\C#\FinancialSystem(SVN)\FinancialSystem\Application\Home\Common\IManage.class.php 第 51 行.
NOTIC: [8] Undefined offset: 1 E:\C#\FinancialSystem(SVN)\FinancialSystem\Application\Common\Common\APIHandler.class.php 第 54 行.
NOTIC: [8] Undefined offset: 2 E:\C#\FinancialSystem(SVN)\FinancialSystem\Application\Common\Common\APIHandler.class.php 第 55 行.

[ 2016-04-12T20:29:43+08:00 ] 172.30.16.87 /index.php/HumanResources/FinCheckedEvent/fincheckedeventlist
INFO: [ app_begin ] --START--
INFO: Run Behavior\ReadHtmlCacheBehavior [ RunTime:0.001000s ]
NOTIC: [8192] Function mcrypt_cbc() is deprecated E:\C#\FinancialSystem(SVN)\FinancialSystem\Application\Common\Common\DesHelper.class.php 第 44 行.
INFO: Run Common\Behavior\ActionStartBehavior [ RunTime:0.001000s ]
INFO: [ app_begin ] --END-- [ RunTime:0.002000s ]
NOTIC: [8] A session had already been started - ignoring session_start() E:\C#\FinancialSystem(SVN)\FinancialSystem\ThinkPHP\Common\functions.php 第 1263 行.
NOTIC: [8192] Function mcrypt_cbc() is deprecated E:\C#\FinancialSystem(SVN)\FinancialSystem\Application\Common\Common\DesHelper.class.php 第 44 行.
NOTIC: [8] Use of undefined constant funStr - assumed 'funStr' E:\C#\FinancialSystem(SVN)\FinancialSystem\Application\Home\Common\IDuty.class.php 第 14 行.
NOTIC: [8] Use of undefined constant userID - assumed 'userID' E:\C#\FinancialSystem(SVN)\FinancialSystem\Application\Home\Common\IDuty.class.php 第 14 行.
NOTIC: [8] Undefined offset: 1 E:\C#\FinancialSystem(SVN)\FinancialSystem\Application\Common\Common\APIHandler.class.php 第 54 行.
NOTIC: [8] Undefined offset: 2 E:\C#\FinancialSystem(SVN)\FinancialSystem\Application\Common\Common\APIHandler.class.php 第 55 行.
NOTIC: [8] Use of undefined constant id - assumed 'id' E:\C#\FinancialSystem(SVN)\FinancialSystem\Application\Home\Common\IFinCheckedEvent.class.php 第 24 行.
NOTIC: [8] Undefined offset: 1 E:\C#\FinancialSystem(SVN)\FinancialSystem\Application\Common\Common\APIHandler.class.php 第 54 行.
NOTIC: [8] Undefined offset: 2 E:\C#\FinancialSystem(SVN)\FinancialSystem\Application\Common\Common\APIHandler.class.php 第 55 行.

[ 2016-04-12T20:29:46+08:00 ] 172.30.16.87 /index.php/HumanResources/Staff/staffallinfo
INFO: [ app_begin ] --START--
INFO: Run Behavior\ReadHtmlCacheBehavior [ RunTime:0.001000s ]
NOTIC: [8192] Function mcrypt_cbc() is deprecated E:\C#\FinancialSystem(SVN)\FinancialSystem\Application\Common\Common\DesHelper.class.php 第 44 行.
INFO: Run Common\Behavior\ActionStartBehavior [ RunTime:0.001000s ]
INFO: [ app_begin ] --END-- [ RunTime:0.002000s ]
NOTIC: [8] A session had already been started - ignoring session_start() E:\C#\FinancialSystem(SVN)\FinancialSystem\ThinkPHP\Common\functions.php 第 1263 行.
NOTIC: [8192] Function mcrypt_cbc() is deprecated E:\C#\FinancialSystem(SVN)\FinancialSystem\Application\Common\Common\DesHelper.class.php 第 44 行.
NOTIC: [8] Use of undefined constant funStr - assumed 'funStr' E:\C#\FinancialSystem(SVN)\FinancialSystem\Application\Home\Common\IDuty.class.php 第 14 行.
NOTIC: [8] Use of undefined constant userID - assumed 'userID' E:\C#\FinancialSystem(SVN)\FinancialSystem\Application\Home\Common\IDuty.class.php 第 14 行.
NOTIC: [8] Undefined offset: 1 E:\C#\FinancialSystem(SVN)\FinancialSystem\Application\Common\Common\APIHandler.class.php 第 54 行.
NOTIC: [8] Undefined offset: 2 E:\C#\FinancialSystem(SVN)\FinancialSystem\Application\Common\Common\APIHandler.class.php 第 55 行.
NOTIC: [8] Use of undefined constant id - assumed 'id' E:\C#\FinancialSystem(SVN)\FinancialSystem\Application\Home\Common\IManage.class.php 第 60 行.
NOTIC: [8] Undefined offset: 1 E:\C#\FinancialSystem(SVN)\FinancialSystem\Application\Common\Common\APIHandler.class.php 第 54 行.
NOTIC: [8] Undefined offset: 2 E:\C#\FinancialSystem(SVN)\FinancialSystem\Application\Common\Common\APIHandler.class.php 第 55 行.

[ 2016-04-12T20:29:59+08:00 ] 172.30.16.87 /index.php/HumanResources/Staff/staffallinfo
INFO: [ app_begin ] --START--
INFO: Run Behavior\ReadHtmlCacheBehavior [ RunTime:0.000000s ]
NOTIC: [8192] Function mcrypt_cbc() is deprecated E:\C#\FinancialSystem(SVN)\FinancialSystem\Application\Common\Common\DesHelper.class.php 第 44 行.
INFO: Run Common\Behavior\ActionStartBehavior [ RunTime:0.001000s ]
INFO: [ app_begin ] --END-- [ RunTime:0.001000s ]
NOTIC: [8] A session had already been started - ignoring session_start() E:\C#\FinancialSystem(SVN)\FinancialSystem\ThinkPHP\Common\functions.php 第 1263 行.
NOTIC: [8192] Function mcrypt_cbc() is deprecated E:\C#\FinancialSystem(SVN)\FinancialSystem\Application\Common\Common\DesHelper.class.php 第 44 行.
NOTIC: [8] Use of undefined constant funStr - assumed 'funStr' E:\C#\FinancialSystem(SVN)\FinancialSystem\Application\Home\Common\IDuty.class.php 第 14 行.
NOTIC: [8] Use of undefined constant userID - assumed 'userID' E:\C#\FinancialSystem(SVN)\FinancialSystem\Application\Home\Common\IDuty.class.php 第 14 行.
NOTIC: [8] Undefined offset: 1 E:\C#\FinancialSystem(SVN)\FinancialSystem\Application\Common\Common\APIHandler.class.php 第 54 行.
NOTIC: [8] Undefined offset: 2 E:\C#\FinancialSystem(SVN)\FinancialSystem\Application\Common\Common\APIHandler.class.php 第 55 行.
NOTIC: [8] Use of undefined constant id - assumed 'id' E:\C#\FinancialSystem(SVN)\FinancialSystem\Application\Home\Common\IManage.class.php 第 60 行.
NOTIC: [8] Undefined offset: 1 E:\C#\FinancialSystem(SVN)\FinancialSystem\Application\Common\Common\APIHandler.class.php 第 54 行.
NOTIC: [8] Undefined offset: 2 E:\C#\FinancialSystem(SVN)\FinancialSystem\Application\Common\Common\APIHandler.class.php 第 55 行.

[ 2016-04-12T20:30:07+08:00 ] 172.30.16.87 /index.php/HumanResources/Staff/staffallinfo
INFO: [ app_begin ] --START--
INFO: Run Behavior\ReadHtmlCacheBehavior [ RunTime:0.001000s ]
NOTIC: [8192] Function mcrypt_cbc() is deprecated E:\C#\FinancialSystem(SVN)\FinancialSystem\Application\Common\Common\DesHelper.class.php 第 44 行.
INFO: Run Common\Behavior\ActionStartBehavior [ RunTime:0.001000s ]
INFO: [ app_begin ] --END-- [ RunTime:0.002000s ]
NOTIC: [8] A session had already been started - ignoring session_start() E:\C#\FinancialSystem(SVN)\FinancialSystem\ThinkPHP\Common\functions.php 第 1263 行.
NOTIC: [8192] Function mcrypt_cbc() is deprecated E:\C#\FinancialSystem(SVN)\FinancialSystem\Application\Common\Common\DesHelper.class.php 第 44 行.
NOTIC: [8] Use of undefined constant funStr - assumed 'funStr' E:\C#\FinancialSystem(SVN)\FinancialSystem\Application\Home\Common\IDuty.class.php 第 14 行.
NOTIC: [8] Use of undefined constant userID - assumed 'userID' E:\C#\FinancialSystem(SVN)\FinancialSystem\Application\Home\Common\IDuty.class.php 第 14 行.
NOTIC: [8] Undefined offset: 1 E:\C#\FinancialSystem(SVN)\FinancialSystem\Application\Common\Common\APIHandler.class.php 第 54 行.
NOTIC: [8] Undefined offset: 2 E:\C#\FinancialSystem(SVN)\FinancialSystem\Application\Common\Common\APIHandler.class.php 第 55 行.
NOTIC: [8] Use of undefined constant id - assumed 'id' E:\C#\FinancialSystem(SVN)\FinancialSystem\Application\Home\Common\IManage.class.php 第 60 行.
NOTIC: [8] Undefined offset: 1 E:\C#\FinancialSystem(SVN)\FinancialSystem\Application\Common\Common\APIHandler.class.php 第 54 行.
NOTIC: [8] Undefined offset: 2 E:\C#\FinancialSystem(SVN)\FinancialSystem\Application\Common\Common\APIHandler.class.php 第 55 行.

[ 2016-04-12T20:30:15+08:00 ] 172.30.16.87 /index.php/HumanResources/Staff/staffallinfo
INFO: [ app_begin ] --START--
INFO: Run Behavior\ReadHtmlCacheBehavior [ RunTime:0.000000s ]
NOTIC: [8192] Function mcrypt_cbc() is deprecated E:\C#\FinancialSystem(SVN)\FinancialSystem\Application\Common\Common\DesHelper.class.php 第 44 行.
INFO: Run Common\Behavior\ActionStartBehavior [ RunTime:0.001000s ]
INFO: [ app_begin ] --END-- [ RunTime:0.001000s ]
NOTIC: [8] A session had already been started - ignoring session_start() E:\C#\FinancialSystem(SVN)\FinancialSystem\ThinkPHP\Common\functions.php 第 1263 行.
NOTIC: [8192] Function mcrypt_cbc() is deprecated E:\C#\FinancialSystem(SVN)\FinancialSystem\Application\Common\Common\DesHelper.class.php 第 44 行.
NOTIC: [8] Use of undefined constant funStr - assumed 'funStr' E:\C#\FinancialSystem(SVN)\FinancialSystem\Application\Home\Common\IDuty.class.php 第 14 行.
NOTIC: [8] Use of undefined constant userID - assumed 'userID' E:\C#\FinancialSystem(SVN)\FinancialSystem\Application\Home\Common\IDuty.class.php 第 14 行.
NOTIC: [8] Undefined offset: 1 E:\C#\FinancialSystem(SVN)\FinancialSystem\Application\Common\Common\APIHandler.class.php 第 54 行.
NOTIC: [8] Undefined offset: 2 E:\C#\FinancialSystem(SVN)\FinancialSystem\Application\Common\Common\APIHandler.class.php 第 55 行.
NOTIC: [8] Use of undefined constant id - assumed 'id' E:\C#\FinancialSystem(SVN)\FinancialSystem\Application\Home\Common\IManage.class.php 第 60 行.
NOTIC: [8] Undefined offset: 1 E:\C#\FinancialSystem(SVN)\FinancialSystem\Application\Common\Common\APIHandler.class.php 第 54 行.
NOTIC: [8] Undefined offset: 2 E:\C#\FinancialSystem(SVN)\FinancialSystem\Application\Common\Common\APIHandler.class.php 第 55 行.

[ 2016-04-12T20:30:45+08:00 ] 127.0.0.1 /index.php/HumanResources/Staff/staffallinfo
INFO: [ app_begin ] --START--
INFO: Run Behavior\ReadHtmlCacheBehavior [ RunTime:0.001000s ]
NOTIC: [8192] Function mcrypt_cbc() is deprecated E:\C#\FinancialSystem(SVN)\FinancialSystem\Application\Common\Common\DesHelper.class.php 第 44 行.
INFO: Run Common\Behavior\ActionStartBehavior [ RunTime:0.001000s ]
INFO: [ app_begin ] --END-- [ RunTime:0.002000s ]
NOTIC: [8] A session had already been started - ignoring session_start() E:\C#\FinancialSystem(SVN)\FinancialSystem\ThinkPHP\Common\functions.php 第 1263 行.
NOTIC: [8192] Function mcrypt_cbc() is deprecated E:\C#\FinancialSystem(SVN)\FinancialSystem\Application\Common\Common\DesHelper.class.php 第 44 行.
NOTIC: [8] Use of undefined constant funStr - assumed 'funStr' E:\C#\FinancialSystem(SVN)\FinancialSystem\Application\Home\Common\IDuty.class.php 第 14 行.
NOTIC: [8] Use of undefined constant userID - assumed 'userID' E:\C#\FinancialSystem(SVN)\FinancialSystem\Application\Home\Common\IDuty.class.php 第 14 行.
NOTIC: [8] Undefined offset: 1 E:\C#\FinancialSystem(SVN)\FinancialSystem\Application\Common\Common\APIHandler.class.php 第 54 行.
NOTIC: [8] Undefined offset: 2 E:\C#\FinancialSystem(SVN)\FinancialSystem\Application\Common\Common\APIHandler.class.php 第 55 行.
NOTIC: [8] Use of undefined constant id - assumed 'id' E:\C#\FinancialSystem(SVN)\FinancialSystem\Application\Home\Common\IManage.class.php 第 60 行.
NOTIC: [8] Undefined offset: 1 E:\C#\FinancialSystem(SVN)\FinancialSystem\Application\Common\Common\APIHandler.class.php 第 54 行.
NOTIC: [8] Undefined offset: 2 E:\C#\FinancialSystem(SVN)\FinancialSystem\Application\Common\Common\APIHandler.class.php 第 55 行.

