[ 2016-04-21T08:41:14+08:00 ] 127.0.0.1 /index.php/HumanResources/ManageImport/importdata
ERR: 无法加载控制器:ManageImport

[ 2016-04-21T09:02:54+08:00 ] 127.0.0.1 /index.php/HumanResources/ManageImport/importdata
ERR: 无法加载控制器:ManageImport

[ 2016-04-21T18:41:00+08:00 ] 127.0.0.1 /index.php/HumanResources/Import/manageinforimport
ERR: 模板不存在:./Application/HumanResources/View/Import/manageinforimport.html

[ 2016-04-21T18:41:29+08:00 ] 127.0.0.1 /index.php/HumanResources/Import/manageimport
ERR: 非法操作:manageimport

[ 2016-04-21T18:41:35+08:00 ] 127.0.0.1 /index.php/HumanResources/Staff/stafflistavalon?r=0.9250447747763246&keywords=&keytype=0&admin=0&class2=0&manager=-1&ischecked=-1&startjoindate=&endjoindate=&PageIndex=1&PageSize=20
INFO: [ app_begin ] --START--
INFO: Run Behavior\ReadHtmlCacheBehavior [ RunTime:0.002000s ]
NOTIC: [8192] Function mcrypt_cbc() is deprecated E:\C#\FinancialSystem(SVN)\FinancialSystem\Application\Common\Common\DesHelper.class.php 第 44 行.
INFO: Run Common\Behavior\ActionStartBehavior [ RunTime:0.003000s ]
INFO: [ app_begin ] --END-- [ RunTime:0.006000s ]
NOTIC: [8] A session had already been started - ignoring session_start() E:\C#\FinancialSystem(SVN)\FinancialSystem\ThinkPHP\Common\functions.php 第 1263 行.
NOTIC: [8192] Function mcrypt_cbc() is deprecated E:\C#\FinancialSystem(SVN)\FinancialSystem\Application\Common\Common\DesHelper.class.php 第 44 行.
NOTIC: [8] Use of undefined constant funStr - assumed 'funStr' E:\C#\FinancialSystem(SVN)\FinancialSystem\Application\Home\Common\IDuty.class.php 第 14 行.
NOTIC: [8] Use of undefined constant userID - assumed 'userID' E:\C#\FinancialSystem(SVN)\FinancialSystem\Application\Home\Common\IDuty.class.php 第 14 行.
NOTIC: [8] Undefined offset: 1 E:\C#\FinancialSystem(SVN)\FinancialSystem\Application\Common\Common\APIHandler.class.php 第 55 行.
NOTIC: [8] Undefined offset: 2 E:\C#\FinancialSystem(SVN)\FinancialSystem\Application\Common\Common\APIHandler.class.php 第 56 行.
NOTIC: [8] Use of undefined constant keywords - assumed 'keywords' E:\C#\FinancialSystem(SVN)\FinancialSystem\Application\Home\Common\IManage.class.php 第 41 行.
NOTIC: [8] Use of undefined constant keytype - assumed 'keytype' E:\C#\FinancialSystem(SVN)\FinancialSystem\Application\Home\Common\IManage.class.php 第 41 行.
NOTIC: [8] Use of undefined constant admin - assumed 'admin' E:\C#\FinancialSystem(SVN)\FinancialSystem\Application\Home\Common\IManage.class.php 第 41 行.
NOTIC: [8] Use of undefined constant class2 - assumed 'class2' E:\C#\FinancialSystem(SVN)\FinancialSystem\Application\Home\Common\IManage.class.php 第 41 行.
NOTIC: [8] Use of undefined constant manager - assumed 'manager' E:\C#\FinancialSystem(SVN)\FinancialSystem\Application\Home\Common\IManage.class.php 第 41 行.
NOTIC: [8] Use of undefined constant ischecked - assumed 'ischecked' E:\C#\FinancialSystem(SVN)\FinancialSystem\Application\Home\Common\IManage.class.php 第 41 行.
NOTIC: [8] Use of undefined constant startjoindate - assumed 'startjoindate' E:\C#\FinancialSystem(SVN)\FinancialSystem\Application\Home\Common\IManage.class.php 第 42 行.
NOTIC: [8] Use of undefined constant endjoindate - assumed 'endjoindate' E:\C#\FinancialSystem(SVN)\FinancialSystem\Application\Home\Common\IManage.class.php 第 42 行.
NOTIC: [8] Use of undefined constant PageIndex - assumed 'PageIndex' E:\C#\FinancialSystem(SVN)\FinancialSystem\Application\Home\Common\IManage.class.php 第 42 行.
NOTIC: [8] Use of undefined constant PageSize - assumed 'PageSize' E:\C#\FinancialSystem(SVN)\FinancialSystem\Application\Home\Common\IManage.class.php 第 42 行.
NOTIC: [8] Undefined offset: 1 E:\C#\FinancialSystem(SVN)\FinancialSystem\Application\Common\Common\APIHandler.class.php 第 55 行.
NOTIC: [8] Undefined offset: 2 E:\C#\FinancialSystem(SVN)\FinancialSystem\Application\Common\Common\APIHandler.class.php 第 56 行.

[ 2016-04-21T18:41:37+08:00 ] 127.0.0.1 /index.php/HumanResources/Staff/stafflistavalon?r=0.5899241818115115&keywords=&keytype=0&admin=0&class2=0&manager=-1&ischecked=-1&startjoindate=&endjoindate=&PageIndex=1&PageSize=20
INFO: [ app_begin ] --START--
INFO: Run Behavior\ReadHtmlCacheBehavior [ RunTime:0.001000s ]
NOTIC: [8192] Function mcrypt_cbc() is deprecated E:\C#\FinancialSystem(SVN)\FinancialSystem\Application\Common\Common\DesHelper.class.php 第 44 行.
INFO: Run Common\Behavior\ActionStartBehavior [ RunTime:0.003000s ]
INFO: [ app_begin ] --END-- [ RunTime:0.004000s ]
NOTIC: [8] A session had already been started - ignoring session_start() E:\C#\FinancialSystem(SVN)\FinancialSystem\ThinkPHP\Common\functions.php 第 1263 行.
NOTIC: [8192] Function mcrypt_cbc() is deprecated E:\C#\FinancialSystem(SVN)\FinancialSystem\Application\Common\Common\DesHelper.class.php 第 44 行.
NOTIC: [8] Use of undefined constant funStr - assumed 'funStr' E:\C#\FinancialSystem(SVN)\FinancialSystem\Application\Home\Common\IDuty.class.php 第 14 行.
NOTIC: [8] Use of undefined constant userID - assumed 'userID' E:\C#\FinancialSystem(SVN)\FinancialSystem\Application\Home\Common\IDuty.class.php 第 14 行.
NOTIC: [8] Undefined offset: 1 E:\C#\FinancialSystem(SVN)\FinancialSystem\Application\Common\Common\APIHandler.class.php 第 55 行.
NOTIC: [8] Undefined offset: 2 E:\C#\FinancialSystem(SVN)\FinancialSystem\Application\Common\Common\APIHandler.class.php 第 56 行.
NOTIC: [8] Use of undefined constant keywords - assumed 'keywords' E:\C#\FinancialSystem(SVN)\FinancialSystem\Application\Home\Common\IManage.class.php 第 41 行.
NOTIC: [8] Use of undefined constant keytype - assumed 'keytype' E:\C#\FinancialSystem(SVN)\FinancialSystem\Application\Home\Common\IManage.class.php 第 41 行.
NOTIC: [8] Use of undefined constant admin - assumed 'admin' E:\C#\FinancialSystem(SVN)\FinancialSystem\Application\Home\Common\IManage.class.php 第 41 行.
NOTIC: [8] Use of undefined constant class2 - assumed 'class2' E:\C#\FinancialSystem(SVN)\FinancialSystem\Application\Home\Common\IManage.class.php 第 41 行.
NOTIC: [8] Use of undefined constant manager - assumed 'manager' E:\C#\FinancialSystem(SVN)\FinancialSystem\Application\Home\Common\IManage.class.php 第 41 行.
NOTIC: [8] Use of undefined constant ischecked - assumed 'ischecked' E:\C#\FinancialSystem(SVN)\FinancialSystem\Application\Home\Common\IManage.class.php 第 41 行.
NOTIC: [8] Use of undefined constant startjoindate - assumed 'startjoindate' E:\C#\FinancialSystem(SVN)\FinancialSystem\Application\Home\Common\IManage.class.php 第 42 行.
NOTIC: [8] Use of undefined constant endjoindate - assumed 'endjoindate' E:\C#\FinancialSystem(SVN)\FinancialSystem\Application\Home\Common\IManage.class.php 第 42 行.
NOTIC: [8] Use of undefined constant PageIndex - assumed 'PageIndex' E:\C#\FinancialSystem(SVN)\FinancialSystem\Application\Home\Common\IManage.class.php 第 42 行.
NOTIC: [8] Use of undefined constant PageSize - assumed 'PageSize' E:\C#\FinancialSystem(SVN)\FinancialSystem\Application\Home\Common\IManage.class.php 第 42 行.
NOTIC: [8] Undefined offset: 1 E:\C#\FinancialSystem(SVN)\FinancialSystem\Application\Common\Common\APIHandler.class.php 第 55 行.
NOTIC: [8] Undefined offset: 2 E:\C#\FinancialSystem(SVN)\FinancialSystem\Application\Common\Common\APIHandler.class.php 第 56 行.

[ 2016-04-21T19:03:36+08:00 ] 127.0.0.1 /index.php/HumanResources/Import/manageinforimport
ERR: Your requested sheet index: 1 is out of bounds. The actual number of sheets is 1.

[ 2016-04-21T19:04:41+08:00 ] 127.0.0.1 /index.php/HumanResources/Import/manageinforimport
ERR: Your requested sheet index: 1 is out of bounds. The actual number of sheets is 1.

[ 2016-04-21T19:14:17+08:00 ] 127.0.0.1 /index.php/HumanResources/Import/manageinforimport
ERR: Your requested sheet index: 1 is out of bounds. The actual number of sheets is 1.

[ 2016-04-21T19:15:49+08:00 ] 127.0.0.1 /index.php/HumanResources/Import/manageinforimport
ERR: Your requested sheet index: 1 is out of bounds. The actual number of sheets is 1.

[ 2016-04-21T19:16:25+08:00 ] 127.0.0.1 /index.php/HumanResources/Import/manageinforimport
ERR: Your requested sheet index: 1 is out of bounds. The actual number of sheets is 1.

[ 2016-04-21T19:16:53+08:00 ] 127.0.0.1 /index.php/HumanResources/Import/manageinforimport
ERR: Your requested sheet index: 1 is out of bounds. The actual number of sheets is 1.

[ 2016-04-21T19:18:21+08:00 ] 127.0.0.1 /index.php/HumanResources/Import/manageinforimport
ERR: Your requested sheet index: 1 is out of bounds. The actual number of sheets is 1.

[ 2016-04-21T19:21:58+08:00 ] 127.0.0.1 /index.php/HumanResources/Import/manageinforimport
ERR: Your requested sheet index: 3 is out of bounds. The actual number of sheets is 1.

