[ 2016-05-16T07:54:29+08:00 ] 127.0.0.1 /index.php/HumanResources/FinAttendance/pagefinattendancelist?r=0.10202289489097893&keywords=&keytype=0&admin=0&class2=0&leavetype=-1&ischecked=-1&yearmonth=&PageIndex=1&PageSize=20
INFO: [ app_begin ] --START--
INFO: Run Behavior\ReadHtmlCacheBehavior [ RunTime:0.000000s ]
NOTIC: [8192] Function mcrypt_cbc() is deprecated E:\C#\Financial\FinancialSystem(SVN)\FinancialSystem\Application\Common\Common\DesHelper.class.php 第 44 行.
INFO: Run Common\Behavior\ActionStartBehavior [ RunTime:0.001000s ]
INFO: [ app_begin ] --END-- [ RunTime:0.002000s ]
NOTIC: [8] A session had already been started - ignoring session_start() E:\C#\Financial\FinancialSystem(SVN)\FinancialSystem\ThinkPHP\Common\functions.php 第 1263 行.
NOTIC: [8192] Function mcrypt_cbc() is deprecated E:\C#\Financial\FinancialSystem(SVN)\FinancialSystem\Application\Common\Common\DesHelper.class.php 第 44 行.
NOTIC: [8] Use of undefined constant funStr - assumed 'funStr' E:\C#\Financial\FinancialSystem(SVN)\FinancialSystem\Application\Home\Common\IDuty.class.php 第 14 行.
NOTIC: [8] Use of undefined constant userID - assumed 'userID' E:\C#\Financial\FinancialSystem(SVN)\FinancialSystem\Application\Home\Common\IDuty.class.php 第 14 行.
NOTIC: [8] Undefined offset: 1 E:\C#\Financial\FinancialSystem(SVN)\FinancialSystem\Application\Common\Common\APIHandler.class.php 第 55 行.
NOTIC: [8] Undefined offset: 2 E:\C#\Financial\FinancialSystem(SVN)\FinancialSystem\Application\Common\Common\APIHandler.class.php 第 56 行.
NOTIC: [8] Use of undefined constant keywords - assumed 'keywords' E:\C#\Financial\FinancialSystem(SVN)\FinancialSystem\Application\Home\Common\IFinAttendance.class.php 第 73 行.
NOTIC: [8] Use of undefined constant keytype - assumed 'keytype' E:\C#\Financial\FinancialSystem(SVN)\FinancialSystem\Application\Home\Common\IFinAttendance.class.php 第 73 行.
NOTIC: [8] Use of undefined constant leavetype - assumed 'leavetype' E:\C#\Financial\FinancialSystem(SVN)\FinancialSystem\Application\Home\Common\IFinAttendance.class.php 第 73 行.
NOTIC: [8] Use of undefined constant admin - assumed 'admin' E:\C#\Financial\FinancialSystem(SVN)\FinancialSystem\Application\Home\Common\IFinAttendance.class.php 第 73 行.
NOTIC: [8] Use of undefined constant class2 - assumed 'class2' E:\C#\Financial\FinancialSystem(SVN)\FinancialSystem\Application\Home\Common\IFinAttendance.class.php 第 73 行.
NOTIC: [8] Use of undefined constant ischecked - assumed 'ischecked' E:\C#\Financial\FinancialSystem(SVN)\FinancialSystem\Application\Home\Common\IFinAttendance.class.php 第 73 行.
NOTIC: [8] Use of undefined constant yearmonth - assumed 'yearmonth' E:\C#\Financial\FinancialSystem(SVN)\FinancialSystem\Application\Home\Common\IFinAttendance.class.php 第 74 行.
NOTIC: [8] Use of undefined constant PageIndex - assumed 'PageIndex' E:\C#\Financial\FinancialSystem(SVN)\FinancialSystem\Application\Home\Common\IFinAttendance.class.php 第 74 行.
NOTIC: [8] Use of undefined constant PageSize - assumed 'PageSize' E:\C#\Financial\FinancialSystem(SVN)\FinancialSystem\Application\Home\Common\IFinAttendance.class.php 第 74 行.
NOTIC: [8] Undefined offset: 1 E:\C#\Financial\FinancialSystem(SVN)\FinancialSystem\Application\Common\Common\APIHandler.class.php 第 55 行.
NOTIC: [8] Undefined offset: 2 E:\C#\Financial\FinancialSystem(SVN)\FinancialSystem\Application\Common\Common\APIHandler.class.php 第 56 行.

[ 2016-05-16T08:07:09+08:00 ] 172.30.16.87 /index.php/HumanResources/Staff/stafflistavalon?r=0.17245106282643974&keywords=&keytype=0&admin=0&class2=0&manager=-1&ischecked=-1&startjoindate=&endjoindate=&PageIndex=1&PageSize=20
INFO: [ app_begin ] --START--
INFO: Run Behavior\ReadHtmlCacheBehavior [ RunTime:0.001000s ]
NOTIC: [8192] Function mcrypt_cbc() is deprecated E:\C#\Financial\FinancialSystem(SVN)\FinancialSystem\Application\Common\Common\DesHelper.class.php 第 44 行.
INFO: Run Common\Behavior\ActionStartBehavior [ RunTime:0.002000s ]
INFO: [ app_begin ] --END-- [ RunTime:0.004000s ]
NOTIC: [8] A session had already been started - ignoring session_start() E:\C#\Financial\FinancialSystem(SVN)\FinancialSystem\ThinkPHP\Common\functions.php 第 1263 行.
NOTIC: [8192] Function mcrypt_cbc() is deprecated E:\C#\Financial\FinancialSystem(SVN)\FinancialSystem\Application\Common\Common\DesHelper.class.php 第 44 行.
NOTIC: [8] Use of undefined constant funStr - assumed 'funStr' E:\C#\Financial\FinancialSystem(SVN)\FinancialSystem\Application\Home\Common\IDuty.class.php 第 14 行.
NOTIC: [8] Use of undefined constant userID - assumed 'userID' E:\C#\Financial\FinancialSystem(SVN)\FinancialSystem\Application\Home\Common\IDuty.class.php 第 14 行.
NOTIC: [8] Undefined offset: 1 E:\C#\Financial\FinancialSystem(SVN)\FinancialSystem\Application\Common\Common\APIHandler.class.php 第 55 行.
NOTIC: [8] Undefined offset: 2 E:\C#\Financial\FinancialSystem(SVN)\FinancialSystem\Application\Common\Common\APIHandler.class.php 第 56 行.
NOTIC: [8] Use of undefined constant keywords - assumed 'keywords' E:\C#\Financial\FinancialSystem(SVN)\FinancialSystem\Application\Home\Common\IManage.class.php 第 41 行.
NOTIC: [8] Use of undefined constant keytype - assumed 'keytype' E:\C#\Financial\FinancialSystem(SVN)\FinancialSystem\Application\Home\Common\IManage.class.php 第 41 行.
NOTIC: [8] Use of undefined constant admin - assumed 'admin' E:\C#\Financial\FinancialSystem(SVN)\FinancialSystem\Application\Home\Common\IManage.class.php 第 41 行.
NOTIC: [8] Use of undefined constant class2 - assumed 'class2' E:\C#\Financial\FinancialSystem(SVN)\FinancialSystem\Application\Home\Common\IManage.class.php 第 41 行.
NOTIC: [8] Use of undefined constant manager - assumed 'manager' E:\C#\Financial\FinancialSystem(SVN)\FinancialSystem\Application\Home\Common\IManage.class.php 第 41 行.
NOTIC: [8] Use of undefined constant ischecked - assumed 'ischecked' E:\C#\Financial\FinancialSystem(SVN)\FinancialSystem\Application\Home\Common\IManage.class.php 第 41 行.
NOTIC: [8] Use of undefined constant startjoindate - assumed 'startjoindate' E:\C#\Financial\FinancialSystem(SVN)\FinancialSystem\Application\Home\Common\IManage.class.php 第 42 行.
NOTIC: [8] Use of undefined constant endjoindate - assumed 'endjoindate' E:\C#\Financial\FinancialSystem(SVN)\FinancialSystem\Application\Home\Common\IManage.class.php 第 42 行.
NOTIC: [8] Use of undefined constant PageIndex - assumed 'PageIndex' E:\C#\Financial\FinancialSystem(SVN)\FinancialSystem\Application\Home\Common\IManage.class.php 第 42 行.
NOTIC: [8] Use of undefined constant PageSize - assumed 'PageSize' E:\C#\Financial\FinancialSystem(SVN)\FinancialSystem\Application\Home\Common\IManage.class.php 第 42 行.
NOTIC: [8] Undefined offset: 1 E:\C#\Financial\FinancialSystem(SVN)\FinancialSystem\Application\Common\Common\APIHandler.class.php 第 55 行.
NOTIC: [8] Undefined offset: 2 E:\C#\Financial\FinancialSystem(SVN)\FinancialSystem\Application\Common\Common\APIHandler.class.php 第 56 行.

[ 2016-05-16T17:08:10+08:00 ] 127.0.0.1 /index.php/HumanResources/Staff/stafflistavalon?r=0.8646823458839208&keywords=&keytype=0&admin=0&class2=0&manager=-1&ischecked=-1&startjoindate=&endjoindate=&PageIndex=1&PageSize=20
INFO: [ app_begin ] --START--
INFO: Run Behavior\ReadHtmlCacheBehavior [ RunTime:0.001000s ]
NOTIC: [8192] Function mcrypt_cbc() is deprecated E:\C#\Financial\FinancialSystem(SVN)\FinancialSystem\Application\Common\Common\DesHelper.class.php 第 44 行.
INFO: Run Common\Behavior\ActionStartBehavior [ RunTime:0.001000s ]
INFO: [ app_begin ] --END-- [ RunTime:0.003000s ]
NOTIC: [8] A session had already been started - ignoring session_start() E:\C#\Financial\FinancialSystem(SVN)\FinancialSystem\ThinkPHP\Common\functions.php 第 1263 行.
NOTIC: [8192] Function mcrypt_cbc() is deprecated E:\C#\Financial\FinancialSystem(SVN)\FinancialSystem\Application\Common\Common\DesHelper.class.php 第 44 行.
NOTIC: [8] Use of undefined constant funStr - assumed 'funStr' E:\C#\Financial\FinancialSystem(SVN)\FinancialSystem\Application\Home\Common\IDuty.class.php 第 14 行.
NOTIC: [8] Use of undefined constant userID - assumed 'userID' E:\C#\Financial\FinancialSystem(SVN)\FinancialSystem\Application\Home\Common\IDuty.class.php 第 14 行.
NOTIC: [8] Undefined offset: 1 E:\C#\Financial\FinancialSystem(SVN)\FinancialSystem\Application\Common\Common\APIHandler.class.php 第 55 行.
NOTIC: [8] Undefined offset: 2 E:\C#\Financial\FinancialSystem(SVN)\FinancialSystem\Application\Common\Common\APIHandler.class.php 第 56 行.
NOTIC: [8] Use of undefined constant keywords - assumed 'keywords' E:\C#\Financial\FinancialSystem(SVN)\FinancialSystem\Application\Home\Common\IManage.class.php 第 41 行.
NOTIC: [8] Use of undefined constant keytype - assumed 'keytype' E:\C#\Financial\FinancialSystem(SVN)\FinancialSystem\Application\Home\Common\IManage.class.php 第 41 行.
NOTIC: [8] Use of undefined constant admin - assumed 'admin' E:\C#\Financial\FinancialSystem(SVN)\FinancialSystem\Application\Home\Common\IManage.class.php 第 41 行.
NOTIC: [8] Use of undefined constant class2 - assumed 'class2' E:\C#\Financial\FinancialSystem(SVN)\FinancialSystem\Application\Home\Common\IManage.class.php 第 41 行.
NOTIC: [8] Use of undefined constant manager - assumed 'manager' E:\C#\Financial\FinancialSystem(SVN)\FinancialSystem\Application\Home\Common\IManage.class.php 第 41 行.
NOTIC: [8] Use of undefined constant ischecked - assumed 'ischecked' E:\C#\Financial\FinancialSystem(SVN)\FinancialSystem\Application\Home\Common\IManage.class.php 第 41 行.
NOTIC: [8] Use of undefined constant startjoindate - assumed 'startjoindate' E:\C#\Financial\FinancialSystem(SVN)\FinancialSystem\Application\Home\Common\IManage.class.php 第 42 行.
NOTIC: [8] Use of undefined constant endjoindate - assumed 'endjoindate' E:\C#\Financial\FinancialSystem(SVN)\FinancialSystem\Application\Home\Common\IManage.class.php 第 42 行.
NOTIC: [8] Use of undefined constant PageIndex - assumed 'PageIndex' E:\C#\Financial\FinancialSystem(SVN)\FinancialSystem\Application\Home\Common\IManage.class.php 第 42 行.
NOTIC: [8] Use of undefined constant PageSize - assumed 'PageSize' E:\C#\Financial\FinancialSystem(SVN)\FinancialSystem\Application\Home\Common\IManage.class.php 第 42 行.
NOTIC: [8] Undefined offset: 1 E:\C#\Financial\FinancialSystem(SVN)\FinancialSystem\Application\Common\Common\APIHandler.class.php 第 55 行.
NOTIC: [8] Undefined offset: 2 E:\C#\Financial\FinancialSystem(SVN)\FinancialSystem\Application\Common\Common\APIHandler.class.php 第 56 行.

[ 2016-05-16T17:08:11+08:00 ] 127.0.0.1 /index.php/HumanResources/Staff/stafflistavalon?r=0.6786020847503096&keywords=%E6%9D%8E%E7%8E%B21&keytype=0&admin=0&class2=0&manager=-1&ischecked=-1&startjoindate=&endjoindate=&PageIndex=1&PageSize=20
INFO: [ app_begin ] --START--
INFO: Run Behavior\ReadHtmlCacheBehavior [ RunTime:0.001000s ]
NOTIC: [8192] Function mcrypt_cbc() is deprecated E:\C#\Financial\FinancialSystem(SVN)\FinancialSystem\Application\Common\Common\DesHelper.class.php 第 44 行.
INFO: Run Common\Behavior\ActionStartBehavior [ RunTime:0.002000s ]
INFO: [ app_begin ] --END-- [ RunTime:0.003000s ]
NOTIC: [8] A session had already been started - ignoring session_start() E:\C#\Financial\FinancialSystem(SVN)\FinancialSystem\ThinkPHP\Common\functions.php 第 1263 行.
NOTIC: [8192] Function mcrypt_cbc() is deprecated E:\C#\Financial\FinancialSystem(SVN)\FinancialSystem\Application\Common\Common\DesHelper.class.php 第 44 行.
NOTIC: [8] Use of undefined constant funStr - assumed 'funStr' E:\C#\Financial\FinancialSystem(SVN)\FinancialSystem\Application\Home\Common\IDuty.class.php 第 14 行.
NOTIC: [8] Use of undefined constant userID - assumed 'userID' E:\C#\Financial\FinancialSystem(SVN)\FinancialSystem\Application\Home\Common\IDuty.class.php 第 14 行.
NOTIC: [8] Undefined offset: 1 E:\C#\Financial\FinancialSystem(SVN)\FinancialSystem\Application\Common\Common\APIHandler.class.php 第 55 行.
NOTIC: [8] Undefined offset: 2 E:\C#\Financial\FinancialSystem(SVN)\FinancialSystem\Application\Common\Common\APIHandler.class.php 第 56 行.
NOTIC: [8] Use of undefined constant keywords - assumed 'keywords' E:\C#\Financial\FinancialSystem(SVN)\FinancialSystem\Application\Home\Common\IManage.class.php 第 41 行.
NOTIC: [8] Use of undefined constant keytype - assumed 'keytype' E:\C#\Financial\FinancialSystem(SVN)\FinancialSystem\Application\Home\Common\IManage.class.php 第 41 行.
NOTIC: [8] Use of undefined constant admin - assumed 'admin' E:\C#\Financial\FinancialSystem(SVN)\FinancialSystem\Application\Home\Common\IManage.class.php 第 41 行.
NOTIC: [8] Use of undefined constant class2 - assumed 'class2' E:\C#\Financial\FinancialSystem(SVN)\FinancialSystem\Application\Home\Common\IManage.class.php 第 41 行.
NOTIC: [8] Use of undefined constant manager - assumed 'manager' E:\C#\Financial\FinancialSystem(SVN)\FinancialSystem\Application\Home\Common\IManage.class.php 第 41 行.
NOTIC: [8] Use of undefined constant ischecked - assumed 'ischecked' E:\C#\Financial\FinancialSystem(SVN)\FinancialSystem\Application\Home\Common\IManage.class.php 第 41 行.
NOTIC: [8] Use of undefined constant startjoindate - assumed 'startjoindate' E:\C#\Financial\FinancialSystem(SVN)\FinancialSystem\Application\Home\Common\IManage.class.php 第 42 行.
NOTIC: [8] Use of undefined constant endjoindate - assumed 'endjoindate' E:\C#\Financial\FinancialSystem(SVN)\FinancialSystem\Application\Home\Common\IManage.class.php 第 42 行.
NOTIC: [8] Use of undefined constant PageIndex - assumed 'PageIndex' E:\C#\Financial\FinancialSystem(SVN)\FinancialSystem\Application\Home\Common\IManage.class.php 第 42 行.
NOTIC: [8] Use of undefined constant PageSize - assumed 'PageSize' E:\C#\Financial\FinancialSystem(SVN)\FinancialSystem\Application\Home\Common\IManage.class.php 第 42 行.
NOTIC: [8] Undefined offset: 1 E:\C#\Financial\FinancialSystem(SVN)\FinancialSystem\Application\Common\Common\APIHandler.class.php 第 55 行.
NOTIC: [8] Undefined offset: 2 E:\C#\Financial\FinancialSystem(SVN)\FinancialSystem\Application\Common\Common\APIHandler.class.php 第 56 行.

